------------------------------------------------------------------------------------------------------------------------

[2017-05-19 10:31:19 #1 store] 
Database 'C:\Users\rivas\git\wsruralhouse-2017\resources\ruralHouses.odb' is opened by 5488@AsusX54H

[2017-05-19 10:31:19 #2 type] 
Type domain.RuralHouse is not enhanced.

[2017-05-19 10:31:19 #3 type] 
Type domain.Owner is not enhanced.

[2017-05-19 10:31:19 #4 type] 
Type domain.Offer is not enhanced.

[2017-05-19 10:31:19 #5 type] 
Type domain.Client is not enhanced.

[2017-05-19 10:31:19 #6 type] 
Type domain.User is not enhanced.

[2017-05-19 10:31:19 #7 type] 
Type domain.Conversation is not enhanced.

[2017-05-19 10:31:19 #8 type] 
Type domain.Admin is not enhanced.

------------------------------------------------------------------------------------------------------------------------

[2017-05-19 10:34:00 #1 store] 
Database 'C:\Users\rivas\git\wsruralhouse-2017\resources\ruralHouses.odb' is opened by 456@AsusX54H

[2017-05-19 10:34:00 #2 type] 
Type domain.RuralHouse is not enhanced.

[2017-05-19 10:34:00 #3 type] 
Type domain.Owner is not enhanced.

[2017-05-19 10:34:00 #4 type] 
Type domain.Offer is not enhanced.

[2017-05-19 10:34:00 #5 type] 
Type domain.Client is not enhanced.

[2017-05-19 10:34:00 #6 type] 
Type domain.User is not enhanced.

[2017-05-19 10:34:00 #7 type] 
Type domain.Conversation is not enhanced.

[2017-05-19 10:34:00 #8 type] 
Type domain.Admin is not enhanced.

------------------------------------------------------------------------------------------------------------------------

[2017-05-19 10:38:34 #1 store] 
Database 'C:\Users\rivas\git\wsruralhouse-2017\resources\ruralHouses.odb' is opened by 4288@AsusX54H

[2017-05-19 10:38:34 #2 type] 
Type domain.RuralHouse is not enhanced.

[2017-05-19 10:38:34 #3 type] 
Type domain.Owner is not enhanced.

[2017-05-19 10:38:34 #4 type] 
Type domain.Offer is not enhanced.

[2017-05-19 10:38:34 #5 type] 
Type domain.Client is not enhanced.

[2017-05-19 10:38:34 #6 type] 
Type domain.User is not enhanced.

[2017-05-19 10:38:34 #7 type] 
Type domain.Conversation is not enhanced.

[2017-05-19 10:38:34 #8 type] 
Type domain.Admin is not enhanced.

------------------------------------------------------------------------------------------------------------------------

[2017-05-19 10:39:56 #1 store] 
Database 'C:\Users\rivas\git\wsruralhouse-2017\resources\ruralHouses.odb' has been recovered (tr. 745-747)

[2017-05-19 10:39:56 #2 store] 
Database 'C:\Users\rivas\git\wsruralhouse-2017\resources\ruralHouses.odb' is opened by 5212@AsusX54H

[2017-05-19 10:39:57 #3 type] 
Type domain.RuralHouse is not enhanced.

[2017-05-19 10:39:57 #4 type] 
Type domain.Owner is not enhanced.

[2017-05-19 10:39:57 #5 type] 
Type domain.Offer is not enhanced.

[2017-05-19 10:39:57 #6 type] 
Type domain.Client is not enhanced.

[2017-05-19 10:39:57 #7 type] 
Type domain.User is not enhanced.

[2017-05-19 10:39:57 #8 type] 
Type domain.Conversation is not enhanced.

[2017-05-19 10:39:57 #9 type] 
Type domain.Admin is not enhanced.

------------------------------------------------------------------------------------------------------------------------

[2017-05-19 10:43:20 #1 store] 
Database 'C:\Users\rivas\git\wsruralhouse-2017\resources\ruralHouses.odb' is opened by 3172@AsusX54H

[2017-05-19 10:43:20 #2 type] 
Type domain.RuralHouse is not enhanced.

[2017-05-19 10:43:20 #3 type] 
Type domain.Owner is not enhanced.

[2017-05-19 10:43:20 #4 type] 
Type domain.Offer is not enhanced.

[2017-05-19 10:43:20 #5 type] 
Type domain.Client is not enhanced.

[2017-05-19 10:43:20 #6 type] 
Type domain.User is not enhanced.

[2017-05-19 10:43:20 #7 type] 
Type domain.Conversation is not enhanced.

[2017-05-19 10:43:20 #8 type] 
Type domain.Admin is not enhanced.

------------------------------------------------------------------------------------------------------------------------

[2017-05-19 10:43:56 #1 store] 
Database 'C:\Users\rivas\git\wsruralhouse-2017\resources\ruralHouses.odb' is opened by 10280@AsusX54H

[2017-05-19 10:43:56 #2 type] 
Type domain.RuralHouse is not enhanced.

[2017-05-19 10:43:56 #3 type] 
Type domain.Owner is not enhanced.

[2017-05-19 10:43:56 #4 type] 
Type domain.Offer is not enhanced.

[2017-05-19 10:43:56 #5 type] 
Type domain.Client is not enhanced.

[2017-05-19 10:43:56 #6 type] 
Type domain.User is not enhanced.

[2017-05-19 10:43:56 #7 type] 
Type domain.Conversation is not enhanced.

[2017-05-19 10:43:56 #8 type] 
Type domain.Admin is not enhanced.

------------------------------------------------------------------------------------------------------------------------

[2017-05-19 10:52:42 #1 store] 
Database 'C:\Users\rivas\git\wsruralhouse-2017\resources\ruralHouses.odb' is opened by 13364@AsusX54H

[2017-05-19 10:52:43 #2 type] 
Type domain.RuralHouse is not enhanced.

[2017-05-19 10:52:43 #3 type] 
Type domain.Owner is not enhanced.

[2017-05-19 10:52:43 #4 type] 
Type domain.Offer is not enhanced.

[2017-05-19 10:52:43 #5 type] 
Type domain.Client is not enhanced.

[2017-05-19 10:52:43 #6 type] 
Type domain.User is not enhanced.

[2017-05-19 10:52:43 #7 type] 
Type domain.Conversation is not enhanced.

[2017-05-19 10:52:43 #8 type] 
Type domain.Admin is not enhanced.

------------------------------------------------------------------------------------------------------------------------

[2017-05-19 11:01:58 #1 store] 
Database 'C:\Users\rivas\git\wsruralhouse-2017\resources\ruralHouses.odb' is opened by 13384@AsusX54H

[2017-05-19 11:01:58 #2 type] 
Type domain.RuralHouse is not enhanced.

[2017-05-19 11:01:58 #3 type] 
Type domain.Owner is not enhanced.

[2017-05-19 11:01:58 #4 type] 
Type domain.Offer is not enhanced.

[2017-05-19 11:01:58 #5 type] 
Type domain.Client is not enhanced.

[2017-05-19 11:01:58 #6 type] 
Type domain.User is not enhanced.

[2017-05-19 11:01:58 #7 type] 
Type domain.Conversation is not enhanced.

[2017-05-19 11:01:58 #8 type] 
Type domain.Admin is not enhanced.

------------------------------------------------------------------------------------------------------------------------

[2017-05-19 11:06:48 #1 store] 
Database 'C:\Users\rivas\git\wsruralhouse-2017\resources\ruralHouses.odb' has been recovered (tr. 751-753)

[2017-05-19 11:06:49 #2 store] 
Database 'C:\Users\rivas\git\wsruralhouse-2017\resources\ruralHouses.odb' is opened by 9772@AsusX54H

[2017-05-19 11:06:49 #3 type] 
Type domain.RuralHouse is not enhanced.

[2017-05-19 11:06:49 #4 type] 
Type domain.Owner is not enhanced.

[2017-05-19 11:06:49 #5 type] 
Type domain.Offer is not enhanced.

[2017-05-19 11:06:49 #6 type] 
Type domain.Client is not enhanced.

[2017-05-19 11:06:49 #7 type] 
Type domain.User is not enhanced.

[2017-05-19 11:06:49 #8 type] 
Type domain.Conversation is not enhanced.

[2017-05-19 11:06:49 #9 type] 
Type domain.Admin is not enhanced.

------------------------------------------------------------------------------------------------------------------------

[2017-05-19 11:14:37 #1 store] 
Database 'C:\Users\rivas\git\wsruralhouse-2017\resources\ruralHouses.odb' has been recovered (tr. 754-756)

[2017-05-19 11:14:37 #2 store] 
Database 'C:\Users\rivas\git\wsruralhouse-2017\resources\ruralHouses.odb' is opened by 10988@AsusX54H

[2017-05-19 11:14:37 #3 type] 
Type domain.RuralHouse is not enhanced.

[2017-05-19 11:14:37 #4 type] 
Type domain.Owner is not enhanced.

[2017-05-19 11:14:37 #5 type] 
Type domain.Offer is not enhanced.

[2017-05-19 11:14:37 #6 type] 
Type domain.Client is not enhanced.

[2017-05-19 11:14:37 #7 type] 
Type domain.User is not enhanced.

[2017-05-19 11:14:37 #8 type] 
Type domain.Conversation is not enhanced.

[2017-05-19 11:14:37 #9 type] 
Type domain.Admin is not enhanced.

------------------------------------------------------------------------------------------------------------------------

[2017-05-19 11:18:37 #1 store] 
Database 'C:\Users\rivas\git\wsruralhouse-2017\resources\ruralHouses.odb' is opened by 14000@AsusX54H

[2017-05-19 11:18:37 #2 type] 
Type domain.RuralHouse is not enhanced.

[2017-05-19 11:18:37 #3 type] 
Type domain.Owner is not enhanced.

[2017-05-19 11:18:37 #4 type] 
Type domain.Offer is not enhanced.

[2017-05-19 11:18:37 #5 type] 
Type domain.Client is not enhanced.

[2017-05-19 11:18:37 #6 type] 
Type domain.User is not enhanced.

[2017-05-19 11:18:37 #7 type] 
Type domain.Conversation is not enhanced.

[2017-05-19 11:18:37 #8 type] 
Type domain.Admin is not enhanced.

------------------------------------------------------------------------------------------------------------------------

[2017-05-19 11:23:36 #1 store] 
Database 'C:\Users\rivas\git\wsruralhouse-2017\resources\ruralHouses.odb' has been recovered (tr. 757-762)

[2017-05-19 11:23:37 #2 store] 
Database 'C:\Users\rivas\git\wsruralhouse-2017\resources\ruralHouses.odb' is opened by 11892@AsusX54H

[2017-05-19 11:23:37 #3 type] 
Type domain.RuralHouse is not enhanced.

[2017-05-19 11:23:37 #4 type] 
Type domain.Owner is not enhanced.

[2017-05-19 11:23:37 #5 type] 
Type domain.Offer is not enhanced.

[2017-05-19 11:23:37 #6 type] 
Type domain.Client is not enhanced.

[2017-05-19 11:23:37 #7 type] 
Type domain.User is not enhanced.

[2017-05-19 11:23:37 #8 type] 
Type domain.Conversation is not enhanced.

[2017-05-19 11:23:37 #9 type] 
Type domain.Admin is not enhanced.

------------------------------------------------------------------------------------------------------------------------

[2017-05-19 11:25:39 #1 store] 
Database 'C:\Users\rivas\git\wsruralhouse-2017\resources\ruralHouses.odb' has been recovered (tr. 763-764)

[2017-05-19 11:25:40 #2 store] 
Database 'C:\Users\rivas\git\wsruralhouse-2017\resources\ruralHouses.odb' is opened by 11708@AsusX54H

[2017-05-19 11:25:40 #3 type] 
Type domain.RuralHouse is not enhanced.

[2017-05-19 11:25:40 #4 type] 
Type domain.Owner is not enhanced.

[2017-05-19 11:25:40 #5 type] 
Type domain.Offer is not enhanced.

[2017-05-19 11:25:40 #6 type] 
Type domain.Client is not enhanced.

[2017-05-19 11:25:40 #7 type] 
Type domain.User is not enhanced.

[2017-05-19 11:25:40 #8 type] 
Type domain.Conversation is not enhanced.

[2017-05-19 11:25:40 #9 type] 
Type domain.Admin is not enhanced.

------------------------------------------------------------------------------------------------------------------------

[2017-05-19 11:31:27 #1 store] 
Database 'C:\Users\rivas\git\wsruralhouse-2017\resources\ruralHouses.odb' has been recovered (tr. 765-765)

[2017-05-19 11:31:27 #2 store] 
Database 'C:\Users\rivas\git\wsruralhouse-2017\resources\ruralHouses.odb' is opened by 12856@AsusX54H

[2017-05-19 11:31:28 #3 type] 
Type domain.RuralHouse is not enhanced.

[2017-05-19 11:31:28 #4 type] 
Type domain.Owner is not enhanced.

[2017-05-19 11:31:28 #5 type] 
Type domain.Offer is not enhanced.

[2017-05-19 11:31:28 #6 type] 
Type domain.Client is not enhanced.

[2017-05-19 11:31:28 #7 type] 
Type domain.User is not enhanced.

[2017-05-19 11:31:28 #8 type] 
Type domain.Conversation is not enhanced.

[2017-05-19 11:31:28 #9 type] 
Type domain.Admin is not enhanced.

------------------------------------------------------------------------------------------------------------------------

[2017-05-19 11:42:55 #1 store] 
Database 'C:\Users\rivas\git\wsruralhouse-2017\resources\ruralHouses.odb' has been recovered (tr. 766-776)

[2017-05-19 11:42:55 #2 store] 
Database 'C:\Users\rivas\git\wsruralhouse-2017\resources\ruralHouses.odb' is opened by 7696@AsusX54H

[2017-05-19 11:42:55 #3 type] 
Type domain.RuralHouse is not enhanced.

[2017-05-19 11:42:55 #4 type] 
Type domain.Owner is not enhanced.

[2017-05-19 11:42:55 #5 type] 
Type domain.Offer is not enhanced.

[2017-05-19 11:42:55 #6 type] 
Type domain.Client is not enhanced.

[2017-05-19 11:42:55 #7 type] 
Type domain.User is not enhanced.

[2017-05-19 11:42:55 #8 type] 
Type domain.Conversation is not enhanced.

[2017-05-19 11:42:55 #9 type] 
Type domain.Admin is not enhanced.

------------------------------------------------------------------------------------------------------------------------

[2017-05-19 11:46:31 #1 store] 
Database 'C:\Users\rivas\git\wsruralhouse-2017\resources\ruralHouses.odb' is opened by 7816@AsusX54H

[2017-05-19 11:46:32 #2 type] 
Type domain.RuralHouse is not enhanced.

[2017-05-19 11:46:32 #3 type] 
Type domain.Owner is not enhanced.

[2017-05-19 11:46:32 #4 type] 
Type domain.Offer is not enhanced.

[2017-05-19 11:46:32 #5 type] 
Type domain.Client is not enhanced.

[2017-05-19 11:46:32 #6 type] 
Type domain.User is not enhanced.

[2017-05-19 11:46:32 #7 type] 
Type domain.Conversation is not enhanced.

[2017-05-19 11:46:32 #8 type] 
Type domain.Admin is not enhanced.

------------------------------------------------------------------------------------------------------------------------

[2017-05-19 11:49:08 #1 store] 
Database 'C:\Users\rivas\git\wsruralhouse-2017\resources\ruralHouses.odb' is opened by 1248@AsusX54H

[2017-05-19 11:49:08 #2 type] 
Type domain.RuralHouse is not enhanced.

[2017-05-19 11:49:08 #3 type] 
Type domain.Owner is not enhanced.

[2017-05-19 11:49:08 #4 type] 
Type domain.Offer is not enhanced.

[2017-05-19 11:49:08 #5 type] 
Type domain.Client is not enhanced.

[2017-05-19 11:49:08 #6 type] 
Type domain.User is not enhanced.

[2017-05-19 11:49:08 #7 type] 
Type domain.Conversation is not enhanced.

[2017-05-19 11:49:08 #8 type] 
Type domain.Admin is not enhanced.

------------------------------------------------------------------------------------------------------------------------

[2017-05-19 11:56:19 #1 store] 
Database 'C:\Users\rivas\git\wsruralhouse-2017\resources\ruralHouses.odb' is opened by 13980@AsusX54H

[2017-05-19 11:56:19 #2 type] 
Type domain.RuralHouse is not enhanced.

[2017-05-19 11:56:19 #3 type] 
Type domain.Owner is not enhanced.

[2017-05-19 11:56:19 #4 type] 
Type domain.Offer is not enhanced.

[2017-05-19 11:56:19 #5 type] 
Type domain.Client is not enhanced.

[2017-05-19 11:56:19 #6 type] 
Type domain.User is not enhanced.

[2017-05-19 11:56:19 #7 type] 
Type domain.Conversation is not enhanced.

[2017-05-19 11:56:19 #8 type] 
Type domain.Admin is not enhanced.

------------------------------------------------------------------------------------------------------------------------

[2017-05-19 12:03:13 #1 store] 
Database 'C:\Users\rivas\git\wsruralhouse-2017\resources\ruralHouses.odb' is opened by 4228@AsusX54H

[2017-05-19 12:03:13 #2 type] 
Type domain.RuralHouse is not enhanced.

[2017-05-19 12:03:13 #3 type] 
Type domain.Owner is not enhanced.

[2017-05-19 12:03:13 #4 type] 
Type domain.Offer is not enhanced.

[2017-05-19 12:03:13 #5 type] 
Type domain.Client is not enhanced.

[2017-05-19 12:03:13 #6 type] 
Type domain.User is not enhanced.

[2017-05-19 12:03:13 #7 type] 
Type domain.Conversation is not enhanced.

[2017-05-19 12:03:13 #8 type] 
Type domain.Admin is not enhanced.

------------------------------------------------------------------------------------------------------------------------

[2017-05-19 12:03:24 #1 store] 
Database 'C:\Users\rivas\git\wsruralhouse-2017\resources\ruralHouses.odb' has been recovered (tr. 747-747)

[2017-05-19 12:03:24 #2 store] 
Database 'C:\Users\rivas\git\wsruralhouse-2017\resources\ruralHouses.odb' is opened by 12316@AsusX54H

[2017-05-19 12:03:24 #3 type] 
Type domain.RuralHouse is not enhanced.

[2017-05-19 12:03:24 #4 type] 
Type domain.Owner is not enhanced.

[2017-05-19 12:03:24 #5 type] 
Type domain.Offer is not enhanced.

[2017-05-19 12:03:24 #6 type] 
Type domain.Client is not enhanced.

[2017-05-19 12:03:24 #7 type] 
Type domain.User is not enhanced.

[2017-05-19 12:03:24 #8 type] 
Type domain.Conversation is not enhanced.

[2017-05-19 12:03:24 #9 type] 
Type domain.Admin is not enhanced.

------------------------------------------------------------------------------------------------------------------------

[2017-05-19 12:04:32 #1 store] 
Database 'C:\Users\rivas\git\wsruralhouse-2017\resources\ruralHouses.odb' is opened by 4444@AsusX54H

[2017-05-19 12:04:33 #2 type] 
Type domain.RuralHouse is not enhanced.

[2017-05-19 12:04:33 #3 type] 
Type domain.Owner is not enhanced.

[2017-05-19 12:04:33 #4 type] 
Type domain.Offer is not enhanced.

[2017-05-19 12:04:33 #5 type] 
Type domain.Client is not enhanced.

[2017-05-19 12:04:33 #6 type] 
Type domain.User is not enhanced.

[2017-05-19 12:04:33 #7 type] 
Type domain.Conversation is not enhanced.

[2017-05-19 12:04:33 #8 type] 
Type domain.Admin is not enhanced.

------------------------------------------------------------------------------------------------------------------------

[2017-05-19 12:09:44 #1 store] 
Database 'C:\Users\rivas\git\wsruralhouse-2017\resources\ruralHouses.odb' has been recovered (tr. 748-752)

[2017-05-19 12:09:44 #2 store] 
Database 'C:\Users\rivas\git\wsruralhouse-2017\resources\ruralHouses.odb' is opened by 720@AsusX54H

[2017-05-19 12:09:45 #3 type] 
Type domain.RuralHouse is not enhanced.

[2017-05-19 12:09:45 #4 type] 
Type domain.Owner is not enhanced.

[2017-05-19 12:09:45 #5 type] 
Type domain.Offer is not enhanced.

[2017-05-19 12:09:45 #6 type] 
Type domain.Client is not enhanced.

[2017-05-19 12:09:45 #7 type] 
Type domain.User is not enhanced.

[2017-05-19 12:09:45 #8 type] 
Type domain.Conversation is not enhanced.

[2017-05-19 12:09:45 #9 type] 
Type domain.Admin is not enhanced.

------------------------------------------------------------------------------------------------------------------------

[2017-05-19 12:15:50 #1 store] 
Database 'C:\Users\rivas\git\wsruralhouse-2017\resources\ruralHouses.odb' is opened by 12264@AsusX54H

[2017-05-19 12:15:50 #2 type] 
Type domain.RuralHouse is not enhanced.

[2017-05-19 12:15:50 #3 type] 
Type domain.Owner is not enhanced.

[2017-05-19 12:15:50 #4 type] 
Type domain.Offer is not enhanced.

[2017-05-19 12:15:50 #5 type] 
Type domain.Client is not enhanced.

[2017-05-19 12:15:50 #6 type] 
Type domain.User is not enhanced.

[2017-05-19 12:15:50 #7 type] 
Type domain.Conversation is not enhanced.

[2017-05-19 12:15:50 #8 type] 
Type domain.Admin is not enhanced.

------------------------------------------------------------------------------------------------------------------------

[2017-05-19 13:02:22 #1 store] 
Database 'C:\Users\rivas\git\wsruralhouse-2017\resources\ruralHouses.odb' is opened by 9064@AsusX54H

[2017-05-19 13:02:22 #2 type] 
Type domain.RuralHouse is not enhanced.

[2017-05-19 13:02:22 #3 type] 
Type domain.Owner is not enhanced.

[2017-05-19 13:02:22 #4 type] 
Type domain.Offer is not enhanced.

[2017-05-19 13:02:22 #5 type] 
Type domain.Client is not enhanced.

[2017-05-19 13:02:22 #6 type] 
Type domain.User is not enhanced.

[2017-05-19 13:02:22 #7 type] 
Type domain.Conversation is not enhanced.

[2017-05-19 13:02:22 #8 type] 
Type domain.Admin is not enhanced.

------------------------------------------------------------------------------------------------------------------------

[2017-05-19 13:05:36 #1 store] 
Database 'C:\Users\rivas\git\wsruralhouse-2017\resources\ruralHouses.odb' is opened by 5652@AsusX54H

[2017-05-19 13:05:37 #2 type] 
Type domain.RuralHouse is not enhanced.

[2017-05-19 13:05:37 #3 type] 
Type domain.Owner is not enhanced.

[2017-05-19 13:05:37 #4 type] 
Type domain.Offer is not enhanced.

[2017-05-19 13:05:37 #5 type] 
Type domain.Client is not enhanced.

[2017-05-19 13:05:37 #6 type] 
Type domain.User is not enhanced.

[2017-05-19 13:05:37 #7 type] 
Type domain.Conversation is not enhanced.

[2017-05-19 13:05:37 #8 type] 
Type domain.Admin is not enhanced.

------------------------------------------------------------------------------------------------------------------------

[2017-05-19 13:10:54 #1 store] 
Database 'C:\Users\rivas\git\wsruralhouse-2017\resources\ruralHouses.odb' has been recovered (tr. 753-753)

[2017-05-19 13:10:54 #2 store] 
Database 'C:\Users\rivas\git\wsruralhouse-2017\resources\ruralHouses.odb' is opened by 4812@AsusX54H

[2017-05-19 13:10:54 #3 type] 
Type domain.RuralHouse is not enhanced.

[2017-05-19 13:10:54 #4 type] 
Type domain.Owner is not enhanced.

[2017-05-19 13:10:54 #5 type] 
Type domain.Offer is not enhanced.

[2017-05-19 13:10:54 #6 type] 
Type domain.Client is not enhanced.

[2017-05-19 13:10:54 #7 type] 
Type domain.User is not enhanced.

[2017-05-19 13:10:54 #8 type] 
Type domain.Conversation is not enhanced.

[2017-05-19 13:10:54 #9 type] 
Type domain.Admin is not enhanced.

------------------------------------------------------------------------------------------------------------------------

[2017-05-19 13:13:36 #1 store] 
Database 'C:\Users\rivas\git\wsruralhouse-2017\resources\ruralHouses.odb' has been recovered (tr. 754-754)

[2017-05-19 13:13:36 #2 store] 
Database 'C:\Users\rivas\git\wsruralhouse-2017\resources\ruralHouses.odb' is opened by 1468@AsusX54H

[2017-05-19 13:13:36 #3 type] 
Type domain.RuralHouse is not enhanced.

[2017-05-19 13:13:36 #4 type] 
Type domain.Owner is not enhanced.

[2017-05-19 13:13:36 #5 type] 
Type domain.Offer is not enhanced.

[2017-05-19 13:13:36 #6 type] 
Type domain.Client is not enhanced.

[2017-05-19 13:13:36 #7 type] 
Type domain.User is not enhanced.

[2017-05-19 13:13:36 #8 type] 
Type domain.Conversation is not enhanced.

[2017-05-19 13:13:36 #9 type] 
Type domain.Admin is not enhanced.

------------------------------------------------------------------------------------------------------------------------

[2017-05-19 13:14:41 #1 store] 
Database 'C:\Users\rivas\git\wsruralhouse-2017\resources\ruralHouses.odb' is opened by 11232@AsusX54H

[2017-05-19 13:14:41 #2 type] 
Type domain.RuralHouse is not enhanced.

[2017-05-19 13:14:41 #3 type] 
Type domain.Owner is not enhanced.

[2017-05-19 13:14:41 #4 type] 
Type domain.Offer is not enhanced.

[2017-05-19 13:14:41 #5 type] 
Type domain.Client is not enhanced.

[2017-05-19 13:14:41 #6 type] 
Type domain.User is not enhanced.

[2017-05-19 13:14:41 #7 type] 
Type domain.Conversation is not enhanced.

[2017-05-19 13:14:41 #8 type] 
Type domain.Admin is not enhanced.

------------------------------------------------------------------------------------------------------------------------

[2017-05-19 13:16:15 #1 store] 
Database 'C:\Users\rivas\git\wsruralhouse-2017\resources\ruralHouses.odb' is opened by 9840@AsusX54H

[2017-05-19 13:16:16 #2 type] 
Type domain.RuralHouse is not enhanced.

[2017-05-19 13:16:16 #3 type] 
Type domain.Owner is not enhanced.

[2017-05-19 13:16:16 #4 type] 
Type domain.Offer is not enhanced.

[2017-05-19 13:16:16 #5 type] 
Type domain.Client is not enhanced.

[2017-05-19 13:16:16 #6 type] 
Type domain.User is not enhanced.

[2017-05-19 13:16:16 #7 type] 
Type domain.Conversation is not enhanced.

[2017-05-19 13:16:16 #8 type] 
Type domain.Admin is not enhanced.

------------------------------------------------------------------------------------------------------------------------

[2017-05-19 13:21:32 #1 store] 
Database 'C:\Users\rivas\git\wsruralhouse-2017\resources\ruralHouses.odb' has been recovered (tr. 755-759)

[2017-05-19 13:21:33 #2 store] 
Database 'C:\Users\rivas\git\wsruralhouse-2017\resources\ruralHouses.odb' is opened by 3548@AsusX54H

[2017-05-19 13:21:33 #3 type] 
Type domain.RuralHouse is not enhanced.

[2017-05-19 13:21:33 #4 type] 
Type domain.Owner is not enhanced.

[2017-05-19 13:21:33 #5 type] 
Type domain.Offer is not enhanced.

[2017-05-19 13:21:33 #6 type] 
Type domain.Client is not enhanced.

[2017-05-19 13:21:33 #7 type] 
Type domain.User is not enhanced.

[2017-05-19 13:21:33 #8 type] 
Type domain.Conversation is not enhanced.

[2017-05-19 13:21:33 #9 type] 
Type domain.Admin is not enhanced.

------------------------------------------------------------------------------------------------------------------------

[2017-05-19 13:22:40 #1 store] 
Database 'C:\Users\rivas\git\wsruralhouse-2017\resources\ruralHouses.odb' is opened by 5488@AsusX54H

[2017-05-19 13:22:40 #2 type] 
Type domain.RuralHouse is not enhanced.

[2017-05-19 13:22:40 #3 type] 
Type domain.Owner is not enhanced.

[2017-05-19 13:22:40 #4 type] 
Type domain.Offer is not enhanced.

[2017-05-19 13:22:40 #5 type] 
Type domain.Client is not enhanced.

[2017-05-19 13:22:40 #6 type] 
Type domain.User is not enhanced.

[2017-05-19 13:22:40 #7 type] 
Type domain.Conversation is not enhanced.

[2017-05-19 13:22:40 #8 type] 
Type domain.Admin is not enhanced.

------------------------------------------------------------------------------------------------------------------------

[2017-05-19 13:26:40 #1 store] 
Database 'C:\Users\rivas\git\wsruralhouse-2017\resources\ruralHouses.odb' has been recovered (tr. 760-760)

[2017-05-19 13:26:40 #2 store] 
Database 'C:\Users\rivas\git\wsruralhouse-2017\resources\ruralHouses.odb' is opened by 1816@AsusX54H

[2017-05-19 13:26:40 #3 type] 
Type domain.RuralHouse is not enhanced.

[2017-05-19 13:26:40 #4 type] 
Type domain.Owner is not enhanced.

[2017-05-19 13:26:40 #5 type] 
Type domain.Offer is not enhanced.

[2017-05-19 13:26:40 #6 type] 
Type domain.Client is not enhanced.

[2017-05-19 13:26:40 #7 type] 
Type domain.User is not enhanced.

[2017-05-19 13:26:40 #8 type] 
Type domain.Conversation is not enhanced.

[2017-05-19 13:26:40 #9 type] 
Type domain.Admin is not enhanced.

------------------------------------------------------------------------------------------------------------------------

[2017-05-19 13:30:01 #1 store] 
Database 'C:\Users\rivas\git\wsruralhouse-2017\resources\ruralHouses.odb' is opened by 7228@AsusX54H

[2017-05-19 13:30:01 #2 type] 
Type domain.RuralHouse is not enhanced.

[2017-05-19 13:30:01 #3 type] 
Type domain.Owner is not enhanced.

[2017-05-19 13:30:01 #4 type] 
Type domain.Offer is not enhanced.

[2017-05-19 13:30:02 #5 type] 
Type domain.Client is not enhanced.

[2017-05-19 13:30:02 #6 type] 
Type domain.User is not enhanced.

[2017-05-19 13:30:02 #7 type] 
Type domain.Conversation is not enhanced.

[2017-05-19 13:30:02 #8 type] 
Type domain.Admin is not enhanced.

------------------------------------------------------------------------------------------------------------------------

[2017-05-19 13:30:58 #1 store] 
Database 'C:\Users\rivas\git\wsruralhouse-2017\resources\ruralHouses.odb' has been recovered (tr. 761-761)

[2017-05-19 13:30:58 #2 store] 
Database 'C:\Users\rivas\git\wsruralhouse-2017\resources\ruralHouses.odb' is opened by 11528@AsusX54H

[2017-05-19 13:30:58 #3 type] 
Type domain.RuralHouse is not enhanced.

[2017-05-19 13:30:58 #4 type] 
Type domain.Owner is not enhanced.

[2017-05-19 13:30:58 #5 type] 
Type domain.Offer is not enhanced.

[2017-05-19 13:30:58 #6 type] 
Type domain.Client is not enhanced.

[2017-05-19 13:30:58 #7 type] 
Type domain.User is not enhanced.

[2017-05-19 13:30:58 #8 type] 
Type domain.Conversation is not enhanced.

[2017-05-19 13:30:58 #9 type] 
Type domain.Admin is not enhanced.

------------------------------------------------------------------------------------------------------------------------

[2017-05-19 13:33:00 #1 store] 
Database 'C:\Users\rivas\git\wsruralhouse-2017\resources\ruralHouses.odb' has been recovered (tr. 762-763)

[2017-05-19 13:33:00 #2 store] 
Database 'C:\Users\rivas\git\wsruralhouse-2017\resources\ruralHouses.odb' is opened by 14688@AsusX54H

[2017-05-19 13:33:00 #3 type] 
Type domain.RuralHouse is not enhanced.

[2017-05-19 13:33:00 #4 type] 
Type domain.Owner is not enhanced.

[2017-05-19 13:33:00 #5 type] 
Type domain.Offer is not enhanced.

[2017-05-19 13:33:00 #6 type] 
Type domain.Client is not enhanced.

[2017-05-19 13:33:00 #7 type] 
Type domain.User is not enhanced.

[2017-05-19 13:33:00 #8 type] 
Type domain.Conversation is not enhanced.

[2017-05-19 13:33:00 #9 type] 
Type domain.Admin is not enhanced.

------------------------------------------------------------------------------------------------------------------------

[2017-05-19 13:33:48 #1 store] 
Database 'C:\Users\rivas\git\wsruralhouse-2017\resources\ruralHouses.odb' is opened by 14112@AsusX54H

[2017-05-19 13:33:48 #2 type] 
Type domain.RuralHouse is not enhanced.

[2017-05-19 13:33:48 #3 type] 
Type domain.Owner is not enhanced.

[2017-05-19 13:33:48 #4 type] 
Type domain.Offer is not enhanced.

[2017-05-19 13:33:48 #5 type] 
Type domain.Client is not enhanced.

[2017-05-19 13:33:48 #6 type] 
Type domain.User is not enhanced.

[2017-05-19 13:33:48 #7 type] 
Type domain.Conversation is not enhanced.

[2017-05-19 13:33:48 #8 type] 
Type domain.Admin is not enhanced.

------------------------------------------------------------------------------------------------------------------------

[2017-05-19 13:35:25 #1 store] 
Database 'C:\Users\rivas\git\wsruralhouse-2017\resources\ruralHouses.odb' is opened by 8260@AsusX54H

[2017-05-19 13:35:25 #2 type] 
Type domain.RuralHouse is not enhanced.

[2017-05-19 13:35:25 #3 type] 
Type domain.Owner is not enhanced.

[2017-05-19 13:35:25 #4 type] 
Type domain.Offer is not enhanced.

[2017-05-19 13:35:25 #5 type] 
Type domain.Client is not enhanced.

[2017-05-19 13:35:25 #6 type] 
Type domain.User is not enhanced.

[2017-05-19 13:35:25 #7 type] 
Type domain.Conversation is not enhanced.

[2017-05-19 13:35:25 #8 type] 
Type domain.Admin is not enhanced.

------------------------------------------------------------------------------------------------------------------------

[2017-05-19 16:06:34 #1 store] 
Database 'C:\Users\rivas\git\wsruralhouse-2017\resources\ruralHouses.odb' has been recovered (tr. 765-766)

[2017-05-19 16:06:35 #2 store] 
Database 'C:\Users\rivas\git\wsruralhouse-2017\resources\ruralHouses.odb' is opened by 4016@AsusX54H

[2017-05-19 16:06:36 #3 type] 
Type domain.RuralHouse is not enhanced.

[2017-05-19 16:06:36 #4 type] 
Type domain.Owner is not enhanced.

[2017-05-19 16:06:36 #5 type] 
Type domain.Offer is not enhanced.

[2017-05-19 16:06:36 #6 type] 
Type domain.Client is not enhanced.

[2017-05-19 16:06:36 #7 type] 
Type domain.User is not enhanced.

[2017-05-19 16:06:36 #8 type] 
Type domain.Conversation is not enhanced.

[2017-05-19 16:06:36 #9 type] 
Type domain.Admin is not enhanced.

------------------------------------------------------------------------------------------------------------------------

[2017-05-19 16:07:59 #1 store] 
Database 'C:\Users\rivas\git\wsruralhouse-2017\resources\ruralHouses.odb' has been recovered (tr. 767-767)

[2017-05-19 16:07:59 #2 store] 
Database 'C:\Users\rivas\git\wsruralhouse-2017\resources\ruralHouses.odb' is opened by 14784@AsusX54H

[2017-05-19 16:07:59 #3 type] 
Type domain.RuralHouse is not enhanced.

[2017-05-19 16:07:59 #4 type] 
Type domain.Owner is not enhanced.

[2017-05-19 16:07:59 #5 type] 
Type domain.Offer is not enhanced.

[2017-05-19 16:07:59 #6 type] 
Type domain.Client is not enhanced.

[2017-05-19 16:07:59 #7 type] 
Type domain.User is not enhanced.

[2017-05-19 16:07:59 #8 type] 
Type domain.Conversation is not enhanced.

[2017-05-19 16:07:59 #9 type] 
Type domain.Admin is not enhanced.

------------------------------------------------------------------------------------------------------------------------

[2017-05-19 16:10:52 #1 store] 
Database 'C:\Users\rivas\git\wsruralhouse-2017\resources\ruralHouses.odb' is opened by 6924@AsusX54H

[2017-05-19 16:10:53 #2 type] 
Type domain.RuralHouse is not enhanced.

[2017-05-19 16:10:53 #3 type] 
Type domain.Owner is not enhanced.

[2017-05-19 16:10:53 #4 type] 
Type domain.Offer is not enhanced.

[2017-05-19 16:10:53 #5 type] 
Type domain.Client is not enhanced.

[2017-05-19 16:10:53 #6 type] 
Type domain.User is not enhanced.

[2017-05-19 16:10:53 #7 type] 
Type domain.Conversation is not enhanced.

[2017-05-19 16:10:53 #8 type] 
Type domain.Admin is not enhanced.

------------------------------------------------------------------------------------------------------------------------

[2017-05-19 16:14:33 #1 store] 
Database 'C:\Users\rivas\git\wsruralhouse-2017\resources\ruralHouses.odb' is opened by 1468@AsusX54H

[2017-05-19 16:14:33 #2 type] 
Type domain.RuralHouse is not enhanced.

[2017-05-19 16:14:33 #3 type] 
Type domain.Owner is not enhanced.

[2017-05-19 16:14:33 #4 type] 
Type domain.Offer is not enhanced.

[2017-05-19 16:14:33 #5 type] 
Type domain.Client is not enhanced.

[2017-05-19 16:14:33 #6 type] 
Type domain.User is not enhanced.

[2017-05-19 16:14:33 #7 type] 
Type domain.Conversation is not enhanced.

[2017-05-19 16:14:33 #8 type] 
Type domain.Admin is not enhanced.

------------------------------------------------------------------------------------------------------------------------

[2017-05-19 16:28:01 #1 store] 
Database 'C:\Users\rivas\git\wsruralhouse-2017\resources\ruralHouses.odb' is opened by 540@AsusX54H

[2017-05-19 16:28:01 #2 type] 
Type domain.RuralHouse is not enhanced.

[2017-05-19 16:28:01 #3 type] 
Type domain.Owner is not enhanced.

[2017-05-19 16:28:01 #4 type] 
Type domain.Offer is not enhanced.

[2017-05-19 16:28:01 #5 type] 
Type domain.Client is not enhanced.

[2017-05-19 16:28:01 #6 type] 
Type domain.User is not enhanced.

[2017-05-19 16:28:01 #7 type] 
Type domain.Conversation is not enhanced.

[2017-05-19 16:28:01 #8 type] 
Type domain.Admin is not enhanced.

------------------------------------------------------------------------------------------------------------------------

[2017-05-19 16:30:30 #1 store] 
Database 'C:\Users\rivas\git\wsruralhouse-2017\resources\ruralHouses.odb' is opened by 4596@AsusX54H

[2017-05-19 16:30:30 #2 type] 
Type domain.RuralHouse is not enhanced.

[2017-05-19 16:30:30 #3 type] 
Type domain.Owner is not enhanced.

[2017-05-19 16:30:30 #4 type] 
Type domain.Offer is not enhanced.

[2017-05-19 16:30:30 #5 type] 
Type domain.Client is not enhanced.

[2017-05-19 16:30:30 #6 type] 
Type domain.User is not enhanced.

[2017-05-19 16:30:30 #7 type] 
Type domain.Conversation is not enhanced.

[2017-05-19 16:30:30 #8 type] 
Type domain.Admin is not enhanced.

------------------------------------------------------------------------------------------------------------------------

[2017-05-19 16:31:39 #1 store] 
Database 'C:\Users\rivas\git\wsruralhouse-2017\resources\ruralHouses.odb' is opened by 5952@AsusX54H

[2017-05-19 16:31:39 #2 type] 
Type domain.RuralHouse is not enhanced.

[2017-05-19 16:31:39 #3 type] 
Type domain.Owner is not enhanced.

[2017-05-19 16:31:39 #4 type] 
Type domain.Offer is not enhanced.

[2017-05-19 16:31:39 #5 type] 
Type domain.Client is not enhanced.

[2017-05-19 16:31:39 #6 type] 
Type domain.User is not enhanced.

[2017-05-19 16:31:39 #7 type] 
Type domain.Conversation is not enhanced.

[2017-05-19 16:31:39 #8 type] 
Type domain.Admin is not enhanced.

------------------------------------------------------------------------------------------------------------------------

[2017-05-19 16:35:05 #1 store] 
Database 'C:\Users\rivas\git\wsruralhouse-2017\resources\ruralHouses.odb' is opened by 1636@AsusX54H

[2017-05-19 16:35:05 #2 type] 
Type domain.RuralHouse is not enhanced.

[2017-05-19 16:35:05 #3 type] 
Type domain.Owner is not enhanced.

[2017-05-19 16:35:05 #4 type] 
Type domain.Offer is not enhanced.

[2017-05-19 16:35:05 #5 type] 
Type domain.Client is not enhanced.

[2017-05-19 16:35:05 #6 type] 
Type domain.User is not enhanced.

[2017-05-19 16:35:05 #7 type] 
Type domain.Conversation is not enhanced.

[2017-05-19 16:35:05 #8 type] 
Type domain.Admin is not enhanced.

------------------------------------------------------------------------------------------------------------------------

[2017-05-19 16:36:25 #1 store] 
Database 'C:\Users\rivas\git\wsruralhouse-2017\resources\ruralHouses.odb' is opened by 1584@AsusX54H

[2017-05-19 16:36:25 #2 type] 
Type domain.RuralHouse is not enhanced.

[2017-05-19 16:36:25 #3 type] 
Type domain.Owner is not enhanced.

[2017-05-19 16:36:25 #4 type] 
Type domain.Offer is not enhanced.

[2017-05-19 16:36:25 #5 type] 
Type domain.Client is not enhanced.

[2017-05-19 16:36:25 #6 type] 
Type domain.User is not enhanced.

[2017-05-19 16:36:25 #7 type] 
Type domain.Conversation is not enhanced.

[2017-05-19 16:36:25 #8 type] 
Type domain.Admin is not enhanced.

------------------------------------------------------------------------------------------------------------------------

[2017-05-19 16:38:00 #1 store] 
Database 'C:\Users\rivas\git\wsruralhouse-2017\resources\ruralHouses.odb' is opened by 7612@AsusX54H

[2017-05-19 16:38:00 #2 type] 
Type domain.RuralHouse is not enhanced.

[2017-05-19 16:38:00 #3 type] 
Type domain.Owner is not enhanced.

[2017-05-19 16:38:01 #4 type] 
Type domain.Offer is not enhanced.

[2017-05-19 16:38:01 #5 type] 
Type domain.Client is not enhanced.

[2017-05-19 16:38:01 #6 type] 
Type domain.User is not enhanced.

[2017-05-19 16:38:01 #7 type] 
Type domain.Conversation is not enhanced.

[2017-05-19 16:38:01 #8 type] 
Type domain.Admin is not enhanced.

------------------------------------------------------------------------------------------------------------------------

[2017-05-19 16:42:35 #1 store] 
Database 'C:\Users\rivas\git\wsruralhouse-2017\resources\ruralHouses.odb' is opened by 2056@AsusX54H

[2017-05-19 16:42:35 #2 type] 
Type domain.RuralHouse is not enhanced.

[2017-05-19 16:42:35 #3 type] 
Type domain.Owner is not enhanced.

[2017-05-19 16:42:35 #4 type] 
Type domain.Offer is not enhanced.

[2017-05-19 16:42:35 #5 type] 
Type domain.Client is not enhanced.

[2017-05-19 16:42:35 #6 type] 
Type domain.User is not enhanced.

[2017-05-19 16:42:35 #7 type] 
Type domain.Conversation is not enhanced.

[2017-05-19 16:42:35 #8 type] 
Type domain.Admin is not enhanced.

------------------------------------------------------------------------------------------------------------------------

[2017-05-19 16:55:39 #1 store] 
Database 'C:\Users\rivas\git\wsruralhouse-2017\resources\ruralHouses.odb' is opened by 11820@AsusX54H

[2017-05-19 16:55:39 #2 type] 
Type domain.RuralHouse is not enhanced.

[2017-05-19 16:55:39 #3 type] 
Type domain.Owner is not enhanced.

[2017-05-19 16:55:39 #4 type] 
Type domain.Offer is not enhanced.

[2017-05-19 16:55:39 #5 type] 
Type domain.Client is not enhanced.

[2017-05-19 16:55:39 #6 type] 
Type domain.User is not enhanced.

[2017-05-19 16:55:39 #7 type] 
Type domain.Conversation is not enhanced.

[2017-05-19 16:55:39 #8 type] 
Type domain.Admin is not enhanced.

------------------------------------------------------------------------------------------------------------------------

[2017-05-19 17:09:42 #1 store] 
Database 'C:\Users\rivas\git\wsruralhouse-2017\resources\ruralHouses.odb' is opened by 3060@AsusX54H

[2017-05-19 17:09:42 #2 type] 
Type domain.RuralHouse is not enhanced.

[2017-05-19 17:09:42 #3 type] 
Type domain.Owner is not enhanced.

[2017-05-19 17:09:42 #4 type] 
Type domain.Offer is not enhanced.

[2017-05-19 17:09:42 #5 type] 
Type domain.Client is not enhanced.

[2017-05-19 17:09:42 #6 type] 
Type domain.User is not enhanced.

[2017-05-19 17:09:42 #7 type] 
Type domain.Conversation is not enhanced.

[2017-05-19 17:09:42 #8 type] 
Type domain.Admin is not enhanced.

------------------------------------------------------------------------------------------------------------------------

[2017-05-19 17:13:27 #1 store] 
Database 'C:\Users\rivas\git\wsruralhouse-2017\resources\ruralHouses.odb' is opened by 544@AsusX54H

[2017-05-19 17:13:28 #2 type] 
Type domain.RuralHouse is not enhanced.

[2017-05-19 17:13:28 #3 type] 
Type domain.Owner is not enhanced.

[2017-05-19 17:13:28 #4 type] 
Type domain.Offer is not enhanced.

[2017-05-19 17:13:28 #5 type] 
Type domain.Client is not enhanced.

[2017-05-19 17:13:28 #6 type] 
Type domain.User is not enhanced.

[2017-05-19 17:13:28 #7 type] 
Type domain.Conversation is not enhanced.

[2017-05-19 17:13:28 #8 type] 
Type domain.Admin is not enhanced.

------------------------------------------------------------------------------------------------------------------------

[2017-05-19 17:16:14 #1 store] 
Database 'C:\Users\rivas\git\wsruralhouse-2017\resources\ruralHouses.odb' is opened by 1796@AsusX54H

[2017-05-19 17:16:14 #2 type] 
Type domain.RuralHouse is not enhanced.

[2017-05-19 17:16:14 #3 type] 
Type domain.Owner is not enhanced.

[2017-05-19 17:16:14 #4 type] 
Type domain.Offer is not enhanced.

[2017-05-19 17:16:14 #5 type] 
Type domain.Client is not enhanced.

[2017-05-19 17:16:14 #6 type] 
Type domain.User is not enhanced.

[2017-05-19 17:16:14 #7 type] 
Type domain.Conversation is not enhanced.

[2017-05-19 17:16:14 #8 type] 
Type domain.Admin is not enhanced.

------------------------------------------------------------------------------------------------------------------------

[2017-05-19 17:30:59 #1 store] 
Database 'C:\Users\rivas\git\wsruralhouse-2017\resources\ruralHouses.odb' is opened by 5852@AsusX54H

[2017-05-19 17:30:59 #2 type] 
Type domain.RuralHouse is not enhanced.

[2017-05-19 17:30:59 #3 type] 
Type domain.Owner is not enhanced.

[2017-05-19 17:30:59 #4 type] 
Type domain.Offer is not enhanced.

[2017-05-19 17:30:59 #5 type] 
Type domain.Client is not enhanced.

[2017-05-19 17:30:59 #6 type] 
Type domain.User is not enhanced.

[2017-05-19 17:31:00 #7 type] 
Type domain.Conversation is not enhanced.

[2017-05-19 17:31:00 #8 type] 
Type domain.Admin is not enhanced.

------------------------------------------------------------------------------------------------------------------------

[2017-05-19 17:33:40 #1 store] 
Database 'C:\Users\rivas\git\wsruralhouse-2017\resources\ruralHouses.odb' is opened by 11336@AsusX54H

[2017-05-19 17:33:40 #2 type] 
Type domain.RuralHouse is not enhanced.

[2017-05-19 17:33:40 #3 type] 
Type domain.Owner is not enhanced.

[2017-05-19 17:33:40 #4 type] 
Type domain.Offer is not enhanced.

[2017-05-19 17:33:40 #5 type] 
Type domain.Client is not enhanced.

[2017-05-19 17:33:40 #6 type] 
Type domain.User is not enhanced.

[2017-05-19 17:33:40 #7 type] 
Type domain.Conversation is not enhanced.

[2017-05-19 17:33:40 #8 type] 
Type domain.Admin is not enhanced.

------------------------------------------------------------------------------------------------------------------------

[2017-05-19 17:35:17 #1 store] 
Database 'C:\Users\rivas\git\wsruralhouse-2017\resources\ruralHouses.odb' is opened by 7884@AsusX54H

[2017-05-19 17:35:18 #2 type] 
Type domain.RuralHouse is not enhanced.

[2017-05-19 17:35:18 #3 type] 
Type domain.Owner is not enhanced.

[2017-05-19 17:35:18 #4 type] 
Type domain.Offer is not enhanced.

[2017-05-19 17:35:18 #5 type] 
Type domain.Client is not enhanced.

[2017-05-19 17:35:18 #6 type] 
Type domain.User is not enhanced.

[2017-05-19 17:35:18 #7 type] 
Type domain.Conversation is not enhanced.

[2017-05-19 17:35:18 #8 type] 
Type domain.Admin is not enhanced.

------------------------------------------------------------------------------------------------------------------------

[2017-05-19 17:36:15 #1 store] 
Database 'C:\Users\rivas\git\wsruralhouse-2017\resources\ruralHouses.odb' is opened by 3636@AsusX54H

[2017-05-19 17:36:16 #2 type] 
Type domain.RuralHouse is not enhanced.

[2017-05-19 17:36:16 #3 type] 
Type domain.Owner is not enhanced.

[2017-05-19 17:36:16 #4 type] 
Type domain.Offer is not enhanced.

[2017-05-19 17:36:16 #5 type] 
Type domain.Client is not enhanced.

[2017-05-19 17:36:16 #6 type] 
Type domain.User is not enhanced.

[2017-05-19 17:36:16 #7 type] 
Type domain.Conversation is not enhanced.

[2017-05-19 17:36:16 #8 type] 
Type domain.Admin is not enhanced.

------------------------------------------------------------------------------------------------------------------------

[2017-05-19 17:37:48 #1 store] 
Database 'C:\Users\rivas\git\wsruralhouse-2017\resources\ruralHouses.odb' is opened by 11212@AsusX54H

[2017-05-19 17:37:48 #2 type] 
Type domain.RuralHouse is not enhanced.

[2017-05-19 17:37:48 #3 type] 
Type domain.Owner is not enhanced.

[2017-05-19 17:37:48 #4 type] 
Type domain.Offer is not enhanced.

[2017-05-19 17:37:48 #5 type] 
Type domain.Client is not enhanced.

[2017-05-19 17:37:48 #6 type] 
Type domain.User is not enhanced.

[2017-05-19 17:37:48 #7 type] 
Type domain.Conversation is not enhanced.

[2017-05-19 17:37:48 #8 type] 
Type domain.Admin is not enhanced.

------------------------------------------------------------------------------------------------------------------------

[2017-05-19 17:39:04 #1 store] 
Database 'C:\Users\rivas\git\wsruralhouse-2017\resources\ruralHouses.odb' is opened by 1696@AsusX54H

[2017-05-19 17:39:05 #2 type] 
Type domain.RuralHouse is not enhanced.

[2017-05-19 17:39:05 #3 type] 
Type domain.Owner is not enhanced.

[2017-05-19 17:39:05 #4 type] 
Type domain.Offer is not enhanced.

[2017-05-19 17:39:05 #5 type] 
Type domain.Client is not enhanced.

[2017-05-19 17:39:05 #6 type] 
Type domain.User is not enhanced.

[2017-05-19 17:39:05 #7 type] 
Type domain.Conversation is not enhanced.

[2017-05-19 17:39:05 #8 type] 
Type domain.Admin is not enhanced.

------------------------------------------------------------------------------------------------------------------------

[2017-05-19 17:41:08 #1 store] 
Database 'C:\Users\rivas\git\wsruralhouse-2017\resources\ruralHouses.odb' is opened by 12328@AsusX54H

[2017-05-19 17:41:08 #2 type] 
Type domain.RuralHouse is not enhanced.

[2017-05-19 17:41:08 #3 type] 
Type domain.Owner is not enhanced.

[2017-05-19 17:41:08 #4 type] 
Type domain.Offer is not enhanced.

[2017-05-19 17:41:08 #5 type] 
Type domain.Client is not enhanced.

[2017-05-19 17:41:08 #6 type] 
Type domain.User is not enhanced.

[2017-05-19 17:41:08 #7 type] 
Type domain.Conversation is not enhanced.

[2017-05-19 17:41:08 #8 type] 
Type domain.Admin is not enhanced.

------------------------------------------------------------------------------------------------------------------------

[2017-05-19 17:44:01 #1 store] 
Database 'C:\Users\rivas\git\wsruralhouse-2017\resources\ruralHouses.odb' is opened by 2788@AsusX54H

[2017-05-19 17:44:01 #2 type] 
Type domain.RuralHouse is not enhanced.

[2017-05-19 17:44:01 #3 type] 
Type domain.Owner is not enhanced.

[2017-05-19 17:44:01 #4 type] 
Type domain.Offer is not enhanced.

[2017-05-19 17:44:01 #5 type] 
Type domain.Client is not enhanced.

[2017-05-19 17:44:01 #6 type] 
Type domain.User is not enhanced.

[2017-05-19 17:44:01 #7 type] 
Type domain.Conversation is not enhanced.

[2017-05-19 17:44:01 #8 type] 
Type domain.Admin is not enhanced.

------------------------------------------------------------------------------------------------------------------------

[2017-05-19 17:45:33 #1 store] 
Database 'C:\Users\rivas\git\wsruralhouse-2017\resources\ruralHouses.odb' is opened by 5076@AsusX54H

[2017-05-19 17:45:33 #2 type] 
Type domain.RuralHouse is not enhanced.

[2017-05-19 17:45:33 #3 type] 
Type domain.Owner is not enhanced.

[2017-05-19 17:45:33 #4 type] 
Type domain.Offer is not enhanced.

[2017-05-19 17:45:33 #5 type] 
Type domain.Client is not enhanced.

[2017-05-19 17:45:33 #6 type] 
Type domain.User is not enhanced.

[2017-05-19 17:45:33 #7 type] 
Type domain.Conversation is not enhanced.

[2017-05-19 17:45:33 #8 type] 
Type domain.Admin is not enhanced.

------------------------------------------------------------------------------------------------------------------------

[2017-05-19 17:46:47 #1 store] 
Database 'C:\Users\rivas\git\wsruralhouse-2017\resources\ruralHouses.odb' is opened by 14748@AsusX54H

[2017-05-19 17:46:47 #2 type] 
Type domain.RuralHouse is not enhanced.

[2017-05-19 17:46:47 #3 type] 
Type domain.Owner is not enhanced.

[2017-05-19 17:46:47 #4 type] 
Type domain.Offer is not enhanced.

[2017-05-19 17:46:47 #5 type] 
Type domain.Client is not enhanced.

[2017-05-19 17:46:47 #6 type] 
Type domain.User is not enhanced.

[2017-05-19 17:46:47 #7 type] 
Type domain.Conversation is not enhanced.

[2017-05-19 17:46:47 #8 type] 
Type domain.Admin is not enhanced.

------------------------------------------------------------------------------------------------------------------------

[2017-05-19 17:49:11 #1 store] 
Database 'C:\Users\rivas\git\wsruralhouse-2017\resources\ruralHouses.odb' has been recovered (tr. 768-768)

[2017-05-19 17:49:11 #2 store] 
Database 'C:\Users\rivas\git\wsruralhouse-2017\resources\ruralHouses.odb' is opened by 13700@AsusX54H

[2017-05-19 17:49:11 #3 type] 
Type domain.RuralHouse is not enhanced.

[2017-05-19 17:49:11 #4 type] 
Type domain.Owner is not enhanced.

[2017-05-19 17:49:11 #5 type] 
Type domain.Offer is not enhanced.

[2017-05-19 17:49:11 #6 type] 
Type domain.Client is not enhanced.

[2017-05-19 17:49:11 #7 type] 
Type domain.User is not enhanced.

[2017-05-19 17:49:11 #8 type] 
Type domain.Conversation is not enhanced.

[2017-05-19 17:49:11 #9 type] 
Type domain.Admin is not enhanced.

------------------------------------------------------------------------------------------------------------------------

[2017-05-19 17:51:04 #1 store] 
Database 'C:\Users\rivas\git\wsruralhouse-2017\resources\ruralHouses.odb' is opened by 2712@AsusX54H

[2017-05-19 17:51:04 #2 type] 
Type domain.RuralHouse is not enhanced.

[2017-05-19 17:51:04 #3 type] 
Type domain.Owner is not enhanced.

[2017-05-19 17:51:04 #4 type] 
Type domain.Offer is not enhanced.

[2017-05-19 17:51:04 #5 type] 
Type domain.Client is not enhanced.

[2017-05-19 17:51:04 #6 type] 
Type domain.User is not enhanced.

[2017-05-19 17:51:04 #7 type] 
Type domain.Conversation is not enhanced.

[2017-05-19 17:51:04 #8 type] 
Type domain.Admin is not enhanced.

------------------------------------------------------------------------------------------------------------------------

[2017-05-19 19:48:11 #1 store] 
Database 'C:\Users\rivas\git\wsruralhouse-2017\resources\ruralHouses.odb' is opened by 9212@AsusX54H

[2017-05-19 19:48:11 #2 type] 
Type domain.RuralHouse is not enhanced.

[2017-05-19 19:48:11 #3 type] 
Type domain.Owner is not enhanced.

[2017-05-19 19:48:11 #4 type] 
Type domain.Offer is not enhanced.

[2017-05-19 19:48:11 #5 type] 
Type domain.Client is not enhanced.

[2017-05-19 19:48:11 #6 type] 
Type domain.User is not enhanced.

[2017-05-19 19:48:11 #7 type] 
Type domain.Conversation is not enhanced.

[2017-05-19 19:48:11 #8 type] 
Type domain.Admin is not enhanced.

------------------------------------------------------------------------------------------------------------------------

[2017-05-19 19:49:53 #1 store] 
Database 'C:\Users\rivas\git\wsruralhouse-2017\resources\ruralHouses.odb' has been recovered (tr. 769-769)

[2017-05-19 19:49:53 #2 store] 
Database 'C:\Users\rivas\git\wsruralhouse-2017\resources\ruralHouses.odb' is opened by 12956@AsusX54H

[2017-05-19 19:49:53 #3 type] 
Type domain.RuralHouse is not enhanced.

[2017-05-19 19:49:53 #4 type] 
Type domain.Owner is not enhanced.

[2017-05-19 19:49:53 #5 type] 
Type domain.Offer is not enhanced.

[2017-05-19 19:49:53 #6 type] 
Type domain.Client is not enhanced.

[2017-05-19 19:49:53 #7 type] 
Type domain.User is not enhanced.

[2017-05-19 19:49:53 #8 type] 
Type domain.Conversation is not enhanced.

[2017-05-19 19:49:53 #9 type] 
Type domain.Admin is not enhanced.

------------------------------------------------------------------------------------------------------------------------

[2017-05-19 19:54:35 #1 store] 
Database 'C:\Users\rivas\git\wsruralhouse-2017\resources\ruralHouses.odb' is opened by 11152@AsusX54H

[2017-05-19 19:54:35 #2 type] 
Type domain.RuralHouse is not enhanced.

[2017-05-19 19:54:35 #3 type] 
Type domain.Owner is not enhanced.

[2017-05-19 19:54:35 #4 type] 
Type domain.Offer is not enhanced.

[2017-05-19 19:54:35 #5 type] 
Type domain.Client is not enhanced.

[2017-05-19 19:54:35 #6 type] 
Type domain.User is not enhanced.

[2017-05-19 19:54:35 #7 type] 
Type domain.Conversation is not enhanced.

[2017-05-19 19:54:35 #8 type] 
Type domain.Admin is not enhanced.

------------------------------------------------------------------------------------------------------------------------

[2017-05-19 19:55:00 #1 store] 
Database 'C:\Users\rivas\git\wsruralhouse-2017\resources\ruralHouses.odb' is opened by 9116@AsusX54H

[2017-05-19 19:55:00 #2 type] 
Type domain.RuralHouse is not enhanced.

[2017-05-19 19:55:00 #3 type] 
Type domain.Owner is not enhanced.

[2017-05-19 19:55:00 #4 type] 
Type domain.Offer is not enhanced.

[2017-05-19 19:55:00 #5 type] 
Type domain.Client is not enhanced.

[2017-05-19 19:55:00 #6 type] 
Type domain.User is not enhanced.

[2017-05-19 19:55:00 #7 type] 
Type domain.Conversation is not enhanced.

[2017-05-19 19:55:00 #8 type] 
Type domain.Admin is not enhanced.

------------------------------------------------------------------------------------------------------------------------

[2017-05-19 19:55:48 #1 store] 
Database 'C:\Users\rivas\git\wsruralhouse-2017\resources\ruralHouses.odb' is opened by 14040@AsusX54H

[2017-05-19 19:55:48 #2 type] 
Type domain.RuralHouse is not enhanced.

[2017-05-19 19:55:48 #3 type] 
Type domain.Owner is not enhanced.

[2017-05-19 19:55:48 #4 type] 
Type domain.Offer is not enhanced.

[2017-05-19 19:55:48 #5 type] 
Type domain.Client is not enhanced.

[2017-05-19 19:55:48 #6 type] 
Type domain.User is not enhanced.

[2017-05-19 19:55:48 #7 type] 
Type domain.Conversation is not enhanced.

[2017-05-19 19:55:48 #8 type] 
Type domain.Admin is not enhanced.

------------------------------------------------------------------------------------------------------------------------

[2017-05-19 20:01:01 #1 store] 
Database 'C:\Users\rivas\git\wsruralhouse-2017\resources\ruralHouses.odb' is opened by 9136@AsusX54H

[2017-05-19 20:01:02 #2 type] 
Type domain.RuralHouse is not enhanced.

[2017-05-19 20:01:02 #3 type] 
Type domain.Owner is not enhanced.

[2017-05-19 20:01:02 #4 type] 
Type domain.Offer is not enhanced.

[2017-05-19 20:01:02 #5 type] 
Type domain.Client is not enhanced.

[2017-05-19 20:01:02 #6 type] 
Type domain.User is not enhanced.

[2017-05-19 20:01:02 #7 type] 
Type domain.Conversation is not enhanced.

[2017-05-19 20:01:02 #8 type] 
Type domain.Admin is not enhanced.

------------------------------------------------------------------------------------------------------------------------

[2017-05-19 20:01:57 #1 store] 
Database 'C:\Users\rivas\git\wsruralhouse-2017\resources\ruralHouses.odb' is opened by 15072@AsusX54H

[2017-05-19 20:01:57 #2 type] 
Type domain.RuralHouse is not enhanced.

[2017-05-19 20:01:57 #3 type] 
Type domain.Owner is not enhanced.

[2017-05-19 20:01:57 #4 type] 
Type domain.Offer is not enhanced.

[2017-05-19 20:01:57 #5 type] 
Type domain.Client is not enhanced.

[2017-05-19 20:01:57 #6 type] 
Type domain.User is not enhanced.

[2017-05-19 20:01:57 #7 type] 
Type domain.Conversation is not enhanced.

[2017-05-19 20:01:57 #8 type] 
Type domain.Admin is not enhanced.

------------------------------------------------------------------------------------------------------------------------

[2017-05-19 20:03:05 #1 store] 
Database 'C:\Users\rivas\git\wsruralhouse-2017\resources\ruralHouses.odb' is opened by 7900@AsusX54H

[2017-05-19 20:03:05 #2 type] 
Type domain.RuralHouse is not enhanced.

[2017-05-19 20:03:05 #3 type] 
Type domain.Owner is not enhanced.

[2017-05-19 20:03:05 #4 type] 
Type domain.Offer is not enhanced.

[2017-05-19 20:03:05 #5 type] 
Type domain.Client is not enhanced.

[2017-05-19 20:03:05 #6 type] 
Type domain.User is not enhanced.

[2017-05-19 20:03:05 #7 type] 
Type domain.Conversation is not enhanced.

[2017-05-19 20:03:05 #8 type] 
Type domain.Admin is not enhanced.

------------------------------------------------------------------------------------------------------------------------

[2017-05-19 20:13:52 #1 store] 
Database 'C:\Users\rivas\git\wsruralhouse-2017\resources\ruralHouses.odb' is opened by 12296@AsusX54H

[2017-05-19 20:13:52 #2 type] 
Type domain.RuralHouse is not enhanced.

[2017-05-19 20:13:52 #3 type] 
Type domain.Owner is not enhanced.

[2017-05-19 20:13:52 #4 type] 
Type domain.Offer is not enhanced.

[2017-05-19 20:13:52 #5 type] 
Type domain.Client is not enhanced.

[2017-05-19 20:13:52 #6 type] 
Type domain.User is not enhanced.

[2017-05-19 20:13:52 #7 type] 
Type domain.Conversation is not enhanced.

[2017-05-19 20:13:53 #8 type] 
Type domain.Admin is not enhanced.

------------------------------------------------------------------------------------------------------------------------

[2017-05-19 20:15:54 #1 store] 
Database 'C:\Users\rivas\git\wsruralhouse-2017\resources\ruralHouses.odb' has been recovered (tr. 780-780)

[2017-05-19 20:15:54 #2 store] 
Database 'C:\Users\rivas\git\wsruralhouse-2017\resources\ruralHouses.odb' is opened by 12692@AsusX54H

[2017-05-19 20:15:54 #3 type] 
Type domain.RuralHouse is not enhanced.

[2017-05-19 20:15:54 #4 type] 
Type domain.Owner is not enhanced.

[2017-05-19 20:15:54 #5 type] 
Type domain.Offer is not enhanced.

[2017-05-19 20:15:54 #6 type] 
Type domain.Client is not enhanced.

[2017-05-19 20:15:54 #7 type] 
Type domain.User is not enhanced.

[2017-05-19 20:15:54 #8 type] 
Type domain.Conversation is not enhanced.

[2017-05-19 20:15:54 #9 type] 
Type domain.Admin is not enhanced.

------------------------------------------------------------------------------------------------------------------------

[2017-05-19 20:17:23 #1 store] 
Database 'C:\Users\rivas\git\wsruralhouse-2017\resources\ruralHouses.odb' has been recovered (tr. 781-781)

[2017-05-19 20:17:23 #2 store] 
Database 'C:\Users\rivas\git\wsruralhouse-2017\resources\ruralHouses.odb' is opened by 1484@AsusX54H

[2017-05-19 20:17:23 #3 type] 
Type domain.RuralHouse is not enhanced.

[2017-05-19 20:17:23 #4 type] 
Type domain.Owner is not enhanced.

[2017-05-19 20:17:23 #5 type] 
Type domain.Offer is not enhanced.

[2017-05-19 20:17:23 #6 type] 
Type domain.Client is not enhanced.

[2017-05-19 20:17:23 #7 type] 
Type domain.User is not enhanced.

[2017-05-19 20:17:23 #8 type] 
Type domain.Conversation is not enhanced.

[2017-05-19 20:17:23 #9 type] 
Type domain.Admin is not enhanced.

------------------------------------------------------------------------------------------------------------------------

[2017-05-19 20:40:24 #1 store] 
Database 'C:\Users\rivas\git\wsruralhouse-2017\resources\ruralHouses.odb' has been recovered (tr. 782-794)

[2017-05-19 20:40:24 #2 store] 
Database 'C:\Users\rivas\git\wsruralhouse-2017\resources\ruralHouses.odb' is opened by 10380@AsusX54H

[2017-05-19 20:40:24 #3 type] 
Type domain.RuralHouse is not enhanced.

[2017-05-19 20:40:24 #4 type] 
Type domain.Owner is not enhanced.

[2017-05-19 20:40:24 #5 type] 
Type domain.Offer is not enhanced.

[2017-05-19 20:40:24 #6 type] 
Type domain.Client is not enhanced.

[2017-05-19 20:40:24 #7 type] 
Type domain.User is not enhanced.

[2017-05-19 20:40:24 #8 type] 
Type domain.Conversation is not enhanced.

[2017-05-19 20:40:24 #9 type] 
Type domain.Admin is not enhanced.

------------------------------------------------------------------------------------------------------------------------

[2017-05-19 20:49:58 #1 store] 
Database 'C:\Users\rivas\git\wsruralhouse-2017\resources\ruralHouses.odb' has been recovered (tr. 795-811)

[2017-05-19 20:49:59 #2 store] 
Database 'C:\Users\rivas\git\wsruralhouse-2017\resources\ruralHouses.odb' is opened by 14152@AsusX54H

[2017-05-19 20:49:59 #3 type] 
Type domain.RuralHouse is not enhanced.

[2017-05-19 20:49:59 #4 type] 
Type domain.Owner is not enhanced.

[2017-05-19 20:49:59 #5 type] 
Type domain.Offer is not enhanced.

[2017-05-19 20:49:59 #6 type] 
Type domain.Client is not enhanced.

[2017-05-19 20:49:59 #7 type] 
Type domain.User is not enhanced.

[2017-05-19 20:49:59 #8 type] 
Type domain.Conversation is not enhanced.

[2017-05-19 20:49:59 #9 type] 
Type domain.Admin is not enhanced.

------------------------------------------------------------------------------------------------------------------------

[2017-05-19 20:52:36 #1 store] 
Database 'C:\Users\rivas\git\wsruralhouse-2017\resources\ruralHouses.odb' has been recovered (tr. 812-815)

[2017-05-19 20:52:36 #2 store] 
Database 'C:\Users\rivas\git\wsruralhouse-2017\resources\ruralHouses.odb' is opened by 3948@AsusX54H

[2017-05-19 20:52:36 #3 type] 
Type domain.RuralHouse is not enhanced.

[2017-05-19 20:52:36 #4 type] 
Type domain.Owner is not enhanced.

[2017-05-19 20:52:36 #5 type] 
Type domain.Offer is not enhanced.

[2017-05-19 20:52:36 #6 type] 
Type domain.Client is not enhanced.

[2017-05-19 20:52:36 #7 type] 
Type domain.User is not enhanced.

[2017-05-19 20:52:36 #8 type] 
Type domain.Conversation is not enhanced.

[2017-05-19 20:52:36 #9 type] 
Type domain.Admin is not enhanced.

------------------------------------------------------------------------------------------------------------------------

[2017-05-19 20:54:32 #1 store] 
Database 'C:\Users\rivas\git\wsruralhouse-2017\resources\ruralHouses.odb' has been recovered (tr. 816-821)

[2017-05-19 20:54:32 #2 store] 
Database 'C:\Users\rivas\git\wsruralhouse-2017\resources\ruralHouses.odb' is opened by 7576@AsusX54H

[2017-05-19 20:54:32 #3 type] 
Type domain.RuralHouse is not enhanced.

[2017-05-19 20:54:32 #4 type] 
Type domain.Owner is not enhanced.

[2017-05-19 20:54:32 #5 type] 
Type domain.Offer is not enhanced.

[2017-05-19 20:54:32 #6 type] 
Type domain.Client is not enhanced.

[2017-05-19 20:54:32 #7 type] 
Type domain.User is not enhanced.

[2017-05-19 20:54:32 #8 type] 
Type domain.Conversation is not enhanced.

[2017-05-19 20:54:32 #9 type] 
Type domain.Admin is not enhanced.

------------------------------------------------------------------------------------------------------------------------

[2017-05-19 21:47:42 #1 store] 
Database 'C:\Users\rivas\git\wsruralhouse-2017\resources\ruralHouses.odb' has been recovered (tr. 822-822)

[2017-05-19 21:47:42 #2 store] 
Database 'C:\Users\rivas\git\wsruralhouse-2017\resources\ruralHouses.odb' is opened by 9412@AsusX54H

[2017-05-19 21:47:43 #3 type] 
Type domain.RuralHouse is not enhanced.

[2017-05-19 21:47:43 #4 type] 
Type domain.Owner is not enhanced.

[2017-05-19 21:47:43 #5 type] 
Type domain.Offer is not enhanced.

[2017-05-19 21:47:43 #6 type] 
Type domain.Client is not enhanced.

[2017-05-19 21:47:43 #7 type] 
Type domain.User is not enhanced.

[2017-05-19 21:47:43 #8 type] 
Type domain.Conversation is not enhanced.

[2017-05-19 21:47:43 #9 type] 
Type domain.Admin is not enhanced.

------------------------------------------------------------------------------------------------------------------------

[2017-05-19 21:51:17 #1 store] 
Database 'C:\Users\rivas\git\wsruralhouse-2017\resources\ruralHouses.odb' is opened by 12796@AsusX54H

[2017-05-19 21:51:17 #2 type] 
Type domain.RuralHouse is not enhanced.

[2017-05-19 21:51:17 #3 type] 
Type domain.Owner is not enhanced.

[2017-05-19 21:51:17 #4 type] 
Type domain.Offer is not enhanced.

[2017-05-19 21:51:17 #5 type] 
Type domain.Client is not enhanced.

[2017-05-19 21:51:17 #6 type] 
Type domain.User is not enhanced.

[2017-05-19 21:51:17 #7 type] 
Type domain.Conversation is not enhanced.

[2017-05-19 21:51:17 #8 type] 
Type domain.Admin is not enhanced.

------------------------------------------------------------------------------------------------------------------------

[2017-05-19 21:57:39 #1 store] 
Database 'C:\Users\rivas\git\wsruralhouse-2017\resources\ruralHouses.odb' is opened by 6864@AsusX54H

[2017-05-19 21:57:39 #2 type] 
Type domain.RuralHouse is not enhanced.

[2017-05-19 21:57:39 #3 type] 
Type domain.Owner is not enhanced.

[2017-05-19 21:57:39 #4 type] 
Type domain.Offer is not enhanced.

[2017-05-19 21:57:40 #5 type] 
Type domain.Client is not enhanced.

[2017-05-19 21:57:40 #6 type] 
Type domain.User is not enhanced.

[2017-05-19 21:57:40 #7 type] 
Type domain.Conversation is not enhanced.

[2017-05-19 21:57:40 #8 type] 
Type domain.Admin is not enhanced.

------------------------------------------------------------------------------------------------------------------------

[2017-05-19 22:12:53 #1 store] 
Database 'C:\Users\rivas\git\wsruralhouse-2017\resources\ruralHouses.odb' is opened by 6656@AsusX54H

[2017-05-19 22:12:54 #2 type] 
Type domain.RuralHouse is not enhanced.

[2017-05-19 22:12:54 #3 type] 
Type domain.Owner is not enhanced.

[2017-05-19 22:12:54 #4 type] 
Type domain.Offer is not enhanced.

[2017-05-19 22:12:54 #5 type] 
Type domain.Client is not enhanced.

[2017-05-19 22:12:54 #6 type] 
Type domain.User is not enhanced.

[2017-05-19 22:12:54 #7 type] 
Type domain.Conversation is not enhanced.

[2017-05-19 22:12:54 #8 type] 
Type domain.Admin is not enhanced.

