------------------------------------------------------------------------------------------------------------------------

[2017-03-01 00:32:52 #1 store] 
Database 'C:\Users\rivas\git\WSRuralHouse-2017\resources\ruralHouses.odb' has been recovered (tr. 132-132)

[2017-03-01 00:32:53 #2 store] 
Database 'C:\Users\rivas\git\WSRuralHouse-2017\resources\ruralHouses.odb' is opened by 3412@AsusX54H

[2017-03-01 00:33:21 #3 store] 
Database 'C:\Users\rivas\git\WSRuralHouse-2017\resources\ruralHouses.odb' is closed by 3412@AsusX54H

------------------------------------------------------------------------------------------------------------------------

[2017-03-01 02:09:39 #1 store] 
Database 'C:\Users\rivas\git\WSRuralHouse-2017\resources\ruralHouses.odb' has been recovered (tr. 161-171)

[2017-03-01 02:09:39 #2 store] 
Database 'C:\Users\rivas\git\WSRuralHouse-2017\resources\ruralHouses.odb' is opened by 6904@AsusX54H

[2017-03-01 02:10:52 #3 store] 
Database 'C:\Users\rivas\git\WSRuralHouse-2017\resources\ruralHouses.odb' is closed by 6904@AsusX54H

------------------------------------------------------------------------------------------------------------------------

[2017-03-01 02:13:38 #1 store] 
Database 'C:\Users\rivas\git\WSRuralHouse-2017\resources\ruralHouses.odb' has been recovered (tr. 194-197)

[2017-03-01 02:13:38 #2 store] 
Database 'C:\Users\rivas\git\WSRuralHouse-2017\resources\ruralHouses.odb' is opened by 3288@AsusX54H

[2017-03-01 02:14:05 #3 store] 
Database 'C:\Users\rivas\git\WSRuralHouse-2017\resources\ruralHouses.odb' is closed by 3288@AsusX54H

------------------------------------------------------------------------------------------------------------------------

[2017-03-01 02:14:51 #1 store] 
Database 'C:\Users\rivas\git\WSRuralHouse-2017\resources\ruralHouses.odb' has been recovered (tr. 198-199)

[2017-03-01 02:14:51 #2 store] 
Database 'C:\Users\rivas\git\WSRuralHouse-2017\resources\ruralHouses.odb' is opened by 3484@AsusX54H

[2017-03-01 02:15:35 #3 store] 
Database 'C:\Users\rivas\git\WSRuralHouse-2017\resources\ruralHouses.odb' is closed by 3484@AsusX54H

------------------------------------------------------------------------------------------------------------------------

[2017-03-01 02:21:10 #1 store] 
Database 'C:\Users\rivas\git\WSRuralHouse-2017\resources\ruralHouses.odb' has been recovered (tr. 202-203)

[2017-03-01 02:21:10 #2 store] 
Database 'C:\Users\rivas\git\WSRuralHouse-2017\resources\ruralHouses.odb' is opened by 4212@AsusX54H

[2017-03-01 02:21:46 #3 store] 
Database 'C:\Users\rivas\git\WSRuralHouse-2017\resources\ruralHouses.odb' is closed by 4212@AsusX54H

------------------------------------------------------------------------------------------------------------------------

[2017-03-01 02:28:12 #1 store] 
Database 'C:\Users\rivas\git\WSRuralHouse-2017\resources\ruralHouses.odb' is opened by 3032@AsusX54H

[2017-03-01 02:28:28 #2 store] 
Database 'C:\Users\rivas\git\WSRuralHouse-2017\resources\ruralHouses.odb' is closed by 3032@AsusX54H

------------------------------------------------------------------------------------------------------------------------

[2017-03-01 02:29:15 #1 store] 
Database 'C:\Users\rivas\git\WSRuralHouse-2017\resources\ruralHouses.odb' has been recovered (tr. 208-210)

[2017-03-01 02:29:16 #2 store] 
Database 'C:\Users\rivas\git\WSRuralHouse-2017\resources\ruralHouses.odb' is opened by 2168@AsusX54H

[2017-03-01 02:29:38 #3 store] 
Database 'C:\Users\rivas\git\WSRuralHouse-2017\resources\ruralHouses.odb' is closed by 2168@AsusX54H

------------------------------------------------------------------------------------------------------------------------

[2017-03-01 02:33:25 #1 store] 
Database 'C:\Users\rivas\git\WSRuralHouse-2017\resources\ruralHouses.odb' is opened by 1148@AsusX54H

[2017-03-01 02:33:38 #2 store] 
Database 'C:\Users\rivas\git\WSRuralHouse-2017\resources\ruralHouses.odb' is closed by 1148@AsusX54H

------------------------------------------------------------------------------------------------------------------------

[2017-03-01 02:34:46 #1 store] 
Database 'C:\Users\rivas\git\WSRuralHouse-2017\resources\ruralHouses.odb' has been recovered (tr. 100-103)

[2017-03-01 02:34:46 #2 store] 
Database 'C:\Users\rivas\git\WSRuralHouse-2017\resources\ruralHouses.odb' is opened by 6076@AsusX54H

[2017-03-01 02:35:12 #3 store] 
Database 'C:\Users\rivas\git\WSRuralHouse-2017\resources\ruralHouses.odb' is closed by 6076@AsusX54H

------------------------------------------------------------------------------------------------------------------------

[2017-03-01 02:37:59 #1 store] 
Database 'C:\Users\rivas\git\WSRuralHouse-2017\resources\ruralHouses.odb' has been recovered (tr. 106-107)

[2017-03-01 02:37:59 #2 store] 
Database 'C:\Users\rivas\git\WSRuralHouse-2017\resources\ruralHouses.odb' is opened by 1276@AsusX54H

[2017-03-01 02:38:34 #3 store] 
Database 'C:\Users\rivas\git\WSRuralHouse-2017\resources\ruralHouses.odb' is closed by 1276@AsusX54H

------------------------------------------------------------------------------------------------------------------------

[2017-03-01 02:39:31 #1 store] 
Database 'C:\Users\rivas\git\WSRuralHouse-2017\resources\ruralHouses.odb' has been recovered (tr. 112-114)

[2017-03-01 02:39:31 #2 store] 
Database 'C:\Users\rivas\git\WSRuralHouse-2017\resources\ruralHouses.odb' is opened by 7708@AsusX54H

[2017-03-01 02:39:45 #3 store] 
Database 'C:\Users\rivas\git\WSRuralHouse-2017\resources\ruralHouses.odb' is closed by 7708@AsusX54H

------------------------------------------------------------------------------------------------------------------------

[2017-03-01 17:41:44 #1 store] 
Database 'C:\Users\rivas\git\WSRuralHouse-2017\resources\ruralHouses.odb' has been recovered (tr. 129-131)

[2017-03-01 17:41:45 #2 store] 
Database 'C:\Users\rivas\git\WSRuralHouse-2017\resources\ruralHouses.odb' is opened by 4228@AsusX54H

[2017-03-01 17:43:37 #3 store] 
Database 'C:\Users\rivas\git\WSRuralHouse-2017\resources\ruralHouses.odb' is closed by 4228@AsusX54H

------------------------------------------------------------------------------------------------------------------------

[2017-03-01 20:48:34 #1 store] 
Database 'C:\Users\rivas\git\WSRuralHouse-2017\resources\ruralHouses.odb' is opened by 8388@AsusX54H

[2017-03-01 20:49:32 #2 store] 
Database 'C:\Users\rivas\git\WSRuralHouse-2017\resources\ruralHouses.odb' is closed by 8388@AsusX54H

------------------------------------------------------------------------------------------------------------------------

[2017-03-01 22:21:22 #1 store] 
Database 'C:\Users\rivas\git\WSRuralHouse-2017\resources\ruralHouses.odb' has been recovered (tr. 203-203)

[2017-03-01 22:21:22 #2 store] 
Database 'C:\Users\rivas\git\WSRuralHouse-2017\resources\ruralHouses.odb' is opened by 9700@AsusX54H

[2017-03-01 22:21:54 #3 store] 
Database 'C:\Users\rivas\git\WSRuralHouse-2017\resources\ruralHouses.odb' is closed by 9700@AsusX54H

