------------------------------------------------------------------------------------------------------------------------

[2017-02-28 01:38:34 #1 store] 
Database 'C:\Users\rivas\git\WSRuralHouse-2017\resources\ruralHouses.odb' is opened by 4220@AsusX54H

[2017-02-28 01:38:53 #2 store] 
Database 'C:\Users\rivas\git\WSRuralHouse-2017\resources\ruralHouses.odb' is closed by 4220@AsusX54H

------------------------------------------------------------------------------------------------------------------------

[2017-02-28 09:52:35 #1 store] 
Database 'C:\Users\rivas\git\WSRuralHouse-2017\resources\ruralHouses.odb' has been recovered (tr. 92-94)

[2017-02-28 09:52:35 #2 store] 
Database 'C:\Users\rivas\git\WSRuralHouse-2017\resources\ruralHouses.odb' is opened by 7504@AsusX54H

[2017-02-28 09:52:54 #3 store] 
Database 'C:\Users\rivas\git\WSRuralHouse-2017\resources\ruralHouses.odb' is closed by 7504@AsusX54H

------------------------------------------------------------------------------------------------------------------------

[2017-02-28 10:52:37 #1 store] 
Database 'C:\Users\rivas\git\WSRuralHouse-2017\resources\ruralHouses.odb' has been recovered (tr. 95-95)

[2017-02-28 10:52:37 #2 store] 
Database 'C:\Users\rivas\git\WSRuralHouse-2017\resources\ruralHouses.odb' is opened by 9904@AsusX54H

[2017-02-28 10:52:59 #3 store] 
Database 'C:\Users\rivas\git\WSRuralHouse-2017\resources\ruralHouses.odb' is closed by 9904@AsusX54H

------------------------------------------------------------------------------------------------------------------------

[2017-02-28 16:09:28 #1 store] 
Database 'C:\Users\rivas\git\WSRuralHouse-2017\resources\ruralHouses.odb' is opened by 6532@AsusX54H

[2017-02-28 16:10:31 #2 store] 
Database 'C:\Users\rivas\git\WSRuralHouse-2017\resources\ruralHouses.odb' is closed by 6532@AsusX54H

------------------------------------------------------------------------------------------------------------------------

[2017-02-28 17:54:14 #1 store] 
Database 'C:\Users\rivas\git\WSRuralHouse-2017\resources\ruralHouses.odb' is opened by 1728@AsusX54H

[2017-02-28 17:54:54 #2 store] 
Database 'C:\Users\rivas\git\WSRuralHouse-2017\resources\ruralHouses.odb' is closed by 1728@AsusX54H

