------------------------------------------------------------------------------------------------------------------------

[2017-02-26 16:38:17 #1 store] 
Database 'C:\Users\rivas\git\WSRuralHouse-2017\resources\ruralHouses.odb' has been recovered (tr. 37-40)

[2017-02-26 16:38:17 #2 store] 
Database 'C:\Users\rivas\git\WSRuralHouse-2017\resources\ruralHouses.odb' is opened by 9716@AsusX54H

[2017-02-26 16:40:39 #3 store] 
Database 'C:\Users\rivas\git\WSRuralHouse-2017\resources\ruralHouses.odb' is closed by 9716@AsusX54H

------------------------------------------------------------------------------------------------------------------------

[2017-02-26 17:01:15 #1 store] 
Database 'C:\Users\rivas\git\WSRuralHouse-2017\resources\ruralHouses.odb' has been recovered (tr. 48-48)

[2017-02-26 17:01:15 #2 store] 
Database 'C:\Users\rivas\git\WSRuralHouse-2017\resources\ruralHouses.odb' is opened by 5524@AsusX54H

[2017-02-26 17:03:18 #3 store] 
Database 'C:\Users\rivas\git\WSRuralHouse-2017\resources\ruralHouses.odb' is closed by 5524@AsusX54H

------------------------------------------------------------------------------------------------------------------------

[2017-02-26 17:11:27 #1 store] 
Database 'C:\Users\rivas\git\WSRuralHouse-2017\resources\ruralHouses.odb' has been recovered (tr. 54-56)

[2017-02-26 17:11:28 #2 store] 
Database 'C:\Users\rivas\git\WSRuralHouse-2017\resources\ruralHouses.odb' is opened by 3904@AsusX54H

[2017-02-26 17:16:30 #3 store] 
Database 'C:\Users\rivas\git\WSRuralHouse-2017\resources\ruralHouses.odb' is closed by 3904@AsusX54H

------------------------------------------------------------------------------------------------------------------------

[2017-02-26 17:34:24 #1 store] 
Database 'C:\Users\rivas\git\WSRuralHouse-2017\resources\ruralHouses.odb' has been recovered (tr. 72-72)

[2017-02-26 17:34:24 #2 store] 
Database 'C:\Users\rivas\git\WSRuralHouse-2017\resources\ruralHouses.odb' is opened by 2736@AsusX54H

[2017-02-26 17:34:49 #3 store] 
Database 'C:\Users\rivas\git\WSRuralHouse-2017\resources\ruralHouses.odb' is closed by 2736@AsusX54H

------------------------------------------------------------------------------------------------------------------------

[2017-02-26 17:36:46 #1 store] 
Database 'C:\Users\rivas\git\WSRuralHouse-2017\resources\ruralHouses.odb' has been recovered (tr. 76-78)

[2017-02-26 17:36:46 #2 store] 
Database 'C:\Users\rivas\git\WSRuralHouse-2017\resources\ruralHouses.odb' is opened by 6176@AsusX54H

[2017-02-26 17:36:53 #3 store] 
Database 'C:\Users\rivas\git\WSRuralHouse-2017\resources\ruralHouses.odb' is closed by 6176@AsusX54H

------------------------------------------------------------------------------------------------------------------------

[2017-02-26 17:37:59 #1 store] 
Database 'C:\Users\rivas\git\WSRuralHouse-2017\resources\ruralHouses.odb' has been recovered (tr. 79-80)

[2017-02-26 17:37:59 #2 store] 
Database 'C:\Users\rivas\git\WSRuralHouse-2017\resources\ruralHouses.odb' is opened by 3104@AsusX54H

[2017-02-26 17:38:07 #3 store] 
Database 'C:\Users\rivas\git\WSRuralHouse-2017\resources\ruralHouses.odb' is closed by 3104@AsusX54H

------------------------------------------------------------------------------------------------------------------------

[2017-02-26 17:40:47 #1 store] 
Database 'C:\Users\rivas\git\WSRuralHouse-2017\resources\ruralHouses.odb' has been recovered (tr. 81-82)

[2017-02-26 17:40:47 #2 store] 
Database 'C:\Users\rivas\git\WSRuralHouse-2017\resources\ruralHouses.odb' is opened by 9364@AsusX54H

[2017-02-26 17:41:38 #3 store] 
Database 'C:\Users\rivas\git\WSRuralHouse-2017\resources\ruralHouses.odb' is closed by 9364@AsusX54H

------------------------------------------------------------------------------------------------------------------------

[2017-02-26 18:27:44 #1 store] 
Database 'C:\Users\rivas\git\WSRuralHouse-2017\resources\ruralHouses.odb' has been recovered (tr. 88-89)

[2017-02-26 18:27:44 #2 store] 
Database 'C:\Users\rivas\git\WSRuralHouse-2017\resources\ruralHouses.odb' is opened by 11440@AsusX54H

[2017-02-26 18:42:14 #3 store] 
Database 'C:\Users\rivas\git\WSRuralHouse-2017\resources\ruralHouses.odb' is closed by 11440@AsusX54H

------------------------------------------------------------------------------------------------------------------------

[2017-02-26 19:55:48 #1 store] 
Database 'C:\Users\rivas\git\WSRuralHouse-2017\resources\ruralHouses.odb' has been recovered (tr. 130-130)

[2017-02-26 19:55:48 #2 store] 
Database 'C:\Users\rivas\git\WSRuralHouse-2017\resources\ruralHouses.odb' is opened by 5408@AsusX54H

[2017-02-26 19:56:02 #3 store] 
Database 'C:\Users\rivas\git\WSRuralHouse-2017\resources\ruralHouses.odb' is closed by 5408@AsusX54H

------------------------------------------------------------------------------------------------------------------------

[2017-02-26 20:29:20 #1 store] 
Database 'C:\Users\rivas\git\WSRuralHouse-2017\resources\ruralHouses.odb' has been recovered (tr. 172-178)

[2017-02-26 20:29:20 #2 store] 
Database 'C:\Users\rivas\git\WSRuralHouse-2017\resources\ruralHouses.odb' is opened by 10440@AsusX54H

[2017-02-26 20:29:34 #3 store] 
Database 'C:\Users\rivas\git\WSRuralHouse-2017\resources\ruralHouses.odb' is closed by 10440@AsusX54H

------------------------------------------------------------------------------------------------------------------------

[2017-02-26 20:36:37 #1 store] 
Database 'C:\Users\rivas\git\WSRuralHouse-2017\resources\ruralHouses.odb' has been recovered (tr. 186-191)

[2017-02-26 20:36:37 #2 store] 
Database 'C:\Users\rivas\git\WSRuralHouse-2017\resources\ruralHouses.odb' is opened by 9444@AsusX54H

[2017-02-26 20:36:45 #3 store] 
Database 'C:\Users\rivas\git\WSRuralHouse-2017\resources\ruralHouses.odb' is closed by 9444@AsusX54H

------------------------------------------------------------------------------------------------------------------------

[2017-02-26 20:58:16 #1 store] 
Database 'C:\Users\rivas\git\WSRuralHouse-2017\resources\ruralHouses.odb' has been recovered (tr. 192-197)

[2017-02-26 20:58:16 #2 store] 
Database 'C:\Users\rivas\git\WSRuralHouse-2017\resources\ruralHouses.odb' is opened by 4040@AsusX54H

[2017-02-26 21:00:55 #3 store] 
Database 'C:\Users\rivas\git\WSRuralHouse-2017\resources\ruralHouses.odb' is closed by 4040@AsusX54H

------------------------------------------------------------------------------------------------------------------------

[2017-02-26 21:14:02 #1 store] 
Database 'C:\Users\rivas\git\WSRuralHouse-2017\resources\ruralHouses.odb' has been recovered (tr. 202-207)

[2017-02-26 21:14:02 #2 store] 
Database 'C:\Users\rivas\git\WSRuralHouse-2017\resources\ruralHouses.odb' is opened by 8696@AsusX54H

[2017-02-26 21:20:33 #3 store] 
Database 'C:\Users\rivas\git\WSRuralHouse-2017\resources\ruralHouses.odb' is closed by 8696@AsusX54H

------------------------------------------------------------------------------------------------------------------------

[2017-02-26 21:31:21 #1 store] 
Database 'C:\Users\rivas\git\WSRuralHouse-2017\resources\ruralHouses.odb' has been recovered (tr. 216-219)

[2017-02-26 21:31:21 #2 store] 
Database 'C:\Users\rivas\git\WSRuralHouse-2017\resources\ruralHouses.odb' is opened by 8388@AsusX54H

[2017-02-26 21:31:25 #3 store] 
Database 'C:\Users\rivas\git\WSRuralHouse-2017\resources\ruralHouses.odb' is closed by 8388@AsusX54H

