------------------------------------------------------------------------------------------------------------------------

[2017-02-27 10:57:09 #1 store] 
Database 'C:\Users\rivas\git\WSRuralHouse-2017\resources\ruralHouses.odb' has been recovered (tr. 279-287)

[2017-02-27 10:57:10 #2 store] 
Database 'C:\Users\rivas\git\WSRuralHouse-2017\resources\ruralHouses.odb' is opened by 9084@AsusX54H

[2017-02-27 10:57:52 #3 store] 
Database 'C:\Users\rivas\git\WSRuralHouse-2017\resources\ruralHouses.odb' is closed by 9084@AsusX54H

------------------------------------------------------------------------------------------------------------------------

[2017-02-27 14:07:35 #1 store] 
Database 'C:\Users\rivas\git\WSRuralHouse-2017\resources\ruralHouses.odb' has been recovered (tr. 288-305)

[2017-02-27 14:07:35 #2 store] 
Database 'C:\Users\rivas\git\WSRuralHouse-2017\resources\ruralHouses.odb' is opened by 3476@AsusX54H

[2017-02-27 14:08:06 #3 store] 
Database 'C:\Users\rivas\git\WSRuralHouse-2017\resources\ruralHouses.odb' is closed by 3476@AsusX54H

------------------------------------------------------------------------------------------------------------------------

[2017-02-27 14:31:20 #1 store] 
Database 'C:\Users\rivas\git\WSRuralHouse-2017\resources\ruralHouses.odb' has been recovered (tr. 306-314)

[2017-02-27 14:31:20 #2 store] 
Database 'C:\Users\rivas\git\WSRuralHouse-2017\resources\ruralHouses.odb' is opened by 4376@AsusX54H

[2017-02-27 14:31:47 #3 store] 
Database 'C:\Users\rivas\git\WSRuralHouse-2017\resources\ruralHouses.odb' is closed by 4376@AsusX54H

------------------------------------------------------------------------------------------------------------------------

[2017-02-27 14:48:00 #1 store] 
Database 'C:\Users\rivas\git\WSRuralHouse-2017\resources\ruralHouses.odb' has been recovered (tr. 315-324)

[2017-02-27 14:48:00 #2 store] 
Database 'C:\Users\rivas\git\WSRuralHouse-2017\resources\ruralHouses.odb' is opened by 1692@AsusX54H

[2017-02-27 14:59:56 #3 store] 
Database 'C:\Users\rivas\git\WSRuralHouse-2017\resources\ruralHouses.odb' is closed by 1692@AsusX54H

------------------------------------------------------------------------------------------------------------------------

[2017-02-27 15:09:28 #1 store] 
Database 'C:\Users\rivas\git\WSRuralHouse-2017\resources\ruralHouses.odb' has been recovered (tr. 334-351)

[2017-02-27 15:09:28 #2 store] 
Database 'C:\Users\rivas\git\WSRuralHouse-2017\resources\ruralHouses.odb' is opened by 4976@AsusX54H

[2017-02-27 15:09:55 #3 store] 
Database 'C:\Users\rivas\git\WSRuralHouse-2017\resources\ruralHouses.odb' is closed by 4976@AsusX54H

------------------------------------------------------------------------------------------------------------------------

[2017-02-27 16:07:41 #1 store] 
Database 'C:\Users\rivas\git\WSRuralHouse-2017\resources\ruralHouses.odb' has been recovered (tr. 353-360)

[2017-02-27 16:07:42 #2 store] 
Database 'C:\Users\rivas\git\WSRuralHouse-2017\resources\ruralHouses.odb' is opened by 4164@AsusX54H

[2017-02-27 16:09:53 #3 store] 
Database 'C:\Users\rivas\git\WSRuralHouse-2017\resources\ruralHouses.odb' is closed by 4164@AsusX54H

------------------------------------------------------------------------------------------------------------------------

[2017-02-27 16:58:22 #1 store] 
Database 'C:\Users\rivas\git\WSRuralHouse-2017\resources\ruralHouses.odb' has been recovered (tr. 364-378)

[2017-02-27 16:58:22 #2 store] 
Database 'C:\Users\rivas\git\WSRuralHouse-2017\resources\ruralHouses.odb' is opened by 1576@AsusX54H

[2017-02-27 16:59:13 #3 store] 
Database 'C:\Users\rivas\git\WSRuralHouse-2017\resources\ruralHouses.odb' is closed by 1576@AsusX54H

------------------------------------------------------------------------------------------------------------------------

[2017-02-27 17:00:36 #1 store] 
Database 'C:\Users\rivas\git\WSRuralHouse-2017\resources\ruralHouses.odb' has been recovered (tr. 381-389)

[2017-02-27 17:00:36 #2 store] 
Database 'C:\Users\rivas\git\WSRuralHouse-2017\resources\ruralHouses.odb' is opened by 8312@AsusX54H

[2017-02-27 17:02:38 #3 store] 
Database 'C:\Users\rivas\git\WSRuralHouse-2017\resources\ruralHouses.odb' is closed by 8312@AsusX54H

------------------------------------------------------------------------------------------------------------------------

[2017-02-27 17:02:57 #1 store] 
Database 'C:\Users\rivas\git\WSRuralHouse-2017\resources\ruralHouses.odb' is opened by 1496@AsusX54H

[2017-02-27 17:03:03 #2 store] 
Database 'C:\Users\rivas\git\WSRuralHouse-2017\resources\ruralHouses.odb' is closed by 1496@AsusX54H

------------------------------------------------------------------------------------------------------------------------

[2017-02-27 17:04:49 #1 store] 
Database 'C:\Users\rivas\git\WSRuralHouse-2017\resources\ruralHouses.odb' has been recovered (tr. 390-398)

[2017-02-27 17:04:49 #2 store] 
Database 'C:\Users\rivas\git\WSRuralHouse-2017\resources\ruralHouses.odb' is opened by 6900@AsusX54H

[2017-02-27 17:05:46 #3 store] 
Database 'C:\Users\rivas\git\WSRuralHouse-2017\resources\ruralHouses.odb' is closed by 6900@AsusX54H

------------------------------------------------------------------------------------------------------------------------

[2017-02-27 17:07:22 #1 store] 
Database 'C:\Users\rivas\git\WSRuralHouse-2017\resources\ruralHouses.odb' has been recovered (tr. 7-16)

[2017-02-27 17:07:22 #2 store] 
Database 'C:\Users\rivas\git\WSRuralHouse-2017\resources\ruralHouses.odb' is opened by 5796@AsusX54H

[2017-02-27 17:07:39 #3 store] 
Database 'C:\Users\rivas\git\WSRuralHouse-2017\resources\ruralHouses.odb' is closed by 5796@AsusX54H

------------------------------------------------------------------------------------------------------------------------

[2017-02-27 17:10:55 #1 store] 
Database 'C:\Users\rivas\git\WSRuralHouse-2017\resources\ruralHouses.odb' has been recovered (tr. 19-27)

[2017-02-27 17:10:55 #2 store] 
Database 'C:\Users\rivas\git\WSRuralHouse-2017\resources\ruralHouses.odb' is opened by 7628@AsusX54H

[2017-02-27 17:12:31 #3 store] 
Database 'C:\Users\rivas\git\WSRuralHouse-2017\resources\ruralHouses.odb' is closed by 7628@AsusX54H

------------------------------------------------------------------------------------------------------------------------

[2017-02-27 17:46:06 #1 store] 
Database 'C:\Users\rivas\git\WSRuralHouse-2017\resources\ruralHouses.odb' is opened by 8652@AsusX54H

[2017-02-27 17:46:28 #2 store] 
Database 'C:\Users\rivas\git\WSRuralHouse-2017\resources\ruralHouses.odb' is closed by 8652@AsusX54H

------------------------------------------------------------------------------------------------------------------------

[2017-02-27 17:46:33 #1 store] 
Database 'C:\Users\rivas\git\WSRuralHouse-2017\resources\ruralHouses.odb' is opened by 8332@AsusX54H

[2017-02-27 17:47:13 #2 store] 
Database 'C:\Users\rivas\git\WSRuralHouse-2017\resources\ruralHouses.odb' is closed by 8332@AsusX54H

------------------------------------------------------------------------------------------------------------------------

[2017-02-27 17:48:06 #1 store] 
Database 'C:\Users\rivas\git\WSRuralHouse-2017\resources\ruralHouses.odb' has been recovered (tr. 30-38)

[2017-02-27 17:48:07 #2 store] 
Database 'C:\Users\rivas\git\WSRuralHouse-2017\resources\ruralHouses.odb' is opened by 2304@AsusX54H

[2017-02-27 17:48:27 #3 store] 
Database 'C:\Users\rivas\git\WSRuralHouse-2017\resources\ruralHouses.odb' is closed by 2304@AsusX54H

------------------------------------------------------------------------------------------------------------------------

[2017-02-27 17:53:26 #1 store] 
Database 'C:\Users\rivas\git\WSRuralHouse-2017\resources\ruralHouses.odb' has been recovered (tr. 39-46)

[2017-02-27 17:53:27 #2 store] 
Database 'C:\Users\rivas\git\WSRuralHouse-2017\resources\ruralHouses.odb' is opened by 9024@AsusX54H

[2017-02-27 17:54:41 #3 store] 
Database 'C:\Users\rivas\git\WSRuralHouse-2017\resources\ruralHouses.odb' is closed by 9024@AsusX54H

------------------------------------------------------------------------------------------------------------------------

[2017-02-27 17:56:06 #1 store] 
Database 'C:\Users\rivas\git\WSRuralHouse-2017\resources\ruralHouses.odb' has been recovered (tr. 47-55)

[2017-02-27 17:56:06 #2 store] 
Database 'C:\Users\rivas\git\WSRuralHouse-2017\resources\ruralHouses.odb' is opened by 4716@AsusX54H

[2017-02-27 17:56:58 #3 store] 
Database 'C:\Users\rivas\git\WSRuralHouse-2017\resources\ruralHouses.odb' is closed by 4716@AsusX54H

------------------------------------------------------------------------------------------------------------------------

[2017-02-27 17:59:09 #1 store] 
Database 'C:\Users\rivas\git\WSRuralHouse-2017\resources\ruralHouses.odb' has been recovered (tr. 56-57)

[2017-02-27 17:59:09 #2 store] 
Database 'C:\Users\rivas\git\WSRuralHouse-2017\resources\ruralHouses.odb' is opened by 7888@AsusX54H

[2017-02-27 18:01:49 #3 store] 
Database 'C:\Users\rivas\git\WSRuralHouse-2017\resources\ruralHouses.odb' is closed by 7888@AsusX54H

------------------------------------------------------------------------------------------------------------------------

[2017-02-27 18:03:15 #1 store] 
Database 'C:\Users\rivas\git\WSRuralHouse-2017\resources\ruralHouses.odb' has been recovered (tr. 68-68)

[2017-02-27 18:03:15 #2 store] 
Database 'C:\Users\rivas\git\WSRuralHouse-2017\resources\ruralHouses.odb' is opened by 8148@AsusX54H

[2017-02-27 18:03:59 #3 store] 
Database 'C:\Users\rivas\git\WSRuralHouse-2017\resources\ruralHouses.odb' is closed by 8148@AsusX54H

------------------------------------------------------------------------------------------------------------------------

[2017-02-27 18:04:32 #1 store] 
Database 'C:\Users\rivas\git\WSRuralHouse-2017\resources\ruralHouses.odb' has been recovered (tr. 69-77)

[2017-02-27 18:04:32 #2 store] 
Database 'C:\Users\rivas\git\WSRuralHouse-2017\resources\ruralHouses.odb' is opened by 6236@AsusX54H

[2017-02-27 18:04:47 #3 store] 
Database 'C:\Users\rivas\git\WSRuralHouse-2017\resources\ruralHouses.odb' is closed by 6236@AsusX54H

------------------------------------------------------------------------------------------------------------------------

[2017-02-27 21:54:20 #1 store] 
Database 'C:\Users\rivas\git\WSRuralHouse-2017\resources\ruralHouses.odb' has been recovered (tr. 78-78)

[2017-02-27 21:54:20 #2 store] 
Database 'C:\Users\rivas\git\WSRuralHouse-2017\resources\ruralHouses.odb' is opened by 6712@AsusX54H

[2017-02-27 21:54:40 #3 store] 
Database 'C:\Users\rivas\git\WSRuralHouse-2017\resources\ruralHouses.odb' is closed by 6712@AsusX54H

