------------------------------------------------------------------------------------------------------------------------

[2017-04-01 11:31:12 #1 store] 
Database 'C:\Users\rivas\git\wsruralhouse-2017\resources\ruralHouses.odb' is opened by 11180@AsusX54H

[2017-04-01 11:32:30 #2 store] 
Database 'C:\Users\rivas\git\wsruralhouse-2017\resources\ruralHouses.odb' is closed by 11180@AsusX54H

------------------------------------------------------------------------------------------------------------------------

[2017-04-01 12:25:32 #1 store] 
Database 'C:\Users\rivas\git\wsruralhouse-2017\resources\ruralHouses.odb' is opened by 5636@AsusX54H

[2017-04-01 12:25:38 #2 store] 
Database 'C:\Users\rivas\git\wsruralhouse-2017\resources\ruralHouses.odb' is closed by 5636@AsusX54H

------------------------------------------------------------------------------------------------------------------------

[2017-04-01 12:40:15 #1 store] 
Database 'C:\Users\rivas\git\wsruralhouse-2017\resources\ruralHouses.odb' is opened by 3824@AsusX54H

[2017-04-01 12:40:29 #2 store] 
Database 'C:\Users\rivas\git\wsruralhouse-2017\resources\ruralHouses.odb' is closed by 3824@AsusX54H

------------------------------------------------------------------------------------------------------------------------

[2017-04-01 12:43:21 #1 store] 
Database 'C:\Users\rivas\git\wsruralhouse-2017\resources\ruralHouses.odb' has been recovered (tr. 312-312)

[2017-04-01 12:43:21 #2 store] 
Database 'C:\Users\rivas\git\wsruralhouse-2017\resources\ruralHouses.odb' is opened by 10908@AsusX54H

[2017-04-01 12:43:33 #3 store] 
Database 'C:\Users\rivas\git\wsruralhouse-2017\resources\ruralHouses.odb' is closed by 10908@AsusX54H

------------------------------------------------------------------------------------------------------------------------

[2017-04-01 17:02:40 #1 store] 
Database 'C:\Users\rivas\git\wsruralhouse-2017\resources\ruralHouses.odb' has been recovered (tr. 321-321)

[2017-04-01 17:02:41 #2 store] 
Database 'C:\Users\rivas\git\wsruralhouse-2017\resources\ruralHouses.odb' is opened by 8772@AsusX54H

[2017-04-01 17:02:50 #3 store] 
Database 'C:\Users\rivas\git\wsruralhouse-2017\resources\ruralHouses.odb' is closed by 8772@AsusX54H

------------------------------------------------------------------------------------------------------------------------

[2017-04-01 17:14:12 #1 store] 
Database 'C:\Users\rivas\git\wsruralhouse-2017\resources\ruralHouses.odb' has been recovered (tr. 323-324)

[2017-04-01 17:14:12 #2 store] 
Database 'C:\Users\rivas\git\wsruralhouse-2017\resources\ruralHouses.odb' is opened by 10440@AsusX54H

[2017-04-01 17:14:24 #3 store] 
Database 'C:\Users\rivas\git\wsruralhouse-2017\resources\ruralHouses.odb' is closed by 10440@AsusX54H

------------------------------------------------------------------------------------------------------------------------

[2017-04-01 21:33:30 #1 store] 
Database 'C:\Users\Yosiunico\git\wsruralhouse-2017\resources\ruralHouses.odb' has been recovered (tr. 328-328)

[2017-04-01 21:33:30 #2 store] 
Database 'C:\Users\Yosiunico\git\wsruralhouse-2017\resources\ruralHouses.odb' is opened by 9716@DESKTOP-VJCKAFD

[2017-04-01 21:33:47 #3 store] 
Database 'C:\Users\Yosiunico\git\wsruralhouse-2017\resources\ruralHouses.odb' is closed by 9716@DESKTOP-VJCKAFD

