------------------------------------------------------------------------------------------------------------------------

[2017-03-01 00:36:02 #1 store] 
Database 'C:\Users\rivas\git\WSRuralHouse-2017\resources\ruralHouses.odb' is opened by 6484@AsusX54H

[2017-03-01 00:36:02 #2 type] 
Type domain.RuralHouse is not enhanced.

[2017-03-01 00:36:02 #3 type] 
Type domain.Owner is not enhanced.

[2017-03-01 00:36:02 #4 type] 
Type domain.Offer is not enhanced.

[2017-03-01 00:36:02 #5 type] 
Type domain.Client is not enhanced.

------------------------------------------------------------------------------------------------------------------------

[2017-03-01 00:46:04 #1 store] 
Database 'C:\Users\rivas\git\WSRuralHouse-2017\resources\ruralHouses.odb' is opened by 3552@AsusX54H

[2017-03-01 00:46:05 #2 type] 
Type domain.RuralHouse is not enhanced.

[2017-03-01 00:46:05 #3 type] 
Type domain.Owner is not enhanced.

[2017-03-01 00:46:05 #4 type] 
Type domain.Offer is not enhanced.

[2017-03-01 00:46:05 #5 type] 
Type domain.Client is not enhanced.

------------------------------------------------------------------------------------------------------------------------

[2017-03-01 00:49:42 #1 store] 
Database 'C:\Users\rivas\git\WSRuralHouse-2017\resources\ruralHouses.odb' has been recovered (tr. 133-135)

[2017-03-01 00:49:42 #2 store] 
Database 'C:\Users\rivas\git\WSRuralHouse-2017\resources\ruralHouses.odb' is opened by 4124@AsusX54H

[2017-03-01 00:49:43 #3 type] 
Type domain.RuralHouse is not enhanced.

[2017-03-01 00:49:43 #4 type] 
Type domain.Owner is not enhanced.

[2017-03-01 00:49:43 #5 type] 
Type domain.Offer is not enhanced.

[2017-03-01 00:49:43 #6 type] 
Type domain.Client is not enhanced.

------------------------------------------------------------------------------------------------------------------------

[2017-03-01 00:52:23 #1 store] 
Database 'C:\Users\rivas\git\WSRuralHouse-2017\resources\ruralHouses.odb' has been recovered (tr. 136-136)

[2017-03-01 00:52:23 #2 store] 
Database 'C:\Users\rivas\git\WSRuralHouse-2017\resources\ruralHouses.odb' is opened by 4116@AsusX54H

[2017-03-01 00:52:23 #3 type] 
Type domain.RuralHouse is not enhanced.

[2017-03-01 00:52:23 #4 type] 
Type domain.Owner is not enhanced.

[2017-03-01 00:52:23 #5 type] 
Type domain.Offer is not enhanced.

[2017-03-01 00:52:23 #6 type] 
Type domain.Client is not enhanced.

------------------------------------------------------------------------------------------------------------------------

[2017-03-01 00:53:50 #1 store] 
Database 'C:\Users\rivas\git\WSRuralHouse-2017\resources\ruralHouses.odb' is opened by 9640@AsusX54H

[2017-03-01 00:53:50 #2 type] 
Type domain.RuralHouse is not enhanced.

[2017-03-01 00:53:50 #3 type] 
Type domain.Owner is not enhanced.

[2017-03-01 00:53:50 #4 type] 
Type domain.Offer is not enhanced.

[2017-03-01 00:53:50 #5 type] 
Type domain.Client is not enhanced.

------------------------------------------------------------------------------------------------------------------------

[2017-03-01 00:55:12 #1 store] 
Database 'C:\Users\rivas\git\WSRuralHouse-2017\resources\ruralHouses.odb' is opened by 7612@AsusX54H

[2017-03-01 00:55:12 #2 type] 
Type domain.RuralHouse is not enhanced.

[2017-03-01 00:55:12 #3 type] 
Type domain.Owner is not enhanced.

[2017-03-01 00:55:12 #4 type] 
Type domain.Offer is not enhanced.

[2017-03-01 00:55:12 #5 type] 
Type domain.Client is not enhanced.

------------------------------------------------------------------------------------------------------------------------

[2017-03-01 01:07:48 #1 store] 
Database 'C:\Users\rivas\git\WSRuralHouse-2017\resources\ruralHouses.odb' has been recovered (tr. 137-140)

[2017-03-01 01:07:49 #2 store] 
Database 'C:\Users\rivas\git\WSRuralHouse-2017\resources\ruralHouses.odb' is opened by 6400@AsusX54H

[2017-03-01 01:07:49 #3 type] 
Type domain.RuralHouse is not enhanced.

[2017-03-01 01:07:49 #4 type] 
Type domain.Owner is not enhanced.

[2017-03-01 01:07:49 #5 type] 
Type domain.Offer is not enhanced.

[2017-03-01 01:07:49 #6 type] 
Type domain.Client is not enhanced.

------------------------------------------------------------------------------------------------------------------------

[2017-03-01 01:09:42 #1 store] 
Database 'C:\Users\rivas\git\WSRuralHouse-2017\resources\ruralHouses.odb' has been recovered (tr. 141-143)

[2017-03-01 01:09:42 #2 store] 
Database 'C:\Users\rivas\git\WSRuralHouse-2017\resources\ruralHouses.odb' is opened by 4348@AsusX54H

[2017-03-01 01:09:42 #3 type] 
Type domain.RuralHouse is not enhanced.

[2017-03-01 01:09:42 #4 type] 
Type domain.Owner is not enhanced.

[2017-03-01 01:09:42 #5 type] 
Type domain.Offer is not enhanced.

[2017-03-01 01:09:42 #6 type] 
Type domain.Client is not enhanced.

------------------------------------------------------------------------------------------------------------------------

[2017-03-01 01:10:16 #1 store] 
Database 'C:\Users\rivas\git\WSRuralHouse-2017\resources\ruralHouses.odb' is opened by 7944@AsusX54H

[2017-03-01 01:10:17 #2 type] 
Type domain.RuralHouse is not enhanced.

[2017-03-01 01:10:17 #3 type] 
Type domain.Owner is not enhanced.

[2017-03-01 01:10:17 #4 type] 
Type domain.Offer is not enhanced.

[2017-03-01 01:10:17 #5 type] 
Type domain.Client is not enhanced.

------------------------------------------------------------------------------------------------------------------------

[2017-03-01 01:11:04 #1 store] 
Database 'C:\Users\rivas\git\WSRuralHouse-2017\resources\ruralHouses.odb' is opened by 3820@AsusX54H

[2017-03-01 01:11:04 #2 type] 
Type domain.RuralHouse is not enhanced.

[2017-03-01 01:11:04 #3 type] 
Type domain.Owner is not enhanced.

[2017-03-01 01:11:04 #4 type] 
Type domain.Offer is not enhanced.

[2017-03-01 01:11:04 #5 type] 
Type domain.Client is not enhanced.

------------------------------------------------------------------------------------------------------------------------

[2017-03-01 01:12:42 #1 store] 
Database 'C:\Users\rivas\git\WSRuralHouse-2017\resources\ruralHouses.odb' has been recovered (tr. 144-144)

[2017-03-01 01:12:42 #2 store] 
Database 'C:\Users\rivas\git\WSRuralHouse-2017\resources\ruralHouses.odb' is opened by 6000@AsusX54H

[2017-03-01 01:12:42 #3 type] 
Type domain.RuralHouse is not enhanced.

[2017-03-01 01:12:42 #4 type] 
Type domain.Owner is not enhanced.

[2017-03-01 01:12:42 #5 type] 
Type domain.Offer is not enhanced.

[2017-03-01 01:12:42 #6 type] 
Type domain.Client is not enhanced.

------------------------------------------------------------------------------------------------------------------------

[2017-03-01 01:13:35 #1 store] 
Database 'C:\Users\rivas\git\WSRuralHouse-2017\resources\ruralHouses.odb' is opened by 8012@AsusX54H

[2017-03-01 01:13:35 #2 type] 
Type domain.RuralHouse is not enhanced.

[2017-03-01 01:13:35 #3 type] 
Type domain.Owner is not enhanced.

[2017-03-01 01:13:35 #4 type] 
Type domain.Offer is not enhanced.

[2017-03-01 01:13:35 #5 type] 
Type domain.Client is not enhanced.

------------------------------------------------------------------------------------------------------------------------

[2017-03-01 01:16:16 #1 store] 
Database 'C:\Users\rivas\git\WSRuralHouse-2017\resources\ruralHouses.odb' is opened by 7712@AsusX54H

[2017-03-01 01:16:16 #2 type] 
Type domain.RuralHouse is not enhanced.

[2017-03-01 01:16:16 #3 type] 
Type domain.Owner is not enhanced.

[2017-03-01 01:16:16 #4 type] 
Type domain.Offer is not enhanced.

[2017-03-01 01:16:16 #5 type] 
Type domain.Client is not enhanced.

------------------------------------------------------------------------------------------------------------------------

[2017-03-01 01:17:07 #1 store] 
Database 'C:\Users\rivas\git\WSRuralHouse-2017\resources\ruralHouses.odb' is opened by 7052@AsusX54H

[2017-03-01 01:17:07 #2 type] 
Type domain.RuralHouse is not enhanced.

[2017-03-01 01:17:07 #3 type] 
Type domain.Owner is not enhanced.

[2017-03-01 01:17:07 #4 type] 
Type domain.Offer is not enhanced.

[2017-03-01 01:17:08 #5 type] 
Type domain.Client is not enhanced.

------------------------------------------------------------------------------------------------------------------------

[2017-03-01 01:17:44 #1 store] 
Database 'C:\Users\rivas\git\WSRuralHouse-2017\resources\ruralHouses.odb' is opened by 4116@AsusX54H

[2017-03-01 01:17:44 #2 type] 
Type domain.RuralHouse is not enhanced.

[2017-03-01 01:17:44 #3 type] 
Type domain.Owner is not enhanced.

[2017-03-01 01:17:44 #4 type] 
Type domain.Offer is not enhanced.

[2017-03-01 01:17:45 #5 type] 
Type domain.Client is not enhanced.

------------------------------------------------------------------------------------------------------------------------

[2017-03-01 01:19:04 #1 store] 
Database 'C:\Users\rivas\git\WSRuralHouse-2017\resources\ruralHouses.odb' is opened by 5280@AsusX54H

[2017-03-01 01:19:04 #2 type] 
Type domain.RuralHouse is not enhanced.

[2017-03-01 01:19:04 #3 type] 
Type domain.Owner is not enhanced.

[2017-03-01 01:19:04 #4 type] 
Type domain.Offer is not enhanced.

[2017-03-01 01:19:04 #5 type] 
Type domain.Client is not enhanced.

------------------------------------------------------------------------------------------------------------------------

[2017-03-01 01:24:35 #1 store] 
Database 'C:\Users\rivas\git\WSRuralHouse-2017\resources\ruralHouses.odb' has been recovered (tr. 145-148)

[2017-03-01 01:24:35 #2 store] 
Database 'C:\Users\rivas\git\WSRuralHouse-2017\resources\ruralHouses.odb' is opened by 4472@AsusX54H

[2017-03-01 01:24:35 #3 type] 
Type domain.RuralHouse is not enhanced.

[2017-03-01 01:24:35 #4 type] 
Type domain.Owner is not enhanced.

[2017-03-01 01:24:35 #5 type] 
Type domain.Offer is not enhanced.

[2017-03-01 01:24:35 #6 type] 
Type domain.Client is not enhanced.

------------------------------------------------------------------------------------------------------------------------

[2017-03-01 01:25:23 #1 store] 
Database 'C:\Users\rivas\git\WSRuralHouse-2017\resources\ruralHouses.odb' is opened by 4368@AsusX54H

[2017-03-01 01:25:23 #2 type] 
Type domain.RuralHouse is not enhanced.

[2017-03-01 01:25:23 #3 type] 
Type domain.Owner is not enhanced.

[2017-03-01 01:25:23 #4 type] 
Type domain.Offer is not enhanced.

[2017-03-01 01:25:23 #5 type] 
Type domain.Client is not enhanced.

------------------------------------------------------------------------------------------------------------------------

[2017-03-01 01:27:13 #1 store] 
Database 'C:\Users\rivas\git\WSRuralHouse-2017\resources\ruralHouses.odb' has been recovered (tr. 149-150)

[2017-03-01 01:27:13 #2 store] 
Database 'C:\Users\rivas\git\WSRuralHouse-2017\resources\ruralHouses.odb' is opened by 3152@AsusX54H

[2017-03-01 01:27:13 #3 type] 
Type domain.RuralHouse is not enhanced.

[2017-03-01 01:27:13 #4 type] 
Type domain.Owner is not enhanced.

[2017-03-01 01:27:13 #5 type] 
Type domain.Offer is not enhanced.

[2017-03-01 01:27:13 #6 type] 
Type domain.Client is not enhanced.

------------------------------------------------------------------------------------------------------------------------

[2017-03-01 01:28:24 #1 store] 
Database 'C:\Users\rivas\git\WSRuralHouse-2017\resources\ruralHouses.odb' is opened by 4432@AsusX54H

[2017-03-01 01:28:24 #2 type] 
Type domain.RuralHouse is not enhanced.

[2017-03-01 01:28:24 #3 type] 
Type domain.Owner is not enhanced.

[2017-03-01 01:28:24 #4 type] 
Type domain.Offer is not enhanced.

[2017-03-01 01:28:24 #5 type] 
Type domain.Client is not enhanced.

------------------------------------------------------------------------------------------------------------------------

[2017-03-01 01:29:19 #1 store] 
Database 'C:\Users\rivas\git\WSRuralHouse-2017\resources\ruralHouses.odb' has been recovered (tr. 151-151)

[2017-03-01 01:29:19 #2 store] 
Database 'C:\Users\rivas\git\WSRuralHouse-2017\resources\ruralHouses.odb' is opened by 208@AsusX54H

[2017-03-01 01:29:20 #3 type] 
Type domain.RuralHouse is not enhanced.

[2017-03-01 01:29:20 #4 type] 
Type domain.Owner is not enhanced.

[2017-03-01 01:29:20 #5 type] 
Type domain.Offer is not enhanced.

[2017-03-01 01:29:20 #6 type] 
Type domain.Client is not enhanced.

------------------------------------------------------------------------------------------------------------------------

[2017-03-01 01:31:33 #1 store] 
Database 'C:\Users\rivas\git\WSRuralHouse-2017\resources\ruralHouses.odb' has been recovered (tr. 152-152)

[2017-03-01 01:31:33 #2 store] 
Database 'C:\Users\rivas\git\WSRuralHouse-2017\resources\ruralHouses.odb' is opened by 5812@AsusX54H

[2017-03-01 01:31:33 #3 type] 
Type domain.RuralHouse is not enhanced.

[2017-03-01 01:31:33 #4 type] 
Type domain.Owner is not enhanced.

[2017-03-01 01:31:33 #5 type] 
Type domain.Offer is not enhanced.

[2017-03-01 01:31:33 #6 type] 
Type domain.Client is not enhanced.

------------------------------------------------------------------------------------------------------------------------

[2017-03-01 01:35:05 #1 store] 
Database 'C:\Users\rivas\git\WSRuralHouse-2017\resources\ruralHouses.odb' has been recovered (tr. 153-153)

[2017-03-01 01:35:05 #2 store] 
Database 'C:\Users\rivas\git\WSRuralHouse-2017\resources\ruralHouses.odb' is opened by 9460@AsusX54H

[2017-03-01 01:35:05 #3 type] 
Type domain.RuralHouse is not enhanced.

[2017-03-01 01:35:05 #4 type] 
Type domain.Owner is not enhanced.

[2017-03-01 01:35:05 #5 type] 
Type domain.Offer is not enhanced.

[2017-03-01 01:35:05 #6 type] 
Type domain.Client is not enhanced.

------------------------------------------------------------------------------------------------------------------------

[2017-03-01 01:38:25 #1 store] 
Database 'C:\Users\rivas\git\WSRuralHouse-2017\resources\ruralHouses.odb' has been recovered (tr. 154-154)

[2017-03-01 01:38:25 #2 store] 
Database 'C:\Users\rivas\git\WSRuralHouse-2017\resources\ruralHouses.odb' is opened by 5216@AsusX54H

[2017-03-01 01:38:25 #3 type] 
Type domain.RuralHouse is not enhanced.

[2017-03-01 01:38:25 #4 type] 
Type domain.Owner is not enhanced.

[2017-03-01 01:38:25 #5 type] 
Type domain.Offer is not enhanced.

[2017-03-01 01:38:25 #6 type] 
Type domain.Client is not enhanced.

------------------------------------------------------------------------------------------------------------------------

[2017-03-01 01:39:43 #1 store] 
Database 'C:\Users\rivas\git\WSRuralHouse-2017\resources\ruralHouses.odb' is opened by 5452@AsusX54H

[2017-03-01 01:39:43 #2 type] 
Type domain.RuralHouse is not enhanced.

[2017-03-01 01:39:43 #3 type] 
Type domain.Owner is not enhanced.

[2017-03-01 01:39:43 #4 type] 
Type domain.Offer is not enhanced.

[2017-03-01 01:39:43 #5 type] 
Type domain.Client is not enhanced.

------------------------------------------------------------------------------------------------------------------------

[2017-03-01 01:41:01 #1 store] 
Database 'C:\Users\rivas\git\WSRuralHouse-2017\resources\ruralHouses.odb' is opened by 4424@AsusX54H

[2017-03-01 01:41:01 #2 type] 
Type domain.RuralHouse is not enhanced.

[2017-03-01 01:41:01 #3 type] 
Type domain.Owner is not enhanced.

[2017-03-01 01:41:01 #4 type] 
Type domain.Offer is not enhanced.

[2017-03-01 01:41:01 #5 type] 
Type domain.Client is not enhanced.

------------------------------------------------------------------------------------------------------------------------

[2017-03-01 01:41:55 #1 store] 
Database 'C:\Users\rivas\git\WSRuralHouse-2017\resources\ruralHouses.odb' has been recovered (tr. 155-155)

[2017-03-01 01:41:55 #2 store] 
Database 'C:\Users\rivas\git\WSRuralHouse-2017\resources\ruralHouses.odb' is opened by 816@AsusX54H

[2017-03-01 01:41:55 #3 type] 
Type domain.RuralHouse is not enhanced.

[2017-03-01 01:41:55 #4 type] 
Type domain.Owner is not enhanced.

[2017-03-01 01:41:55 #5 type] 
Type domain.Offer is not enhanced.

[2017-03-01 01:41:55 #6 type] 
Type domain.Client is not enhanced.

------------------------------------------------------------------------------------------------------------------------

[2017-03-01 01:43:12 #1 store] 
Database 'C:\Users\rivas\git\WSRuralHouse-2017\resources\ruralHouses.odb' is opened by 4832@AsusX54H

[2017-03-01 01:43:13 #2 type] 
Type domain.RuralHouse is not enhanced.

[2017-03-01 01:43:13 #3 type] 
Type domain.Owner is not enhanced.

[2017-03-01 01:43:13 #4 type] 
Type domain.Offer is not enhanced.

[2017-03-01 01:43:13 #5 type] 
Type domain.Client is not enhanced.

------------------------------------------------------------------------------------------------------------------------

[2017-03-01 01:47:23 #1 store] 
Database 'C:\Users\rivas\git\WSRuralHouse-2017\resources\ruralHouses.odb' is opened by 1128@AsusX54H

[2017-03-01 01:47:23 #2 type] 
Type domain.RuralHouse is not enhanced.

[2017-03-01 01:47:23 #3 type] 
Type domain.Owner is not enhanced.

[2017-03-01 01:47:23 #4 type] 
Type domain.Offer is not enhanced.

[2017-03-01 01:47:23 #5 type] 
Type domain.Client is not enhanced.

------------------------------------------------------------------------------------------------------------------------

[2017-03-01 01:49:46 #1 store] 
Database 'C:\Users\rivas\git\WSRuralHouse-2017\resources\ruralHouses.odb' has been recovered (tr. 156-156)

[2017-03-01 01:49:46 #2 store] 
Database 'C:\Users\rivas\git\WSRuralHouse-2017\resources\ruralHouses.odb' is opened by 4968@AsusX54H

[2017-03-01 01:49:46 #3 type] 
Type domain.RuralHouse is not enhanced.

[2017-03-01 01:49:46 #4 type] 
Type domain.Owner is not enhanced.

[2017-03-01 01:49:46 #5 type] 
Type domain.Offer is not enhanced.

[2017-03-01 01:49:46 #6 type] 
Type domain.Client is not enhanced.

------------------------------------------------------------------------------------------------------------------------

[2017-03-01 01:53:15 #1 store] 
Database 'C:\Users\rivas\git\WSRuralHouse-2017\resources\ruralHouses.odb' has been recovered (tr. 157-160)

[2017-03-01 01:53:15 #2 store] 
Database 'C:\Users\rivas\git\WSRuralHouse-2017\resources\ruralHouses.odb' is opened by 3692@AsusX54H

[2017-03-01 01:53:16 #3 type] 
Type domain.RuralHouse is not enhanced.

[2017-03-01 01:53:16 #4 type] 
Type domain.Owner is not enhanced.

[2017-03-01 01:53:16 #5 type] 
Type domain.Offer is not enhanced.

[2017-03-01 01:53:16 #6 type] 
Type domain.Client is not enhanced.

------------------------------------------------------------------------------------------------------------------------

[2017-03-01 01:55:52 #1 store] 
Database 'C:\Users\rivas\git\WSRuralHouse-2017\resources\ruralHouses.odb' is opened by 6764@AsusX54H

[2017-03-01 01:55:52 #2 type] 
Type domain.RuralHouse is not enhanced.

[2017-03-01 01:55:52 #3 type] 
Type domain.Owner is not enhanced.

[2017-03-01 01:55:52 #4 type] 
Type domain.Offer is not enhanced.

[2017-03-01 01:55:52 #5 type] 
Type domain.Client is not enhanced.

------------------------------------------------------------------------------------------------------------------------

[2017-03-01 01:57:04 #1 store] 
Database 'C:\Users\rivas\git\WSRuralHouse-2017\resources\ruralHouses.odb' is opened by 3624@AsusX54H

[2017-03-01 01:57:04 #2 type] 
Type domain.RuralHouse is not enhanced.

[2017-03-01 01:57:04 #3 type] 
Type domain.Owner is not enhanced.

[2017-03-01 01:57:04 #4 type] 
Type domain.Offer is not enhanced.

[2017-03-01 01:57:04 #5 type] 
Type domain.Client is not enhanced.

------------------------------------------------------------------------------------------------------------------------

[2017-03-01 02:07:43 #1 store] 
Database 'C:\Users\rivas\git\WSRuralHouse-2017\resources\ruralHouses.odb' is opened by 9720@AsusX54H

[2017-03-01 02:07:43 #2 type] 
Type domain.RuralHouse is not enhanced.

[2017-03-01 02:07:43 #3 type] 
Type domain.Owner is not enhanced.

[2017-03-01 02:07:43 #4 type] 
Type domain.Offer is not enhanced.

[2017-03-01 02:07:43 #5 type] 
Type domain.Client is not enhanced.

------------------------------------------------------------------------------------------------------------------------

[2017-03-01 02:12:06 #1 store] 
Database 'C:\Users\rivas\git\WSRuralHouse-2017\resources\ruralHouses.odb' is opened by 2072@AsusX54H

[2017-03-01 02:12:07 #2 type] 
Type domain.RuralHouse is not enhanced.

[2017-03-01 02:12:07 #3 type] 
Type domain.Owner is not enhanced.

[2017-03-01 02:12:07 #4 type] 
Type domain.Offer is not enhanced.

[2017-03-01 02:12:07 #5 type] 
Type domain.Client is not enhanced.

------------------------------------------------------------------------------------------------------------------------

[2017-03-01 02:14:18 #1 store] 
Database 'C:\Users\rivas\git\WSRuralHouse-2017\resources\ruralHouses.odb' is opened by 9336@AsusX54H

[2017-03-01 02:14:18 #2 type] 
Type domain.RuralHouse is not enhanced.

[2017-03-01 02:14:18 #3 type] 
Type domain.Owner is not enhanced.

[2017-03-01 02:14:18 #4 type] 
Type domain.Offer is not enhanced.

[2017-03-01 02:14:18 #5 type] 
Type domain.Client is not enhanced.

------------------------------------------------------------------------------------------------------------------------

[2017-03-01 02:18:08 #1 store] 
Database 'C:\Users\rivas\git\WSRuralHouse-2017\resources\ruralHouses.odb' is opened by 7192@AsusX54H

[2017-03-01 02:18:08 #2 type] 
Type domain.RuralHouse is not enhanced.

[2017-03-01 02:18:08 #3 type] 
Type domain.Owner is not enhanced.

[2017-03-01 02:18:08 #4 type] 
Type domain.Offer is not enhanced.

[2017-03-01 02:18:08 #5 type] 
Type domain.Client is not enhanced.

------------------------------------------------------------------------------------------------------------------------

[2017-03-01 02:22:00 #1 store] 
Database 'C:\Users\rivas\git\WSRuralHouse-2017\resources\ruralHouses.odb' is opened by 4632@AsusX54H

[2017-03-01 02:22:00 #2 type] 
Type domain.RuralHouse is not enhanced.

[2017-03-01 02:22:00 #3 type] 
Type domain.Owner is not enhanced.

[2017-03-01 02:22:00 #4 type] 
Type domain.Offer is not enhanced.

[2017-03-01 02:22:00 #5 type] 
Type domain.Client is not enhanced.

------------------------------------------------------------------------------------------------------------------------

[2017-03-01 02:24:06 #1 store] 
Database 'C:\Users\rivas\git\WSRuralHouse-2017\resources\ruralHouses.odb' has been recovered (tr. 207-207)

[2017-03-01 02:24:06 #2 store] 
Database 'C:\Users\rivas\git\WSRuralHouse-2017\resources\ruralHouses.odb' is opened by 6604@AsusX54H

[2017-03-01 02:24:06 #3 type] 
Type domain.RuralHouse is not enhanced.

[2017-03-01 02:24:06 #4 type] 
Type domain.Owner is not enhanced.

[2017-03-01 02:24:06 #5 type] 
Type domain.Offer is not enhanced.

[2017-03-01 02:24:06 #6 type] 
Type domain.Client is not enhanced.

------------------------------------------------------------------------------------------------------------------------

[2017-03-01 02:25:07 #1 store] 
Database 'C:\Users\rivas\git\WSRuralHouse-2017\resources\ruralHouses.odb' is opened by 9272@AsusX54H

[2017-03-01 02:25:08 #2 type] 
Type domain.RuralHouse is not enhanced.

[2017-03-01 02:25:08 #3 type] 
Type domain.Owner is not enhanced.

[2017-03-01 02:25:08 #4 type] 
Type domain.Offer is not enhanced.

[2017-03-01 02:25:08 #5 type] 
Type domain.Client is not enhanced.

------------------------------------------------------------------------------------------------------------------------

[2017-03-01 02:26:28 #1 store] 
Database 'C:\Users\rivas\git\WSRuralHouse-2017\resources\ruralHouses.odb' is opened by 6560@AsusX54H

[2017-03-01 02:26:29 #2 type] 
Type domain.RuralHouse is not enhanced.

[2017-03-01 02:26:29 #3 type] 
Type domain.Owner is not enhanced.

[2017-03-01 02:26:29 #4 type] 
Type domain.Offer is not enhanced.

[2017-03-01 02:26:29 #5 type] 
Type domain.Client is not enhanced.

------------------------------------------------------------------------------------------------------------------------

[2017-03-01 02:27:53 #1 store] 
Database 'C:\Users\rivas\git\WSRuralHouse-2017\resources\ruralHouses.odb' is opened by 7276@AsusX54H

[2017-03-01 02:27:54 #2 type] 
Type domain.RuralHouse is not enhanced.

[2017-03-01 02:27:54 #3 type] 
Type domain.Owner is not enhanced.

[2017-03-01 02:27:54 #4 type] 
Type domain.Offer is not enhanced.

[2017-03-01 02:27:54 #5 type] 
Type domain.Client is not enhanced.

------------------------------------------------------------------------------------------------------------------------

[2017-03-01 02:28:41 #1 store] 
Database 'C:\Users\rivas\git\WSRuralHouse-2017\resources\ruralHouses.odb' is opened by 6728@AsusX54H

[2017-03-01 02:28:41 #2 type] 
Type domain.RuralHouse is not enhanced.

[2017-03-01 02:28:41 #3 type] 
Type domain.Owner is not enhanced.

[2017-03-01 02:28:41 #4 type] 
Type domain.Offer is not enhanced.

[2017-03-01 02:28:41 #5 type] 
Type domain.Client is not enhanced.

------------------------------------------------------------------------------------------------------------------------

[2017-03-01 02:30:11 #1 store] 
Database 'C:\Users\rivas\git\WSRuralHouse-2017\resources\ruralHouses.odb' is opened by 868@AsusX54H

[2017-03-01 02:30:11 #2 type] 
Type domain.RuralHouse is not enhanced.

[2017-03-01 02:30:11 #3 type] 
Type domain.Owner is not enhanced.

[2017-03-01 02:30:11 #4 type] 
Type domain.Offer is not enhanced.

[2017-03-01 02:30:11 #5 type] 
Type domain.Client is not enhanced.

------------------------------------------------------------------------------------------------------------------------

[2017-03-01 02:33:51 #1 store] 
Database 'C:\Users\rivas\git\WSRuralHouse-2017\resources\ruralHouses.odb' is opened by 4496@AsusX54H

[2017-03-01 02:33:51 #2 type] 
Type domain.RuralHouse is not enhanced.

[2017-03-01 02:33:51 #3 type] 
Type domain.Owner is not enhanced.

[2017-03-01 02:33:51 #4 type] 
Type domain.Offer is not enhanced.

[2017-03-01 02:33:51 #5 type] 
Type domain.Client is not enhanced.

------------------------------------------------------------------------------------------------------------------------

[2017-03-01 02:37:03 #1 store] 
Database 'C:\Users\rivas\git\WSRuralHouse-2017\resources\ruralHouses.odb' is opened by 4720@AsusX54H

[2017-03-01 02:37:03 #2 type] 
Type domain.RuralHouse is not enhanced.

[2017-03-01 02:37:03 #3 type] 
Type domain.Owner is not enhanced.

[2017-03-01 02:37:03 #4 type] 
Type domain.Offer is not enhanced.

[2017-03-01 02:37:03 #5 type] 
Type domain.Client is not enhanced.

------------------------------------------------------------------------------------------------------------------------

[2017-03-01 02:38:46 #1 store] 
Database 'C:\Users\rivas\git\WSRuralHouse-2017\resources\ruralHouses.odb' is opened by 8236@AsusX54H

[2017-03-01 02:38:47 #2 type] 
Type domain.RuralHouse is not enhanced.

[2017-03-01 02:38:47 #3 type] 
Type domain.Owner is not enhanced.

[2017-03-01 02:38:47 #4 type] 
Type domain.Offer is not enhanced.

[2017-03-01 02:38:47 #5 type] 
Type domain.Client is not enhanced.

------------------------------------------------------------------------------------------------------------------------

[2017-03-01 10:39:29 #1 store] 
Database 'C:\Users\rivas\git\WSRuralHouse-2017\resources\ruralHouses.odb' is opened by 6588@AsusX54H

[2017-03-01 10:39:30 #2 type] 
Type domain.RuralHouse is not enhanced.

[2017-03-01 10:39:30 #3 type] 
Type domain.Owner is not enhanced.

[2017-03-01 10:39:30 #4 type] 
Type domain.Offer is not enhanced.

[2017-03-01 10:39:30 #5 type] 
Type domain.Client is not enhanced.

------------------------------------------------------------------------------------------------------------------------

[2017-03-01 17:06:45 #1 store] 
Database 'C:\Users\rivas\git\WSRuralHouse-2017\resources\ruralHouses.odb' has been recovered (tr. 115-119)

[2017-03-01 17:06:45 #2 store] 
Database 'C:\Users\rivas\git\WSRuralHouse-2017\resources\ruralHouses.odb' is opened by 2824@AsusX54H

[2017-03-01 17:06:45 #3 type] 
Type domain.RuralHouse is not enhanced.

[2017-03-01 17:06:46 #4 type] 
Type domain.Owner is not enhanced.

[2017-03-01 17:06:46 #5 type] 
Type domain.Offer is not enhanced.

[2017-03-01 17:06:46 #6 type] 
Type domain.Client is not enhanced.

------------------------------------------------------------------------------------------------------------------------

[2017-03-01 17:11:33 #1 store] 
Database 'C:\Users\rivas\git\WSRuralHouse-2017\resources\ruralHouses.odb' has been recovered (tr. 120-121)

[2017-03-01 17:11:33 #2 store] 
Database 'C:\Users\rivas\git\WSRuralHouse-2017\resources\ruralHouses.odb' is opened by 8740@AsusX54H

[2017-03-01 17:11:33 #3 type] 
Type domain.RuralHouse is not enhanced.

[2017-03-01 17:11:33 #4 type] 
Type domain.Owner is not enhanced.

[2017-03-01 17:11:33 #5 type] 
Type domain.Offer is not enhanced.

[2017-03-01 17:11:33 #6 type] 
Type domain.Client is not enhanced.

------------------------------------------------------------------------------------------------------------------------

[2017-03-01 17:14:45 #1 store] 
Database 'C:\Users\rivas\git\WSRuralHouse-2017\resources\ruralHouses.odb' is opened by 2440@AsusX54H

[2017-03-01 17:14:45 #2 type] 
Type domain.RuralHouse is not enhanced.

[2017-03-01 17:14:45 #3 type] 
Type domain.Owner is not enhanced.

[2017-03-01 17:14:45 #4 type] 
Type domain.Offer is not enhanced.

[2017-03-01 17:14:45 #5 type] 
Type domain.Client is not enhanced.

------------------------------------------------------------------------------------------------------------------------

[2017-03-01 17:18:48 #1 store] 
Database 'C:\Users\rivas\git\WSRuralHouse-2017\resources\ruralHouses.odb' has been recovered (tr. 122-122)

[2017-03-01 17:18:48 #2 store] 
Database 'C:\Users\rivas\git\WSRuralHouse-2017\resources\ruralHouses.odb' is opened by 4620@AsusX54H

[2017-03-01 17:18:49 #3 type] 
Type domain.RuralHouse is not enhanced.

[2017-03-01 17:18:49 #4 type] 
Type domain.Owner is not enhanced.

[2017-03-01 17:18:49 #5 type] 
Type domain.Offer is not enhanced.

[2017-03-01 17:18:49 #6 type] 
Type domain.Client is not enhanced.

------------------------------------------------------------------------------------------------------------------------

[2017-03-01 17:19:30 #1 store] 
Database 'C:\Users\rivas\git\WSRuralHouse-2017\resources\ruralHouses.odb' has been recovered (tr. 123-123)

[2017-03-01 17:19:30 #2 store] 
Database 'C:\Users\rivas\git\WSRuralHouse-2017\resources\ruralHouses.odb' is opened by 3192@AsusX54H

[2017-03-01 17:19:30 #3 type] 
Type domain.RuralHouse is not enhanced.

[2017-03-01 17:19:30 #4 type] 
Type domain.Owner is not enhanced.

[2017-03-01 17:19:30 #5 type] 
Type domain.Offer is not enhanced.

[2017-03-01 17:19:30 #6 type] 
Type domain.Client is not enhanced.

------------------------------------------------------------------------------------------------------------------------

[2017-03-01 17:21:20 #1 store] 
Database 'C:\Users\rivas\git\WSRuralHouse-2017\resources\ruralHouses.odb' has been recovered (tr. 124-126)

[2017-03-01 17:21:20 #2 store] 
Database 'C:\Users\rivas\git\WSRuralHouse-2017\resources\ruralHouses.odb' is opened by 7668@AsusX54H

[2017-03-01 17:21:20 #3 type] 
Type domain.RuralHouse is not enhanced.

[2017-03-01 17:21:20 #4 type] 
Type domain.Owner is not enhanced.

[2017-03-01 17:21:20 #5 type] 
Type domain.Offer is not enhanced.

[2017-03-01 17:21:20 #6 type] 
Type domain.Client is not enhanced.

------------------------------------------------------------------------------------------------------------------------

[2017-03-01 17:40:54 #1 store] 
Database 'C:\Users\rivas\git\WSRuralHouse-2017\resources\ruralHouses.odb' has been recovered (tr. 127-128)

[2017-03-01 17:40:54 #2 store] 
Database 'C:\Users\rivas\git\WSRuralHouse-2017\resources\ruralHouses.odb' is opened by 1128@AsusX54H

[2017-03-01 17:40:54 #3 type] 
Type domain.RuralHouse is not enhanced.

[2017-03-01 17:40:54 #4 type] 
Type domain.Owner is not enhanced.

[2017-03-01 17:40:54 #5 type] 
Type domain.Offer is not enhanced.

[2017-03-01 17:40:54 #6 type] 
Type domain.Client is not enhanced.

[2017-03-01 17:41:19 #7 *] 
java.lang.ClassCastException: com.objectdb.o.CLT cannot be cast to com.objectdb.o.UTY
	at com.objectdb.o.TVS.g(TVS.java:93)
	at com.objectdb.jpa.EMImpl.remove(EMImpl.java:438)
	at dataAccess.DataAccess.deleteRuralHouse(DataAccess.java:254)
	at businessLogic.FacadeImplementationWS.deleteRuralHouse(FacadeImplementationWS.java:195)
	at gui.DeleteRuralHouseGUI$4.actionPerformed(DeleteRuralHouseGUI.java:101)
	at javax.swing.AbstractButton.fireActionPerformed(Unknown Source)
	at javax.swing.AbstractButton$Handler.actionPerformed(Unknown Source)
	at javax.swing.DefaultButtonModel.fireActionPerformed(Unknown Source)
	at javax.swing.DefaultButtonModel.setPressed(Unknown Source)
	at javax.swing.plaf.basic.BasicButtonListener.mouseReleased(Unknown Source)
	at java.awt.Component.processMouseEvent(Unknown Source)
	at javax.swing.JComponent.processMouseEvent(Unknown Source)
	at java.awt.Component.processEvent(Unknown Source)
	at java.awt.Container.processEvent(Unknown Source)
	at java.awt.Component.dispatchEventImpl(Unknown Source)
	at java.awt.Container.dispatchEventImpl(Unknown Source)
	at java.awt.Component.dispatchEvent(Unknown Source)
	at java.awt.LightweightDispatcher.retargetMouseEvent(Unknown Source)
	at java.awt.LightweightDispatcher.processMouseEvent(Unknown Source)
	at java.awt.LightweightDispatcher.dispatchEvent(Unknown Source)
	at java.awt.Container.dispatchEventImpl(Unknown Source)
	at java.awt.Window.dispatchEventImpl(Unknown Source)
	at java.awt.Component.dispatchEvent(Unknown Source)
	at java.awt.EventQueue.dispatchEventImpl(Unknown Source)
	at java.awt.EventQueue.access$500(Unknown Source)
	at java.awt.EventQueue$3.run(Unknown Source)
	at java.awt.EventQueue$3.run(Unknown Source)
	at java.security.AccessController.doPrivileged(Native Method)
	at java.security.ProtectionDomain$JavaSecurityAccessImpl.doIntersectionPrivilege(Unknown Source)
	at java.security.ProtectionDomain$JavaSecurityAccessImpl.doIntersectionPrivilege(Unknown Source)
	at java.awt.EventQueue$4.run(Unknown Source)
	at java.awt.EventQueue$4.run(Unknown Source)
	at java.security.AccessController.doPrivileged(Native Method)
	at java.security.ProtectionDomain$JavaSecurityAccessImpl.doIntersectionPrivilege(Unknown Source)
	at java.awt.EventQueue.dispatchEvent(Unknown Source)
	at java.awt.EventDispatchThread.pumpOneEventForFilters(Unknown Source)
	at java.awt.EventDispatchThread.pumpEventsForFilter(Unknown Source)
	at java.awt.EventDispatchThread.pumpEventsForHierarchy(Unknown Source)
	at java.awt.EventDispatchThread.pumpEvents(Unknown Source)
	at java.awt.EventDispatchThread.pumpEvents(Unknown Source)
	at java.awt.EventDispatchThread.run(Unknown Source)

------------------------------------------------------------------------------------------------------------------------

[2017-03-01 17:50:51 #1 store] 
Database 'C:\Users\rivas\git\WSRuralHouse-2017\resources\ruralHouses.odb' is opened by 172@AsusX54H

[2017-03-01 17:50:51 #2 type] 
Type domain.RuralHouse is not enhanced.

[2017-03-01 17:50:51 #3 type] 
Type domain.Owner is not enhanced.

[2017-03-01 17:50:51 #4 type] 
Type domain.Offer is not enhanced.

[2017-03-01 17:50:51 #5 type] 
Type domain.Client is not enhanced.

------------------------------------------------------------------------------------------------------------------------

[2017-03-01 17:51:15 #1 store] 
Database 'C:\Users\rivas\git\WSRuralHouse-2017\resources\ruralHouses.odb' is opened by 6504@AsusX54H

[2017-03-01 17:51:15 #2 type] 
Type domain.RuralHouse is not enhanced.

[2017-03-01 17:51:15 #3 type] 
Type domain.Owner is not enhanced.

[2017-03-01 17:51:15 #4 type] 
Type domain.Offer is not enhanced.

[2017-03-01 17:51:15 #5 type] 
Type domain.Client is not enhanced.

------------------------------------------------------------------------------------------------------------------------

[2017-03-01 20:04:57 #1 store] 
Database 'C:\Users\rivas\git\WSRuralHouse-2017\resources\ruralHouses.odb' is opened by 7540@AsusX54H

[2017-03-01 20:04:58 #2 type] 
Type domain.RuralHouse is not enhanced.

[2017-03-01 20:04:58 #3 type] 
Type domain.Owner is not enhanced.

[2017-03-01 20:04:58 #4 type] 
Type domain.Offer is not enhanced.

[2017-03-01 20:04:58 #5 type] 
Type domain.Client is not enhanced.

------------------------------------------------------------------------------------------------------------------------

[2017-03-01 20:40:39 #1 store] 
Database 'C:\Users\rivas\git\WSRuralHouse-2017\resources\ruralHouses.odb' is opened by 9468@AsusX54H

[2017-03-01 20:40:39 #2 type] 
Type domain.RuralHouse is not enhanced.

[2017-03-01 20:40:39 #3 type] 
Type domain.Owner is not enhanced.

[2017-03-01 20:40:39 #4 type] 
Type domain.Offer is not enhanced.

[2017-03-01 20:40:39 #5 type] 
Type domain.Client is not enhanced.

------------------------------------------------------------------------------------------------------------------------

[2017-03-01 20:43:39 #1 store] 
Database 'C:\Users\rivas\git\WSRuralHouse-2017\resources\ruralHouses.odb' has been recovered (tr. 137-143)

[2017-03-01 20:43:39 #2 store] 
Database 'C:\Users\rivas\git\WSRuralHouse-2017\resources\ruralHouses.odb' is opened by 4596@AsusX54H

[2017-03-01 20:43:39 #3 type] 
Type domain.RuralHouse is not enhanced.

[2017-03-01 20:43:39 #4 type] 
Type domain.Owner is not enhanced.

[2017-03-01 20:43:39 #5 type] 
Type domain.Offer is not enhanced.

[2017-03-01 20:43:39 #6 type] 
Type domain.Client is not enhanced.

------------------------------------------------------------------------------------------------------------------------

[2017-03-01 20:47:31 #1 store] 
Database 'C:\Users\rivas\git\WSRuralHouse-2017\resources\ruralHouses.odb' has been recovered (tr. 144-148)

[2017-03-01 20:47:31 #2 store] 
Database 'C:\Users\rivas\git\WSRuralHouse-2017\resources\ruralHouses.odb' is opened by 4788@AsusX54H

[2017-03-01 20:47:32 #3 type] 
Type domain.RuralHouse is not enhanced.

[2017-03-01 20:47:32 #4 type] 
Type domain.Owner is not enhanced.

[2017-03-01 20:47:32 #5 type] 
Type domain.Offer is not enhanced.

[2017-03-01 20:47:32 #6 type] 
Type domain.Client is not enhanced.

------------------------------------------------------------------------------------------------------------------------

[2017-03-01 20:54:47 #1 store] 
Database 'C:\Users\rivas\git\WSRuralHouse-2017\resources\ruralHouses.odb' is opened by 7896@AsusX54H

[2017-03-01 20:54:47 #2 type] 
Type domain.RuralHouse is not enhanced.

[2017-03-01 20:54:47 #3 type] 
Type domain.Owner is not enhanced.

[2017-03-01 20:54:47 #4 type] 
Type domain.Offer is not enhanced.

[2017-03-01 20:54:47 #5 type] 
Type domain.Client is not enhanced.

------------------------------------------------------------------------------------------------------------------------

[2017-03-01 20:58:04 #1 store] 
Database 'C:\Users\rivas\git\WSRuralHouse-2017\resources\ruralHouses.odb' has been recovered (tr. 185-185)

[2017-03-01 20:58:04 #2 store] 
Database 'C:\Users\rivas\git\WSRuralHouse-2017\resources\ruralHouses.odb' is opened by 4188@AsusX54H

[2017-03-01 20:58:04 #3 type] 
Type domain.RuralHouse is not enhanced.

[2017-03-01 20:58:04 #4 type] 
Type domain.Owner is not enhanced.

[2017-03-01 20:58:04 #5 type] 
Type domain.Offer is not enhanced.

[2017-03-01 20:58:04 #6 type] 
Type domain.Client is not enhanced.

------------------------------------------------------------------------------------------------------------------------

[2017-03-01 21:00:02 #1 store] 
Database 'C:\Users\rivas\git\WSRuralHouse-2017\resources\ruralHouses.odb' has been recovered (tr. 186-186)

[2017-03-01 21:00:02 #2 store] 
Database 'C:\Users\rivas\git\WSRuralHouse-2017\resources\ruralHouses.odb' is opened by 10176@AsusX54H

[2017-03-01 21:00:03 #3 type] 
Type domain.RuralHouse is not enhanced.

[2017-03-01 21:00:03 #4 type] 
Type domain.Owner is not enhanced.

[2017-03-01 21:00:03 #5 type] 
Type domain.Offer is not enhanced.

[2017-03-01 21:00:03 #6 type] 
Type domain.Client is not enhanced.

------------------------------------------------------------------------------------------------------------------------

[2017-03-01 22:21:07 #1 store] 
Database 'C:\Users\rivas\git\WSRuralHouse-2017\resources\ruralHouses.odb' has been recovered (tr. 187-202)

[2017-03-01 22:21:07 #2 store] 
Database 'C:\Users\rivas\git\WSRuralHouse-2017\resources\ruralHouses.odb' is opened by 8020@AsusX54H

[2017-03-01 22:21:07 #3 type] 
Type domain.RuralHouse is not enhanced.

[2017-03-01 22:21:07 #4 type] 
Type domain.Owner is not enhanced.

[2017-03-01 22:21:07 #5 type] 
Type domain.Offer is not enhanced.

[2017-03-01 22:21:07 #6 type] 
Type domain.Client is not enhanced.

------------------------------------------------------------------------------------------------------------------------

[2017-03-01 22:22:54 #1 store] 
Database 'C:\Users\rivas\git\WSRuralHouse-2017\resources\ruralHouses.odb' is opened by 9552@AsusX54H

[2017-03-01 22:22:54 #2 type] 
Type domain.RuralHouse is not enhanced.

[2017-03-01 22:22:54 #3 type] 
Type domain.Owner is not enhanced.

[2017-03-01 22:22:54 #4 type] 
Type domain.Offer is not enhanced.

[2017-03-01 22:22:54 #5 type] 
Type domain.Client is not enhanced.

------------------------------------------------------------------------------------------------------------------------

[2017-03-01 22:44:34 #1 store] 
Database 'C:\Users\rivas\git\WSRuralHouse-2017\resources\ruralHouses.odb' has been recovered (tr. 224-248)

[2017-03-01 22:44:34 #2 store] 
Database 'C:\Users\rivas\git\WSRuralHouse-2017\resources\ruralHouses.odb' is opened by 9540@AsusX54H

[2017-03-01 22:44:34 #3 type] 
Type domain.RuralHouse is not enhanced.

[2017-03-01 22:44:34 #4 type] 
Type domain.Owner is not enhanced.

[2017-03-01 22:44:34 #5 type] 
Type domain.Offer is not enhanced.

[2017-03-01 22:44:34 #6 type] 
Type domain.Client is not enhanced.

