------------------------------------------------------------------------------------------------------------------------

[2017-04-24 20:38:54 #1 store] 
Database 'C:\Users\newUser-Sbs\bit_bucket\wsruralhouse-2017\resources\ruralHouses.odb' is opened by 7940@DESKTOP-0QL47DR

[2017-04-24 20:38:54 #2 type] 
Type domain.RuralHouse is not enhanced.

[2017-04-24 20:38:54 #3 type] 
Type domain.Owner is not enhanced.

[2017-04-24 20:38:54 #4 type] 
Type domain.Offer is not enhanced.

[2017-04-24 20:38:54 #5 type] 
Type domain.Client is not enhanced.

[2017-04-24 20:38:54 #6 type] 
Type domain.User is not enhanced.

------------------------------------------------------------------------------------------------------------------------

[2017-04-24 20:51:51 #1 store] 
Database 'C:\Users\newUser-Sbs\bit_bucket\wsruralhouse-2017\resources\ruralHouses.odb' is opened by 7812@DESKTOP-0QL47DR

[2017-04-24 20:51:51 #2 type] 
Type domain.RuralHouse is not enhanced.

[2017-04-24 20:51:51 #3 type] 
Type domain.Owner is not enhanced.

[2017-04-24 20:51:51 #4 type] 
Type domain.Offer is not enhanced.

[2017-04-24 20:51:51 #5 type] 
Type domain.Client is not enhanced.

[2017-04-24 20:51:51 #6 type] 
Type domain.User is not enhanced.

------------------------------------------------------------------------------------------------------------------------

[2017-04-24 21:08:22 #1 store] 
Database 'C:\Users\newUser-Sbs\bit_bucket\wsruralhouse-2017\resources\ruralHouses.odb' is opened by 4292@DESKTOP-0QL47DR

[2017-04-24 21:08:22 #2 type] 
Type domain.RuralHouse is not enhanced.

[2017-04-24 21:08:22 #3 type] 
Type domain.Owner is not enhanced.

[2017-04-24 21:08:23 #4 type] 
Type domain.Offer is not enhanced.

[2017-04-24 21:08:23 #5 type] 
Type domain.Client is not enhanced.

[2017-04-24 21:08:23 #6 type] 
Type domain.User is not enhanced.

------------------------------------------------------------------------------------------------------------------------

[2017-04-24 21:10:01 #1 store] 
Database 'C:\Users\newUser-Sbs\bit_bucket\wsruralhouse-2017\resources\ruralHouses.odb' is opened by 896@DESKTOP-0QL47DR

[2017-04-24 21:10:01 #2 type] 
Type domain.RuralHouse is not enhanced.

[2017-04-24 21:10:01 #3 type] 
Type domain.Owner is not enhanced.

[2017-04-24 21:10:01 #4 type] 
Type domain.Offer is not enhanced.

[2017-04-24 21:10:01 #5 type] 
Type domain.Client is not enhanced.

[2017-04-24 21:10:01 #6 type] 
Type domain.User is not enhanced.

