------------------------------------------------------------------------------------------------------------------------

[2017-04-26 15:20:55 #1 store] 
Database 'C:\Users\newUser-Sbs\bit_bucket\wsruralhouse-2017\resources\ruralHouses.odb' has been recovered (tr. 506-506)

[2017-04-26 15:20:55 #2 store] 
Database 'C:\Users\newUser-Sbs\bit_bucket\wsruralhouse-2017\resources\ruralHouses.odb' is opened by 1524@DESKTOP-0QL47DR

[2017-04-26 15:20:55 #3 type] 
Type domain.RuralHouse is not enhanced.

[2017-04-26 15:20:55 #4 type] 
Type domain.Owner is not enhanced.

[2017-04-26 15:20:55 #5 type] 
Type domain.Offer is not enhanced.

[2017-04-26 15:20:55 #6 type] 
Type domain.Client is not enhanced.

[2017-04-26 15:20:55 #7 type] 
Type domain.User is not enhanced.

------------------------------------------------------------------------------------------------------------------------

[2017-04-26 15:48:40 #1 store] 
Database 'C:\Users\newUser-Sbs\bit_bucket\wsruralhouse-2017\resources\ruralHouses.odb' has been recovered (tr. 507-507)

[2017-04-26 15:48:40 #2 store] 
Database 'C:\Users\newUser-Sbs\bit_bucket\wsruralhouse-2017\resources\ruralHouses.odb' is opened by 3996@DESKTOP-0QL47DR

[2017-04-26 15:48:40 #3 type] 
Type domain.RuralHouse is not enhanced.

[2017-04-26 15:48:40 #4 type] 
Type domain.Owner is not enhanced.

[2017-04-26 15:48:40 #5 type] 
Type domain.Offer is not enhanced.

[2017-04-26 15:48:40 #6 type] 
Type domain.Client is not enhanced.

[2017-04-26 15:48:40 #7 type] 
Type domain.User is not enhanced.

------------------------------------------------------------------------------------------------------------------------

[2017-04-26 15:51:03 #1 store] 
Database 'C:\Users\newUser-Sbs\bit_bucket\wsruralhouse-2017\resources\ruralHouses.odb' has been recovered (tr. 508-508)

[2017-04-26 15:51:03 #2 store] 
Database 'C:\Users\newUser-Sbs\bit_bucket\wsruralhouse-2017\resources\ruralHouses.odb' is opened by 8576@DESKTOP-0QL47DR

[2017-04-26 15:51:03 #3 type] 
Type domain.RuralHouse is not enhanced.

[2017-04-26 15:51:03 #4 type] 
Type domain.Owner is not enhanced.

[2017-04-26 15:51:03 #5 type] 
Type domain.Offer is not enhanced.

[2017-04-26 15:51:03 #6 type] 
Type domain.Client is not enhanced.

[2017-04-26 15:51:03 #7 type] 
Type domain.User is not enhanced.

------------------------------------------------------------------------------------------------------------------------

[2017-04-26 15:57:58 #1 store] 
Database 'C:\Users\newUser-Sbs\bit_bucket\wsruralhouse-2017\resources\ruralHouses.odb' has been recovered (tr. 509-509)

[2017-04-26 15:57:59 #2 store] 
Database 'C:\Users\newUser-Sbs\bit_bucket\wsruralhouse-2017\resources\ruralHouses.odb' is opened by 3372@DESKTOP-0QL47DR

[2017-04-26 15:57:59 #3 type] 
Type domain.RuralHouse is not enhanced.

[2017-04-26 15:57:59 #4 type] 
Type domain.Owner is not enhanced.

[2017-04-26 15:57:59 #5 type] 
Type domain.Offer is not enhanced.

[2017-04-26 15:57:59 #6 type] 
Type domain.Client is not enhanced.

[2017-04-26 15:57:59 #7 type] 
Type domain.User is not enhanced.

------------------------------------------------------------------------------------------------------------------------

[2017-04-26 15:59:39 #1 store] 
Database 'C:\Users\newUser-Sbs\bit_bucket\wsruralhouse-2017\resources\ruralHouses.odb' has been recovered (tr. 510-510)

[2017-04-26 15:59:39 #2 store] 
Database 'C:\Users\newUser-Sbs\bit_bucket\wsruralhouse-2017\resources\ruralHouses.odb' is opened by 992@DESKTOP-0QL47DR

[2017-04-26 15:59:39 #3 type] 
Type domain.RuralHouse is not enhanced.

[2017-04-26 15:59:39 #4 type] 
Type domain.Owner is not enhanced.

[2017-04-26 15:59:39 #5 type] 
Type domain.Offer is not enhanced.

[2017-04-26 15:59:39 #6 type] 
Type domain.Client is not enhanced.

[2017-04-26 15:59:39 #7 type] 
Type domain.User is not enhanced.

------------------------------------------------------------------------------------------------------------------------

[2017-04-26 16:03:20 #1 store] 
Database 'C:\Users\newUser-Sbs\bit_bucket\wsruralhouse-2017\resources\ruralHouses.odb' has been recovered (tr. 511-511)

[2017-04-26 16:03:20 #2 store] 
Database 'C:\Users\newUser-Sbs\bit_bucket\wsruralhouse-2017\resources\ruralHouses.odb' is opened by 8236@DESKTOP-0QL47DR

[2017-04-26 16:03:20 #3 type] 
Type domain.RuralHouse is not enhanced.

[2017-04-26 16:03:20 #4 type] 
Type domain.Owner is not enhanced.

[2017-04-26 16:03:20 #5 type] 
Type domain.Offer is not enhanced.

[2017-04-26 16:03:20 #6 type] 
Type domain.Client is not enhanced.

[2017-04-26 16:03:20 #7 type] 
Type domain.User is not enhanced.

------------------------------------------------------------------------------------------------------------------------

[2017-04-26 16:10:41 #1 store] 
Database 'C:\Users\newUser-Sbs\bit_bucket\wsruralhouse-2017\resources\ruralHouses.odb' has been recovered (tr. 512-512)

[2017-04-26 16:10:41 #2 store] 
Database 'C:\Users\newUser-Sbs\bit_bucket\wsruralhouse-2017\resources\ruralHouses.odb' is opened by 6980@DESKTOP-0QL47DR

[2017-04-26 16:10:41 #3 type] 
Type domain.RuralHouse is not enhanced.

[2017-04-26 16:10:41 #4 type] 
Type domain.Owner is not enhanced.

[2017-04-26 16:10:41 #5 type] 
Type domain.Offer is not enhanced.

[2017-04-26 16:10:41 #6 type] 
Type domain.Client is not enhanced.

[2017-04-26 16:10:41 #7 type] 
Type domain.User is not enhanced.

------------------------------------------------------------------------------------------------------------------------

[2017-04-26 16:13:44 #1 store] 
Database 'C:\Users\newUser-Sbs\bit_bucket\wsruralhouse-2017\resources\ruralHouses.odb' has been recovered (tr. 513-513)

[2017-04-26 16:13:45 #2 store] 
Database 'C:\Users\newUser-Sbs\bit_bucket\wsruralhouse-2017\resources\ruralHouses.odb' is opened by 2300@DESKTOP-0QL47DR

[2017-04-26 16:13:45 #3 type] 
Type domain.RuralHouse is not enhanced.

[2017-04-26 16:13:45 #4 type] 
Type domain.Owner is not enhanced.

[2017-04-26 16:13:45 #5 type] 
Type domain.Offer is not enhanced.

[2017-04-26 16:13:45 #6 type] 
Type domain.Client is not enhanced.

[2017-04-26 16:13:45 #7 type] 
Type domain.User is not enhanced.

------------------------------------------------------------------------------------------------------------------------

[2017-04-26 16:20:00 #1 store] 
Database 'C:\Users\newUser-Sbs\bit_bucket\wsruralhouse-2017\resources\ruralHouses.odb' has been recovered (tr. 514-516)

[2017-04-26 16:20:00 #2 store] 
Database 'C:\Users\newUser-Sbs\bit_bucket\wsruralhouse-2017\resources\ruralHouses.odb' is opened by 2328@DESKTOP-0QL47DR

[2017-04-26 16:20:00 #3 type] 
Type domain.RuralHouse is not enhanced.

[2017-04-26 16:20:00 #4 type] 
Type domain.Owner is not enhanced.

[2017-04-26 16:20:00 #5 type] 
Type domain.Offer is not enhanced.

[2017-04-26 16:20:00 #6 type] 
Type domain.Client is not enhanced.

[2017-04-26 16:20:00 #7 type] 
Type domain.User is not enhanced.

------------------------------------------------------------------------------------------------------------------------

[2017-04-26 16:21:08 #1 store] 
Database 'C:\Users\newUser-Sbs\bit_bucket\wsruralhouse-2017\resources\ruralHouses.odb' is opened by 5148@DESKTOP-0QL47DR

[2017-04-26 16:21:08 #2 type] 
Type domain.RuralHouse is not enhanced.

[2017-04-26 16:21:08 #3 type] 
Type domain.Owner is not enhanced.

[2017-04-26 16:21:08 #4 type] 
Type domain.Offer is not enhanced.

[2017-04-26 16:21:08 #5 type] 
Type domain.Client is not enhanced.

[2017-04-26 16:21:08 #6 type] 
Type domain.User is not enhanced.

------------------------------------------------------------------------------------------------------------------------

[2017-04-26 16:23:22 #1 store] 
Database 'C:\Users\newUser-Sbs\bit_bucket\wsruralhouse-2017\resources\ruralHouses.odb' is opened by 1936@DESKTOP-0QL47DR

[2017-04-26 16:23:22 #2 type] 
Type domain.RuralHouse is not enhanced.

[2017-04-26 16:23:22 #3 type] 
Type domain.Owner is not enhanced.

[2017-04-26 16:23:22 #4 type] 
Type domain.Offer is not enhanced.

[2017-04-26 16:23:22 #5 type] 
Type domain.Client is not enhanced.

[2017-04-26 16:23:22 #6 type] 
Type domain.User is not enhanced.

------------------------------------------------------------------------------------------------------------------------

[2017-04-26 16:25:07 #1 store] 
Database 'C:\Users\newUser-Sbs\bit_bucket\wsruralhouse-2017\resources\ruralHouses.odb' is opened by 532@DESKTOP-0QL47DR

[2017-04-26 16:25:07 #2 type] 
Type domain.RuralHouse is not enhanced.

[2017-04-26 16:25:07 #3 type] 
Type domain.Owner is not enhanced.

[2017-04-26 16:25:07 #4 type] 
Type domain.Offer is not enhanced.

[2017-04-26 16:25:07 #5 type] 
Type domain.Client is not enhanced.

[2017-04-26 16:25:07 #6 type] 
Type domain.User is not enhanced.

------------------------------------------------------------------------------------------------------------------------

[2017-04-26 16:27:12 #1 store] 
Database 'C:\Users\newUser-Sbs\bit_bucket\wsruralhouse-2017\resources\ruralHouses.odb' is opened by 8636@DESKTOP-0QL47DR

[2017-04-26 16:27:12 #2 type] 
Type domain.RuralHouse is not enhanced.

[2017-04-26 16:27:12 #3 type] 
Type domain.Owner is not enhanced.

[2017-04-26 16:27:12 #4 type] 
Type domain.Offer is not enhanced.

[2017-04-26 16:27:12 #5 type] 
Type domain.Client is not enhanced.

[2017-04-26 16:27:12 #6 type] 
Type domain.User is not enhanced.

------------------------------------------------------------------------------------------------------------------------

[2017-04-26 16:30:11 #1 store] 
Database 'C:\Users\newUser-Sbs\bit_bucket\wsruralhouse-2017\resources\ruralHouses.odb' is opened by 836@DESKTOP-0QL47DR

[2017-04-26 16:30:11 #2 type] 
Type domain.RuralHouse is not enhanced.

[2017-04-26 16:30:11 #3 type] 
Type domain.Owner is not enhanced.

[2017-04-26 16:30:11 #4 type] 
Type domain.Offer is not enhanced.

[2017-04-26 16:30:11 #5 type] 
Type domain.Client is not enhanced.

[2017-04-26 16:30:11 #6 type] 
Type domain.User is not enhanced.

------------------------------------------------------------------------------------------------------------------------

[2017-04-26 16:31:43 #1 store] 
Database 'C:\Users\newUser-Sbs\bit_bucket\wsruralhouse-2017\resources\ruralHouses.odb' is opened by 4688@DESKTOP-0QL47DR

[2017-04-26 16:31:43 #2 type] 
Type domain.RuralHouse is not enhanced.

[2017-04-26 16:31:43 #3 type] 
Type domain.Owner is not enhanced.

[2017-04-26 16:31:43 #4 type] 
Type domain.Offer is not enhanced.

[2017-04-26 16:31:43 #5 type] 
Type domain.Client is not enhanced.

[2017-04-26 16:31:43 #6 type] 
Type domain.User is not enhanced.

------------------------------------------------------------------------------------------------------------------------

[2017-04-26 19:57:54 #1 store] 
Database 'C:\Users\newUser-Sbs\bit_bucket\wsruralhouse-2017\resources\ruralHouses.odb' is opened by 9580@DESKTOP-0QL47DR

[2017-04-26 19:57:54 #2 type] 
Type domain.RuralHouse is not enhanced.

[2017-04-26 19:57:54 #3 type] 
Type domain.Owner is not enhanced.

[2017-04-26 19:57:54 #4 type] 
Type domain.Offer is not enhanced.

[2017-04-26 19:57:54 #5 type] 
Type domain.Client is not enhanced.

[2017-04-26 19:57:54 #6 type] 
Type domain.User is not enhanced.

