------------------------------------------------------------------------------------------------------------------------

[2017-03-03 17:57:40 #1 store] 
Database 'C:\Users\rivas\git\WSRuralHouse-2017\resources\ruralHouses.odb' is opened by 5584@AsusX54H

[2017-03-03 17:57:40 #2 type] 
Type domain.RuralHouse is not enhanced.

[2017-03-03 17:57:40 #3 type] 
Type domain.Owner is not enhanced.

[2017-03-03 17:57:40 #4 type] 
Type domain.Offer is not enhanced.

[2017-03-03 17:57:40 #5 type] 
Type domain.Client is not enhanced.

------------------------------------------------------------------------------------------------------------------------

[2017-03-03 17:58:42 #1 store] 
Database 'C:\Users\rivas\git\WSRuralHouse-2017\resources\ruralHouses.odb' has been recovered (tr. 249-250)

[2017-03-03 17:58:43 #2 store] 
Database 'C:\Users\rivas\git\WSRuralHouse-2017\resources\ruralHouses.odb' is opened by 7596@AsusX54H

[2017-03-03 17:58:43 #3 type] 
Type domain.RuralHouse is not enhanced.

[2017-03-03 17:58:43 #4 type] 
Type domain.Owner is not enhanced.

[2017-03-03 17:58:43 #5 type] 
Type domain.Offer is not enhanced.

[2017-03-03 17:58:43 #6 type] 
Type domain.Client is not enhanced.

------------------------------------------------------------------------------------------------------------------------

[2017-03-03 18:02:11 #1 store] 
Database 'C:\Users\rivas\git\WSRuralHouse-2017\resources\ruralHouses.odb' has been recovered (tr. 251-252)

[2017-03-03 18:02:11 #2 store] 
Database 'C:\Users\rivas\git\WSRuralHouse-2017\resources\ruralHouses.odb' is opened by 416@AsusX54H

[2017-03-03 18:02:12 #3 type] 
Type domain.RuralHouse is not enhanced.

[2017-03-03 18:02:12 #4 type] 
Type domain.Owner is not enhanced.

[2017-03-03 18:02:12 #5 type] 
Type domain.Offer is not enhanced.

[2017-03-03 18:02:12 #6 type] 
Type domain.Client is not enhanced.

------------------------------------------------------------------------------------------------------------------------

[2017-03-03 18:09:24 #1 store] 
Database 'C:\Users\rivas\git\WSRuralHouse-2017\resources\ruralHouses.odb' has been recovered (tr. 253-258)

[2017-03-03 18:09:24 #2 store] 
Database 'C:\Users\rivas\git\WSRuralHouse-2017\resources\ruralHouses.odb' is opened by 11096@AsusX54H

[2017-03-03 18:09:24 #3 type] 
Type domain.RuralHouse is not enhanced.

[2017-03-03 18:09:24 #4 type] 
Type domain.Owner is not enhanced.

[2017-03-03 18:09:24 #5 type] 
Type domain.Offer is not enhanced.

[2017-03-03 18:09:24 #6 type] 
Type domain.Client is not enhanced.

------------------------------------------------------------------------------------------------------------------------

[2017-03-03 18:10:12 #1 store] 
Database 'C:\Users\rivas\git\WSRuralHouse-2017\resources\ruralHouses.odb' is opened by 11256@AsusX54H

[2017-03-03 18:10:12 #2 type] 
Type domain.RuralHouse is not enhanced.

[2017-03-03 18:10:12 #3 type] 
Type domain.Owner is not enhanced.

[2017-03-03 18:10:12 #4 type] 
Type domain.Offer is not enhanced.

[2017-03-03 18:10:12 #5 type] 
Type domain.Client is not enhanced.

------------------------------------------------------------------------------------------------------------------------

[2017-03-03 18:13:46 #1 store] 
Database 'C:\Users\rivas\git\WSRuralHouse-2017\resources\ruralHouses.odb' has been recovered (tr. 259-260)

[2017-03-03 18:13:46 #2 store] 
Database 'C:\Users\rivas\git\WSRuralHouse-2017\resources\ruralHouses.odb' is opened by 8080@AsusX54H

[2017-03-03 18:13:46 #3 type] 
Type domain.RuralHouse is not enhanced.

[2017-03-03 18:13:46 #4 type] 
Type domain.Owner is not enhanced.

[2017-03-03 18:13:46 #5 type] 
Type domain.Offer is not enhanced.

[2017-03-03 18:13:46 #6 type] 
Type domain.Client is not enhanced.

------------------------------------------------------------------------------------------------------------------------

[2017-03-03 18:26:42 #1 store] 
Database 'C:\Users\rivas\git\WSRuralHouse-2017\resources\ruralHouses.odb' has been recovered (tr. 261-262)

[2017-03-03 18:26:42 #2 store] 
Database 'C:\Users\rivas\git\WSRuralHouse-2017\resources\ruralHouses.odb' is opened by 7652@AsusX54H

[2017-03-03 18:26:43 #3 type] 
Type domain.RuralHouse is not enhanced.

[2017-03-03 18:26:43 #4 type] 
Type domain.Owner is not enhanced.

[2017-03-03 18:26:43 #5 type] 
Type domain.Offer is not enhanced.

[2017-03-03 18:26:43 #6 type] 
Type domain.Client is not enhanced.

------------------------------------------------------------------------------------------------------------------------

[2017-03-03 18:31:28 #1 store] 
Database 'C:\Users\rivas\git\WSRuralHouse-2017\resources\ruralHouses.odb' has been recovered (tr. 263-264)

[2017-03-03 18:31:28 #2 store] 
Database 'C:\Users\rivas\git\WSRuralHouse-2017\resources\ruralHouses.odb' is opened by 1936@AsusX54H

[2017-03-03 18:31:29 #3 type] 
Type domain.RuralHouse is not enhanced.

[2017-03-03 18:31:29 #4 type] 
Type domain.Owner is not enhanced.

[2017-03-03 18:31:29 #5 type] 
Type domain.Offer is not enhanced.

[2017-03-03 18:31:29 #6 type] 
Type domain.Client is not enhanced.

------------------------------------------------------------------------------------------------------------------------

[2017-03-03 18:33:15 #1 store] 
Database 'C:\Users\rivas\git\WSRuralHouse-2017\resources\ruralHouses.odb' has been recovered (tr. 265-266)

[2017-03-03 18:33:16 #2 store] 
Database 'C:\Users\rivas\git\WSRuralHouse-2017\resources\ruralHouses.odb' is opened by 1500@AsusX54H

[2017-03-03 18:33:16 #3 type] 
Type domain.RuralHouse is not enhanced.

[2017-03-03 18:33:16 #4 type] 
Type domain.Owner is not enhanced.

[2017-03-03 18:33:16 #5 type] 
Type domain.Offer is not enhanced.

[2017-03-03 18:33:16 #6 type] 
Type domain.Client is not enhanced.

------------------------------------------------------------------------------------------------------------------------

[2017-03-03 18:34:12 #1 store] 
Database 'C:\Users\rivas\git\WSRuralHouse-2017\resources\ruralHouses.odb' has been recovered (tr. 267-268)

[2017-03-03 18:34:12 #2 store] 
Database 'C:\Users\rivas\git\WSRuralHouse-2017\resources\ruralHouses.odb' is opened by 9248@AsusX54H

[2017-03-03 18:34:12 #3 type] 
Type domain.RuralHouse is not enhanced.

[2017-03-03 18:34:12 #4 type] 
Type domain.Owner is not enhanced.

[2017-03-03 18:34:12 #5 type] 
Type domain.Offer is not enhanced.

[2017-03-03 18:34:12 #6 type] 
Type domain.Client is not enhanced.

------------------------------------------------------------------------------------------------------------------------

[2017-03-03 18:46:12 #1 store] 
Database 'C:\Users\rivas\git\WSRuralHouse-2017\resources\ruralHouses.odb' has been recovered (tr. 269-270)

[2017-03-03 18:46:12 #2 store] 
Database 'C:\Users\rivas\git\WSRuralHouse-2017\resources\ruralHouses.odb' is opened by 8020@AsusX54H

[2017-03-03 18:46:13 #3 type] 
Type domain.RuralHouse is not enhanced.

[2017-03-03 18:46:13 #4 type] 
Type domain.Owner is not enhanced.

[2017-03-03 18:46:13 #5 type] 
Type domain.Offer is not enhanced.

[2017-03-03 18:46:13 #6 type] 
Type domain.Client is not enhanced.

------------------------------------------------------------------------------------------------------------------------

[2017-03-03 18:53:17 #1 store] 
Database 'C:\Users\rivas\git\WSRuralHouse-2017\resources\ruralHouses.odb' has been recovered (tr. 271-275)

[2017-03-03 18:53:18 #2 store] 
Database 'C:\Users\rivas\git\WSRuralHouse-2017\resources\ruralHouses.odb' is opened by 7900@AsusX54H

[2017-03-03 18:53:19 #3 type] 
Type domain.RuralHouse is not enhanced.

[2017-03-03 18:53:19 #4 type] 
Type domain.Owner is not enhanced.

[2017-03-03 18:53:19 #5 type] 
Type domain.Offer is not enhanced.

[2017-03-03 18:53:19 #6 type] 
Type domain.Client is not enhanced.

------------------------------------------------------------------------------------------------------------------------

[2017-03-03 19:10:45 #1 store] 
Database 'C:\Users\rivas\git\WSRuralHouse-2017\resources\ruralHouses.odb' has been recovered (tr. 276-286)

[2017-03-03 19:10:45 #2 store] 
Database 'C:\Users\rivas\git\WSRuralHouse-2017\resources\ruralHouses.odb' is opened by 6808@AsusX54H

[2017-03-03 19:10:46 #3 type] 
Type domain.RuralHouse is not enhanced.

[2017-03-03 19:10:46 #4 type] 
Type domain.Owner is not enhanced.

[2017-03-03 19:10:46 #5 type] 
Type domain.Offer is not enhanced.

[2017-03-03 19:10:46 #6 type] 
Type domain.Client is not enhanced.

------------------------------------------------------------------------------------------------------------------------

[2017-03-03 20:15:59 #1 store] 
Database 'C:\Users\rivas\git\WSRuralHouse-2017\resources\ruralHouses.odb' has been recovered (tr. 287-298)

[2017-03-03 20:15:59 #2 store] 
Database 'C:\Users\rivas\git\WSRuralHouse-2017\resources\ruralHouses.odb' is opened by 4236@AsusX54H

[2017-03-03 20:15:59 #3 type] 
Type domain.RuralHouse is not enhanced.

[2017-03-03 20:15:59 #4 type] 
Type domain.Owner is not enhanced.

[2017-03-03 20:15:59 #5 type] 
Type domain.Offer is not enhanced.

[2017-03-03 20:15:59 #6 type] 
Type domain.Client is not enhanced.

------------------------------------------------------------------------------------------------------------------------

[2017-03-03 20:17:32 #1 store] 
Database 'C:\Users\rivas\git\WSRuralHouse-2017\resources\ruralHouses.odb' is opened by 4596@AsusX54H

[2017-03-03 20:17:32 #2 type] 
Type domain.RuralHouse is not enhanced.

[2017-03-03 20:17:32 #3 type] 
Type domain.Owner is not enhanced.

[2017-03-03 20:17:32 #4 type] 
Type domain.Offer is not enhanced.

[2017-03-03 20:17:32 #5 type] 
Type domain.Client is not enhanced.

------------------------------------------------------------------------------------------------------------------------

[2017-03-03 20:17:52 #1 store] 
Database 'C:\Users\rivas\git\WSRuralHouse-2017\resources\ruralHouses.odb' is opened by 1324@AsusX54H

[2017-03-03 20:17:52 #2 type] 
Type domain.RuralHouse is not enhanced.

[2017-03-03 20:17:52 #3 type] 
Type domain.Owner is not enhanced.

[2017-03-03 20:17:52 #4 type] 
Type domain.Offer is not enhanced.

[2017-03-03 20:17:52 #5 type] 
Type domain.Client is not enhanced.

