------------------------------------------------------------------------------------------------------------------------

[2017-05-12 00:04:02 #1 store] 
Database 'C:\Users\rivas\git\wsruralhouse-2017\resources\ruralHouses.odb' is opened by 14940@AsusX54H

[2017-05-12 00:04:02 #2 type] 
Type domain.RuralHouse is not enhanced.

[2017-05-12 00:04:02 #3 type] 
Type domain.Owner is not enhanced.

[2017-05-12 00:04:02 #4 type] 
Type domain.Offer is not enhanced.

[2017-05-12 00:04:02 #5 type] 
Type domain.Client is not enhanced.

[2017-05-12 00:04:02 #6 type] 
Type domain.User is not enhanced.

[2017-05-12 00:04:02 #7 type] 
Type domain.Conversation is not enhanced.

[2017-05-12 00:04:02 #8 type] 
Type domain.Admin is not enhanced.

------------------------------------------------------------------------------------------------------------------------

[2017-05-12 00:16:04 #1 store] 
Database 'C:\Users\rivas\git\wsruralhouse-2017\resources\ruralHouses.odb' has been recovered (tr. 703-704)

[2017-05-12 00:16:04 #2 store] 
Database 'C:\Users\rivas\git\wsruralhouse-2017\resources\ruralHouses.odb' is opened by 10544@AsusX54H

[2017-05-12 00:16:04 #3 type] 
Type domain.RuralHouse is not enhanced.

[2017-05-12 00:16:04 #4 type] 
Type domain.Owner is not enhanced.

[2017-05-12 00:16:04 #5 type] 
Type domain.Offer is not enhanced.

[2017-05-12 00:16:04 #6 type] 
Type domain.Client is not enhanced.

[2017-05-12 00:16:04 #7 type] 
Type domain.User is not enhanced.

[2017-05-12 00:16:04 #8 type] 
Type domain.Conversation is not enhanced.

[2017-05-12 00:16:04 #9 type] 
Type domain.Admin is not enhanced.

------------------------------------------------------------------------------------------------------------------------

[2017-05-12 00:17:12 #1 store] 
Database 'C:\Users\rivas\git\wsruralhouse-2017\resources\ruralHouses.odb' is opened by 6092@AsusX54H

[2017-05-12 00:17:13 #2 type] 
Type domain.RuralHouse is not enhanced.

[2017-05-12 00:17:13 #3 type] 
Type domain.Owner is not enhanced.

[2017-05-12 00:17:13 #4 type] 
Type domain.Offer is not enhanced.

[2017-05-12 00:17:13 #5 type] 
Type domain.Client is not enhanced.

[2017-05-12 00:17:13 #6 type] 
Type domain.User is not enhanced.

[2017-05-12 00:17:13 #7 type] 
Type domain.Conversation is not enhanced.

[2017-05-12 00:17:13 #8 type] 
Type domain.Admin is not enhanced.

------------------------------------------------------------------------------------------------------------------------

[2017-05-12 00:18:30 #1 store] 
Database 'C:\Users\rivas\git\wsruralhouse-2017\resources\ruralHouses.odb' has been recovered (tr. 705-705)

[2017-05-12 00:18:31 #2 store] 
Database 'C:\Users\rivas\git\wsruralhouse-2017\resources\ruralHouses.odb' is opened by 10836@AsusX54H

[2017-05-12 00:18:31 #3 type] 
Type domain.RuralHouse is not enhanced.

[2017-05-12 00:18:31 #4 type] 
Type domain.Owner is not enhanced.

[2017-05-12 00:18:31 #5 type] 
Type domain.Offer is not enhanced.

[2017-05-12 00:18:31 #6 type] 
Type domain.Client is not enhanced.

[2017-05-12 00:18:31 #7 type] 
Type domain.User is not enhanced.

[2017-05-12 00:18:31 #8 type] 
Type domain.Conversation is not enhanced.

[2017-05-12 00:18:31 #9 type] 
Type domain.Admin is not enhanced.

------------------------------------------------------------------------------------------------------------------------

[2017-05-12 00:20:08 #1 store] 
Database 'C:\Users\rivas\git\wsruralhouse-2017\resources\ruralHouses.odb' is opened by 6952@AsusX54H

[2017-05-12 00:20:08 #2 type] 
Type domain.RuralHouse is not enhanced.

[2017-05-12 00:20:08 #3 type] 
Type domain.Owner is not enhanced.

[2017-05-12 00:20:08 #4 type] 
Type domain.Offer is not enhanced.

[2017-05-12 00:20:08 #5 type] 
Type domain.Client is not enhanced.

[2017-05-12 00:20:08 #6 type] 
Type domain.User is not enhanced.

[2017-05-12 00:20:08 #7 type] 
Type domain.Conversation is not enhanced.

[2017-05-12 00:20:08 #8 type] 
Type domain.Admin is not enhanced.

------------------------------------------------------------------------------------------------------------------------

[2017-05-12 00:21:50 #1 store] 
Database 'C:\Users\rivas\git\wsruralhouse-2017\resources\ruralHouses.odb' is opened by 7676@AsusX54H

[2017-05-12 00:21:50 #2 type] 
Type domain.RuralHouse is not enhanced.

[2017-05-12 00:21:50 #3 type] 
Type domain.Owner is not enhanced.

[2017-05-12 00:21:50 #4 type] 
Type domain.Offer is not enhanced.

[2017-05-12 00:21:50 #5 type] 
Type domain.Client is not enhanced.

[2017-05-12 00:21:50 #6 type] 
Type domain.User is not enhanced.

[2017-05-12 00:21:50 #7 type] 
Type domain.Conversation is not enhanced.

[2017-05-12 00:21:50 #8 type] 
Type domain.Admin is not enhanced.

------------------------------------------------------------------------------------------------------------------------

[2017-05-12 00:29:30 #1 store] 
Database 'C:\Users\rivas\git\wsruralhouse-2017\resources\ruralHouses.odb' is opened by 14576@AsusX54H

[2017-05-12 00:29:30 #2 type] 
Type domain.RuralHouse is not enhanced.

[2017-05-12 00:29:30 #3 type] 
Type domain.Owner is not enhanced.

[2017-05-12 00:29:31 #4 type] 
Type domain.Offer is not enhanced.

[2017-05-12 00:29:31 #5 type] 
Type domain.Client is not enhanced.

[2017-05-12 00:29:31 #6 type] 
Type domain.User is not enhanced.

[2017-05-12 00:29:31 #7 type] 
Type domain.Conversation is not enhanced.

[2017-05-12 00:29:31 #8 type] 
Type domain.Admin is not enhanced.

------------------------------------------------------------------------------------------------------------------------

[2017-05-12 00:30:39 #1 store] 
Database 'C:\Users\rivas\git\wsruralhouse-2017\resources\ruralHouses.odb' is opened by 14104@AsusX54H

[2017-05-12 00:30:39 #2 type] 
Type domain.RuralHouse is not enhanced.

[2017-05-12 00:30:39 #3 type] 
Type domain.Owner is not enhanced.

[2017-05-12 00:30:39 #4 type] 
Type domain.Offer is not enhanced.

[2017-05-12 00:30:39 #5 type] 
Type domain.Client is not enhanced.

[2017-05-12 00:30:39 #6 type] 
Type domain.User is not enhanced.

[2017-05-12 00:30:39 #7 type] 
Type domain.Conversation is not enhanced.

[2017-05-12 00:30:39 #8 type] 
Type domain.Admin is not enhanced.

------------------------------------------------------------------------------------------------------------------------

[2017-05-12 00:34:58 #1 store] 
Database 'C:\Users\rivas\git\wsruralhouse-2017\resources\ruralHouses.odb' is opened by 8644@AsusX54H

[2017-05-12 00:34:58 #2 type] 
Type domain.RuralHouse is not enhanced.

[2017-05-12 00:34:58 #3 type] 
Type domain.Owner is not enhanced.

[2017-05-12 00:34:58 #4 type] 
Type domain.Offer is not enhanced.

[2017-05-12 00:34:58 #5 type] 
Type domain.Client is not enhanced.

[2017-05-12 00:34:58 #6 type] 
Type domain.User is not enhanced.

[2017-05-12 00:34:58 #7 type] 
Type domain.Conversation is not enhanced.

[2017-05-12 00:34:58 #8 type] 
Type domain.Admin is not enhanced.

------------------------------------------------------------------------------------------------------------------------

[2017-05-12 00:39:07 #1 store] 
Database 'C:\Users\rivas\git\wsruralhouse-2017\resources\ruralHouses.odb' is opened by 10576@AsusX54H

[2017-05-12 00:39:07 #2 type] 
Type domain.RuralHouse is not enhanced.

[2017-05-12 00:39:07 #3 type] 
Type domain.Owner is not enhanced.

[2017-05-12 00:39:07 #4 type] 
Type domain.Offer is not enhanced.

[2017-05-12 00:39:07 #5 type] 
Type domain.Client is not enhanced.

[2017-05-12 00:39:07 #6 type] 
Type domain.User is not enhanced.

[2017-05-12 00:39:07 #7 type] 
Type domain.Conversation is not enhanced.

[2017-05-12 00:39:07 #8 type] 
Type domain.Admin is not enhanced.

------------------------------------------------------------------------------------------------------------------------

[2017-05-12 00:43:03 #1 store] 
Database 'C:\Users\rivas\git\wsruralhouse-2017\resources\ruralHouses.odb' is opened by 8944@AsusX54H

[2017-05-12 00:43:03 #2 type] 
Type domain.RuralHouse is not enhanced.

[2017-05-12 00:43:03 #3 type] 
Type domain.Owner is not enhanced.

[2017-05-12 00:43:03 #4 type] 
Type domain.Offer is not enhanced.

[2017-05-12 00:43:03 #5 type] 
Type domain.Client is not enhanced.

[2017-05-12 00:43:03 #6 type] 
Type domain.User is not enhanced.

[2017-05-12 00:43:03 #7 type] 
Type domain.Conversation is not enhanced.

[2017-05-12 00:43:03 #8 type] 
Type domain.Admin is not enhanced.

------------------------------------------------------------------------------------------------------------------------

[2017-05-12 00:43:51 #1 store] 
Database 'C:\Users\rivas\git\wsruralhouse-2017\resources\ruralHouses.odb' is opened by 8964@AsusX54H

[2017-05-12 00:43:51 #2 type] 
Type domain.RuralHouse is not enhanced.

[2017-05-12 00:43:51 #3 type] 
Type domain.Owner is not enhanced.

[2017-05-12 00:43:51 #4 type] 
Type domain.Offer is not enhanced.

[2017-05-12 00:43:51 #5 type] 
Type domain.Client is not enhanced.

[2017-05-12 00:43:51 #6 type] 
Type domain.User is not enhanced.

[2017-05-12 00:43:51 #7 type] 
Type domain.Conversation is not enhanced.

[2017-05-12 00:43:51 #8 type] 
Type domain.Admin is not enhanced.

------------------------------------------------------------------------------------------------------------------------

[2017-05-12 00:46:20 #1 store] 
Database 'C:\Users\rivas\git\wsruralhouse-2017\resources\ruralHouses.odb' has been recovered (tr. 706-706)

[2017-05-12 00:46:20 #2 store] 
Database 'C:\Users\rivas\git\wsruralhouse-2017\resources\ruralHouses.odb' is opened by 7284@AsusX54H

[2017-05-12 00:46:20 #3 type] 
Type domain.RuralHouse is not enhanced.

[2017-05-12 00:46:20 #4 type] 
Type domain.Owner is not enhanced.

[2017-05-12 00:46:21 #5 type] 
Type domain.Offer is not enhanced.

[2017-05-12 00:46:21 #6 type] 
Type domain.Client is not enhanced.

[2017-05-12 00:46:21 #7 type] 
Type domain.User is not enhanced.

[2017-05-12 00:46:21 #8 type] 
Type domain.Conversation is not enhanced.

[2017-05-12 00:46:21 #9 type] 
Type domain.Admin is not enhanced.

------------------------------------------------------------------------------------------------------------------------

[2017-05-12 00:48:45 #1 store] 
Database 'C:\Users\rivas\git\wsruralhouse-2017\resources\ruralHouses.odb' is opened by 10588@AsusX54H

[2017-05-12 00:48:45 #2 type] 
Type domain.RuralHouse is not enhanced.

[2017-05-12 00:48:45 #3 type] 
Type domain.Owner is not enhanced.

[2017-05-12 00:48:45 #4 type] 
Type domain.Offer is not enhanced.

[2017-05-12 00:48:45 #5 type] 
Type domain.Client is not enhanced.

[2017-05-12 00:48:45 #6 type] 
Type domain.User is not enhanced.

[2017-05-12 00:48:45 #7 type] 
Type domain.Conversation is not enhanced.

[2017-05-12 00:48:45 #8 type] 
Type domain.Admin is not enhanced.

------------------------------------------------------------------------------------------------------------------------

[2017-05-12 00:50:43 #1 store] 
Database 'C:\Users\rivas\git\wsruralhouse-2017\resources\ruralHouses.odb' is opened by 16244@AsusX54H

[2017-05-12 00:50:43 #2 type] 
Type domain.RuralHouse is not enhanced.

[2017-05-12 00:50:43 #3 type] 
Type domain.Owner is not enhanced.

[2017-05-12 00:50:43 #4 type] 
Type domain.Offer is not enhanced.

[2017-05-12 00:50:43 #5 type] 
Type domain.Client is not enhanced.

[2017-05-12 00:50:43 #6 type] 
Type domain.User is not enhanced.

[2017-05-12 00:50:43 #7 type] 
Type domain.Conversation is not enhanced.

[2017-05-12 00:50:43 #8 type] 
Type domain.Admin is not enhanced.

------------------------------------------------------------------------------------------------------------------------

[2017-05-12 00:52:30 #1 store] 
Database 'C:\Users\rivas\git\wsruralhouse-2017\resources\ruralHouses.odb' is opened by 16272@AsusX54H

[2017-05-12 00:52:30 #2 type] 
Type domain.RuralHouse is not enhanced.

[2017-05-12 00:52:30 #3 type] 
Type domain.Owner is not enhanced.

[2017-05-12 00:52:30 #4 type] 
Type domain.Offer is not enhanced.

[2017-05-12 00:52:30 #5 type] 
Type domain.Client is not enhanced.

[2017-05-12 00:52:30 #6 type] 
Type domain.User is not enhanced.

[2017-05-12 00:52:30 #7 type] 
Type domain.Conversation is not enhanced.

[2017-05-12 00:52:30 #8 type] 
Type domain.Admin is not enhanced.

------------------------------------------------------------------------------------------------------------------------

[2017-05-12 00:53:03 #1 store] 
Database 'C:\Users\rivas\git\wsruralhouse-2017\resources\ruralHouses.odb' is opened by 11832@AsusX54H

[2017-05-12 00:53:03 #2 type] 
Type domain.RuralHouse is not enhanced.

[2017-05-12 00:53:03 #3 type] 
Type domain.Owner is not enhanced.

[2017-05-12 00:53:03 #4 type] 
Type domain.Offer is not enhanced.

[2017-05-12 00:53:03 #5 type] 
Type domain.Client is not enhanced.

[2017-05-12 00:53:03 #6 type] 
Type domain.User is not enhanced.

[2017-05-12 00:53:03 #7 type] 
Type domain.Conversation is not enhanced.

[2017-05-12 00:53:03 #8 type] 
Type domain.Admin is not enhanced.

------------------------------------------------------------------------------------------------------------------------

[2017-05-12 00:53:46 #1 store] 
Database 'C:\Users\rivas\git\wsruralhouse-2017\resources\ruralHouses.odb' is opened by 14192@AsusX54H

[2017-05-12 00:53:46 #2 type] 
Type domain.RuralHouse is not enhanced.

[2017-05-12 00:53:46 #3 type] 
Type domain.Owner is not enhanced.

[2017-05-12 00:53:46 #4 type] 
Type domain.Offer is not enhanced.

[2017-05-12 00:53:46 #5 type] 
Type domain.Client is not enhanced.

[2017-05-12 00:53:46 #6 type] 
Type domain.User is not enhanced.

[2017-05-12 00:53:46 #7 type] 
Type domain.Conversation is not enhanced.

[2017-05-12 00:53:46 #8 type] 
Type domain.Admin is not enhanced.

------------------------------------------------------------------------------------------------------------------------

[2017-05-12 00:54:46 #1 store] 
Database 'C:\Users\rivas\git\wsruralhouse-2017\resources\ruralHouses.odb' is opened by 12344@AsusX54H

[2017-05-12 00:54:46 #2 type] 
Type domain.RuralHouse is not enhanced.

[2017-05-12 00:54:46 #3 type] 
Type domain.Owner is not enhanced.

[2017-05-12 00:54:46 #4 type] 
Type domain.Offer is not enhanced.

[2017-05-12 00:54:46 #5 type] 
Type domain.Client is not enhanced.

[2017-05-12 00:54:46 #6 type] 
Type domain.User is not enhanced.

[2017-05-12 00:54:46 #7 type] 
Type domain.Conversation is not enhanced.

[2017-05-12 00:54:46 #8 type] 
Type domain.Admin is not enhanced.

------------------------------------------------------------------------------------------------------------------------

[2017-05-12 00:55:36 #1 store] 
Database 'C:\Users\rivas\git\wsruralhouse-2017\resources\ruralHouses.odb' is opened by 15568@AsusX54H

[2017-05-12 00:55:36 #2 type] 
Type domain.RuralHouse is not enhanced.

[2017-05-12 00:55:36 #3 type] 
Type domain.Owner is not enhanced.

[2017-05-12 00:55:36 #4 type] 
Type domain.Offer is not enhanced.

[2017-05-12 00:55:36 #5 type] 
Type domain.Client is not enhanced.

[2017-05-12 00:55:36 #6 type] 
Type domain.User is not enhanced.

[2017-05-12 00:55:36 #7 type] 
Type domain.Conversation is not enhanced.

[2017-05-12 00:55:36 #8 type] 
Type domain.Admin is not enhanced.

------------------------------------------------------------------------------------------------------------------------

[2017-05-12 00:57:42 #1 store] 
Database 'C:\Users\rivas\git\wsruralhouse-2017\resources\ruralHouses.odb' is opened by 6856@AsusX54H

[2017-05-12 00:57:43 #2 type] 
Type domain.RuralHouse is not enhanced.

[2017-05-12 00:57:43 #3 type] 
Type domain.Owner is not enhanced.

[2017-05-12 00:57:43 #4 type] 
Type domain.Offer is not enhanced.

[2017-05-12 00:57:43 #5 type] 
Type domain.Client is not enhanced.

[2017-05-12 00:57:43 #6 type] 
Type domain.User is not enhanced.

[2017-05-12 00:57:43 #7 type] 
Type domain.Conversation is not enhanced.

[2017-05-12 00:57:43 #8 type] 
Type domain.Admin is not enhanced.

------------------------------------------------------------------------------------------------------------------------

[2017-05-12 01:11:24 #1 store] 
Database 'C:\Users\rivas\git\wsruralhouse-2017\resources\ruralHouses.odb' is opened by 15924@AsusX54H

[2017-05-12 01:11:25 #2 type] 
Type domain.RuralHouse is not enhanced.

[2017-05-12 01:11:25 #3 type] 
Type domain.Owner is not enhanced.

[2017-05-12 01:11:25 #4 type] 
Type domain.Offer is not enhanced.

[2017-05-12 01:11:25 #5 type] 
Type domain.Client is not enhanced.

[2017-05-12 01:11:25 #6 type] 
Type domain.User is not enhanced.

[2017-05-12 01:11:25 #7 type] 
Type domain.Conversation is not enhanced.

[2017-05-12 01:11:25 #8 type] 
Type domain.Admin is not enhanced.

------------------------------------------------------------------------------------------------------------------------

[2017-05-12 01:17:10 #1 store] 
Database 'C:\Users\rivas\git\wsruralhouse-2017\resources\ruralHouses.odb' has been recovered (tr. 707-708)

[2017-05-12 01:17:10 #2 store] 
Database 'C:\Users\rivas\git\wsruralhouse-2017\resources\ruralHouses.odb' is opened by 2108@AsusX54H

[2017-05-12 01:17:10 #3 type] 
Type domain.RuralHouse is not enhanced.

[2017-05-12 01:17:10 #4 type] 
Type domain.Owner is not enhanced.

[2017-05-12 01:17:10 #5 type] 
Type domain.Offer is not enhanced.

[2017-05-12 01:17:10 #6 type] 
Type domain.Client is not enhanced.

[2017-05-12 01:17:10 #7 type] 
Type domain.User is not enhanced.

[2017-05-12 01:17:10 #8 type] 
Type domain.Conversation is not enhanced.

[2017-05-12 01:17:10 #9 type] 
Type domain.Admin is not enhanced.

------------------------------------------------------------------------------------------------------------------------

[2017-05-12 01:18:01 #1 store] 
Database 'C:\Users\rivas\git\wsruralhouse-2017\resources\ruralHouses.odb' is opened by 15396@AsusX54H

[2017-05-12 01:18:01 #2 type] 
Type domain.RuralHouse is not enhanced.

[2017-05-12 01:18:01 #3 type] 
Type domain.Owner is not enhanced.

[2017-05-12 01:18:01 #4 type] 
Type domain.Offer is not enhanced.

[2017-05-12 01:18:01 #5 type] 
Type domain.Client is not enhanced.

[2017-05-12 01:18:01 #6 type] 
Type domain.User is not enhanced.

[2017-05-12 01:18:01 #7 type] 
Type domain.Conversation is not enhanced.

[2017-05-12 01:18:01 #8 type] 
Type domain.Admin is not enhanced.

------------------------------------------------------------------------------------------------------------------------

[2017-05-12 01:20:19 #1 store] 
Database 'C:\Users\rivas\git\wsruralhouse-2017\resources\ruralHouses.odb' has been recovered (tr. 709-709)

[2017-05-12 01:20:19 #2 store] 
Database 'C:\Users\rivas\git\wsruralhouse-2017\resources\ruralHouses.odb' is opened by 7032@AsusX54H

[2017-05-12 01:20:19 #3 type] 
Type domain.RuralHouse is not enhanced.

[2017-05-12 01:20:19 #4 type] 
Type domain.Owner is not enhanced.

[2017-05-12 01:20:19 #5 type] 
Type domain.Offer is not enhanced.

[2017-05-12 01:20:19 #6 type] 
Type domain.Client is not enhanced.

[2017-05-12 01:20:19 #7 type] 
Type domain.User is not enhanced.

[2017-05-12 01:20:19 #8 type] 
Type domain.Conversation is not enhanced.

[2017-05-12 01:20:19 #9 type] 
Type domain.Admin is not enhanced.

------------------------------------------------------------------------------------------------------------------------

[2017-05-12 01:21:28 #1 store] 
Database 'C:\Users\rivas\git\wsruralhouse-2017\resources\ruralHouses.odb' is opened by 11068@AsusX54H

[2017-05-12 01:21:28 #2 type] 
Type domain.RuralHouse is not enhanced.

[2017-05-12 01:21:28 #3 type] 
Type domain.Owner is not enhanced.

[2017-05-12 01:21:29 #4 type] 
Type domain.Offer is not enhanced.

[2017-05-12 01:21:29 #5 type] 
Type domain.Client is not enhanced.

[2017-05-12 01:21:29 #6 type] 
Type domain.User is not enhanced.

[2017-05-12 01:21:29 #7 type] 
Type domain.Conversation is not enhanced.

[2017-05-12 01:21:29 #8 type] 
Type domain.Admin is not enhanced.

------------------------------------------------------------------------------------------------------------------------

[2017-05-12 01:24:00 #1 store] 
Database 'C:\Users\rivas\git\wsruralhouse-2017\resources\ruralHouses.odb' is opened by 15556@AsusX54H

[2017-05-12 01:24:01 #2 type] 
Type domain.RuralHouse is not enhanced.

[2017-05-12 01:24:01 #3 type] 
Type domain.Owner is not enhanced.

[2017-05-12 01:24:01 #4 type] 
Type domain.Offer is not enhanced.

[2017-05-12 01:24:01 #5 type] 
Type domain.Client is not enhanced.

[2017-05-12 01:24:01 #6 type] 
Type domain.User is not enhanced.

[2017-05-12 01:24:01 #7 type] 
Type domain.Conversation is not enhanced.

[2017-05-12 01:24:01 #8 type] 
Type domain.Admin is not enhanced.

------------------------------------------------------------------------------------------------------------------------

[2017-05-12 01:27:45 #1 store] 
Database 'C:\Users\rivas\git\wsruralhouse-2017\resources\ruralHouses.odb' has been recovered (tr. 710-712)

[2017-05-12 01:27:46 #2 store] 
Database 'C:\Users\rivas\git\wsruralhouse-2017\resources\ruralHouses.odb' is opened by 15732@AsusX54H

[2017-05-12 01:27:46 #3 type] 
Type domain.RuralHouse is not enhanced.

[2017-05-12 01:27:46 #4 type] 
Type domain.Owner is not enhanced.

[2017-05-12 01:27:46 #5 type] 
Type domain.Offer is not enhanced.

[2017-05-12 01:27:46 #6 type] 
Type domain.Client is not enhanced.

[2017-05-12 01:27:46 #7 type] 
Type domain.User is not enhanced.

[2017-05-12 01:27:46 #8 type] 
Type domain.Conversation is not enhanced.

[2017-05-12 01:27:46 #9 type] 
Type domain.Admin is not enhanced.

------------------------------------------------------------------------------------------------------------------------

[2017-05-12 02:43:14 #1 store] 
Database 'C:\Users\rivas\git\wsruralhouse-2017\resources\ruralHouses.odb' has been recovered (tr. 713-722)

[2017-05-12 02:43:15 #2 store] 
Database 'C:\Users\rivas\git\wsruralhouse-2017\resources\ruralHouses.odb' is opened by 10024@AsusX54H

[2017-05-12 02:43:15 #3 type] 
Type domain.RuralHouse is not enhanced.

[2017-05-12 02:43:15 #4 type] 
Type domain.Owner is not enhanced.

[2017-05-12 02:43:15 #5 type] 
Type domain.Offer is not enhanced.

[2017-05-12 02:43:15 #6 type] 
Type domain.Client is not enhanced.

[2017-05-12 02:43:15 #7 type] 
Type domain.User is not enhanced.

[2017-05-12 02:43:15 #8 type] 
Type domain.Conversation is not enhanced.

[2017-05-12 02:43:15 #9 type] 
Type domain.Admin is not enhanced.

------------------------------------------------------------------------------------------------------------------------

[2017-05-12 02:44:30 #1 store] 
Database 'C:\Users\rivas\git\wsruralhouse-2017\resources\ruralHouses.odb' is opened by 10952@AsusX54H

[2017-05-12 02:44:31 #2 type] 
Type domain.RuralHouse is not enhanced.

[2017-05-12 02:44:31 #3 type] 
Type domain.Owner is not enhanced.

[2017-05-12 02:44:31 #4 type] 
Type domain.Offer is not enhanced.

[2017-05-12 02:44:31 #5 type] 
Type domain.Client is not enhanced.

[2017-05-12 02:44:31 #6 type] 
Type domain.User is not enhanced.

[2017-05-12 02:44:31 #7 type] 
Type domain.Conversation is not enhanced.

[2017-05-12 02:44:31 #8 type] 
Type domain.Admin is not enhanced.

------------------------------------------------------------------------------------------------------------------------

[2017-05-12 02:47:22 #1 store] 
Database 'C:\Users\rivas\git\wsruralhouse-2017\resources\ruralHouses.odb' is opened by 15064@AsusX54H

[2017-05-12 02:47:22 #2 type] 
Type domain.RuralHouse is not enhanced.

[2017-05-12 02:47:22 #3 type] 
Type domain.Owner is not enhanced.

[2017-05-12 02:47:22 #4 type] 
Type domain.Offer is not enhanced.

[2017-05-12 02:47:22 #5 type] 
Type domain.Client is not enhanced.

[2017-05-12 02:47:22 #6 type] 
Type domain.User is not enhanced.

[2017-05-12 02:47:22 #7 type] 
Type domain.Conversation is not enhanced.

[2017-05-12 02:47:22 #8 type] 
Type domain.Admin is not enhanced.

------------------------------------------------------------------------------------------------------------------------

[2017-05-12 02:48:51 #1 store] 
Database 'C:\Users\rivas\git\wsruralhouse-2017\resources\ruralHouses.odb' has been recovered (tr. 739-739)

[2017-05-12 02:48:51 #2 store] 
Database 'C:\Users\rivas\git\wsruralhouse-2017\resources\ruralHouses.odb' is opened by 13640@AsusX54H

[2017-05-12 02:48:51 #3 type] 
Type domain.RuralHouse is not enhanced.

[2017-05-12 02:48:51 #4 type] 
Type domain.Owner is not enhanced.

[2017-05-12 02:48:51 #5 type] 
Type domain.Offer is not enhanced.

[2017-05-12 02:48:51 #6 type] 
Type domain.Client is not enhanced.

[2017-05-12 02:48:51 #7 type] 
Type domain.User is not enhanced.

[2017-05-12 02:48:51 #8 type] 
Type domain.Conversation is not enhanced.

[2017-05-12 02:48:51 #9 type] 
Type domain.Admin is not enhanced.

------------------------------------------------------------------------------------------------------------------------

[2017-05-12 02:50:13 #1 store] 
Database 'C:\Users\rivas\git\wsruralhouse-2017\resources\ruralHouses.odb' has been recovered (tr. 740-740)

[2017-05-12 02:50:14 #2 store] 
Database 'C:\Users\rivas\git\wsruralhouse-2017\resources\ruralHouses.odb' is opened by 14576@AsusX54H

[2017-05-12 02:50:14 #3 type] 
Type domain.RuralHouse is not enhanced.

[2017-05-12 02:50:14 #4 type] 
Type domain.Owner is not enhanced.

[2017-05-12 02:50:14 #5 type] 
Type domain.Offer is not enhanced.

[2017-05-12 02:50:14 #6 type] 
Type domain.Client is not enhanced.

[2017-05-12 02:50:14 #7 type] 
Type domain.User is not enhanced.

[2017-05-12 02:50:14 #8 type] 
Type domain.Conversation is not enhanced.

[2017-05-12 02:50:14 #9 type] 
Type domain.Admin is not enhanced.

------------------------------------------------------------------------------------------------------------------------

[2017-05-12 02:52:49 #1 store] 
Database 'C:\Users\rivas\git\wsruralhouse-2017\resources\ruralHouses.odb' has been recovered (tr. 741-742)

[2017-05-12 02:52:49 #2 store] 
Database 'C:\Users\rivas\git\wsruralhouse-2017\resources\ruralHouses.odb' is opened by 14128@AsusX54H

[2017-05-12 02:52:50 #3 type] 
Type domain.RuralHouse is not enhanced.

[2017-05-12 02:52:50 #4 type] 
Type domain.Owner is not enhanced.

[2017-05-12 02:52:50 #5 type] 
Type domain.Offer is not enhanced.

[2017-05-12 02:52:50 #6 type] 
Type domain.Client is not enhanced.

[2017-05-12 02:52:50 #7 type] 
Type domain.User is not enhanced.

[2017-05-12 02:52:50 #8 type] 
Type domain.Conversation is not enhanced.

[2017-05-12 02:52:50 #9 type] 
Type domain.Admin is not enhanced.

------------------------------------------------------------------------------------------------------------------------

[2017-05-12 03:02:18 #1 store] 
Database 'C:\Users\rivas\git\wsruralhouse-2017\resources\ruralHouses.odb' has been recovered (tr. 743-746)

[2017-05-12 03:02:18 #2 store] 
Database 'C:\Users\rivas\git\wsruralhouse-2017\resources\ruralHouses.odb' is opened by 16124@AsusX54H

[2017-05-12 03:02:18 #3 type] 
Type domain.RuralHouse is not enhanced.

[2017-05-12 03:02:18 #4 type] 
Type domain.Owner is not enhanced.

[2017-05-12 03:02:18 #5 type] 
Type domain.Offer is not enhanced.

[2017-05-12 03:02:18 #6 type] 
Type domain.Client is not enhanced.

[2017-05-12 03:02:18 #7 type] 
Type domain.User is not enhanced.

[2017-05-12 03:02:18 #8 type] 
Type domain.Conversation is not enhanced.

[2017-05-12 03:02:18 #9 type] 
Type domain.Admin is not enhanced.

------------------------------------------------------------------------------------------------------------------------

[2017-05-12 03:29:36 #1 store] 
Database 'C:\Users\rivas\git\wsruralhouse-2017\resources\ruralHouses.odb' is opened by 7264@AsusX54H

[2017-05-12 03:29:37 #2 type] 
Type domain.RuralHouse is not enhanced.

[2017-05-12 03:29:37 #3 type] 
Type domain.Owner is not enhanced.

[2017-05-12 03:29:37 #4 type] 
Type domain.Offer is not enhanced.

[2017-05-12 03:29:37 #5 type] 
Type domain.Client is not enhanced.

[2017-05-12 03:29:37 #6 type] 
Type domain.User is not enhanced.

[2017-05-12 03:29:37 #7 type] 
Type domain.Conversation is not enhanced.

[2017-05-12 03:29:37 #8 type] 
Type domain.Admin is not enhanced.

------------------------------------------------------------------------------------------------------------------------

[2017-05-12 03:33:25 #1 store] 
Database 'C:\Users\rivas\git\wsruralhouse-2017\resources\ruralHouses.odb' has been recovered (tr. 743-744)

[2017-05-12 03:33:25 #2 store] 
Database 'C:\Users\rivas\git\wsruralhouse-2017\resources\ruralHouses.odb' is opened by 11008@AsusX54H

[2017-05-12 03:33:25 #3 type] 
Type domain.RuralHouse is not enhanced.

[2017-05-12 03:33:25 #4 type] 
Type domain.Owner is not enhanced.

[2017-05-12 03:33:25 #5 type] 
Type domain.Offer is not enhanced.

[2017-05-12 03:33:25 #6 type] 
Type domain.Client is not enhanced.

[2017-05-12 03:33:25 #7 type] 
Type domain.User is not enhanced.

[2017-05-12 03:33:25 #8 type] 
Type domain.Conversation is not enhanced.

[2017-05-12 03:33:25 #9 type] 
Type domain.Admin is not enhanced.

------------------------------------------------------------------------------------------------------------------------

[2017-05-12 10:58:37 #1 store] 
Database 'C:\Users\rivas\git\wsruralhouse-2017\resources\ruralHouses.odb' has been recovered (tr. 745-746)

[2017-05-12 10:58:37 #2 store] 
Database 'C:\Users\rivas\git\wsruralhouse-2017\resources\ruralHouses.odb' is opened by 7312@AsusX54H

[2017-05-12 10:58:37 #3 type] 
Type domain.RuralHouse is not enhanced.

[2017-05-12 10:58:37 #4 type] 
Type domain.Owner is not enhanced.

[2017-05-12 10:58:37 #5 type] 
Type domain.Offer is not enhanced.

[2017-05-12 10:58:37 #6 type] 
Type domain.Client is not enhanced.

[2017-05-12 10:58:37 #7 type] 
Type domain.User is not enhanced.

[2017-05-12 10:58:37 #8 type] 
Type domain.Conversation is not enhanced.

[2017-05-12 10:58:37 #9 type] 
Type domain.Admin is not enhanced.

