------------------------------------------------------------------------------------------------------------------------

[2017-04-25 19:44:45 #1 store] 
Database 'C:\Users\newUser-Sbs\bit_bucket\wsruralhouse-2017\resources\ruralHouses.odb' is opened by 1768@DESKTOP-0QL47DR

[2017-04-25 19:44:46 #2 type] 
Type domain.RuralHouse is not enhanced.

[2017-04-25 19:44:46 #3 type] 
Type domain.Owner is not enhanced.

[2017-04-25 19:44:46 #4 type] 
Type domain.Offer is not enhanced.

[2017-04-25 19:44:46 #5 type] 
Type domain.Client is not enhanced.

[2017-04-25 19:44:46 #6 type] 
Type domain.User is not enhanced.

------------------------------------------------------------------------------------------------------------------------

[2017-04-25 19:45:21 #1 store] 
Database 'C:\Users\newUser-Sbs\bit_bucket\wsruralhouse-2017\resources\ruralHouses.odb' is opened by 6872@DESKTOP-0QL47DR

[2017-04-25 19:45:21 #2 type] 
Type domain.RuralHouse is not enhanced.

[2017-04-25 19:45:21 #3 type] 
Type domain.Owner is not enhanced.

[2017-04-25 19:45:21 #4 type] 
Type domain.Offer is not enhanced.

[2017-04-25 19:45:21 #5 type] 
Type domain.Client is not enhanced.

[2017-04-25 19:45:21 #6 type] 
Type domain.User is not enhanced.

------------------------------------------------------------------------------------------------------------------------

[2017-04-25 19:46:07 #1 store] 
Database 'C:\Users\newUser-Sbs\bit_bucket\wsruralhouse-2017\resources\ruralHouses.odb' is opened by 9092@DESKTOP-0QL47DR

[2017-04-25 19:46:07 #2 type] 
Type domain.RuralHouse is not enhanced.

[2017-04-25 19:46:07 #3 type] 
Type domain.Owner is not enhanced.

[2017-04-25 19:46:07 #4 type] 
Type domain.Offer is not enhanced.

[2017-04-25 19:46:07 #5 type] 
Type domain.Client is not enhanced.

[2017-04-25 19:46:07 #6 type] 
Type domain.User is not enhanced.

------------------------------------------------------------------------------------------------------------------------

[2017-04-25 19:47:54 #1 store] 
Database 'C:\Users\newUser-Sbs\bit_bucket\wsruralhouse-2017\resources\ruralHouses.odb' is opened by 5224@DESKTOP-0QL47DR

[2017-04-25 19:47:54 #2 type] 
Type domain.RuralHouse is not enhanced.

[2017-04-25 19:47:54 #3 type] 
Type domain.Owner is not enhanced.

[2017-04-25 19:47:54 #4 type] 
Type domain.Offer is not enhanced.

[2017-04-25 19:47:54 #5 type] 
Type domain.Client is not enhanced.

[2017-04-25 19:47:54 #6 type] 
Type domain.User is not enhanced.

------------------------------------------------------------------------------------------------------------------------

[2017-04-25 19:49:48 #1 store] 
Database 'C:\Users\newUser-Sbs\bit_bucket\wsruralhouse-2017\resources\ruralHouses.odb' is opened by 2688@DESKTOP-0QL47DR

[2017-04-25 19:49:48 #2 type] 
Type domain.RuralHouse is not enhanced.

[2017-04-25 19:49:48 #3 type] 
Type domain.Owner is not enhanced.

[2017-04-25 19:49:48 #4 type] 
Type domain.Offer is not enhanced.

[2017-04-25 19:49:48 #5 type] 
Type domain.Client is not enhanced.

[2017-04-25 19:49:48 #6 type] 
Type domain.User is not enhanced.

------------------------------------------------------------------------------------------------------------------------

[2017-04-25 19:51:00 #1 store] 
Database 'C:\Users\newUser-Sbs\bit_bucket\wsruralhouse-2017\resources\ruralHouses.odb' is opened by 7636@DESKTOP-0QL47DR

[2017-04-25 19:51:00 #2 type] 
Type domain.RuralHouse is not enhanced.

[2017-04-25 19:51:00 #3 type] 
Type domain.Owner is not enhanced.

[2017-04-25 19:51:00 #4 type] 
Type domain.Offer is not enhanced.

[2017-04-25 19:51:00 #5 type] 
Type domain.Client is not enhanced.

[2017-04-25 19:51:00 #6 type] 
Type domain.User is not enhanced.

------------------------------------------------------------------------------------------------------------------------

[2017-04-25 19:56:34 #1 store] 
Database 'C:\Users\newUser-Sbs\bit_bucket\wsruralhouse-2017\resources\ruralHouses.odb' is opened by 9316@DESKTOP-0QL47DR

[2017-04-25 19:56:34 #2 type] 
Type domain.RuralHouse is not enhanced.

[2017-04-25 19:56:34 #3 type] 
Type domain.Owner is not enhanced.

[2017-04-25 19:56:34 #4 type] 
Type domain.Offer is not enhanced.

[2017-04-25 19:56:34 #5 type] 
Type domain.Client is not enhanced.

[2017-04-25 19:56:34 #6 type] 
Type domain.User is not enhanced.

------------------------------------------------------------------------------------------------------------------------

[2017-04-25 19:57:40 #1 store] 
Database 'C:\Users\newUser-Sbs\bit_bucket\wsruralhouse-2017\resources\ruralHouses.odb' is opened by 4612@DESKTOP-0QL47DR

[2017-04-25 19:57:40 #2 type] 
Type domain.RuralHouse is not enhanced.

[2017-04-25 19:57:40 #3 type] 
Type domain.Owner is not enhanced.

[2017-04-25 19:57:40 #4 type] 
Type domain.Offer is not enhanced.

[2017-04-25 19:57:40 #5 type] 
Type domain.Client is not enhanced.

[2017-04-25 19:57:40 #6 type] 
Type domain.User is not enhanced.

------------------------------------------------------------------------------------------------------------------------

[2017-04-25 20:32:31 #1 store] 
Database 'C:\Users\newUser-Sbs\bit_bucket\wsruralhouse-2017\resources\ruralHouses.odb' is opened by 4108@DESKTOP-0QL47DR

[2017-04-25 20:32:31 #2 type] 
Type domain.RuralHouse is not enhanced.

[2017-04-25 20:32:31 #3 type] 
Type domain.Owner is not enhanced.

[2017-04-25 20:32:31 #4 type] 
Type domain.Offer is not enhanced.

[2017-04-25 20:32:31 #5 type] 
Type domain.Client is not enhanced.

[2017-04-25 20:32:31 #6 type] 
Type domain.User is not enhanced.

------------------------------------------------------------------------------------------------------------------------

[2017-04-25 20:34:04 #1 store] 
Database 'C:\Users\newUser-Sbs\bit_bucket\wsruralhouse-2017\resources\ruralHouses.odb' is opened by 10048@DESKTOP-0QL47DR

[2017-04-25 20:34:04 #2 type] 
Type domain.RuralHouse is not enhanced.

[2017-04-25 20:34:04 #3 type] 
Type domain.Owner is not enhanced.

[2017-04-25 20:34:04 #4 type] 
Type domain.Offer is not enhanced.

[2017-04-25 20:34:04 #5 type] 
Type domain.Client is not enhanced.

[2017-04-25 20:34:04 #6 type] 
Type domain.User is not enhanced.

------------------------------------------------------------------------------------------------------------------------

[2017-04-25 20:34:53 #1 store] 
Database 'C:\Users\newUser-Sbs\bit_bucket\wsruralhouse-2017\resources\ruralHouses.odb' is opened by 4024@DESKTOP-0QL47DR

[2017-04-25 20:34:53 #2 type] 
Type domain.RuralHouse is not enhanced.

[2017-04-25 20:34:53 #3 type] 
Type domain.Owner is not enhanced.

[2017-04-25 20:34:53 #4 type] 
Type domain.Offer is not enhanced.

[2017-04-25 20:34:53 #5 type] 
Type domain.Client is not enhanced.

[2017-04-25 20:34:53 #6 type] 
Type domain.User is not enhanced.

------------------------------------------------------------------------------------------------------------------------

[2017-04-25 20:35:20 #1 store] 
Database 'C:\Users\newUser-Sbs\bit_bucket\wsruralhouse-2017\resources\ruralHouses.odb' is opened by 3124@DESKTOP-0QL47DR

[2017-04-25 20:35:20 #2 type] 
Type domain.RuralHouse is not enhanced.

[2017-04-25 20:35:20 #3 type] 
Type domain.Owner is not enhanced.

[2017-04-25 20:35:20 #4 type] 
Type domain.Offer is not enhanced.

[2017-04-25 20:35:20 #5 type] 
Type domain.Client is not enhanced.

[2017-04-25 20:35:20 #6 type] 
Type domain.User is not enhanced.

------------------------------------------------------------------------------------------------------------------------

[2017-04-25 20:39:16 #1 store] 
Database 'C:\Users\newUser-Sbs\bit_bucket\wsruralhouse-2017\resources\ruralHouses.odb' is opened by 1136@DESKTOP-0QL47DR

[2017-04-25 20:39:16 #2 type] 
Type domain.RuralHouse is not enhanced.

[2017-04-25 20:39:16 #3 type] 
Type domain.Owner is not enhanced.

[2017-04-25 20:39:16 #4 type] 
Type domain.Offer is not enhanced.

[2017-04-25 20:39:16 #5 type] 
Type domain.Client is not enhanced.

[2017-04-25 20:39:16 #6 type] 
Type domain.User is not enhanced.

------------------------------------------------------------------------------------------------------------------------

[2017-04-25 20:40:03 #1 store] 
Database 'C:\Users\newUser-Sbs\bit_bucket\wsruralhouse-2017\resources\ruralHouses.odb' is opened by 5444@DESKTOP-0QL47DR

[2017-04-25 20:40:03 #2 type] 
Type domain.RuralHouse is not enhanced.

[2017-04-25 20:40:03 #3 type] 
Type domain.Owner is not enhanced.

[2017-04-25 20:40:03 #4 type] 
Type domain.Offer is not enhanced.

[2017-04-25 20:40:03 #5 type] 
Type domain.Client is not enhanced.

[2017-04-25 20:40:03 #6 type] 
Type domain.User is not enhanced.

------------------------------------------------------------------------------------------------------------------------

[2017-04-25 20:45:44 #1 store] 
Database 'C:\Users\newUser-Sbs\bit_bucket\wsruralhouse-2017\resources\ruralHouses.odb' is opened by 8120@DESKTOP-0QL47DR

[2017-04-25 20:45:44 #2 type] 
Type domain.RuralHouse is not enhanced.

[2017-04-25 20:45:44 #3 type] 
Type domain.Owner is not enhanced.

[2017-04-25 20:45:44 #4 type] 
Type domain.Offer is not enhanced.

[2017-04-25 20:45:44 #5 type] 
Type domain.Client is not enhanced.

[2017-04-25 20:45:44 #6 type] 
Type domain.User is not enhanced.

------------------------------------------------------------------------------------------------------------------------

[2017-04-25 20:47:34 #1 store] 
Database 'C:\Users\newUser-Sbs\bit_bucket\wsruralhouse-2017\resources\ruralHouses.odb' is opened by 9888@DESKTOP-0QL47DR

[2017-04-25 20:47:34 #2 type] 
Type domain.RuralHouse is not enhanced.

[2017-04-25 20:47:34 #3 type] 
Type domain.Owner is not enhanced.

[2017-04-25 20:47:34 #4 type] 
Type domain.Offer is not enhanced.

[2017-04-25 20:47:34 #5 type] 
Type domain.Client is not enhanced.

[2017-04-25 20:47:34 #6 type] 
Type domain.User is not enhanced.

------------------------------------------------------------------------------------------------------------------------

[2017-04-25 20:53:51 #1 store] 
Database 'C:\Users\newUser-Sbs\bit_bucket\wsruralhouse-2017\resources\ruralHouses.odb' is opened by 10052@DESKTOP-0QL47DR

[2017-04-25 20:53:51 #2 type] 
Type domain.RuralHouse is not enhanced.

[2017-04-25 20:53:51 #3 type] 
Type domain.Owner is not enhanced.

[2017-04-25 20:53:51 #4 type] 
Type domain.Offer is not enhanced.

[2017-04-25 20:53:51 #5 type] 
Type domain.Client is not enhanced.

[2017-04-25 20:53:51 #6 type] 
Type domain.User is not enhanced.

