------------------------------------------------------------------------------------------------------------------------

[2017-05-04 22:57:05 #1 store] 
Database 'C:\Users\Yosiunico\git\wsruralhouse-2017\resources\ruralHouses.odb' is opened by 2136@DESKTOP-VJCKAFD

[2017-05-04 22:57:05 #2 type] 
Type domain.RuralHouse is not enhanced.

[2017-05-04 22:57:05 #3 type] 
Type domain.Owner is not enhanced.

[2017-05-04 22:57:05 #4 type] 
Type domain.Offer is not enhanced.

[2017-05-04 22:57:05 #5 type] 
Type domain.Client is not enhanced.

[2017-05-04 22:57:05 #6 type] 
Type domain.User is not enhanced.

------------------------------------------------------------------------------------------------------------------------

[2017-05-04 23:03:18 #1 store] 
Database 'C:\Users\Yosiunico\git\wsruralhouse-2017\resources\ruralHouses.odb' has been recovered (tr. 551-551)

[2017-05-04 23:03:18 #2 store] 
Database 'C:\Users\Yosiunico\git\wsruralhouse-2017\resources\ruralHouses.odb' is opened by 6788@DESKTOP-VJCKAFD

[2017-05-04 23:03:18 #3 type] 
Type domain.RuralHouse is not enhanced.

[2017-05-04 23:03:18 #4 type] 
Type domain.Owner is not enhanced.

[2017-05-04 23:03:18 #5 type] 
Type domain.Offer is not enhanced.

[2017-05-04 23:03:18 #6 type] 
Type domain.Client is not enhanced.

[2017-05-04 23:03:18 #7 type] 
Type domain.User is not enhanced.

------------------------------------------------------------------------------------------------------------------------

[2017-05-04 23:11:53 #1 store] 
Database 'C:\Users\Yosiunico\git\wsruralhouse-2017\resources\ruralHouses.odb' is opened by 920@DESKTOP-VJCKAFD

[2017-05-04 23:11:53 #2 type] 
Type domain.RuralHouse is not enhanced.

[2017-05-04 23:11:53 #3 type] 
Type domain.Owner is not enhanced.

[2017-05-04 23:11:53 #4 type] 
Type domain.Offer is not enhanced.

[2017-05-04 23:11:53 #5 type] 
Type domain.Client is not enhanced.

[2017-05-04 23:11:53 #6 type] 
Type domain.User is not enhanced.

------------------------------------------------------------------------------------------------------------------------

[2017-05-04 23:16:46 #1 store] 
Database 'C:\Users\Yosiunico\git\wsruralhouse-2017\resources\ruralHouses.odb' has been recovered (tr. 552-552)

[2017-05-04 23:16:47 #2 store] 
Database 'C:\Users\Yosiunico\git\wsruralhouse-2017\resources\ruralHouses.odb' is opened by 10356@DESKTOP-VJCKAFD

[2017-05-04 23:16:47 #3 type] 
Type domain.RuralHouse is not enhanced.

[2017-05-04 23:16:47 #4 type] 
Type domain.Owner is not enhanced.

[2017-05-04 23:16:47 #5 type] 
Type domain.Offer is not enhanced.

[2017-05-04 23:16:47 #6 type] 
Type domain.Client is not enhanced.

[2017-05-04 23:16:47 #7 type] 
Type domain.User is not enhanced.

