------------------------------------------------------------------------------------------------------------------------

[2017-03-31 14:39:10 #1 store] 
Database 'C:\Users\rivas\git\wsruralhouse-2017\resources\ruralHouses.odb' has been recovered (tr. 311-311)

[2017-03-31 14:39:10 #2 store] 
Database 'C:\Users\rivas\git\wsruralhouse-2017\resources\ruralHouses.odb' is opened by 2148@AsusX54H

[2017-03-31 14:39:11 #3 type] 
Type domain.RuralHouse is not enhanced.

[2017-03-31 14:39:11 #4 type] 
Type domain.Owner is not enhanced.

[2017-03-31 14:39:11 #5 type] 
Type domain.Offer is not enhanced.

[2017-03-31 14:39:11 #6 type] 
Type domain.Client is not enhanced.

------------------------------------------------------------------------------------------------------------------------

[2017-03-31 15:06:05 #1 store] 
Database 'C:\Users\rivas\git\wsruralhouse-2017\resources\ruralHouses.odb' is opened by 10348@AsusX54H

[2017-03-31 15:06:05 #2 type] 
Type domain.RuralHouse is not enhanced.

[2017-03-31 15:06:05 #3 type] 
Type domain.Owner is not enhanced.

[2017-03-31 15:06:05 #4 type] 
Type domain.Offer is not enhanced.

[2017-03-31 15:06:05 #5 type] 
Type domain.Client is not enhanced.

------------------------------------------------------------------------------------------------------------------------

[2017-03-31 15:12:31 #1 store] 
Database 'C:\Users\rivas\git\wsruralhouse-2017\resources\ruralHouses.odb' is opened by 6756@AsusX54H

[2017-03-31 15:12:31 #2 type] 
Type domain.RuralHouse is not enhanced.

[2017-03-31 15:12:31 #3 type] 
Type domain.Owner is not enhanced.

[2017-03-31 15:12:31 #4 type] 
Type domain.Offer is not enhanced.

[2017-03-31 15:12:32 #5 type] 
Type domain.Client is not enhanced.

------------------------------------------------------------------------------------------------------------------------

[2017-03-31 15:17:39 #1 store] 
Database 'C:\Users\rivas\git\wsruralhouse-2017\resources\ruralHouses.odb' is opened by 9028@AsusX54H

[2017-03-31 15:17:39 #2 type] 
Type domain.RuralHouse is not enhanced.

[2017-03-31 15:17:39 #3 type] 
Type domain.Owner is not enhanced.

[2017-03-31 15:17:39 #4 type] 
Type domain.Offer is not enhanced.

[2017-03-31 15:17:39 #5 type] 
Type domain.Client is not enhanced.

------------------------------------------------------------------------------------------------------------------------

[2017-03-31 15:19:54 #1 store] 
Database 'C:\Users\rivas\git\wsruralhouse-2017\resources\ruralHouses.odb' is opened by 13300@AsusX54H

[2017-03-31 15:19:54 #2 type] 
Type domain.RuralHouse is not enhanced.

[2017-03-31 15:19:54 #3 type] 
Type domain.Owner is not enhanced.

[2017-03-31 15:19:54 #4 type] 
Type domain.Offer is not enhanced.

[2017-03-31 15:19:54 #5 type] 
Type domain.Client is not enhanced.

------------------------------------------------------------------------------------------------------------------------

[2017-03-31 15:21:11 #1 store] 
Database 'C:\Users\rivas\git\wsruralhouse-2017\resources\ruralHouses.odb' is opened by 11316@AsusX54H

[2017-03-31 15:21:12 #2 type] 
Type domain.RuralHouse is not enhanced.

[2017-03-31 15:21:12 #3 type] 
Type domain.Owner is not enhanced.

[2017-03-31 15:21:12 #4 type] 
Type domain.Offer is not enhanced.

[2017-03-31 15:21:12 #5 type] 
Type domain.Client is not enhanced.

------------------------------------------------------------------------------------------------------------------------

[2017-03-31 15:21:50 #1 store] 
Database 'C:\Users\rivas\git\wsruralhouse-2017\resources\ruralHouses.odb' is opened by 11948@AsusX54H

[2017-03-31 15:21:50 #2 type] 
Type domain.RuralHouse is not enhanced.

[2017-03-31 15:21:50 #3 type] 
Type domain.Owner is not enhanced.

[2017-03-31 15:21:50 #4 type] 
Type domain.Offer is not enhanced.

[2017-03-31 15:21:50 #5 type] 
Type domain.Client is not enhanced.

------------------------------------------------------------------------------------------------------------------------

[2017-03-31 15:22:10 #1 store] 
Database 'C:\Users\rivas\git\wsruralhouse-2017\resources\ruralHouses.odb' is opened by 9336@AsusX54H

[2017-03-31 15:22:10 #2 type] 
Type domain.RuralHouse is not enhanced.

[2017-03-31 15:22:10 #3 type] 
Type domain.Owner is not enhanced.

[2017-03-31 15:22:10 #4 type] 
Type domain.Offer is not enhanced.

[2017-03-31 15:22:10 #5 type] 
Type domain.Client is not enhanced.

------------------------------------------------------------------------------------------------------------------------

[2017-03-31 15:23:57 #1 store] 
Database 'C:\Users\rivas\git\wsruralhouse-2017\resources\ruralHouses.odb' is opened by 3976@AsusX54H

[2017-03-31 15:23:57 #2 type] 
Type domain.RuralHouse is not enhanced.

[2017-03-31 15:23:57 #3 type] 
Type domain.Owner is not enhanced.

[2017-03-31 15:23:57 #4 type] 
Type domain.Offer is not enhanced.

[2017-03-31 15:23:57 #5 type] 
Type domain.Client is not enhanced.

------------------------------------------------------------------------------------------------------------------------

[2017-03-31 15:25:34 #1 store] 
Database 'C:\Users\rivas\git\wsruralhouse-2017\resources\ruralHouses.odb' is opened by 5124@AsusX54H

[2017-03-31 15:25:34 #2 type] 
Type domain.RuralHouse is not enhanced.

[2017-03-31 15:25:34 #3 type] 
Type domain.Owner is not enhanced.

[2017-03-31 15:25:34 #4 type] 
Type domain.Offer is not enhanced.

[2017-03-31 15:25:34 #5 type] 
Type domain.Client is not enhanced.

------------------------------------------------------------------------------------------------------------------------

[2017-03-31 15:45:52 #1 store] 
Database 'C:\Users\rivas\git\wsruralhouse-2017\resources\ruralHouses.odb' is opened by 5844@AsusX54H

[2017-03-31 15:45:53 #2 type] 
Type domain.RuralHouse is not enhanced.

[2017-03-31 15:45:53 #3 type] 
Type domain.Owner is not enhanced.

[2017-03-31 15:45:53 #4 type] 
Type domain.Offer is not enhanced.

[2017-03-31 15:45:53 #5 type] 
Type domain.Client is not enhanced.

------------------------------------------------------------------------------------------------------------------------

[2017-03-31 15:46:30 #1 store] 
Database 'C:\Users\rivas\git\wsruralhouse-2017\resources\ruralHouses.odb' is opened by 5244@AsusX54H

[2017-03-31 15:46:30 #2 type] 
Type domain.RuralHouse is not enhanced.

[2017-03-31 15:46:30 #3 type] 
Type domain.Owner is not enhanced.

[2017-03-31 15:46:30 #4 type] 
Type domain.Offer is not enhanced.

[2017-03-31 15:46:30 #5 type] 
Type domain.Client is not enhanced.

------------------------------------------------------------------------------------------------------------------------

[2017-03-31 15:47:56 #1 store] 
Database 'C:\Users\rivas\git\wsruralhouse-2017\resources\ruralHouses.odb' is opened by 11440@AsusX54H

[2017-03-31 15:47:56 #2 type] 
Type domain.RuralHouse is not enhanced.

[2017-03-31 15:47:56 #3 type] 
Type domain.Owner is not enhanced.

[2017-03-31 15:47:56 #4 type] 
Type domain.Offer is not enhanced.

[2017-03-31 15:47:56 #5 type] 
Type domain.Client is not enhanced.

------------------------------------------------------------------------------------------------------------------------

[2017-03-31 15:48:12 #1 store] 
Database 'C:\Users\rivas\git\wsruralhouse-2017\resources\ruralHouses.odb' is opened by 12872@AsusX54H

[2017-03-31 15:48:12 #2 type] 
Type domain.RuralHouse is not enhanced.

[2017-03-31 15:48:12 #3 type] 
Type domain.Owner is not enhanced.

[2017-03-31 15:48:12 #4 type] 
Type domain.Offer is not enhanced.

[2017-03-31 15:48:12 #5 type] 
Type domain.Client is not enhanced.

------------------------------------------------------------------------------------------------------------------------

[2017-03-31 15:49:24 #1 store] 
Database 'C:\Users\rivas\git\wsruralhouse-2017\resources\ruralHouses.odb' is opened by 4732@AsusX54H

[2017-03-31 15:49:24 #2 type] 
Type domain.RuralHouse is not enhanced.

[2017-03-31 15:49:24 #3 type] 
Type domain.Owner is not enhanced.

[2017-03-31 15:49:24 #4 type] 
Type domain.Offer is not enhanced.

[2017-03-31 15:49:24 #5 type] 
Type domain.Client is not enhanced.

------------------------------------------------------------------------------------------------------------------------

[2017-03-31 15:49:42 #1 store] 
Database 'C:\Users\rivas\git\wsruralhouse-2017\resources\ruralHouses.odb' is opened by 13400@AsusX54H

[2017-03-31 15:49:43 #2 type] 
Type domain.RuralHouse is not enhanced.

[2017-03-31 15:49:43 #3 type] 
Type domain.Owner is not enhanced.

[2017-03-31 15:49:43 #4 type] 
Type domain.Offer is not enhanced.

[2017-03-31 15:49:43 #5 type] 
Type domain.Client is not enhanced.

------------------------------------------------------------------------------------------------------------------------

[2017-03-31 15:50:07 #1 store] 
Database 'C:\Users\rivas\git\wsruralhouse-2017\resources\ruralHouses.odb' is opened by 8672@AsusX54H

[2017-03-31 15:50:08 #2 type] 
Type domain.RuralHouse is not enhanced.

[2017-03-31 15:50:08 #3 type] 
Type domain.Owner is not enhanced.

[2017-03-31 15:50:08 #4 type] 
Type domain.Offer is not enhanced.

[2017-03-31 15:50:08 #5 type] 
Type domain.Client is not enhanced.

------------------------------------------------------------------------------------------------------------------------

[2017-03-31 15:55:21 #1 store] 
Database 'C:\Users\rivas\git\wsruralhouse-2017\resources\ruralHouses.odb' is opened by 11848@AsusX54H

[2017-03-31 15:55:21 #2 type] 
Type domain.RuralHouse is not enhanced.

[2017-03-31 15:55:21 #3 type] 
Type domain.Owner is not enhanced.

[2017-03-31 15:55:21 #4 type] 
Type domain.Offer is not enhanced.

[2017-03-31 15:55:21 #5 type] 
Type domain.Client is not enhanced.

------------------------------------------------------------------------------------------------------------------------

[2017-03-31 16:00:30 #1 store] 
Database 'C:\Users\rivas\git\wsruralhouse-2017\resources\ruralHouses.odb' is opened by 7956@AsusX54H

[2017-03-31 16:00:30 #2 type] 
Type domain.RuralHouse is not enhanced.

[2017-03-31 16:00:30 #3 type] 
Type domain.Owner is not enhanced.

[2017-03-31 16:00:30 #4 type] 
Type domain.Offer is not enhanced.

[2017-03-31 16:00:30 #5 type] 
Type domain.Client is not enhanced.

------------------------------------------------------------------------------------------------------------------------

[2017-03-31 16:01:17 #1 store] 
Database 'C:\Users\rivas\git\wsruralhouse-2017\resources\ruralHouses.odb' is opened by 3964@AsusX54H

[2017-03-31 16:01:17 #2 type] 
Type domain.RuralHouse is not enhanced.

[2017-03-31 16:01:17 #3 type] 
Type domain.Owner is not enhanced.

[2017-03-31 16:01:17 #4 type] 
Type domain.Offer is not enhanced.

[2017-03-31 16:01:17 #5 type] 
Type domain.Client is not enhanced.

------------------------------------------------------------------------------------------------------------------------

[2017-03-31 16:02:17 #1 store] 
Database 'C:\Users\rivas\git\wsruralhouse-2017\resources\ruralHouses.odb' is opened by 4544@AsusX54H

[2017-03-31 16:02:17 #2 type] 
Type domain.RuralHouse is not enhanced.

[2017-03-31 16:02:17 #3 type] 
Type domain.Owner is not enhanced.

[2017-03-31 16:02:17 #4 type] 
Type domain.Offer is not enhanced.

[2017-03-31 16:02:17 #5 type] 
Type domain.Client is not enhanced.

------------------------------------------------------------------------------------------------------------------------

[2017-03-31 16:03:50 #1 store] 
Database 'C:\Users\rivas\git\wsruralhouse-2017\resources\ruralHouses.odb' is opened by 12036@AsusX54H

[2017-03-31 16:03:50 #2 type] 
Type domain.RuralHouse is not enhanced.

[2017-03-31 16:03:50 #3 type] 
Type domain.Owner is not enhanced.

[2017-03-31 16:03:50 #4 type] 
Type domain.Offer is not enhanced.

[2017-03-31 16:03:50 #5 type] 
Type domain.Client is not enhanced.

------------------------------------------------------------------------------------------------------------------------

[2017-03-31 16:05:56 #1 store] 
Database 'C:\Users\rivas\git\wsruralhouse-2017\resources\ruralHouses.odb' is opened by 12600@AsusX54H

[2017-03-31 16:05:57 #2 type] 
Type domain.RuralHouse is not enhanced.

[2017-03-31 16:05:57 #3 type] 
Type domain.Owner is not enhanced.

[2017-03-31 16:05:57 #4 type] 
Type domain.Offer is not enhanced.

[2017-03-31 16:05:57 #5 type] 
Type domain.Client is not enhanced.

------------------------------------------------------------------------------------------------------------------------

[2017-03-31 16:09:03 #1 store] 
Database 'C:\Users\rivas\git\wsruralhouse-2017\resources\ruralHouses.odb' is opened by 10596@AsusX54H

[2017-03-31 16:09:03 #2 type] 
Type domain.RuralHouse is not enhanced.

[2017-03-31 16:09:03 #3 type] 
Type domain.Owner is not enhanced.

[2017-03-31 16:09:03 #4 type] 
Type domain.Offer is not enhanced.

[2017-03-31 16:09:03 #5 type] 
Type domain.Client is not enhanced.

------------------------------------------------------------------------------------------------------------------------

[2017-03-31 16:10:45 #1 store] 
Database 'C:\Users\rivas\git\wsruralhouse-2017\resources\ruralHouses.odb' is opened by 9128@AsusX54H

[2017-03-31 16:10:46 #2 type] 
Type domain.RuralHouse is not enhanced.

[2017-03-31 16:10:46 #3 type] 
Type domain.Owner is not enhanced.

[2017-03-31 16:10:46 #4 type] 
Type domain.Offer is not enhanced.

[2017-03-31 16:10:46 #5 type] 
Type domain.Client is not enhanced.

------------------------------------------------------------------------------------------------------------------------

[2017-03-31 16:32:35 #1 store] 
Database 'C:\Users\rivas\git\wsruralhouse-2017\resources\ruralHouses.odb' is opened by 4060@AsusX54H

[2017-03-31 16:32:35 #2 type] 
Type domain.RuralHouse is not enhanced.

[2017-03-31 16:32:35 #3 type] 
Type domain.Owner is not enhanced.

[2017-03-31 16:32:35 #4 type] 
Type domain.Offer is not enhanced.

[2017-03-31 16:32:35 #5 type] 
Type domain.Client is not enhanced.

------------------------------------------------------------------------------------------------------------------------

[2017-03-31 16:33:03 #1 store] 
Database 'C:\Users\rivas\git\wsruralhouse-2017\resources\ruralHouses.odb' is opened by 3424@AsusX54H

[2017-03-31 16:33:03 #2 type] 
Type domain.RuralHouse is not enhanced.

[2017-03-31 16:33:03 #3 type] 
Type domain.Owner is not enhanced.

[2017-03-31 16:33:03 #4 type] 
Type domain.Offer is not enhanced.

[2017-03-31 16:33:03 #5 type] 
Type domain.Client is not enhanced.

------------------------------------------------------------------------------------------------------------------------

[2017-03-31 16:34:54 #1 store] 
Database 'C:\Users\rivas\git\wsruralhouse-2017\resources\ruralHouses.odb' is opened by 8496@AsusX54H

[2017-03-31 16:34:54 #2 type] 
Type domain.RuralHouse is not enhanced.

[2017-03-31 16:34:54 #3 type] 
Type domain.Owner is not enhanced.

[2017-03-31 16:34:54 #4 type] 
Type domain.Offer is not enhanced.

[2017-03-31 16:34:54 #5 type] 
Type domain.Client is not enhanced.

------------------------------------------------------------------------------------------------------------------------

[2017-03-31 16:36:07 #1 store] 
Database 'C:\Users\rivas\git\wsruralhouse-2017\resources\ruralHouses.odb' is opened by 1076@AsusX54H

[2017-03-31 16:36:07 #2 type] 
Type domain.RuralHouse is not enhanced.

[2017-03-31 16:36:07 #3 type] 
Type domain.Owner is not enhanced.

[2017-03-31 16:36:07 #4 type] 
Type domain.Offer is not enhanced.

[2017-03-31 16:36:07 #5 type] 
Type domain.Client is not enhanced.

------------------------------------------------------------------------------------------------------------------------

[2017-03-31 16:36:30 #1 store] 
Database 'C:\Users\rivas\git\wsruralhouse-2017\resources\ruralHouses.odb' is opened by 6560@AsusX54H

[2017-03-31 16:36:30 #2 type] 
Type domain.RuralHouse is not enhanced.

[2017-03-31 16:36:30 #3 type] 
Type domain.Owner is not enhanced.

[2017-03-31 16:36:31 #4 type] 
Type domain.Offer is not enhanced.

[2017-03-31 16:36:31 #5 type] 
Type domain.Client is not enhanced.

------------------------------------------------------------------------------------------------------------------------

[2017-03-31 17:00:36 #1 store] 
Database 'C:\Users\rivas\git\wsruralhouse-2017\resources\ruralHouses.odb' is opened by 2956@AsusX54H

[2017-03-31 17:00:36 #2 type] 
Type domain.RuralHouse is not enhanced.

[2017-03-31 17:00:36 #3 type] 
Type domain.Owner is not enhanced.

[2017-03-31 17:00:36 #4 type] 
Type domain.Offer is not enhanced.

[2017-03-31 17:00:36 #5 type] 
Type domain.Client is not enhanced.

------------------------------------------------------------------------------------------------------------------------

[2017-03-31 17:15:39 #1 store] 
Database 'C:\Users\rivas\git\wsruralhouse-2017\resources\ruralHouses.odb' is opened by 6192@AsusX54H

[2017-03-31 17:15:39 #2 type] 
Type domain.RuralHouse is not enhanced.

[2017-03-31 17:15:40 #3 type] 
Type domain.Owner is not enhanced.

[2017-03-31 17:15:40 #4 type] 
Type domain.Offer is not enhanced.

[2017-03-31 17:15:40 #5 type] 
Type domain.Client is not enhanced.

