------------------------------------------------------------------------------------------------------------------------

[2017-05-17 12:06:49 #1 store] 
Database 'C:\Users\rivas\git\wsruralhouse-2017\resources\ruralHouses.odb' is opened by 9760@AsusX54H

[2017-05-17 12:06:49 #2 type] 
Type domain.RuralHouse is not enhanced.

[2017-05-17 12:06:49 #3 type] 
Type domain.Owner is not enhanced.

[2017-05-17 12:06:49 #4 type] 
Type domain.Offer is not enhanced.

[2017-05-17 12:06:49 #5 type] 
Type domain.Client is not enhanced.

[2017-05-17 12:06:49 #6 type] 
Type domain.User is not enhanced.

[2017-05-17 12:06:49 #7 type] 
Type domain.Conversation is not enhanced.

[2017-05-17 12:06:49 #8 type] 
Type domain.Admin is not enhanced.

------------------------------------------------------------------------------------------------------------------------

[2017-05-17 12:25:29 #1 store] 
Database 'C:\Users\rivas\git\wsruralhouse-2017\resources\ruralHouses.odb' is opened by 2976@AsusX54H

[2017-05-17 12:25:29 #2 type] 
Type domain.RuralHouse is not enhanced.

[2017-05-17 12:25:29 #3 type] 
Type domain.Owner is not enhanced.

[2017-05-17 12:25:29 #4 type] 
Type domain.Offer is not enhanced.

[2017-05-17 12:25:29 #5 type] 
Type domain.Client is not enhanced.

[2017-05-17 12:25:29 #6 type] 
Type domain.User is not enhanced.

[2017-05-17 12:25:29 #7 type] 
Type domain.Conversation is not enhanced.

[2017-05-17 12:25:29 #8 type] 
Type domain.Admin is not enhanced.

------------------------------------------------------------------------------------------------------------------------

[2017-05-17 12:30:20 #1 store] 
Database 'C:\Users\rivas\git\wsruralhouse-2017\resources\ruralHouses.odb' has been recovered (tr. 747-749)

[2017-05-17 12:30:21 #2 store] 
Database 'C:\Users\rivas\git\wsruralhouse-2017\resources\ruralHouses.odb' is opened by 5108@AsusX54H

[2017-05-17 12:30:21 #3 type] 
Type domain.RuralHouse is not enhanced.

[2017-05-17 12:30:21 #4 type] 
Type domain.Owner is not enhanced.

[2017-05-17 12:30:21 #5 type] 
Type domain.Offer is not enhanced.

[2017-05-17 12:30:21 #6 type] 
Type domain.Client is not enhanced.

[2017-05-17 12:30:21 #7 type] 
Type domain.User is not enhanced.

[2017-05-17 12:30:21 #8 type] 
Type domain.Conversation is not enhanced.

[2017-05-17 12:30:21 #9 type] 
Type domain.Admin is not enhanced.

------------------------------------------------------------------------------------------------------------------------

[2017-05-17 12:33:49 #1 store] 
Database 'C:\Users\rivas\git\wsruralhouse-2017\resources\ruralHouses.odb' is opened by 9528@AsusX54H

[2017-05-17 12:33:49 #2 type] 
Type domain.RuralHouse is not enhanced.

[2017-05-17 12:33:49 #3 type] 
Type domain.Owner is not enhanced.

[2017-05-17 12:33:49 #4 type] 
Type domain.Offer is not enhanced.

[2017-05-17 12:33:49 #5 type] 
Type domain.Client is not enhanced.

[2017-05-17 12:33:49 #6 type] 
Type domain.User is not enhanced.

[2017-05-17 12:33:49 #7 type] 
Type domain.Conversation is not enhanced.

[2017-05-17 12:33:49 #8 type] 
Type domain.Admin is not enhanced.

------------------------------------------------------------------------------------------------------------------------

[2017-05-17 12:49:21 #1 store] 
Database 'C:\Users\rivas\git\wsruralhouse-2017\resources\ruralHouses.odb' is opened by 2580@AsusX54H

[2017-05-17 12:49:21 #2 type] 
Type domain.RuralHouse is not enhanced.

[2017-05-17 12:49:21 #3 type] 
Type domain.Owner is not enhanced.

[2017-05-17 12:49:21 #4 type] 
Type domain.Offer is not enhanced.

[2017-05-17 12:49:21 #5 type] 
Type domain.Client is not enhanced.

[2017-05-17 12:49:21 #6 type] 
Type domain.User is not enhanced.

[2017-05-17 12:49:21 #7 type] 
Type domain.Conversation is not enhanced.

[2017-05-17 12:49:22 #8 type] 
Type domain.Admin is not enhanced.

------------------------------------------------------------------------------------------------------------------------

[2017-05-17 12:51:33 #1 store] 
Database 'C:\Users\rivas\git\wsruralhouse-2017\resources\ruralHouses.odb' is opened by 9232@AsusX54H

[2017-05-17 12:51:33 #2 type] 
Type domain.RuralHouse is not enhanced.

[2017-05-17 12:51:33 #3 type] 
Type domain.Owner is not enhanced.

[2017-05-17 12:51:33 #4 type] 
Type domain.Offer is not enhanced.

[2017-05-17 12:51:33 #5 type] 
Type domain.Client is not enhanced.

[2017-05-17 12:51:33 #6 type] 
Type domain.User is not enhanced.

[2017-05-17 12:51:33 #7 type] 
Type domain.Conversation is not enhanced.

[2017-05-17 12:51:33 #8 type] 
Type domain.Admin is not enhanced.

------------------------------------------------------------------------------------------------------------------------

[2017-05-17 12:52:53 #1 store] 
Database 'C:\Users\rivas\git\wsruralhouse-2017\resources\ruralHouses.odb' is opened by 1164@AsusX54H

[2017-05-17 12:52:53 #2 type] 
Type domain.RuralHouse is not enhanced.

[2017-05-17 12:52:53 #3 type] 
Type domain.Owner is not enhanced.

[2017-05-17 12:52:53 #4 type] 
Type domain.Offer is not enhanced.

[2017-05-17 12:52:53 #5 type] 
Type domain.Client is not enhanced.

[2017-05-17 12:52:53 #6 type] 
Type domain.User is not enhanced.

[2017-05-17 12:52:53 #7 type] 
Type domain.Conversation is not enhanced.

[2017-05-17 12:52:53 #8 type] 
Type domain.Admin is not enhanced.

------------------------------------------------------------------------------------------------------------------------

[2017-05-17 12:53:38 #1 store] 
Database 'C:\Users\rivas\git\wsruralhouse-2017\resources\ruralHouses.odb' is opened by 10384@AsusX54H

[2017-05-17 12:53:38 #2 type] 
Type domain.RuralHouse is not enhanced.

[2017-05-17 12:53:38 #3 type] 
Type domain.Owner is not enhanced.

[2017-05-17 12:53:38 #4 type] 
Type domain.Offer is not enhanced.

[2017-05-17 12:53:38 #5 type] 
Type domain.Client is not enhanced.

[2017-05-17 12:53:38 #6 type] 
Type domain.User is not enhanced.

[2017-05-17 12:53:38 #7 type] 
Type domain.Conversation is not enhanced.

[2017-05-17 12:53:38 #8 type] 
Type domain.Admin is not enhanced.

------------------------------------------------------------------------------------------------------------------------

[2017-05-17 14:09:15 #1 store] 
Database 'C:\Users\rivas\git\wsruralhouse-2017\resources\ruralHouses.odb' is opened by 2688@AsusX54H

[2017-05-17 14:09:15 #2 type] 
Type domain.RuralHouse is not enhanced.

[2017-05-17 14:09:15 #3 type] 
Type domain.Owner is not enhanced.

[2017-05-17 14:09:15 #4 type] 
Type domain.Offer is not enhanced.

[2017-05-17 14:09:15 #5 type] 
Type domain.Client is not enhanced.

[2017-05-17 14:09:16 #6 type] 
Type domain.User is not enhanced.

[2017-05-17 14:09:16 #7 type] 
Type domain.Conversation is not enhanced.

[2017-05-17 14:09:16 #8 type] 
Type domain.Admin is not enhanced.

------------------------------------------------------------------------------------------------------------------------

[2017-05-17 14:13:06 #1 store] 
Database 'C:\Users\rivas\git\wsruralhouse-2017\resources\ruralHouses.odb' has been recovered (tr. 745-746)

[2017-05-17 14:13:06 #2 store] 
Database 'C:\Users\rivas\git\wsruralhouse-2017\resources\ruralHouses.odb' is opened by 6752@AsusX54H

[2017-05-17 14:13:07 #3 type] 
Type domain.RuralHouse is not enhanced.

[2017-05-17 14:13:07 #4 type] 
Type domain.Owner is not enhanced.

[2017-05-17 14:13:07 #5 type] 
Type domain.Offer is not enhanced.

[2017-05-17 14:13:07 #6 type] 
Type domain.Client is not enhanced.

[2017-05-17 14:13:07 #7 type] 
Type domain.User is not enhanced.

[2017-05-17 14:13:07 #8 type] 
Type domain.Conversation is not enhanced.

[2017-05-17 14:13:07 #9 type] 
Type domain.Admin is not enhanced.

------------------------------------------------------------------------------------------------------------------------

[2017-05-17 14:23:14 #1 store] 
Database 'C:\Users\rivas\git\wsruralhouse-2017\resources\ruralHouses.odb' is opened by 9296@AsusX54H

[2017-05-17 14:23:15 #2 type] 
Type domain.RuralHouse is not enhanced.

[2017-05-17 14:23:15 #3 type] 
Type domain.Owner is not enhanced.

[2017-05-17 14:23:15 #4 type] 
Type domain.Offer is not enhanced.

[2017-05-17 14:23:15 #5 type] 
Type domain.Client is not enhanced.

[2017-05-17 14:23:15 #6 type] 
Type domain.User is not enhanced.

[2017-05-17 14:23:15 #7 type] 
Type domain.Conversation is not enhanced.

[2017-05-17 14:23:15 #8 type] 
Type domain.Admin is not enhanced.

