------------------------------------------------------------------------------------------------------------------------

[2017-02-26 14:08:11 #1 store] 
Database 'C:\Users\rivas\git\WSRuralHouse-2017\resources\ruralHouses.odb' has been recovered (tr. 21-21)

[2017-02-26 14:08:12 #2 store] 
Database 'C:\Users\rivas\git\WSRuralHouse-2017\resources\ruralHouses.odb' is opened by 9532@AsusX54H

[2017-02-26 14:08:12 #3 type] 
Type domain.RuralHouse is not enhanced.

[2017-02-26 14:08:12 #4 type] 
Type domain.Offer is not enhanced.

------------------------------------------------------------------------------------------------------------------------

[2017-02-26 14:08:30 #1 store] 
Database 'C:\Users\rivas\git\WSRuralHouse-2017\resources\ruralHouses.odb' has been recovered (tr. 22-22)

[2017-02-26 14:08:30 #2 store] 
Database 'C:\Users\rivas\git\WSRuralHouse-2017\resources\ruralHouses.odb' is opened by 8992@AsusX54H

[2017-02-26 14:08:30 #3 type] 
Type domain.RuralHouse is not enhanced.

[2017-02-26 14:08:30 #4 type] 
Type domain.Offer is not enhanced.

------------------------------------------------------------------------------------------------------------------------

[2017-02-26 15:55:06 #1 store] 
Database 'C:\Users\rivas\git\WSRuralHouse-2017\resources\ruralHouses.odb' has been recovered (tr. 21-21)

[2017-02-26 15:55:07 #2 store] 
Database 'C:\Users\rivas\git\WSRuralHouse-2017\resources\ruralHouses.odb' is opened by 9056@AsusX54H

[2017-02-26 15:55:07 #3 type] 
Type domain.RuralHouse is not enhanced.

[2017-02-26 15:55:07 #4 type] 
Type domain.Offer is not enhanced.

------------------------------------------------------------------------------------------------------------------------

[2017-02-26 15:55:22 #1 store] 
Database 'C:\Users\rivas\git\WSRuralHouse-2017\resources\ruralHouses.odb' has been recovered (tr. 22-22)

[2017-02-26 15:55:23 #2 store] 
Database 'C:\Users\rivas\git\WSRuralHouse-2017\resources\ruralHouses.odb' is opened by 8068@AsusX54H

[2017-02-26 15:55:23 #3 type] 
Type domain.RuralHouse is not enhanced.

[2017-02-26 15:55:23 #4 type] 
Type domain.Offer is not enhanced.

------------------------------------------------------------------------------------------------------------------------

[2017-02-26 16:09:30 #1 store] 
Database 'C:\Users\rivas\git\WSRuralHouse-2017\resources\ruralHouses.odb' has been recovered (tr. 23-23)

[2017-02-26 16:09:30 #2 store] 
Database 'C:\Users\rivas\git\WSRuralHouse-2017\resources\ruralHouses.odb' is opened by 4352@AsusX54H

[2017-02-26 16:09:30 #3 type] 
Type domain.RuralHouse is not enhanced.

[2017-02-26 16:09:30 #4 type] 
Type domain.Offer is not enhanced.

------------------------------------------------------------------------------------------------------------------------

[2017-02-26 16:16:43 #1 store] 
Database 'C:\Users\rivas\git\WSRuralHouse-2017\resources\ruralHouses.odb' has been recovered (tr. 24-24)

[2017-02-26 16:16:43 #2 store] 
Database 'C:\Users\rivas\git\WSRuralHouse-2017\resources\ruralHouses.odb' is opened by 4260@AsusX54H

[2017-02-26 16:16:43 #3 type] 
Type domain.RuralHouse is not enhanced.

[2017-02-26 16:16:43 #4 type] 
Type domain.Offer is not enhanced.

------------------------------------------------------------------------------------------------------------------------

[2017-02-26 16:22:07 #1 store] 
Database 'C:\Users\rivas\git\WSRuralHouse-2017\resources\ruralHouses.odb' has been recovered (tr. 25-25)

[2017-02-26 16:22:07 #2 store] 
Database 'C:\Users\rivas\git\WSRuralHouse-2017\resources\ruralHouses.odb' is opened by 7296@AsusX54H

[2017-02-26 16:22:08 #3 type] 
Type domain.RuralHouse is not enhanced.

[2017-02-26 16:22:08 #4 type] 
Type domain.Offer is not enhanced.

------------------------------------------------------------------------------------------------------------------------

[2017-02-26 16:23:45 #1 store] 
Database 'C:\Users\rivas\git\WSRuralHouse-2017\resources\ruralHouses.odb' has been recovered (tr. 26-26)

[2017-02-26 16:23:45 #2 store] 
Database 'C:\Users\rivas\git\WSRuralHouse-2017\resources\ruralHouses.odb' is opened by 9356@AsusX54H

[2017-02-26 16:23:45 #3 type] 
Type domain.RuralHouse is not enhanced.

[2017-02-26 16:23:45 #4 type] 
Type domain.Offer is not enhanced.

------------------------------------------------------------------------------------------------------------------------

[2017-02-26 16:25:10 #1 store] 
Database 'C:\Users\rivas\git\WSRuralHouse-2017\resources\ruralHouses.odb' has been recovered (tr. 27-27)

[2017-02-26 16:25:10 #2 store] 
Database 'C:\Users\rivas\git\WSRuralHouse-2017\resources\ruralHouses.odb' is opened by 4504@AsusX54H

[2017-02-26 16:25:10 #3 type] 
Type domain.RuralHouse is not enhanced.

[2017-02-26 16:25:10 #4 type] 
Type domain.Offer is not enhanced.

------------------------------------------------------------------------------------------------------------------------

[2017-02-26 16:26:07 #1 store] 
Database 'C:\Users\rivas\git\WSRuralHouse-2017\resources\ruralHouses.odb' has been recovered (tr. 28-28)

[2017-02-26 16:26:07 #2 store] 
Database 'C:\Users\rivas\git\WSRuralHouse-2017\resources\ruralHouses.odb' is opened by 9976@AsusX54H

[2017-02-26 16:26:07 #3 type] 
Type domain.RuralHouse is not enhanced.

[2017-02-26 16:26:07 #4 type] 
Type domain.Offer is not enhanced.

------------------------------------------------------------------------------------------------------------------------

[2017-02-26 16:28:03 #1 store] 
Database 'C:\Users\rivas\git\WSRuralHouse-2017\resources\ruralHouses.odb' has been recovered (tr. 29-29)

[2017-02-26 16:28:03 #2 store] 
Database 'C:\Users\rivas\git\WSRuralHouse-2017\resources\ruralHouses.odb' is opened by 9444@AsusX54H

[2017-02-26 16:28:03 #3 type] 
Type domain.RuralHouse is not enhanced.

[2017-02-26 16:28:03 #4 type] 
Type domain.Offer is not enhanced.

------------------------------------------------------------------------------------------------------------------------

[2017-02-26 16:32:34 #1 store] 
Database 'C:\Users\rivas\git\WSRuralHouse-2017\resources\ruralHouses.odb' has been recovered (tr. 30-30)

[2017-02-26 16:32:34 #2 store] 
Database 'C:\Users\rivas\git\WSRuralHouse-2017\resources\ruralHouses.odb' is opened by 4272@AsusX54H

[2017-02-26 16:32:34 #3 type] 
Type domain.RuralHouse is not enhanced.

[2017-02-26 16:32:34 #4 type] 
Type domain.Offer is not enhanced.

[2017-02-26 16:32:47 #5 type.registry] 
New type domain.Client

[2017-02-26 16:32:47 #6 type] 
Type domain.Client is not enhanced.

[2017-02-26 16:32:47 #7 type.registry] 
New type char[]

------------------------------------------------------------------------------------------------------------------------

[2017-02-26 16:33:25 #1 store] 
Database 'C:\Users\rivas\git\WSRuralHouse-2017\resources\ruralHouses.odb' has been recovered (tr. 31-32)

[2017-02-26 16:33:25 #2 store] 
Database 'C:\Users\rivas\git\WSRuralHouse-2017\resources\ruralHouses.odb' is opened by 4048@AsusX54H

[2017-02-26 16:33:25 #3 type] 
Type domain.RuralHouse is not enhanced.

[2017-02-26 16:33:25 #4 type] 
Type domain.Offer is not enhanced.

[2017-02-26 16:33:25 #5 type] 
Type domain.Client is not enhanced.

------------------------------------------------------------------------------------------------------------------------

[2017-02-26 16:34:02 #1 store] 
Database 'C:\Users\rivas\git\WSRuralHouse-2017\resources\ruralHouses.odb' has been recovered (tr. 33-33)

[2017-02-26 16:34:02 #2 store] 
Database 'C:\Users\rivas\git\WSRuralHouse-2017\resources\ruralHouses.odb' is opened by 6084@AsusX54H

[2017-02-26 16:34:02 #3 type] 
Type domain.RuralHouse is not enhanced.

[2017-02-26 16:34:02 #4 type] 
Type domain.Offer is not enhanced.

[2017-02-26 16:34:02 #5 type] 
Type domain.Client is not enhanced.

------------------------------------------------------------------------------------------------------------------------

[2017-02-26 16:35:36 #1 store] 
Database 'C:\Users\rivas\git\WSRuralHouse-2017\resources\ruralHouses.odb' has been recovered (tr. 34-34)

[2017-02-26 16:35:36 #2 store] 
Database 'C:\Users\rivas\git\WSRuralHouse-2017\resources\ruralHouses.odb' is opened by 6768@AsusX54H

[2017-02-26 16:35:36 #3 type] 
Type domain.RuralHouse is not enhanced.

[2017-02-26 16:35:36 #4 type] 
Type domain.Offer is not enhanced.

[2017-02-26 16:35:36 #5 type] 
Type domain.Client is not enhanced.

------------------------------------------------------------------------------------------------------------------------

[2017-02-26 16:36:32 #1 store] 
Database 'C:\Users\rivas\git\WSRuralHouse-2017\resources\ruralHouses.odb' has been recovered (tr. 35-35)

[2017-02-26 16:36:32 #2 store] 
Database 'C:\Users\rivas\git\WSRuralHouse-2017\resources\ruralHouses.odb' is opened by 10184@AsusX54H

[2017-02-26 16:36:32 #3 type] 
Type domain.RuralHouse is not enhanced.

[2017-02-26 16:36:32 #4 type] 
Type domain.Offer is not enhanced.

[2017-02-26 16:36:32 #5 type] 
Type domain.Client is not enhanced.

------------------------------------------------------------------------------------------------------------------------

[2017-02-26 16:37:30 #1 store] 
Database 'C:\Users\rivas\git\WSRuralHouse-2017\resources\ruralHouses.odb' has been recovered (tr. 36-36)

[2017-02-26 16:37:30 #2 store] 
Database 'C:\Users\rivas\git\WSRuralHouse-2017\resources\ruralHouses.odb' is opened by 8356@AsusX54H

[2017-02-26 16:37:30 #3 type] 
Type domain.RuralHouse is not enhanced.

[2017-02-26 16:37:30 #4 type] 
Type domain.Offer is not enhanced.

[2017-02-26 16:37:30 #5 type] 
Type domain.Client is not enhanced.

[2017-02-26 16:37:40 #6 type.registry] 
New type domain.Owner

[2017-02-26 16:37:40 #7 type] 
Type domain.Owner is not enhanced.

[2017-02-26 16:37:40 #8 type.registry] 
New type java.util.Vector<domain.RuralHouse>

------------------------------------------------------------------------------------------------------------------------

[2017-02-26 16:40:42 #1 store] 
Database 'C:\Users\rivas\git\WSRuralHouse-2017\resources\ruralHouses.odb' is opened by 8296@AsusX54H

[2017-02-26 16:40:42 #2 type] 
Type domain.RuralHouse is not enhanced.

[2017-02-26 16:40:42 #3 type] 
Type domain.Offer is not enhanced.

[2017-02-26 16:40:42 #4 type] 
Type domain.Client is not enhanced.

[2017-02-26 16:40:42 #5 type] 
Type domain.Owner is not enhanced.

------------------------------------------------------------------------------------------------------------------------

[2017-02-26 16:57:30 #1 store] 
Database 'C:\Users\rivas\git\WSRuralHouse-2017\resources\ruralHouses.odb' has been recovered (tr. 41-42)

[2017-02-26 16:57:30 #2 store] 
Database 'C:\Users\rivas\git\WSRuralHouse-2017\resources\ruralHouses.odb' is opened by 1264@AsusX54H

[2017-02-26 16:57:31 #3 type] 
Type domain.RuralHouse is not enhanced.

[2017-02-26 16:57:31 #4 type] 
Type domain.Offer is not enhanced.

[2017-02-26 16:57:31 #5 type] 
Type domain.Client is not enhanced.

[2017-02-26 16:57:31 #6 type] 
Type domain.Owner is not enhanced.

------------------------------------------------------------------------------------------------------------------------

[2017-02-26 16:58:34 #1 store] 
Database 'C:\Users\rivas\git\WSRuralHouse-2017\resources\ruralHouses.odb' has been recovered (tr. 43-43)

[2017-02-26 16:58:34 #2 store] 
Database 'C:\Users\rivas\git\WSRuralHouse-2017\resources\ruralHouses.odb' is opened by 1608@AsusX54H

[2017-02-26 16:58:34 #3 type] 
Type domain.RuralHouse is not enhanced.

[2017-02-26 16:58:34 #4 type] 
Type domain.Offer is not enhanced.

[2017-02-26 16:58:34 #5 type] 
Type domain.Client is not enhanced.

[2017-02-26 16:58:34 #6 type] 
Type domain.Owner is not enhanced.

------------------------------------------------------------------------------------------------------------------------

[2017-02-26 16:59:01 #1 store] 
Database 'C:\Users\rivas\git\WSRuralHouse-2017\resources\ruralHouses.odb' has been recovered (tr. 44-46)

[2017-02-26 16:59:02 #2 store] 
Database 'C:\Users\rivas\git\WSRuralHouse-2017\resources\ruralHouses.odb' is opened by 6512@AsusX54H

[2017-02-26 16:59:02 #3 type] 
Type domain.RuralHouse is not enhanced.

[2017-02-26 16:59:02 #4 type] 
Type domain.Offer is not enhanced.

[2017-02-26 16:59:02 #5 type] 
Type domain.Client is not enhanced.

[2017-02-26 16:59:02 #6 type] 
Type domain.Owner is not enhanced.

------------------------------------------------------------------------------------------------------------------------

[2017-02-26 17:00:59 #1 store] 
Database 'C:\Users\rivas\git\WSRuralHouse-2017\resources\ruralHouses.odb' has been recovered (tr. 47-47)

[2017-02-26 17:00:59 #2 store] 
Database 'C:\Users\rivas\git\WSRuralHouse-2017\resources\ruralHouses.odb' is opened by 428@AsusX54H

[2017-02-26 17:00:59 #3 type] 
Type domain.RuralHouse is not enhanced.

[2017-02-26 17:00:59 #4 type] 
Type domain.Offer is not enhanced.

[2017-02-26 17:00:59 #5 type] 
Type domain.Client is not enhanced.

[2017-02-26 17:00:59 #6 type] 
Type domain.Owner is not enhanced.

------------------------------------------------------------------------------------------------------------------------

[2017-02-26 17:03:22 #1 store] 
Database 'C:\Users\rivas\git\WSRuralHouse-2017\resources\ruralHouses.odb' is opened by 9680@AsusX54H

[2017-02-26 17:03:22 #2 type] 
Type domain.RuralHouse is not enhanced.

[2017-02-26 17:03:22 #3 type] 
Type domain.Offer is not enhanced.

[2017-02-26 17:03:22 #4 type] 
Type domain.Client is not enhanced.

[2017-02-26 17:03:22 #5 type] 
Type domain.Owner is not enhanced.

------------------------------------------------------------------------------------------------------------------------

[2017-02-26 17:03:52 #1 store] 
Database 'C:\Users\rivas\git\WSRuralHouse-2017\resources\ruralHouses.odb' has been recovered (tr. 49-51)

[2017-02-26 17:03:52 #2 store] 
Database 'C:\Users\rivas\git\WSRuralHouse-2017\resources\ruralHouses.odb' is opened by 1928@AsusX54H

[2017-02-26 17:03:52 #3 type] 
Type domain.RuralHouse is not enhanced.

[2017-02-26 17:03:52 #4 type] 
Type domain.Offer is not enhanced.

[2017-02-26 17:03:52 #5 type] 
Type domain.Client is not enhanced.

[2017-02-26 17:03:52 #6 type] 
Type domain.Owner is not enhanced.

------------------------------------------------------------------------------------------------------------------------

[2017-02-26 17:03:58 #1 store] 
Database 'C:\Users\rivas\git\WSRuralHouse-2017\resources\ruralHouses.odb' has been recovered (tr. 52-52)

[2017-02-26 17:03:59 #2 store] 
Database 'C:\Users\rivas\git\WSRuralHouse-2017\resources\ruralHouses.odb' is opened by 5936@AsusX54H

[2017-02-26 17:03:59 #3 type] 
Type domain.RuralHouse is not enhanced.

[2017-02-26 17:03:59 #4 type] 
Type domain.Offer is not enhanced.

[2017-02-26 17:03:59 #5 type] 
Type domain.Client is not enhanced.

[2017-02-26 17:03:59 #6 type] 
Type domain.Owner is not enhanced.

------------------------------------------------------------------------------------------------------------------------

[2017-02-26 17:11:11 #1 store] 
Database 'C:\Users\rivas\git\WSRuralHouse-2017\resources\ruralHouses.odb' has been recovered (tr. 53-53)

[2017-02-26 17:11:11 #2 store] 
Database 'C:\Users\rivas\git\WSRuralHouse-2017\resources\ruralHouses.odb' is opened by 8196@AsusX54H

[2017-02-26 17:11:12 #3 type] 
Type domain.RuralHouse is not enhanced.

[2017-02-26 17:11:12 #4 type] 
Type domain.Offer is not enhanced.

[2017-02-26 17:11:12 #5 type] 
Type domain.Client is not enhanced.

[2017-02-26 17:11:12 #6 type] 
Type domain.Owner is not enhanced.

------------------------------------------------------------------------------------------------------------------------

[2017-02-26 17:21:02 #1 store] 
Database 'C:\Users\rivas\git\WSRuralHouse-2017\resources\ruralHouses.odb' is opened by 4352@AsusX54H

[2017-02-26 17:21:02 #2 type] 
Type domain.RuralHouse is not enhanced.

[2017-02-26 17:21:02 #3 type] 
Type domain.Offer is not enhanced.

[2017-02-26 17:21:02 #4 type] 
Type domain.Client is not enhanced.

[2017-02-26 17:21:02 #5 type] 
Type domain.Owner is not enhanced.

------------------------------------------------------------------------------------------------------------------------

[2017-02-26 17:22:06 #1 store] 
Database 'C:\Users\rivas\git\WSRuralHouse-2017\resources\ruralHouses.odb' has been recovered (tr. 57-59)

[2017-02-26 17:22:06 #2 store] 
Database 'C:\Users\rivas\git\WSRuralHouse-2017\resources\ruralHouses.odb' is opened by 9060@AsusX54H

[2017-02-26 17:22:06 #3 type] 
Type domain.RuralHouse is not enhanced.

[2017-02-26 17:22:06 #4 type] 
Type domain.Offer is not enhanced.

[2017-02-26 17:22:06 #5 type] 
Type domain.Client is not enhanced.

[2017-02-26 17:22:06 #6 type] 
Type domain.Owner is not enhanced.

------------------------------------------------------------------------------------------------------------------------

[2017-02-26 17:23:36 #1 store] 
Database 'C:\Users\rivas\git\WSRuralHouse-2017\resources\ruralHouses.odb' has been recovered (tr. 60-62)

[2017-02-26 17:23:37 #2 store] 
Database 'C:\Users\rivas\git\WSRuralHouse-2017\resources\ruralHouses.odb' is opened by 4264@AsusX54H

[2017-02-26 17:23:37 #3 type] 
Type domain.RuralHouse is not enhanced.

[2017-02-26 17:23:37 #4 type] 
Type domain.Offer is not enhanced.

[2017-02-26 17:23:37 #5 type] 
Type domain.Client is not enhanced.

[2017-02-26 17:23:37 #6 type] 
Type domain.Owner is not enhanced.

------------------------------------------------------------------------------------------------------------------------

[2017-02-26 17:25:04 #1 store] 
Database 'C:\Users\rivas\git\WSRuralHouse-2017\resources\ruralHouses.odb' has been recovered (tr. 63-65)

[2017-02-26 17:25:04 #2 store] 
Database 'C:\Users\rivas\git\WSRuralHouse-2017\resources\ruralHouses.odb' is opened by 3104@AsusX54H

[2017-02-26 17:25:05 #3 type] 
Type domain.RuralHouse is not enhanced.

[2017-02-26 17:25:05 #4 type] 
Type domain.Offer is not enhanced.

[2017-02-26 17:25:05 #5 type] 
Type domain.Client is not enhanced.

[2017-02-26 17:25:05 #6 type] 
Type domain.Owner is not enhanced.

------------------------------------------------------------------------------------------------------------------------

[2017-02-26 17:32:04 #1 store] 
Database 'C:\Users\rivas\git\WSRuralHouse-2017\resources\ruralHouses.odb' has been recovered (tr. 66-68)

[2017-02-26 17:32:04 #2 store] 
Database 'C:\Users\rivas\git\WSRuralHouse-2017\resources\ruralHouses.odb' is opened by 1848@AsusX54H

[2017-02-26 17:32:04 #3 type] 
Type domain.RuralHouse is not enhanced.

[2017-02-26 17:32:04 #4 type] 
Type domain.Offer is not enhanced.

[2017-02-26 17:32:04 #5 type] 
Type domain.Client is not enhanced.

[2017-02-26 17:32:04 #6 type] 
Type domain.Owner is not enhanced.

------------------------------------------------------------------------------------------------------------------------

[2017-02-26 17:33:53 #1 store] 
Database 'C:\Users\rivas\git\WSRuralHouse-2017\resources\ruralHouses.odb' has been recovered (tr. 69-71)

[2017-02-26 17:33:53 #2 store] 
Database 'C:\Users\rivas\git\WSRuralHouse-2017\resources\ruralHouses.odb' is opened by 9952@AsusX54H

[2017-02-26 17:33:53 #3 type] 
Type domain.RuralHouse is not enhanced.

[2017-02-26 17:33:53 #4 type] 
Type domain.Offer is not enhanced.

[2017-02-26 17:33:53 #5 type] 
Type domain.Client is not enhanced.

[2017-02-26 17:33:53 #6 type] 
Type domain.Owner is not enhanced.

------------------------------------------------------------------------------------------------------------------------

[2017-02-26 17:35:00 #1 store] 
Database 'C:\Users\rivas\git\WSRuralHouse-2017\resources\ruralHouses.odb' is opened by 5184@AsusX54H

[2017-02-26 17:35:00 #2 type] 
Type domain.RuralHouse is not enhanced.

[2017-02-26 17:35:00 #3 type] 
Type domain.Offer is not enhanced.

[2017-02-26 17:35:00 #4 type] 
Type domain.Client is not enhanced.

[2017-02-26 17:35:00 #5 type] 
Type domain.Owner is not enhanced.

------------------------------------------------------------------------------------------------------------------------

[2017-02-26 17:36:24 #1 store] 
Database 'C:\Users\rivas\git\WSRuralHouse-2017\resources\ruralHouses.odb' has been recovered (tr. 73-75)

[2017-02-26 17:36:24 #2 store] 
Database 'C:\Users\rivas\git\WSRuralHouse-2017\resources\ruralHouses.odb' is opened by 9716@AsusX54H

[2017-02-26 17:36:24 #3 type] 
Type domain.RuralHouse is not enhanced.

[2017-02-26 17:36:24 #4 type] 
Type domain.Offer is not enhanced.

[2017-02-26 17:36:24 #5 type] 
Type domain.Client is not enhanced.

[2017-02-26 17:36:24 #6 type] 
Type domain.Owner is not enhanced.

------------------------------------------------------------------------------------------------------------------------

[2017-02-26 17:37:00 #1 store] 
Database 'C:\Users\rivas\git\WSRuralHouse-2017\resources\ruralHouses.odb' is opened by 7200@AsusX54H

[2017-02-26 17:37:00 #2 type] 
Type domain.RuralHouse is not enhanced.

[2017-02-26 17:37:00 #3 type] 
Type domain.Offer is not enhanced.

[2017-02-26 17:37:00 #4 type] 
Type domain.Client is not enhanced.

[2017-02-26 17:37:00 #5 type] 
Type domain.Owner is not enhanced.

------------------------------------------------------------------------------------------------------------------------

[2017-02-26 17:40:23 #1 store] 
Database 'C:\Users\rivas\git\WSRuralHouse-2017\resources\ruralHouses.odb' is opened by 8232@AsusX54H

[2017-02-26 17:40:23 #2 type] 
Type domain.RuralHouse is not enhanced.

[2017-02-26 17:40:23 #3 type] 
Type domain.Offer is not enhanced.

[2017-02-26 17:40:23 #4 type] 
Type domain.Client is not enhanced.

[2017-02-26 17:40:23 #5 type] 
Type domain.Owner is not enhanced.

------------------------------------------------------------------------------------------------------------------------

[2017-02-26 17:56:32 #1 store] 
Database 'C:\Users\rivas\git\WSRuralHouse-2017\resources\ruralHouses.odb' is opened by 9432@AsusX54H

[2017-02-26 17:56:32 #2 type] 
Type domain.RuralHouse is not enhanced.

[2017-02-26 17:56:32 #3 type] 
Type domain.Offer is not enhanced.

[2017-02-26 17:56:32 #4 type] 
Type domain.Client is not enhanced.

[2017-02-26 17:56:32 #5 type] 
Type domain.Owner is not enhanced.

------------------------------------------------------------------------------------------------------------------------

[2017-02-26 18:01:01 #1 store] 
Database 'C:\Users\rivas\git\WSRuralHouse-2017\resources\ruralHouses.odb' has been recovered (tr. 83-84)

[2017-02-26 18:01:01 #2 store] 
Database 'C:\Users\rivas\git\WSRuralHouse-2017\resources\ruralHouses.odb' is opened by 3052@AsusX54H

[2017-02-26 18:01:01 #3 type] 
Type domain.RuralHouse is not enhanced.

[2017-02-26 18:01:01 #4 type] 
Type domain.Offer is not enhanced.

[2017-02-26 18:01:01 #5 type] 
Type domain.Client is not enhanced.

[2017-02-26 18:01:01 #6 type] 
Type domain.Owner is not enhanced.

------------------------------------------------------------------------------------------------------------------------

[2017-02-26 18:23:19 #1 store] 
Database 'C:\Users\rivas\git\WSRuralHouse-2017\resources\ruralHouses.odb' has been recovered (tr. 85-86)

[2017-02-26 18:23:19 #2 store] 
Database 'C:\Users\rivas\git\WSRuralHouse-2017\resources\ruralHouses.odb' is opened by 11016@AsusX54H

[2017-02-26 18:23:19 #3 type] 
Type domain.RuralHouse is not enhanced.

[2017-02-26 18:23:19 #4 type] 
Type domain.Offer is not enhanced.

[2017-02-26 18:23:19 #5 type] 
Type domain.Client is not enhanced.

[2017-02-26 18:23:19 #6 type] 
Type domain.Owner is not enhanced.

------------------------------------------------------------------------------------------------------------------------

[2017-02-26 18:26:44 #1 store] 
Database 'C:\Users\rivas\git\WSRuralHouse-2017\resources\ruralHouses.odb' has been recovered (tr. 87-87)

[2017-02-26 18:26:44 #2 store] 
Database 'C:\Users\rivas\git\WSRuralHouse-2017\resources\ruralHouses.odb' is opened by 9140@AsusX54H

[2017-02-26 18:26:44 #3 type] 
Type domain.RuralHouse is not enhanced.

[2017-02-26 18:26:44 #4 type] 
Type domain.Offer is not enhanced.

[2017-02-26 18:26:44 #5 type] 
Type domain.Client is not enhanced.

[2017-02-26 18:26:44 #6 type] 
Type domain.Owner is not enhanced.

------------------------------------------------------------------------------------------------------------------------

[2017-02-26 18:55:46 #1 store] 
Database 'C:\Users\rivas\git\WSRuralHouse-2017\resources\ruralHouses.odb' is opened by 11624@AsusX54H

[2017-02-26 18:55:46 #2 type] 
Type domain.RuralHouse is not enhanced.

[2017-02-26 18:55:46 #3 type] 
Type domain.Offer is not enhanced.

[2017-02-26 18:55:46 #4 type] 
Type domain.Client is not enhanced.

[2017-02-26 18:55:46 #5 type] 
Type domain.Owner is not enhanced.

------------------------------------------------------------------------------------------------------------------------

[2017-02-26 18:56:02 #1 store] 
Database 'C:\Users\rivas\git\WSRuralHouse-2017\resources\ruralHouses.odb' has been recovered (tr. 90-90)

[2017-02-26 18:56:02 #2 store] 
Database 'C:\Users\rivas\git\WSRuralHouse-2017\resources\ruralHouses.odb' is opened by 9940@AsusX54H

[2017-02-26 18:56:02 #3 type] 
Type domain.RuralHouse is not enhanced.

[2017-02-26 18:56:02 #4 type] 
Type domain.Offer is not enhanced.

[2017-02-26 18:56:02 #5 type] 
Type domain.Client is not enhanced.

[2017-02-26 18:56:02 #6 type] 
Type domain.Owner is not enhanced.

------------------------------------------------------------------------------------------------------------------------

[2017-02-26 18:58:45 #1 store] 
Database 'C:\Users\rivas\git\WSRuralHouse-2017\resources\ruralHouses.odb' has been recovered (tr. 91-91)

[2017-02-26 18:58:45 #2 store] 
Database 'C:\Users\rivas\git\WSRuralHouse-2017\resources\ruralHouses.odb' is opened by 11140@AsusX54H

[2017-02-26 18:58:45 #3 type] 
Type domain.RuralHouse is not enhanced.

[2017-02-26 18:58:45 #4 type] 
Type domain.Offer is not enhanced.

[2017-02-26 18:58:45 #5 type] 
Type domain.Client is not enhanced.

[2017-02-26 18:58:45 #6 type] 
Type domain.Owner is not enhanced.

------------------------------------------------------------------------------------------------------------------------

[2017-02-26 19:05:48 #1 store] 
Database 'C:\Users\rivas\git\WSRuralHouse-2017\resources\ruralHouses.odb' has been recovered (tr. 92-92)

[2017-02-26 19:05:48 #2 store] 
Database 'C:\Users\rivas\git\WSRuralHouse-2017\resources\ruralHouses.odb' is opened by 7728@AsusX54H

[2017-02-26 19:05:48 #3 type] 
Type domain.RuralHouse is not enhanced.

[2017-02-26 19:05:48 #4 type] 
Type domain.Offer is not enhanced.

[2017-02-26 19:05:48 #5 type] 
Type domain.Client is not enhanced.

[2017-02-26 19:05:48 #6 type] 
Type domain.Owner is not enhanced.

------------------------------------------------------------------------------------------------------------------------

[2017-02-26 19:06:14 #1 store] 
Database 'C:\Users\rivas\git\WSRuralHouse-2017\resources\ruralHouses.odb' has been recovered (tr. 93-94)

[2017-02-26 19:06:14 #2 store] 
Database 'C:\Users\rivas\git\WSRuralHouse-2017\resources\ruralHouses.odb' is opened by 3084@AsusX54H

[2017-02-26 19:06:14 #3 type] 
Type domain.RuralHouse is not enhanced.

[2017-02-26 19:06:14 #4 type] 
Type domain.Offer is not enhanced.

[2017-02-26 19:06:14 #5 type] 
Type domain.Client is not enhanced.

[2017-02-26 19:06:14 #6 type] 
Type domain.Owner is not enhanced.

------------------------------------------------------------------------------------------------------------------------

[2017-02-26 19:12:06 #1 store] 
Database 'C:\Users\rivas\git\WSRuralHouse-2017\resources\ruralHouses.odb' has been recovered (tr. 95-97)

[2017-02-26 19:12:06 #2 store] 
Database 'C:\Users\rivas\git\WSRuralHouse-2017\resources\ruralHouses.odb' is opened by 6176@AsusX54H

[2017-02-26 19:12:06 #3 type] 
Type domain.RuralHouse is not enhanced.

[2017-02-26 19:12:06 #4 type] 
Type domain.Offer is not enhanced.

[2017-02-26 19:12:06 #5 type] 
Type domain.Client is not enhanced.

[2017-02-26 19:12:06 #6 type] 
Type domain.Owner is not enhanced.

------------------------------------------------------------------------------------------------------------------------

[2017-02-26 19:12:44 #1 store] 
Database 'C:\Users\rivas\git\WSRuralHouse-2017\resources\ruralHouses.odb' has been recovered (tr. 98-99)

[2017-02-26 19:12:44 #2 store] 
Database 'C:\Users\rivas\git\WSRuralHouse-2017\resources\ruralHouses.odb' is opened by 7392@AsusX54H

[2017-02-26 19:12:44 #3 type] 
Type domain.RuralHouse is not enhanced.

[2017-02-26 19:12:44 #4 type] 
Type domain.Offer is not enhanced.

[2017-02-26 19:12:44 #5 type] 
Type domain.Client is not enhanced.

[2017-02-26 19:12:44 #6 type] 
Type domain.Owner is not enhanced.

------------------------------------------------------------------------------------------------------------------------

[2017-02-26 19:14:23 #1 store] 
Database 'C:\Users\rivas\git\WSRuralHouse-2017\resources\ruralHouses.odb' has been recovered (tr. 100-102)

[2017-02-26 19:14:23 #2 store] 
Database 'C:\Users\rivas\git\WSRuralHouse-2017\resources\ruralHouses.odb' is opened by 10316@AsusX54H

[2017-02-26 19:14:24 #3 type] 
Type domain.RuralHouse is not enhanced.

[2017-02-26 19:14:24 #4 type] 
Type domain.Offer is not enhanced.

[2017-02-26 19:14:24 #5 type] 
Type domain.Client is not enhanced.

[2017-02-26 19:14:24 #6 type] 
Type domain.Owner is not enhanced.

------------------------------------------------------------------------------------------------------------------------

[2017-02-26 19:14:48 #1 store] 
Database 'C:\Users\rivas\git\WSRuralHouse-2017\resources\ruralHouses.odb' has been recovered (tr. 103-103)

[2017-02-26 19:14:48 #2 store] 
Database 'C:\Users\rivas\git\WSRuralHouse-2017\resources\ruralHouses.odb' is opened by 9156@AsusX54H

[2017-02-26 19:14:48 #3 type] 
Type domain.RuralHouse is not enhanced.

[2017-02-26 19:14:48 #4 type] 
Type domain.Offer is not enhanced.

[2017-02-26 19:14:48 #5 type] 
Type domain.Client is not enhanced.

[2017-02-26 19:14:48 #6 type] 
Type domain.Owner is not enhanced.

------------------------------------------------------------------------------------------------------------------------

[2017-02-26 19:17:29 #1 store] 
Database 'C:\Users\rivas\git\WSRuralHouse-2017\resources\ruralHouses.odb' has been recovered (tr. 104-114)

[2017-02-26 19:17:29 #2 store] 
Database 'C:\Users\rivas\git\WSRuralHouse-2017\resources\ruralHouses.odb' is opened by 7420@AsusX54H

[2017-02-26 19:17:29 #3 type] 
Type domain.RuralHouse is not enhanced.

[2017-02-26 19:17:29 #4 type] 
Type domain.Offer is not enhanced.

[2017-02-26 19:17:29 #5 type] 
Type domain.Client is not enhanced.

[2017-02-26 19:17:29 #6 type] 
Type domain.Owner is not enhanced.

------------------------------------------------------------------------------------------------------------------------

[2017-02-26 19:18:03 #1 store] 
Database 'C:\Users\rivas\git\WSRuralHouse-2017\resources\ruralHouses.odb' has been recovered (tr. 115-118)

[2017-02-26 19:18:03 #2 store] 
Database 'C:\Users\rivas\git\WSRuralHouse-2017\resources\ruralHouses.odb' is opened by 10688@AsusX54H

[2017-02-26 19:18:03 #3 type] 
Type domain.RuralHouse is not enhanced.

[2017-02-26 19:18:03 #4 type] 
Type domain.Offer is not enhanced.

[2017-02-26 19:18:03 #5 type] 
Type domain.Client is not enhanced.

[2017-02-26 19:18:03 #6 type] 
Type domain.Owner is not enhanced.

------------------------------------------------------------------------------------------------------------------------

[2017-02-26 19:24:49 #1 store] 
Database 'C:\Users\rivas\git\WSRuralHouse-2017\resources\ruralHouses.odb' has been recovered (tr. 119-126)

[2017-02-26 19:24:50 #2 store] 
Database 'C:\Users\rivas\git\WSRuralHouse-2017\resources\ruralHouses.odb' is opened by 9796@AsusX54H

[2017-02-26 19:24:50 #3 type] 
Type domain.RuralHouse is not enhanced.

[2017-02-26 19:24:50 #4 type] 
Type domain.Offer is not enhanced.

[2017-02-26 19:24:50 #5 type] 
Type domain.Client is not enhanced.

[2017-02-26 19:24:50 #6 type] 
Type domain.Owner is not enhanced.

------------------------------------------------------------------------------------------------------------------------

[2017-02-26 19:25:47 #1 store] 
Database 'C:\Users\rivas\git\WSRuralHouse-2017\resources\ruralHouses.odb' has been recovered (tr. 127-127)

[2017-02-26 19:25:47 #2 store] 
Database 'C:\Users\rivas\git\WSRuralHouse-2017\resources\ruralHouses.odb' is opened by 10280@AsusX54H

[2017-02-26 19:25:47 #3 type] 
Type domain.RuralHouse is not enhanced.

[2017-02-26 19:25:47 #4 type] 
Type domain.Offer is not enhanced.

[2017-02-26 19:25:47 #5 type] 
Type domain.Client is not enhanced.

[2017-02-26 19:25:47 #6 type] 
Type domain.Owner is not enhanced.

------------------------------------------------------------------------------------------------------------------------

[2017-02-26 19:26:39 #1 store] 
Database 'C:\Users\rivas\git\WSRuralHouse-2017\resources\ruralHouses.odb' has been recovered (tr. 128-128)

[2017-02-26 19:26:39 #2 store] 
Database 'C:\Users\rivas\git\WSRuralHouse-2017\resources\ruralHouses.odb' is opened by 5492@AsusX54H

[2017-02-26 19:26:39 #3 type] 
Type domain.RuralHouse is not enhanced.

[2017-02-26 19:26:39 #4 type] 
Type domain.Offer is not enhanced.

[2017-02-26 19:26:39 #5 type] 
Type domain.Client is not enhanced.

[2017-02-26 19:26:39 #6 type] 
Type domain.Owner is not enhanced.

------------------------------------------------------------------------------------------------------------------------

[2017-02-26 19:28:02 #1 store] 
Database 'C:\Users\rivas\git\WSRuralHouse-2017\resources\ruralHouses.odb' has been recovered (tr. 129-129)

[2017-02-26 19:28:02 #2 store] 
Database 'C:\Users\rivas\git\WSRuralHouse-2017\resources\ruralHouses.odb' is opened by 11104@AsusX54H

[2017-02-26 19:28:02 #3 type] 
Type domain.RuralHouse is not enhanced.

[2017-02-26 19:28:02 #4 type] 
Type domain.Offer is not enhanced.

[2017-02-26 19:28:02 #5 type] 
Type domain.Client is not enhanced.

[2017-02-26 19:28:02 #6 type] 
Type domain.Owner is not enhanced.

------------------------------------------------------------------------------------------------------------------------

[2017-02-26 20:10:50 #1 store] 
Database 'C:\Users\rivas\git\WSRuralHouse-2017\resources\ruralHouses.odb' is opened by 2864@AsusX54H

[2017-02-26 20:10:50 #2 type] 
Type domain.RuralHouse is not enhanced.

[2017-02-26 20:10:50 #3 type] 
Type domain.Offer is not enhanced.

[2017-02-26 20:10:50 #4 type] 
Type domain.Client is not enhanced.

[2017-02-26 20:10:50 #5 type] 
Type domain.Owner is not enhanced.

------------------------------------------------------------------------------------------------------------------------

[2017-02-26 20:13:54 #1 store] 
Database 'C:\Users\rivas\git\WSRuralHouse-2017\resources\ruralHouses.odb' has been recovered (tr. 131-142)

[2017-02-26 20:13:54 #2 store] 
Database 'C:\Users\rivas\git\WSRuralHouse-2017\resources\ruralHouses.odb' is opened by 10652@AsusX54H

[2017-02-26 20:13:54 #3 type] 
Type domain.RuralHouse is not enhanced.

[2017-02-26 20:13:54 #4 type] 
Type domain.Offer is not enhanced.

[2017-02-26 20:13:54 #5 type] 
Type domain.Client is not enhanced.

[2017-02-26 20:13:54 #6 type] 
Type domain.Owner is not enhanced.

------------------------------------------------------------------------------------------------------------------------

[2017-02-26 20:15:05 #1 store] 
Database 'C:\Users\rivas\git\WSRuralHouse-2017\resources\ruralHouses.odb' has been recovered (tr. 143-153)

[2017-02-26 20:15:05 #2 store] 
Database 'C:\Users\rivas\git\WSRuralHouse-2017\resources\ruralHouses.odb' is opened by 10644@AsusX54H

[2017-02-26 20:15:05 #3 type] 
Type domain.RuralHouse is not enhanced.

[2017-02-26 20:15:05 #4 type] 
Type domain.Offer is not enhanced.

[2017-02-26 20:15:05 #5 type] 
Type domain.Client is not enhanced.

[2017-02-26 20:15:05 #6 type] 
Type domain.Owner is not enhanced.

------------------------------------------------------------------------------------------------------------------------

[2017-02-26 20:25:39 #1 store] 
Database 'C:\Users\rivas\git\WSRuralHouse-2017\resources\ruralHouses.odb' has been recovered (tr. 154-160)

[2017-02-26 20:25:39 #2 store] 
Database 'C:\Users\rivas\git\WSRuralHouse-2017\resources\ruralHouses.odb' is opened by 11508@AsusX54H

[2017-02-26 20:25:39 #3 type] 
Type domain.RuralHouse is not enhanced.

[2017-02-26 20:25:39 #4 type] 
Type domain.Offer is not enhanced.

[2017-02-26 20:25:39 #5 type] 
Type domain.Client is not enhanced.

[2017-02-26 20:25:39 #6 type] 
Type domain.Owner is not enhanced.

------------------------------------------------------------------------------------------------------------------------

[2017-02-26 20:27:43 #1 store] 
Database 'C:\Users\rivas\git\WSRuralHouse-2017\resources\ruralHouses.odb' has been recovered (tr. 161-167)

[2017-02-26 20:27:43 #2 store] 
Database 'C:\Users\rivas\git\WSRuralHouse-2017\resources\ruralHouses.odb' is opened by 11364@AsusX54H

[2017-02-26 20:27:44 #3 type] 
Type domain.RuralHouse is not enhanced.

[2017-02-26 20:27:44 #4 type] 
Type domain.Offer is not enhanced.

[2017-02-26 20:27:44 #5 type] 
Type domain.Client is not enhanced.

[2017-02-26 20:27:44 #6 type] 
Type domain.Owner is not enhanced.

------------------------------------------------------------------------------------------------------------------------

[2017-02-26 20:28:35 #1 store] 
Database 'C:\Users\rivas\git\WSRuralHouse-2017\resources\ruralHouses.odb' has been recovered (tr. 168-171)

[2017-02-26 20:28:36 #2 store] 
Database 'C:\Users\rivas\git\WSRuralHouse-2017\resources\ruralHouses.odb' is opened by 10344@AsusX54H

[2017-02-26 20:28:36 #3 type] 
Type domain.RuralHouse is not enhanced.

[2017-02-26 20:28:36 #4 type] 
Type domain.Offer is not enhanced.

[2017-02-26 20:28:36 #5 type] 
Type domain.Client is not enhanced.

[2017-02-26 20:28:36 #6 type] 
Type domain.Owner is not enhanced.

------------------------------------------------------------------------------------------------------------------------

[2017-02-26 20:32:30 #1 store] 
Database 'C:\Users\rivas\git\WSRuralHouse-2017\resources\ruralHouses.odb' is opened by 4180@AsusX54H

[2017-02-26 20:32:30 #2 type] 
Type domain.RuralHouse is not enhanced.

[2017-02-26 20:32:30 #3 type] 
Type domain.Offer is not enhanced.

[2017-02-26 20:32:30 #4 type] 
Type domain.Client is not enhanced.

[2017-02-26 20:32:30 #5 type] 
Type domain.Owner is not enhanced.

------------------------------------------------------------------------------------------------------------------------

[2017-02-26 20:35:29 #1 store] 
Database 'C:\Users\rivas\git\WSRuralHouse-2017\resources\ruralHouses.odb' has been recovered (tr. 179-185)

[2017-02-26 20:35:30 #2 store] 
Database 'C:\Users\rivas\git\WSRuralHouse-2017\resources\ruralHouses.odb' is opened by 4168@AsusX54H

[2017-02-26 20:35:30 #3 type] 
Type domain.RuralHouse is not enhanced.

[2017-02-26 20:35:30 #4 type] 
Type domain.Offer is not enhanced.

[2017-02-26 20:35:30 #5 type] 
Type domain.Client is not enhanced.

[2017-02-26 20:35:30 #6 type] 
Type domain.Owner is not enhanced.

------------------------------------------------------------------------------------------------------------------------

[2017-02-26 20:57:34 #1 store] 
Database 'C:\Users\rivas\git\WSRuralHouse-2017\resources\ruralHouses.odb' is opened by 3316@AsusX54H

[2017-02-26 20:57:34 #2 type] 
Type domain.RuralHouse is not enhanced.

[2017-02-26 20:57:34 #3 type] 
Type domain.Offer is not enhanced.

[2017-02-26 20:57:34 #4 type] 
Type domain.Client is not enhanced.

[2017-02-26 20:57:34 #5 type] 
Type domain.Owner is not enhanced.

------------------------------------------------------------------------------------------------------------------------

[2017-02-26 21:05:03 #1 store] 
Database 'C:\Users\rivas\git\WSRuralHouse-2017\resources\ruralHouses.odb' is opened by 5844@AsusX54H

[2017-02-26 21:05:03 #2 type] 
Type domain.RuralHouse is not enhanced.

[2017-02-26 21:05:04 #3 type] 
Type domain.Offer is not enhanced.

[2017-02-26 21:05:04 #4 type] 
Type domain.Client is not enhanced.

[2017-02-26 21:05:04 #5 type] 
Type domain.Owner is not enhanced.

------------------------------------------------------------------------------------------------------------------------

[2017-02-26 21:12:26 #1 store] 
Database 'C:\Users\rivas\git\WSRuralHouse-2017\resources\ruralHouses.odb' has been recovered (tr. 198-201)

[2017-02-26 21:12:27 #2 store] 
Database 'C:\Users\rivas\git\WSRuralHouse-2017\resources\ruralHouses.odb' is opened by 7728@AsusX54H

[2017-02-26 21:12:27 #3 type] 
Type domain.RuralHouse is not enhanced.

[2017-02-26 21:12:27 #4 type] 
Type domain.Offer is not enhanced.

[2017-02-26 21:12:27 #5 type] 
Type domain.Client is not enhanced.

[2017-02-26 21:12:27 #6 type] 
Type domain.Owner is not enhanced.

------------------------------------------------------------------------------------------------------------------------

[2017-02-26 21:24:58 #1 store] 
Database 'C:\Users\rivas\git\WSRuralHouse-2017\resources\ruralHouses.odb' is opened by 10340@AsusX54H

[2017-02-26 21:24:59 #2 type] 
Type domain.RuralHouse is not enhanced.

[2017-02-26 21:24:59 #3 type] 
Type domain.Offer is not enhanced.

[2017-02-26 21:24:59 #4 type] 
Type domain.Client is not enhanced.

[2017-02-26 21:24:59 #5 type] 
Type domain.Owner is not enhanced.

------------------------------------------------------------------------------------------------------------------------

[2017-02-26 21:26:16 #1 store] 
Database 'C:\Users\rivas\git\WSRuralHouse-2017\resources\ruralHouses.odb' has been recovered (tr. 208-211)

[2017-02-26 21:26:16 #2 store] 
Database 'C:\Users\rivas\git\WSRuralHouse-2017\resources\ruralHouses.odb' is opened by 1212@AsusX54H

[2017-02-26 21:26:16 #3 type] 
Type domain.RuralHouse is not enhanced.

[2017-02-26 21:26:16 #4 type] 
Type domain.Offer is not enhanced.

[2017-02-26 21:26:16 #5 type] 
Type domain.Client is not enhanced.

[2017-02-26 21:26:16 #6 type] 
Type domain.Owner is not enhanced.

------------------------------------------------------------------------------------------------------------------------

[2017-02-26 21:27:01 #1 store] 
Database 'C:\Users\rivas\git\WSRuralHouse-2017\resources\ruralHouses.odb' has been recovered (tr. 212-215)

[2017-02-26 21:27:01 #2 store] 
Database 'C:\Users\rivas\git\WSRuralHouse-2017\resources\ruralHouses.odb' is opened by 4680@AsusX54H

[2017-02-26 21:27:01 #3 type] 
Type domain.RuralHouse is not enhanced.

[2017-02-26 21:27:01 #4 type] 
Type domain.Offer is not enhanced.

[2017-02-26 21:27:01 #5 type] 
Type domain.Client is not enhanced.

[2017-02-26 21:27:01 #6 type] 
Type domain.Owner is not enhanced.

------------------------------------------------------------------------------------------------------------------------

[2017-02-26 21:31:34 #1 store] 
Database 'C:\Users\rivas\git\WSRuralHouse-2017\resources\ruralHouses.odb' is opened by 10576@AsusX54H

[2017-02-26 21:31:35 #2 type] 
Type domain.RuralHouse is not enhanced.

[2017-02-26 21:31:35 #3 type] 
Type domain.Offer is not enhanced.

[2017-02-26 21:31:35 #4 type] 
Type domain.Client is not enhanced.

[2017-02-26 21:31:35 #5 type] 
Type domain.Owner is not enhanced.

------------------------------------------------------------------------------------------------------------------------

[2017-02-26 21:33:15 #1 store] 
Database 'C:\Users\rivas\git\WSRuralHouse-2017\resources\ruralHouses.odb' has been recovered (tr. 220-223)

[2017-02-26 21:33:15 #2 store] 
Database 'C:\Users\rivas\git\WSRuralHouse-2017\resources\ruralHouses.odb' is opened by 10784@AsusX54H

[2017-02-26 21:33:15 #3 type] 
Type domain.RuralHouse is not enhanced.

[2017-02-26 21:33:15 #4 type] 
Type domain.Offer is not enhanced.

[2017-02-26 21:33:15 #5 type] 
Type domain.Client is not enhanced.

[2017-02-26 21:33:15 #6 type] 
Type domain.Owner is not enhanced.

------------------------------------------------------------------------------------------------------------------------

[2017-02-26 21:34:53 #1 store] 
Database 'C:\Users\rivas\git\WSRuralHouse-2017\resources\ruralHouses.odb' has been recovered (tr. 224-227)

[2017-02-26 21:34:53 #2 store] 
Database 'C:\Users\rivas\git\WSRuralHouse-2017\resources\ruralHouses.odb' is opened by 9912@AsusX54H

[2017-02-26 21:34:53 #3 type] 
Type domain.RuralHouse is not enhanced.

[2017-02-26 21:34:53 #4 type] 
Type domain.Offer is not enhanced.

[2017-02-26 21:34:53 #5 type] 
Type domain.Client is not enhanced.

[2017-02-26 21:34:53 #6 type] 
Type domain.Owner is not enhanced.

[2017-02-26 21:34:53 #7 type.registry] 
New type java.util.ArrayList<domain.RuralHouse>

------------------------------------------------------------------------------------------------------------------------

[2017-02-26 21:44:24 #1 store] 
Database 'C:\Users\rivas\git\WSRuralHouse-2017\resources\ruralHouses.odb' has been recovered (tr. 228-232)

[2017-02-26 21:44:24 #2 store] 
Database 'C:\Users\rivas\git\WSRuralHouse-2017\resources\ruralHouses.odb' is opened by 9196@AsusX54H

[2017-02-26 21:44:24 #3 type] 
Type domain.RuralHouse is not enhanced.

[2017-02-26 21:44:24 #4 type] 
Type domain.Offer is not enhanced.

[2017-02-26 21:44:24 #5 type] 
Type domain.Client is not enhanced.

[2017-02-26 21:44:24 #6 type] 
Type domain.Owner is not enhanced.

