------------------------------------------------------------------------------------------------------------------------

[2017-02-28 00:14:34 #1 store] 
Database 'C:\Users\rivas\git\WSRuralHouse-2017\resources\ruralHouses.odb' is opened by 3552@AsusX54H

[2017-02-28 00:14:35 #2 type] 
Type domain.RuralHouse is not enhanced.

[2017-02-28 00:14:35 #3 type] 
Type domain.Owner is not enhanced.

[2017-02-28 00:14:35 #4 type] 
Type domain.Offer is not enhanced.

[2017-02-28 00:14:35 #5 type] 
Type domain.Client is not enhanced.

------------------------------------------------------------------------------------------------------------------------

[2017-02-28 00:17:56 #1 store] 
Database 'C:\Users\rivas\git\WSRuralHouse-2017\resources\ruralHouses.odb' is opened by 3936@AsusX54H

[2017-02-28 00:17:56 #2 type] 
Type domain.RuralHouse is not enhanced.

[2017-02-28 00:17:56 #3 type] 
Type domain.Owner is not enhanced.

[2017-02-28 00:17:56 #4 type] 
Type domain.Offer is not enhanced.

[2017-02-28 00:17:56 #5 type] 
Type domain.Client is not enhanced.

------------------------------------------------------------------------------------------------------------------------

[2017-02-28 00:25:12 #1 store] 
Database 'C:\Users\rivas\git\WSRuralHouse-2017\resources\ruralHouses.odb' is opened by 1392@AsusX54H

[2017-02-28 00:25:12 #2 type] 
Type domain.RuralHouse is not enhanced.

[2017-02-28 00:25:12 #3 type] 
Type domain.Owner is not enhanced.

[2017-02-28 00:25:12 #4 type] 
Type domain.Offer is not enhanced.

[2017-02-28 00:25:12 #5 type] 
Type domain.Client is not enhanced.

------------------------------------------------------------------------------------------------------------------------

[2017-02-28 00:29:26 #1 store] 
Database 'C:\Users\rivas\git\WSRuralHouse-2017\resources\ruralHouses.odb' is opened by 604@AsusX54H

[2017-02-28 00:29:26 #2 type] 
Type domain.RuralHouse is not enhanced.

[2017-02-28 00:29:26 #3 type] 
Type domain.Owner is not enhanced.

[2017-02-28 00:29:26 #4 type] 
Type domain.Offer is not enhanced.

[2017-02-28 00:29:26 #5 type] 
Type domain.Client is not enhanced.

------------------------------------------------------------------------------------------------------------------------

[2017-02-28 00:36:24 #1 store] 
Database 'C:\Users\rivas\git\WSRuralHouse-2017\resources\ruralHouses.odb' is opened by 7556@AsusX54H

[2017-02-28 00:36:24 #2 type] 
Type domain.RuralHouse is not enhanced.

[2017-02-28 00:36:24 #3 type] 
Type domain.Owner is not enhanced.

[2017-02-28 00:36:24 #4 type] 
Type domain.Offer is not enhanced.

[2017-02-28 00:36:24 #5 type] 
Type domain.Client is not enhanced.

------------------------------------------------------------------------------------------------------------------------

[2017-02-28 00:42:52 #1 store] 
Database 'C:\Users\rivas\git\WSRuralHouse-2017\resources\ruralHouses.odb' has been recovered (tr. 80-80)

[2017-02-28 00:42:52 #2 store] 
Database 'C:\Users\rivas\git\WSRuralHouse-2017\resources\ruralHouses.odb' is opened by 10008@AsusX54H

[2017-02-28 00:42:52 #3 type] 
Type domain.RuralHouse is not enhanced.

[2017-02-28 00:42:52 #4 type] 
Type domain.Owner is not enhanced.

[2017-02-28 00:42:53 #5 type] 
Type domain.Offer is not enhanced.

[2017-02-28 00:42:53 #6 type] 
Type domain.Client is not enhanced.

------------------------------------------------------------------------------------------------------------------------

[2017-02-28 00:44:12 #1 store] 
Database 'C:\Users\rivas\git\WSRuralHouse-2017\resources\ruralHouses.odb' is opened by 4764@AsusX54H

[2017-02-28 00:44:12 #2 type] 
Type domain.RuralHouse is not enhanced.

[2017-02-28 00:44:13 #3 type] 
Type domain.Owner is not enhanced.

[2017-02-28 00:44:13 #4 type] 
Type domain.Offer is not enhanced.

[2017-02-28 00:44:13 #5 type] 
Type domain.Client is not enhanced.

------------------------------------------------------------------------------------------------------------------------

[2017-02-28 00:46:18 #1 store] 
Database 'C:\Users\rivas\git\WSRuralHouse-2017\resources\ruralHouses.odb' is opened by 1148@AsusX54H

[2017-02-28 00:46:18 #2 type] 
Type domain.RuralHouse is not enhanced.

[2017-02-28 00:46:18 #3 type] 
Type domain.Owner is not enhanced.

[2017-02-28 00:46:18 #4 type] 
Type domain.Offer is not enhanced.

[2017-02-28 00:46:18 #5 type] 
Type domain.Client is not enhanced.

------------------------------------------------------------------------------------------------------------------------

[2017-02-28 01:25:16 #1 store] 
Database 'C:\Users\rivas\git\WSRuralHouse-2017\resources\ruralHouses.odb' is opened by 7428@AsusX54H

[2017-02-28 01:25:17 #2 type] 
Type domain.RuralHouse is not enhanced.

[2017-02-28 01:25:17 #3 type] 
Type domain.Owner is not enhanced.

[2017-02-28 01:25:17 #4 type] 
Type domain.Offer is not enhanced.

[2017-02-28 01:25:17 #5 type] 
Type domain.Client is not enhanced.

------------------------------------------------------------------------------------------------------------------------

[2017-02-28 01:26:40 #1 store] 
Database 'C:\Users\rivas\git\WSRuralHouse-2017\resources\ruralHouses.odb' has been recovered (tr. 81-81)

[2017-02-28 01:26:40 #2 store] 
Database 'C:\Users\rivas\git\WSRuralHouse-2017\resources\ruralHouses.odb' is opened by 9804@AsusX54H

[2017-02-28 01:26:40 #3 type] 
Type domain.RuralHouse is not enhanced.

[2017-02-28 01:26:40 #4 type] 
Type domain.Owner is not enhanced.

[2017-02-28 01:26:40 #5 type] 
Type domain.Offer is not enhanced.

[2017-02-28 01:26:40 #6 type] 
Type domain.Client is not enhanced.

------------------------------------------------------------------------------------------------------------------------

[2017-02-28 01:28:21 #1 store] 
Database 'C:\Users\rivas\git\WSRuralHouse-2017\resources\ruralHouses.odb' is opened by 8952@AsusX54H

[2017-02-28 01:28:21 #2 type] 
Type domain.RuralHouse is not enhanced.

[2017-02-28 01:28:21 #3 type] 
Type domain.Owner is not enhanced.

[2017-02-28 01:28:21 #4 type] 
Type domain.Offer is not enhanced.

[2017-02-28 01:28:21 #5 type] 
Type domain.Client is not enhanced.

------------------------------------------------------------------------------------------------------------------------

[2017-02-28 01:29:43 #1 store] 
Database 'C:\Users\rivas\git\WSRuralHouse-2017\resources\ruralHouses.odb' has been recovered (tr. 82-82)

[2017-02-28 01:29:43 #2 store] 
Database 'C:\Users\rivas\git\WSRuralHouse-2017\resources\ruralHouses.odb' is opened by 9964@AsusX54H

[2017-02-28 01:29:43 #3 type] 
Type domain.RuralHouse is not enhanced.

[2017-02-28 01:29:43 #4 type] 
Type domain.Owner is not enhanced.

[2017-02-28 01:29:43 #5 type] 
Type domain.Offer is not enhanced.

[2017-02-28 01:29:43 #6 type] 
Type domain.Client is not enhanced.

------------------------------------------------------------------------------------------------------------------------

[2017-02-28 01:31:24 #1 store] 
Database 'C:\Users\rivas\git\WSRuralHouse-2017\resources\ruralHouses.odb' has been recovered (tr. 83-84)

[2017-02-28 01:31:24 #2 store] 
Database 'C:\Users\rivas\git\WSRuralHouse-2017\resources\ruralHouses.odb' is opened by 5844@AsusX54H

[2017-02-28 01:31:24 #3 type] 
Type domain.RuralHouse is not enhanced.

[2017-02-28 01:31:24 #4 type] 
Type domain.Owner is not enhanced.

[2017-02-28 01:31:24 #5 type] 
Type domain.Offer is not enhanced.

[2017-02-28 01:31:24 #6 type] 
Type domain.Client is not enhanced.

------------------------------------------------------------------------------------------------------------------------

[2017-02-28 01:36:32 #1 store] 
Database 'C:\Users\rivas\git\WSRuralHouse-2017\resources\ruralHouses.odb' has been recovered (tr. 85-85)

[2017-02-28 01:36:32 #2 store] 
Database 'C:\Users\rivas\git\WSRuralHouse-2017\resources\ruralHouses.odb' is opened by 5584@AsusX54H

[2017-02-28 01:36:33 #3 type] 
Type domain.RuralHouse is not enhanced.

[2017-02-28 01:36:33 #4 type] 
Type domain.Owner is not enhanced.

[2017-02-28 01:36:33 #5 type] 
Type domain.Offer is not enhanced.

[2017-02-28 01:36:33 #6 type] 
Type domain.Client is not enhanced.

------------------------------------------------------------------------------------------------------------------------

[2017-02-28 01:38:13 #1 store] 
Database 'C:\Users\rivas\git\WSRuralHouse-2017\resources\ruralHouses.odb' has been recovered (tr. 86-86)

[2017-02-28 01:38:13 #2 store] 
Database 'C:\Users\rivas\git\WSRuralHouse-2017\resources\ruralHouses.odb' is opened by 9372@AsusX54H

[2017-02-28 01:38:13 #3 type] 
Type domain.RuralHouse is not enhanced.

[2017-02-28 01:38:13 #4 type] 
Type domain.Owner is not enhanced.

[2017-02-28 01:38:13 #5 type] 
Type domain.Offer is not enhanced.

[2017-02-28 01:38:13 #6 type] 
Type domain.Client is not enhanced.

------------------------------------------------------------------------------------------------------------------------

[2017-02-28 01:39:29 #1 store] 
Database 'C:\Users\rivas\git\WSRuralHouse-2017\resources\ruralHouses.odb' is opened by 4488@AsusX54H

[2017-02-28 01:39:29 #2 type] 
Type domain.RuralHouse is not enhanced.

[2017-02-28 01:39:29 #3 type] 
Type domain.Owner is not enhanced.

[2017-02-28 01:39:29 #4 type] 
Type domain.Offer is not enhanced.

[2017-02-28 01:39:29 #5 type] 
Type domain.Client is not enhanced.

------------------------------------------------------------------------------------------------------------------------

[2017-02-28 01:40:19 #1 store] 
Database 'C:\Users\rivas\git\WSRuralHouse-2017\resources\ruralHouses.odb' is opened by 10140@AsusX54H

[2017-02-28 01:40:19 #2 type] 
Type domain.RuralHouse is not enhanced.

[2017-02-28 01:40:19 #3 type] 
Type domain.Owner is not enhanced.

[2017-02-28 01:40:19 #4 type] 
Type domain.Offer is not enhanced.

[2017-02-28 01:40:19 #5 type] 
Type domain.Client is not enhanced.

------------------------------------------------------------------------------------------------------------------------

[2017-02-28 01:43:23 #1 store] 
Database 'C:\Users\rivas\git\WSRuralHouse-2017\resources\ruralHouses.odb' has been recovered (tr. 87-87)

[2017-02-28 01:43:23 #2 store] 
Database 'C:\Users\rivas\git\WSRuralHouse-2017\resources\ruralHouses.odb' is opened by 7732@AsusX54H

[2017-02-28 01:43:23 #3 type] 
Type domain.RuralHouse is not enhanced.

[2017-02-28 01:43:23 #4 type] 
Type domain.Owner is not enhanced.

[2017-02-28 01:43:23 #5 type] 
Type domain.Offer is not enhanced.

[2017-02-28 01:43:23 #6 type] 
Type domain.Client is not enhanced.

------------------------------------------------------------------------------------------------------------------------

[2017-02-28 01:45:28 #1 store] 
Database 'C:\Users\rivas\git\WSRuralHouse-2017\resources\ruralHouses.odb' has been recovered (tr. 88-88)

[2017-02-28 01:45:28 #2 store] 
Database 'C:\Users\rivas\git\WSRuralHouse-2017\resources\ruralHouses.odb' is opened by 6004@AsusX54H

[2017-02-28 01:45:28 #3 type] 
Type domain.RuralHouse is not enhanced.

[2017-02-28 01:45:28 #4 type] 
Type domain.Owner is not enhanced.

[2017-02-28 01:45:28 #5 type] 
Type domain.Offer is not enhanced.

[2017-02-28 01:45:28 #6 type] 
Type domain.Client is not enhanced.

------------------------------------------------------------------------------------------------------------------------

[2017-02-28 09:18:23 #1 store] 
Database 'C:\Users\rivas\git\WSRuralHouse-2017\resources\ruralHouses.odb' has been recovered (tr. 89-91)

[2017-02-28 09:18:24 #2 store] 
Database 'C:\Users\rivas\git\WSRuralHouse-2017\resources\ruralHouses.odb' is opened by 4100@AsusX54H

[2017-02-28 09:18:24 #3 type] 
Type domain.RuralHouse is not enhanced.

[2017-02-28 09:18:24 #4 type] 
Type domain.Owner is not enhanced.

[2017-02-28 09:18:24 #5 type] 
Type domain.Offer is not enhanced.

[2017-02-28 09:18:24 #6 type] 
Type domain.Client is not enhanced.

------------------------------------------------------------------------------------------------------------------------

[2017-02-28 09:19:58 #1 store] 
Database 'C:\Users\rivas\git\WSRuralHouse-2017\resources\ruralHouses.odb' is opened by 1040@AsusX54H

[2017-02-28 09:19:59 #2 type] 
Type domain.RuralHouse is not enhanced.

[2017-02-28 09:19:59 #3 type] 
Type domain.Owner is not enhanced.

[2017-02-28 09:19:59 #4 type] 
Type domain.Offer is not enhanced.

[2017-02-28 09:19:59 #5 type] 
Type domain.Client is not enhanced.

------------------------------------------------------------------------------------------------------------------------

[2017-02-28 09:51:44 #1 store] 
Database 'C:\Users\rivas\git\WSRuralHouse-2017\resources\ruralHouses.odb' is opened by 4464@AsusX54H

[2017-02-28 09:51:44 #2 type] 
Type domain.RuralHouse is not enhanced.

[2017-02-28 09:51:44 #3 type] 
Type domain.Owner is not enhanced.

[2017-02-28 09:51:44 #4 type] 
Type domain.Offer is not enhanced.

[2017-02-28 09:51:44 #5 type] 
Type domain.Client is not enhanced.

------------------------------------------------------------------------------------------------------------------------

[2017-02-28 09:56:18 #1 store] 
Database 'C:\Users\rivas\git\WSRuralHouse-2017\resources\ruralHouses.odb' is opened by 1400@AsusX54H

[2017-02-28 09:56:18 #2 type] 
Type domain.RuralHouse is not enhanced.

[2017-02-28 09:56:18 #3 type] 
Type domain.Owner is not enhanced.

[2017-02-28 09:56:18 #4 type] 
Type domain.Offer is not enhanced.

[2017-02-28 09:56:18 #5 type] 
Type domain.Client is not enhanced.

------------------------------------------------------------------------------------------------------------------------

[2017-02-28 09:57:34 #1 store] 
Database 'C:\Users\rivas\git\WSRuralHouse-2017\resources\ruralHouses.odb' is opened by 2736@AsusX54H

[2017-02-28 09:57:34 #2 type] 
Type domain.RuralHouse is not enhanced.

[2017-02-28 09:57:34 #3 type] 
Type domain.Owner is not enhanced.

[2017-02-28 09:57:34 #4 type] 
Type domain.Offer is not enhanced.

[2017-02-28 09:57:34 #5 type] 
Type domain.Client is not enhanced.

------------------------------------------------------------------------------------------------------------------------

[2017-02-28 10:00:30 #1 store] 
Database 'C:\Users\rivas\git\WSRuralHouse-2017\resources\ruralHouses.odb' is opened by 4888@AsusX54H

[2017-02-28 10:00:30 #2 type] 
Type domain.RuralHouse is not enhanced.

[2017-02-28 10:00:30 #3 type] 
Type domain.Owner is not enhanced.

[2017-02-28 10:00:30 #4 type] 
Type domain.Offer is not enhanced.

[2017-02-28 10:00:30 #5 type] 
Type domain.Client is not enhanced.

------------------------------------------------------------------------------------------------------------------------

[2017-02-28 10:02:58 #1 store] 
Database 'C:\Users\rivas\git\WSRuralHouse-2017\resources\ruralHouses.odb' is opened by 4824@AsusX54H

[2017-02-28 10:02:59 #2 type] 
Type domain.RuralHouse is not enhanced.

[2017-02-28 10:02:59 #3 type] 
Type domain.Owner is not enhanced.

[2017-02-28 10:02:59 #4 type] 
Type domain.Offer is not enhanced.

[2017-02-28 10:02:59 #5 type] 
Type domain.Client is not enhanced.

------------------------------------------------------------------------------------------------------------------------

[2017-02-28 10:05:12 #1 store] 
Database 'C:\Users\rivas\git\WSRuralHouse-2017\resources\ruralHouses.odb' is opened by 5616@AsusX54H

[2017-02-28 10:05:12 #2 type] 
Type domain.RuralHouse is not enhanced.

[2017-02-28 10:05:12 #3 type] 
Type domain.Owner is not enhanced.

[2017-02-28 10:05:12 #4 type] 
Type domain.Offer is not enhanced.

[2017-02-28 10:05:12 #5 type] 
Type domain.Client is not enhanced.

------------------------------------------------------------------------------------------------------------------------

[2017-02-28 10:51:37 #1 store] 
Database 'C:\Users\rivas\git\WSRuralHouse-2017\resources\ruralHouses.odb' is opened by 4472@AsusX54H

[2017-02-28 10:51:38 #2 type] 
Type domain.RuralHouse is not enhanced.

[2017-02-28 10:51:38 #3 type] 
Type domain.Owner is not enhanced.

[2017-02-28 10:51:38 #4 type] 
Type domain.Offer is not enhanced.

[2017-02-28 10:51:38 #5 type] 
Type domain.Client is not enhanced.

------------------------------------------------------------------------------------------------------------------------

[2017-02-28 10:53:13 #1 store] 
Database 'C:\Users\rivas\git\WSRuralHouse-2017\resources\ruralHouses.odb' is opened by 9896@AsusX54H

[2017-02-28 10:53:14 #2 type] 
Type domain.RuralHouse is not enhanced.

[2017-02-28 10:53:14 #3 type] 
Type domain.Owner is not enhanced.

[2017-02-28 10:53:14 #4 type] 
Type domain.Offer is not enhanced.

[2017-02-28 10:53:14 #5 type] 
Type domain.Client is not enhanced.

------------------------------------------------------------------------------------------------------------------------

[2017-02-28 10:53:44 #1 store] 
Database 'C:\Users\rivas\git\WSRuralHouse-2017\resources\ruralHouses.odb' is opened by 4224@AsusX54H

[2017-02-28 10:53:44 #2 type] 
Type domain.RuralHouse is not enhanced.

[2017-02-28 10:53:44 #3 type] 
Type domain.Owner is not enhanced.

[2017-02-28 10:53:44 #4 type] 
Type domain.Offer is not enhanced.

[2017-02-28 10:53:44 #5 type] 
Type domain.Client is not enhanced.

------------------------------------------------------------------------------------------------------------------------

[2017-02-28 10:58:21 #1 store] 
Database 'C:\Users\rivas\git\WSRuralHouse-2017\resources\ruralHouses.odb' is opened by 8584@AsusX54H

[2017-02-28 10:58:21 #2 type] 
Type domain.RuralHouse is not enhanced.

[2017-02-28 10:58:21 #3 type] 
Type domain.Owner is not enhanced.

[2017-02-28 10:58:21 #4 type] 
Type domain.Offer is not enhanced.

[2017-02-28 10:58:21 #5 type] 
Type domain.Client is not enhanced.

------------------------------------------------------------------------------------------------------------------------

[2017-02-28 10:59:20 #1 store] 
Database 'C:\Users\rivas\git\WSRuralHouse-2017\resources\ruralHouses.odb' is opened by 6400@AsusX54H

[2017-02-28 10:59:20 #2 type] 
Type domain.RuralHouse is not enhanced.

[2017-02-28 10:59:20 #3 type] 
Type domain.Owner is not enhanced.

[2017-02-28 10:59:20 #4 type] 
Type domain.Offer is not enhanced.

[2017-02-28 10:59:20 #5 type] 
Type domain.Client is not enhanced.

------------------------------------------------------------------------------------------------------------------------

[2017-02-28 11:02:33 #1 store] 
Database 'C:\Users\rivas\git\WSRuralHouse-2017\resources\ruralHouses.odb' is opened by 6612@AsusX54H

[2017-02-28 11:02:34 #2 type] 
Type domain.RuralHouse is not enhanced.

[2017-02-28 11:02:34 #3 type] 
Type domain.Owner is not enhanced.

[2017-02-28 11:02:34 #4 type] 
Type domain.Offer is not enhanced.

[2017-02-28 11:02:34 #5 type] 
Type domain.Client is not enhanced.

------------------------------------------------------------------------------------------------------------------------

[2017-02-28 11:03:06 #1 store] 
Database 'C:\Users\rivas\git\WSRuralHouse-2017\resources\ruralHouses.odb' is opened by 9516@AsusX54H

[2017-02-28 11:03:06 #2 type] 
Type domain.RuralHouse is not enhanced.

[2017-02-28 11:03:06 #3 type] 
Type domain.Owner is not enhanced.

[2017-02-28 11:03:06 #4 type] 
Type domain.Offer is not enhanced.

[2017-02-28 11:03:06 #5 type] 
Type domain.Client is not enhanced.

------------------------------------------------------------------------------------------------------------------------

[2017-02-28 11:07:53 #1 store] 
Database 'C:\Users\rivas\git\WSRuralHouse-2017\resources\ruralHouses.odb' is opened by 8556@AsusX54H

[2017-02-28 11:07:53 #2 type] 
Type domain.RuralHouse is not enhanced.

[2017-02-28 11:07:53 #3 type] 
Type domain.Owner is not enhanced.

[2017-02-28 11:07:53 #4 type] 
Type domain.Offer is not enhanced.

[2017-02-28 11:07:53 #5 type] 
Type domain.Client is not enhanced.

------------------------------------------------------------------------------------------------------------------------

[2017-02-28 11:08:50 #1 store] 
Database 'C:\Users\rivas\git\WSRuralHouse-2017\resources\ruralHouses.odb' is opened by 5536@AsusX54H

[2017-02-28 11:08:50 #2 type] 
Type domain.RuralHouse is not enhanced.

[2017-02-28 11:08:50 #3 type] 
Type domain.Owner is not enhanced.

[2017-02-28 11:08:50 #4 type] 
Type domain.Offer is not enhanced.

[2017-02-28 11:08:50 #5 type] 
Type domain.Client is not enhanced.

------------------------------------------------------------------------------------------------------------------------

[2017-02-28 11:09:09 #1 store] 
Database 'C:\Users\rivas\git\WSRuralHouse-2017\resources\ruralHouses.odb' is opened by 9348@AsusX54H

[2017-02-28 11:09:09 #2 type] 
Type domain.RuralHouse is not enhanced.

[2017-02-28 11:09:09 #3 type] 
Type domain.Owner is not enhanced.

[2017-02-28 11:09:09 #4 type] 
Type domain.Offer is not enhanced.

[2017-02-28 11:09:09 #5 type] 
Type domain.Client is not enhanced.

------------------------------------------------------------------------------------------------------------------------

[2017-02-28 11:09:39 #1 store] 
Database 'C:\Users\rivas\git\WSRuralHouse-2017\resources\ruralHouses.odb' is opened by 10012@AsusX54H

[2017-02-28 11:09:39 #2 type] 
Type domain.RuralHouse is not enhanced.

[2017-02-28 11:09:39 #3 type] 
Type domain.Owner is not enhanced.

[2017-02-28 11:09:39 #4 type] 
Type domain.Offer is not enhanced.

[2017-02-28 11:09:39 #5 type] 
Type domain.Client is not enhanced.

------------------------------------------------------------------------------------------------------------------------

[2017-02-28 11:10:30 #1 store] 
Database 'C:\Users\rivas\git\WSRuralHouse-2017\resources\ruralHouses.odb' is opened by 9332@AsusX54H

[2017-02-28 11:10:30 #2 type] 
Type domain.RuralHouse is not enhanced.

[2017-02-28 11:10:30 #3 type] 
Type domain.Owner is not enhanced.

[2017-02-28 11:10:30 #4 type] 
Type domain.Offer is not enhanced.

[2017-02-28 11:10:30 #5 type] 
Type domain.Client is not enhanced.

------------------------------------------------------------------------------------------------------------------------

[2017-02-28 11:10:57 #1 store] 
Database 'C:\Users\rivas\git\WSRuralHouse-2017\resources\ruralHouses.odb' is opened by 5988@AsusX54H

[2017-02-28 11:10:57 #2 type] 
Type domain.RuralHouse is not enhanced.

[2017-02-28 11:10:57 #3 type] 
Type domain.Owner is not enhanced.

[2017-02-28 11:10:57 #4 type] 
Type domain.Offer is not enhanced.

[2017-02-28 11:10:57 #5 type] 
Type domain.Client is not enhanced.

------------------------------------------------------------------------------------------------------------------------

[2017-02-28 11:11:16 #1 store] 
Database 'C:\Users\rivas\git\WSRuralHouse-2017\resources\ruralHouses.odb' is opened by 5808@AsusX54H

[2017-02-28 11:11:16 #2 type] 
Type domain.RuralHouse is not enhanced.

[2017-02-28 11:11:16 #3 type] 
Type domain.Owner is not enhanced.

[2017-02-28 11:11:16 #4 type] 
Type domain.Offer is not enhanced.

[2017-02-28 11:11:16 #5 type] 
Type domain.Client is not enhanced.

------------------------------------------------------------------------------------------------------------------------

[2017-02-28 11:11:35 #1 store] 
Database 'C:\Users\rivas\git\WSRuralHouse-2017\resources\ruralHouses.odb' is opened by 9108@AsusX54H

[2017-02-28 11:11:35 #2 type] 
Type domain.RuralHouse is not enhanced.

[2017-02-28 11:11:35 #3 type] 
Type domain.Owner is not enhanced.

[2017-02-28 11:11:35 #4 type] 
Type domain.Offer is not enhanced.

[2017-02-28 11:11:35 #5 type] 
Type domain.Client is not enhanced.

------------------------------------------------------------------------------------------------------------------------

[2017-02-28 11:12:27 #1 store] 
Database 'C:\Users\rivas\git\WSRuralHouse-2017\resources\ruralHouses.odb' is opened by 6104@AsusX54H

[2017-02-28 11:12:27 #2 type] 
Type domain.RuralHouse is not enhanced.

[2017-02-28 11:12:27 #3 type] 
Type domain.Owner is not enhanced.

[2017-02-28 11:12:27 #4 type] 
Type domain.Offer is not enhanced.

[2017-02-28 11:12:27 #5 type] 
Type domain.Client is not enhanced.

------------------------------------------------------------------------------------------------------------------------

[2017-02-28 11:20:16 #1 store] 
Database 'C:\Users\rivas\git\WSRuralHouse-2017\resources\ruralHouses.odb' is opened by 692@AsusX54H

[2017-02-28 11:20:16 #2 type] 
Type domain.RuralHouse is not enhanced.

[2017-02-28 11:20:16 #3 type] 
Type domain.Owner is not enhanced.

[2017-02-28 11:20:16 #4 type] 
Type domain.Offer is not enhanced.

[2017-02-28 11:20:16 #5 type] 
Type domain.Client is not enhanced.

------------------------------------------------------------------------------------------------------------------------

[2017-02-28 11:22:35 #1 store] 
Database 'C:\Users\rivas\git\WSRuralHouse-2017\resources\ruralHouses.odb' is opened by 3100@AsusX54H

[2017-02-28 11:22:36 #2 type] 
Type domain.RuralHouse is not enhanced.

[2017-02-28 11:22:36 #3 type] 
Type domain.Owner is not enhanced.

[2017-02-28 11:22:36 #4 type] 
Type domain.Offer is not enhanced.

[2017-02-28 11:22:36 #5 type] 
Type domain.Client is not enhanced.

------------------------------------------------------------------------------------------------------------------------

[2017-02-28 11:25:12 #1 store] 
Database 'C:\Users\rivas\git\WSRuralHouse-2017\resources\ruralHouses.odb' is opened by 3092@AsusX54H

[2017-02-28 11:25:12 #2 type] 
Type domain.RuralHouse is not enhanced.

[2017-02-28 11:25:12 #3 type] 
Type domain.Owner is not enhanced.

[2017-02-28 11:25:12 #4 type] 
Type domain.Offer is not enhanced.

[2017-02-28 11:25:12 #5 type] 
Type domain.Client is not enhanced.

------------------------------------------------------------------------------------------------------------------------

[2017-02-28 11:26:38 #1 store] 
Database 'C:\Users\rivas\git\WSRuralHouse-2017\resources\ruralHouses.odb' is opened by 7720@AsusX54H

[2017-02-28 11:26:38 #2 type] 
Type domain.RuralHouse is not enhanced.

[2017-02-28 11:26:38 #3 type] 
Type domain.Owner is not enhanced.

[2017-02-28 11:26:38 #4 type] 
Type domain.Offer is not enhanced.

[2017-02-28 11:26:38 #5 type] 
Type domain.Client is not enhanced.

------------------------------------------------------------------------------------------------------------------------

[2017-02-28 12:03:54 #1 store] 
Database 'C:\Users\rivas\git\WSRuralHouse-2017\resources\ruralHouses.odb' is opened by 4764@AsusX54H

[2017-02-28 12:03:55 #2 type] 
Type domain.RuralHouse is not enhanced.

[2017-02-28 12:03:55 #3 type] 
Type domain.Owner is not enhanced.

[2017-02-28 12:03:55 #4 type] 
Type domain.Offer is not enhanced.

[2017-02-28 12:03:55 #5 type] 
Type domain.Client is not enhanced.

------------------------------------------------------------------------------------------------------------------------

[2017-02-28 12:08:08 #1 store] 
Database 'C:\Users\rivas\git\WSRuralHouse-2017\resources\ruralHouses.odb' is opened by 6220@AsusX54H

[2017-02-28 12:08:09 #2 type] 
Type domain.RuralHouse is not enhanced.

[2017-02-28 12:08:09 #3 type] 
Type domain.Owner is not enhanced.

[2017-02-28 12:08:09 #4 type] 
Type domain.Offer is not enhanced.

[2017-02-28 12:08:09 #5 type] 
Type domain.Client is not enhanced.

------------------------------------------------------------------------------------------------------------------------

[2017-02-28 12:15:51 #1 store] 
Database 'C:\Users\rivas\git\WSRuralHouse-2017\resources\ruralHouses.odb' is opened by 6664@AsusX54H

[2017-02-28 12:15:52 #2 type] 
Type domain.RuralHouse is not enhanced.

[2017-02-28 12:15:52 #3 type] 
Type domain.Owner is not enhanced.

[2017-02-28 12:15:52 #4 type] 
Type domain.Offer is not enhanced.

[2017-02-28 12:15:52 #5 type] 
Type domain.Client is not enhanced.

------------------------------------------------------------------------------------------------------------------------

[2017-02-28 12:24:32 #1 store] 
Database 'C:\Users\rivas\git\WSRuralHouse-2017\resources\ruralHouses.odb' is opened by 2464@AsusX54H

[2017-02-28 12:24:33 #2 type] 
Type domain.RuralHouse is not enhanced.

[2017-02-28 12:24:33 #3 type] 
Type domain.Owner is not enhanced.

[2017-02-28 12:24:33 #4 type] 
Type domain.Offer is not enhanced.

[2017-02-28 12:24:33 #5 type] 
Type domain.Client is not enhanced.

------------------------------------------------------------------------------------------------------------------------

[2017-02-28 12:25:40 #1 store] 
Database 'C:\Users\rivas\git\WSRuralHouse-2017\resources\ruralHouses.odb' has been recovered (tr. 96-96)

[2017-02-28 12:25:40 #2 store] 
Database 'C:\Users\rivas\git\WSRuralHouse-2017\resources\ruralHouses.odb' is opened by 4788@AsusX54H

[2017-02-28 12:25:40 #3 type] 
Type domain.RuralHouse is not enhanced.

[2017-02-28 12:25:40 #4 type] 
Type domain.Owner is not enhanced.

[2017-02-28 12:25:40 #5 type] 
Type domain.Offer is not enhanced.

[2017-02-28 12:25:40 #6 type] 
Type domain.Client is not enhanced.

------------------------------------------------------------------------------------------------------------------------

[2017-02-28 13:42:36 #1 store] 
Database 'C:\Users\rivas\git\WSRuralHouse-2017\resources\ruralHouses.odb' has been recovered (tr. 97-97)

[2017-02-28 13:42:36 #2 store] 
Database 'C:\Users\rivas\git\WSRuralHouse-2017\resources\ruralHouses.odb' is opened by 7848@AsusX54H

[2017-02-28 13:42:36 #3 type] 
Type domain.RuralHouse is not enhanced.

[2017-02-28 13:42:36 #4 type] 
Type domain.Owner is not enhanced.

[2017-02-28 13:42:36 #5 type] 
Type domain.Offer is not enhanced.

[2017-02-28 13:42:36 #6 type] 
Type domain.Client is not enhanced.

------------------------------------------------------------------------------------------------------------------------

[2017-02-28 14:07:30 #1 store] 
Database 'C:\Users\rivas\git\WSRuralHouse-2017\resources\ruralHouses.odb' is opened by 5236@AsusX54H

[2017-02-28 14:07:30 #2 type] 
Type domain.RuralHouse is not enhanced.

[2017-02-28 14:07:30 #3 type] 
Type domain.Owner is not enhanced.

[2017-02-28 14:07:30 #4 type] 
Type domain.Offer is not enhanced.

[2017-02-28 14:07:30 #5 type] 
Type domain.Client is not enhanced.

------------------------------------------------------------------------------------------------------------------------

[2017-02-28 16:08:12 #1 store] 
Database 'C:\Users\rivas\git\WSRuralHouse-2017\resources\ruralHouses.odb' has been recovered (tr. 98-99)

[2017-02-28 16:08:12 #2 store] 
Database 'C:\Users\rivas\git\WSRuralHouse-2017\resources\ruralHouses.odb' is opened by 4488@AsusX54H

[2017-02-28 16:08:13 #3 type] 
Type domain.RuralHouse is not enhanced.

[2017-02-28 16:08:13 #4 type] 
Type domain.Owner is not enhanced.

[2017-02-28 16:08:13 #5 type] 
Type domain.Offer is not enhanced.

[2017-02-28 16:08:13 #6 type] 
Type domain.Client is not enhanced.

------------------------------------------------------------------------------------------------------------------------

[2017-02-28 16:11:09 #1 store] 
Database 'C:\Users\rivas\git\WSRuralHouse-2017\resources\ruralHouses.odb' is opened by 8704@AsusX54H

[2017-02-28 16:11:09 #2 type] 
Type domain.RuralHouse is not enhanced.

[2017-02-28 16:11:09 #3 type] 
Type domain.Owner is not enhanced.

[2017-02-28 16:11:09 #4 type] 
Type domain.Offer is not enhanced.

[2017-02-28 16:11:09 #5 type] 
Type domain.Client is not enhanced.

------------------------------------------------------------------------------------------------------------------------

[2017-02-28 16:12:00 #1 store] 
Database 'C:\Users\rivas\git\WSRuralHouse-2017\resources\ruralHouses.odb' has been recovered (tr. 121-123)

[2017-02-28 16:12:01 #2 store] 
Database 'C:\Users\rivas\git\WSRuralHouse-2017\resources\ruralHouses.odb' is opened by 7708@AsusX54H

[2017-02-28 16:12:01 #3 type] 
Type domain.RuralHouse is not enhanced.

[2017-02-28 16:12:01 #4 type] 
Type domain.Owner is not enhanced.

[2017-02-28 16:12:01 #5 type] 
Type domain.Offer is not enhanced.

[2017-02-28 16:12:01 #6 type] 
Type domain.Client is not enhanced.

------------------------------------------------------------------------------------------------------------------------

[2017-02-28 16:16:26 #1 store] 
Database 'C:\Users\rivas\git\WSRuralHouse-2017\resources\ruralHouses.odb' is opened by 6868@AsusX54H

[2017-02-28 16:16:26 #2 type] 
Type domain.RuralHouse is not enhanced.

[2017-02-28 16:16:26 #3 type] 
Type domain.Owner is not enhanced.

[2017-02-28 16:16:26 #4 type] 
Type domain.Offer is not enhanced.

[2017-02-28 16:16:26 #5 type] 
Type domain.Client is not enhanced.

------------------------------------------------------------------------------------------------------------------------

[2017-02-28 16:16:52 #1 store] 
Database 'C:\Users\rivas\git\WSRuralHouse-2017\resources\ruralHouses.odb' has been recovered (tr. 124-124)

[2017-02-28 16:16:52 #2 store] 
Database 'C:\Users\rivas\git\WSRuralHouse-2017\resources\ruralHouses.odb' is opened by 1452@AsusX54H

[2017-02-28 16:16:52 #3 type] 
Type domain.RuralHouse is not enhanced.

[2017-02-28 16:16:52 #4 type] 
Type domain.Owner is not enhanced.

[2017-02-28 16:16:52 #5 type] 
Type domain.Offer is not enhanced.

[2017-02-28 16:16:52 #6 type] 
Type domain.Client is not enhanced.

------------------------------------------------------------------------------------------------------------------------

[2017-02-28 17:49:35 #1 store] 
Database 'C:\Users\rivas\git\WSRuralHouse-2017\resources\ruralHouses.odb' has been recovered (tr. 125-125)

[2017-02-28 17:49:35 #2 store] 
Database 'C:\Users\rivas\git\WSRuralHouse-2017\resources\ruralHouses.odb' is opened by 6376@AsusX54H

[2017-02-28 17:49:35 #3 type] 
Type domain.RuralHouse is not enhanced.

[2017-02-28 17:49:35 #4 type] 
Type domain.Owner is not enhanced.

[2017-02-28 17:49:35 #5 type] 
Type domain.Offer is not enhanced.

[2017-02-28 17:49:35 #6 type] 
Type domain.Client is not enhanced.

------------------------------------------------------------------------------------------------------------------------

[2017-02-28 17:51:40 #1 store] 
Database 'C:\Users\rivas\git\WSRuralHouse-2017\resources\ruralHouses.odb' has been recovered (tr. 126-127)

[2017-02-28 17:51:40 #2 store] 
Database 'C:\Users\rivas\git\WSRuralHouse-2017\resources\ruralHouses.odb' is opened by 7436@AsusX54H

[2017-02-28 17:51:41 #3 type] 
Type domain.RuralHouse is not enhanced.

[2017-02-28 17:51:41 #4 type] 
Type domain.Owner is not enhanced.

[2017-02-28 17:51:41 #5 type] 
Type domain.Offer is not enhanced.

[2017-02-28 17:51:41 #6 type] 
Type domain.Client is not enhanced.

------------------------------------------------------------------------------------------------------------------------

[2017-02-28 17:53:42 #1 store] 
Database 'C:\Users\rivas\git\WSRuralHouse-2017\resources\ruralHouses.odb' has been recovered (tr. 128-129)

[2017-02-28 17:53:42 #2 store] 
Database 'C:\Users\rivas\git\WSRuralHouse-2017\resources\ruralHouses.odb' is opened by 7184@AsusX54H

[2017-02-28 17:53:42 #3 type] 
Type domain.RuralHouse is not enhanced.

[2017-02-28 17:53:42 #4 type] 
Type domain.Owner is not enhanced.

[2017-02-28 17:53:42 #5 type] 
Type domain.Offer is not enhanced.

[2017-02-28 17:53:42 #6 type] 
Type domain.Client is not enhanced.

------------------------------------------------------------------------------------------------------------------------

[2017-02-28 17:56:56 #1 store] 
Database 'C:\Users\rivas\git\WSRuralHouse-2017\resources\ruralHouses.odb' is opened by 1260@AsusX54H

[2017-02-28 17:56:56 #2 type] 
Type domain.RuralHouse is not enhanced.

[2017-02-28 17:56:56 #3 type] 
Type domain.Owner is not enhanced.

[2017-02-28 17:56:56 #4 type] 
Type domain.Offer is not enhanced.

[2017-02-28 17:56:56 #5 type] 
Type domain.Client is not enhanced.

------------------------------------------------------------------------------------------------------------------------

[2017-02-28 17:58:25 #1 store] 
Database 'C:\Users\rivas\git\WSRuralHouse-2017\resources\ruralHouses.odb' is opened by 8756@AsusX54H

[2017-02-28 17:58:25 #2 type] 
Type domain.RuralHouse is not enhanced.

[2017-02-28 17:58:25 #3 type] 
Type domain.Owner is not enhanced.

[2017-02-28 17:58:25 #4 type] 
Type domain.Offer is not enhanced.

[2017-02-28 17:58:26 #5 type] 
Type domain.Client is not enhanced.

------------------------------------------------------------------------------------------------------------------------

[2017-02-28 18:01:01 #1 store] 
Database 'C:\Users\rivas\git\WSRuralHouse-2017\resources\ruralHouses.odb' is opened by 228@AsusX54H

[2017-02-28 18:01:01 #2 type] 
Type domain.RuralHouse is not enhanced.

[2017-02-28 18:01:01 #3 type] 
Type domain.Owner is not enhanced.

[2017-02-28 18:01:01 #4 type] 
Type domain.Offer is not enhanced.

[2017-02-28 18:01:01 #5 type] 
Type domain.Client is not enhanced.

------------------------------------------------------------------------------------------------------------------------

[2017-02-28 18:04:05 #1 store] 
Database 'C:\Users\rivas\git\WSRuralHouse-2017\resources\ruralHouses.odb' is opened by 3048@AsusX54H

[2017-02-28 18:04:06 #2 type] 
Type domain.RuralHouse is not enhanced.

[2017-02-28 18:04:06 #3 type] 
Type domain.Owner is not enhanced.

[2017-02-28 18:04:06 #4 type] 
Type domain.Offer is not enhanced.

[2017-02-28 18:04:06 #5 type] 
Type domain.Client is not enhanced.

