------------------------------------------------------------------------------------------------------------------------

[2017-02-27 08:17:05 #1 store] 
Database 'C:\Users\rivas\git\WSRuralHouse-2017\resources\ruralHouses.odb' has been recovered (tr. 233-234)

[2017-02-27 08:17:06 #2 store] 
Database 'C:\Users\rivas\git\WSRuralHouse-2017\resources\ruralHouses.odb' is opened by 4432@AsusX54H

[2017-02-27 08:17:06 #3 type] 
Type domain.RuralHouse is not enhanced.

[2017-02-27 08:17:06 #4 type] 
Type domain.Offer is not enhanced.

[2017-02-27 08:17:06 #5 type] 
Type domain.Client is not enhanced.

[2017-02-27 08:17:06 #6 type] 
Type domain.Owner is not enhanced.

------------------------------------------------------------------------------------------------------------------------

[2017-02-27 10:07:22 #1 store] 
Database 'C:\Users\rivas\git\WSRuralHouse-2017\resources\ruralHouses.odb' has been recovered (tr. 235-239)

[2017-02-27 10:07:22 #2 store] 
Database 'C:\Users\rivas\git\WSRuralHouse-2017\resources\ruralHouses.odb' is opened by 4844@AsusX54H

[2017-02-27 10:07:22 #3 type] 
Type domain.RuralHouse is not enhanced.

[2017-02-27 10:07:22 #4 type] 
Type domain.Offer is not enhanced.

[2017-02-27 10:07:22 #5 type] 
Type domain.Client is not enhanced.

[2017-02-27 10:07:22 #6 type] 
Type domain.Owner is not enhanced.

------------------------------------------------------------------------------------------------------------------------

[2017-02-27 10:10:42 #1 store] 
Database 'C:\Users\rivas\git\WSRuralHouse-2017\resources\ruralHouses.odb' has been recovered (tr. 240-244)

[2017-02-27 10:10:43 #2 store] 
Database 'C:\Users\rivas\git\WSRuralHouse-2017\resources\ruralHouses.odb' is opened by 6320@AsusX54H

[2017-02-27 10:10:43 #3 type] 
Type domain.RuralHouse is not enhanced.

[2017-02-27 10:10:43 #4 type] 
Type domain.Offer is not enhanced.

[2017-02-27 10:10:43 #5 type] 
Type domain.Client is not enhanced.

[2017-02-27 10:10:43 #6 type] 
Type domain.Owner is not enhanced.

------------------------------------------------------------------------------------------------------------------------

[2017-02-27 10:12:54 #1 store] 
Database 'C:\Users\rivas\git\WSRuralHouse-2017\resources\ruralHouses.odb' has been recovered (tr. 245-248)

[2017-02-27 10:12:54 #2 store] 
Database 'C:\Users\rivas\git\WSRuralHouse-2017\resources\ruralHouses.odb' is opened by 696@AsusX54H

[2017-02-27 10:12:54 #3 type] 
Type domain.RuralHouse is not enhanced.

[2017-02-27 10:12:54 #4 type] 
Type domain.Offer is not enhanced.

[2017-02-27 10:12:54 #5 type] 
Type domain.Client is not enhanced.

[2017-02-27 10:12:54 #6 type] 
Type domain.Owner is not enhanced.

------------------------------------------------------------------------------------------------------------------------

[2017-02-27 10:15:32 #1 store] 
Database 'C:\Users\rivas\git\WSRuralHouse-2017\resources\ruralHouses.odb' has been recovered (tr. 249-252)

[2017-02-27 10:15:32 #2 store] 
Database 'C:\Users\rivas\git\WSRuralHouse-2017\resources\ruralHouses.odb' is opened by 512@AsusX54H

[2017-02-27 10:15:33 #3 type] 
Type domain.RuralHouse is not enhanced.

[2017-02-27 10:15:33 #4 type] 
Type domain.Offer is not enhanced.

[2017-02-27 10:15:33 #5 type] 
Type domain.Client is not enhanced.

[2017-02-27 10:15:33 #6 type] 
Type domain.Owner is not enhanced.

------------------------------------------------------------------------------------------------------------------------

[2017-02-27 10:16:27 #1 store] 
Database 'C:\Users\rivas\git\WSRuralHouse-2017\resources\ruralHouses.odb' has been recovered (tr. 253-256)

[2017-02-27 10:16:27 #2 store] 
Database 'C:\Users\rivas\git\WSRuralHouse-2017\resources\ruralHouses.odb' is opened by 6148@AsusX54H

[2017-02-27 10:16:27 #3 type] 
Type domain.RuralHouse is not enhanced.

[2017-02-27 10:16:27 #4 type] 
Type domain.Offer is not enhanced.

[2017-02-27 10:16:27 #5 type] 
Type domain.Client is not enhanced.

[2017-02-27 10:16:27 #6 type] 
Type domain.Owner is not enhanced.

------------------------------------------------------------------------------------------------------------------------

[2017-02-27 10:17:13 #1 store] 
Database 'C:\Users\rivas\git\WSRuralHouse-2017\resources\ruralHouses.odb' has been recovered (tr. 257-257)

[2017-02-27 10:17:14 #2 store] 
Database 'C:\Users\rivas\git\WSRuralHouse-2017\resources\ruralHouses.odb' is opened by 3228@AsusX54H

[2017-02-27 10:17:14 #3 type] 
Type domain.RuralHouse is not enhanced.

[2017-02-27 10:17:14 #4 type] 
Type domain.Offer is not enhanced.

[2017-02-27 10:17:14 #5 type] 
Type domain.Client is not enhanced.

[2017-02-27 10:17:14 #6 type] 
Type domain.Owner is not enhanced.

------------------------------------------------------------------------------------------------------------------------

[2017-02-27 10:17:25 #1 store] 
Database 'C:\Users\rivas\git\WSRuralHouse-2017\resources\ruralHouses.odb' has been recovered (tr. 258-258)

[2017-02-27 10:17:25 #2 store] 
Database 'C:\Users\rivas\git\WSRuralHouse-2017\resources\ruralHouses.odb' is opened by 4548@AsusX54H

[2017-02-27 10:17:25 #3 type] 
Type domain.RuralHouse is not enhanced.

[2017-02-27 10:17:25 #4 type] 
Type domain.Offer is not enhanced.

[2017-02-27 10:17:25 #5 type] 
Type domain.Client is not enhanced.

[2017-02-27 10:17:25 #6 type] 
Type domain.Owner is not enhanced.

------------------------------------------------------------------------------------------------------------------------

[2017-02-27 10:17:54 #1 store] 
Database 'C:\Users\rivas\git\WSRuralHouse-2017\resources\ruralHouses.odb' has been recovered (tr. 259-259)

[2017-02-27 10:17:54 #2 store] 
Database 'C:\Users\rivas\git\WSRuralHouse-2017\resources\ruralHouses.odb' is opened by 640@AsusX54H

[2017-02-27 10:17:55 #3 type] 
Type domain.RuralHouse is not enhanced.

[2017-02-27 10:17:55 #4 type] 
Type domain.Offer is not enhanced.

[2017-02-27 10:17:55 #5 type] 
Type domain.Client is not enhanced.

[2017-02-27 10:17:55 #6 type] 
Type domain.Owner is not enhanced.

------------------------------------------------------------------------------------------------------------------------

[2017-02-27 10:26:28 #1 store] 
Database 'C:\Users\rivas\git\WSRuralHouse-2017\resources\ruralHouses.odb' has been recovered (tr. 260-263)

[2017-02-27 10:26:28 #2 store] 
Database 'C:\Users\rivas\git\WSRuralHouse-2017\resources\ruralHouses.odb' is opened by 216@AsusX54H

[2017-02-27 10:26:28 #3 type] 
Type domain.RuralHouse is not enhanced.

[2017-02-27 10:26:28 #4 type] 
Type domain.Offer is not enhanced.

[2017-02-27 10:26:28 #5 type] 
Type domain.Client is not enhanced.

[2017-02-27 10:26:28 #6 type] 
Type domain.Owner is not enhanced.

------------------------------------------------------------------------------------------------------------------------

[2017-02-27 10:27:46 #1 store] 
Database 'C:\Users\rivas\git\WSRuralHouse-2017\resources\ruralHouses.odb' has been recovered (tr. 264-268)

[2017-02-27 10:27:46 #2 store] 
Database 'C:\Users\rivas\git\WSRuralHouse-2017\resources\ruralHouses.odb' is opened by 7396@AsusX54H

[2017-02-27 10:27:47 #3 type] 
Type domain.RuralHouse is not enhanced.

[2017-02-27 10:27:47 #4 type] 
Type domain.Offer is not enhanced.

[2017-02-27 10:27:47 #5 type] 
Type domain.Client is not enhanced.

[2017-02-27 10:27:47 #6 type] 
Type domain.Owner is not enhanced.

[2017-02-27 10:28:04 #7 type.registry] 
New type java.util.ArrayList<java.lang.Object>

------------------------------------------------------------------------------------------------------------------------

[2017-02-27 10:55:32 #1 store] 
Database 'C:\Users\rivas\git\WSRuralHouse-2017\resources\ruralHouses.odb' has been recovered (tr. 269-278)

[2017-02-27 10:55:32 #2 store] 
Database 'C:\Users\rivas\git\WSRuralHouse-2017\resources\ruralHouses.odb' is opened by 7032@AsusX54H

[2017-02-27 10:55:32 #3 type] 
Type domain.RuralHouse is not enhanced.

[2017-02-27 10:55:32 #4 type] 
Type domain.Offer is not enhanced.

[2017-02-27 10:55:32 #5 type] 
Type domain.Client is not enhanced.

[2017-02-27 10:55:32 #6 type] 
Type domain.Owner is not enhanced.

------------------------------------------------------------------------------------------------------------------------

[2017-02-27 14:04:52 #1 store] 
Database 'C:\Users\rivas\git\WSRuralHouse-2017\resources\ruralHouses.odb' is opened by 6412@AsusX54H

[2017-02-27 14:04:52 #2 type] 
Type domain.RuralHouse is not enhanced.

[2017-02-27 14:04:52 #3 type] 
Type domain.Offer is not enhanced.

[2017-02-27 14:04:52 #4 type] 
Type domain.Client is not enhanced.

[2017-02-27 14:04:52 #5 type] 
Type domain.Owner is not enhanced.

------------------------------------------------------------------------------------------------------------------------

[2017-02-27 14:30:18 #1 store] 
Database 'C:\Users\rivas\git\WSRuralHouse-2017\resources\ruralHouses.odb' is opened by 8812@AsusX54H

[2017-02-27 14:30:18 #2 type] 
Type domain.RuralHouse is not enhanced.

[2017-02-27 14:30:18 #3 type] 
Type domain.Offer is not enhanced.

[2017-02-27 14:30:18 #4 type] 
Type domain.Client is not enhanced.

[2017-02-27 14:30:18 #5 type] 
Type domain.Owner is not enhanced.

------------------------------------------------------------------------------------------------------------------------

[2017-02-27 14:46:49 #1 store] 
Database 'C:\Users\rivas\git\WSRuralHouse-2017\resources\ruralHouses.odb' is opened by 2960@AsusX54H

[2017-02-27 14:46:49 #2 type] 
Type domain.RuralHouse is not enhanced.

[2017-02-27 14:46:49 #3 type] 
Type domain.Offer is not enhanced.

[2017-02-27 14:46:49 #4 type] 
Type domain.Client is not enhanced.

[2017-02-27 14:46:49 #5 type] 
Type domain.Owner is not enhanced.

------------------------------------------------------------------------------------------------------------------------

[2017-02-27 15:00:04 #1 store] 
Database 'C:\Users\rivas\git\WSRuralHouse-2017\resources\ruralHouses.odb' is opened by 3996@AsusX54H

[2017-02-27 15:00:04 #2 type] 
Type domain.RuralHouse is not enhanced.

[2017-02-27 15:00:04 #3 type] 
Type domain.Offer is not enhanced.

[2017-02-27 15:00:04 #4 type] 
Type domain.Client is not enhanced.

[2017-02-27 15:00:04 #5 type] 
Type domain.Owner is not enhanced.

------------------------------------------------------------------------------------------------------------------------

[2017-02-27 15:08:31 #1 store] 
Database 'C:\Users\rivas\git\WSRuralHouse-2017\resources\ruralHouses.odb' has been recovered (tr. 325-333)

[2017-02-27 15:08:31 #2 store] 
Database 'C:\Users\rivas\git\WSRuralHouse-2017\resources\ruralHouses.odb' is opened by 4836@AsusX54H

[2017-02-27 15:08:31 #3 type] 
Type domain.RuralHouse is not enhanced.

[2017-02-27 15:08:31 #4 type] 
Type domain.Offer is not enhanced.

[2017-02-27 15:08:31 #5 type] 
Type domain.Client is not enhanced.

[2017-02-27 15:08:31 #6 type] 
Type domain.Owner is not enhanced.

------------------------------------------------------------------------------------------------------------------------

[2017-02-27 16:02:16 #1 store] 
Database 'C:\Users\rivas\git\WSRuralHouse-2017\resources\ruralHouses.odb' is opened by 4720@AsusX54H

[2017-02-27 16:02:17 #2 type] 
Type domain.RuralHouse is not enhanced.

[2017-02-27 16:02:17 #3 type] 
Type domain.Offer is not enhanced.

[2017-02-27 16:02:17 #4 type] 
Type domain.Client is not enhanced.

[2017-02-27 16:02:17 #5 type] 
Type domain.Owner is not enhanced.

------------------------------------------------------------------------------------------------------------------------

[2017-02-27 16:02:27 #1 store] 
Database 'C:\Users\rivas\git\WSRuralHouse-2017\resources\ruralHouses.odb' has been recovered (tr. 352-352)

[2017-02-27 16:02:28 #2 store] 
Database 'C:\Users\rivas\git\WSRuralHouse-2017\resources\ruralHouses.odb' is opened by 5288@AsusX54H

[2017-02-27 16:02:28 #3 type] 
Type domain.RuralHouse is not enhanced.

[2017-02-27 16:02:28 #4 type] 
Type domain.Offer is not enhanced.

[2017-02-27 16:02:28 #5 type] 
Type domain.Client is not enhanced.

[2017-02-27 16:02:28 #6 type] 
Type domain.Owner is not enhanced.

------------------------------------------------------------------------------------------------------------------------

[2017-02-27 16:19:55 #1 store] 
Database 'C:\Users\rivas\git\WSRuralHouse-2017\resources\ruralHouses.odb' is opened by 4656@AsusX54H

[2017-02-27 16:19:55 #2 type] 
Type domain.RuralHouse is not enhanced.

[2017-02-27 16:19:55 #3 type] 
Type domain.Offer is not enhanced.

[2017-02-27 16:19:55 #4 type] 
Type domain.Client is not enhanced.

[2017-02-27 16:19:55 #5 type] 
Type domain.Owner is not enhanced.

------------------------------------------------------------------------------------------------------------------------

[2017-02-27 16:32:58 #1 store] 
Database 'C:\Users\rivas\git\WSRuralHouse-2017\resources\ruralHouses.odb' has been recovered (tr. 361-361)

[2017-02-27 16:32:58 #2 store] 
Database 'C:\Users\rivas\git\WSRuralHouse-2017\resources\ruralHouses.odb' is opened by 5388@AsusX54H

[2017-02-27 16:32:59 #3 type] 
Type domain.RuralHouse is not enhanced.

[2017-02-27 16:32:59 #4 type] 
Type domain.Offer is not enhanced.

[2017-02-27 16:32:59 #5 type] 
Type domain.Client is not enhanced.

[2017-02-27 16:32:59 #6 type] 
Type domain.Owner is not enhanced.

------------------------------------------------------------------------------------------------------------------------

[2017-02-27 16:57:07 #1 store] 
Database 'C:\Users\rivas\git\WSRuralHouse-2017\resources\ruralHouses.odb' has been recovered (tr. 362-363)

[2017-02-27 16:57:08 #2 store] 
Database 'C:\Users\rivas\git\WSRuralHouse-2017\resources\ruralHouses.odb' is opened by 4784@AsusX54H

[2017-02-27 16:57:08 #3 type] 
Type domain.RuralHouse is not enhanced.

[2017-02-27 16:57:08 #4 type] 
Type domain.Offer is not enhanced.

[2017-02-27 16:57:08 #5 type] 
Type domain.Client is not enhanced.

[2017-02-27 16:57:08 #6 type] 
Type domain.Owner is not enhanced.

------------------------------------------------------------------------------------------------------------------------

[2017-02-27 16:59:28 #1 store] 
Database 'C:\Users\rivas\git\WSRuralHouse-2017\resources\ruralHouses.odb' is opened by 4104@AsusX54H

[2017-02-27 16:59:28 #2 type] 
Type domain.RuralHouse is not enhanced.

[2017-02-27 16:59:28 #3 type] 
Type domain.Offer is not enhanced.

[2017-02-27 16:59:28 #4 type] 
Type domain.Client is not enhanced.

[2017-02-27 16:59:28 #5 type] 
Type domain.Owner is not enhanced.

------------------------------------------------------------------------------------------------------------------------

[2017-02-27 16:59:44 #1 store] 
Database 'C:\Users\rivas\git\WSRuralHouse-2017\resources\ruralHouses.odb' has been recovered (tr. 379-380)

[2017-02-27 16:59:44 #2 store] 
Database 'C:\Users\rivas\git\WSRuralHouse-2017\resources\ruralHouses.odb' is opened by 5704@AsusX54H

[2017-02-27 16:59:45 #3 type] 
Type domain.RuralHouse is not enhanced.

[2017-02-27 16:59:45 #4 type] 
Type domain.Offer is not enhanced.

[2017-02-27 16:59:45 #5 type] 
Type domain.Client is not enhanced.

[2017-02-27 16:59:45 #6 type] 
Type domain.Owner is not enhanced.

------------------------------------------------------------------------------------------------------------------------

[2017-02-27 17:03:43 #1 store] 
Database 'C:\Users\rivas\git\WSRuralHouse-2017\resources\ruralHouses.odb' is opened by 6440@AsusX54H

[2017-02-27 17:03:43 #2 type] 
Type domain.RuralHouse is not enhanced.

[2017-02-27 17:03:43 #3 type] 
Type domain.Offer is not enhanced.

[2017-02-27 17:03:43 #4 type] 
Type domain.Client is not enhanced.

[2017-02-27 17:03:43 #5 type] 
Type domain.Owner is not enhanced.

------------------------------------------------------------------------------------------------------------------------

[2017-02-27 17:06:10 #1 store] 
Database 'C:\Users\rivas\git\WSRuralHouse-2017\resources\ruralHouses.odb' is opened by 5800@AsusX54H

[2017-02-27 17:06:10 #2 type.registry] 
New type domain.RuralHouse

[2017-02-27 17:06:10 #3 type] 
Type domain.RuralHouse is not enhanced.

[2017-02-27 17:06:10 #4 type.registry] 
New type domain.Owner

[2017-02-27 17:06:10 #5 type.registry] 
New type domain.Offer

[2017-02-27 17:06:10 #6 type.registry] 
New type java.util.Vector<domain.Offer>

[2017-02-27 17:06:10 #7 type] 
Type domain.Owner is not enhanced.

[2017-02-27 17:06:10 #8 type.registry] 
New type java.util.Vector<domain.RuralHouse>

[2017-02-27 17:06:10 #9 type.registry] 
New type char[]

[2017-02-27 17:06:10 #10 type] 
Type domain.Offer is not enhanced.

[2017-02-27 17:06:10 #11 type.registry] 
New type java.util.Vector<java.lang.Object>

------------------------------------------------------------------------------------------------------------------------

[2017-02-27 17:06:23 #1 store] 
Database 'C:\Users\rivas\git\WSRuralHouse-2017\resources\ruralHouses.odb' has been recovered (tr. 1-6)

[2017-02-27 17:06:24 #2 store] 
Database 'C:\Users\rivas\git\WSRuralHouse-2017\resources\ruralHouses.odb' is opened by 7080@AsusX54H

[2017-02-27 17:06:24 #3 type] 
Type domain.RuralHouse is not enhanced.

[2017-02-27 17:06:24 #4 type] 
Type domain.Owner is not enhanced.

[2017-02-27 17:06:24 #5 type] 
Type domain.Offer is not enhanced.

[2017-02-27 17:06:51 #6 type.registry] 
New type domain.Client

[2017-02-27 17:06:51 #7 type] 
Type domain.Client is not enhanced.

------------------------------------------------------------------------------------------------------------------------

[2017-02-27 17:09:50 #1 store] 
Database 'C:\Users\rivas\git\WSRuralHouse-2017\resources\ruralHouses.odb' is opened by 9012@AsusX54H

[2017-02-27 17:09:50 #2 type] 
Type domain.RuralHouse is not enhanced.

[2017-02-27 17:09:50 #3 type] 
Type domain.Owner is not enhanced.

[2017-02-27 17:09:50 #4 type] 
Type domain.Offer is not enhanced.

[2017-02-27 17:09:50 #5 type] 
Type domain.Client is not enhanced.

------------------------------------------------------------------------------------------------------------------------

[2017-02-27 17:10:00 #1 store] 
Database 'C:\Users\rivas\git\WSRuralHouse-2017\resources\ruralHouses.odb' has been recovered (tr. 17-18)

[2017-02-27 17:10:00 #2 store] 
Database 'C:\Users\rivas\git\WSRuralHouse-2017\resources\ruralHouses.odb' is opened by 3996@AsusX54H

[2017-02-27 17:10:01 #3 type] 
Type domain.RuralHouse is not enhanced.

[2017-02-27 17:10:01 #4 type] 
Type domain.Owner is not enhanced.

[2017-02-27 17:10:01 #5 type] 
Type domain.Offer is not enhanced.

[2017-02-27 17:10:01 #6 type] 
Type domain.Client is not enhanced.

------------------------------------------------------------------------------------------------------------------------

[2017-02-27 17:47:26 #1 store] 
Database 'C:\Users\rivas\git\WSRuralHouse-2017\resources\ruralHouses.odb' is opened by 7196@AsusX54H

[2017-02-27 17:47:26 #2 type] 
Type domain.RuralHouse is not enhanced.

[2017-02-27 17:47:26 #3 type] 
Type domain.Owner is not enhanced.

[2017-02-27 17:47:26 #4 type] 
Type domain.Offer is not enhanced.

[2017-02-27 17:47:26 #5 type] 
Type domain.Client is not enhanced.

------------------------------------------------------------------------------------------------------------------------

[2017-02-27 17:47:39 #1 store] 
Database 'C:\Users\rivas\git\WSRuralHouse-2017\resources\ruralHouses.odb' has been recovered (tr. 28-29)

[2017-02-27 17:47:39 #2 store] 
Database 'C:\Users\rivas\git\WSRuralHouse-2017\resources\ruralHouses.odb' is opened by 1540@AsusX54H

[2017-02-27 17:47:39 #3 type] 
Type domain.RuralHouse is not enhanced.

[2017-02-27 17:47:39 #4 type] 
Type domain.Owner is not enhanced.

[2017-02-27 17:47:39 #5 type] 
Type domain.Offer is not enhanced.

[2017-02-27 17:47:39 #6 type] 
Type domain.Client is not enhanced.

------------------------------------------------------------------------------------------------------------------------

[2017-02-27 17:48:37 #1 store] 
Database 'C:\Users\rivas\git\WSRuralHouse-2017\resources\ruralHouses.odb' is opened by 1484@AsusX54H

[2017-02-27 17:48:37 #2 type] 
Type domain.RuralHouse is not enhanced.

[2017-02-27 17:48:37 #3 type] 
Type domain.Owner is not enhanced.

[2017-02-27 17:48:37 #4 type] 
Type domain.Offer is not enhanced.

[2017-02-27 17:48:37 #5 type] 
Type domain.Client is not enhanced.

------------------------------------------------------------------------------------------------------------------------

[2017-02-27 17:55:00 #1 store] 
Database 'C:\Users\rivas\git\WSRuralHouse-2017\resources\ruralHouses.odb' is opened by 808@AsusX54H

[2017-02-27 17:55:00 #2 type] 
Type domain.RuralHouse is not enhanced.

[2017-02-27 17:55:00 #3 type] 
Type domain.Owner is not enhanced.

[2017-02-27 17:55:00 #4 type] 
Type domain.Offer is not enhanced.

[2017-02-27 17:55:00 #5 type] 
Type domain.Client is not enhanced.

------------------------------------------------------------------------------------------------------------------------

[2017-02-27 17:58:51 #1 store] 
Database 'C:\Users\rivas\git\WSRuralHouse-2017\resources\ruralHouses.odb' is opened by 3504@AsusX54H

[2017-02-27 17:58:52 #2 type] 
Type domain.RuralHouse is not enhanced.

[2017-02-27 17:58:52 #3 type] 
Type domain.Owner is not enhanced.

[2017-02-27 17:58:52 #4 type] 
Type domain.Offer is not enhanced.

[2017-02-27 17:58:52 #5 type] 
Type domain.Client is not enhanced.

------------------------------------------------------------------------------------------------------------------------

[2017-02-27 18:01:54 #1 store] 
Database 'C:\Users\rivas\git\WSRuralHouse-2017\resources\ruralHouses.odb' is opened by 5520@AsusX54H

[2017-02-27 18:01:54 #2 type] 
Type domain.RuralHouse is not enhanced.

[2017-02-27 18:01:54 #3 type] 
Type domain.Owner is not enhanced.

[2017-02-27 18:01:54 #4 type] 
Type domain.Offer is not enhanced.

[2017-02-27 18:01:54 #5 type] 
Type domain.Client is not enhanced.

------------------------------------------------------------------------------------------------------------------------

[2017-02-27 18:01:59 #1 store] 
Database 'C:\Users\rivas\git\WSRuralHouse-2017\resources\ruralHouses.odb' has been recovered (tr. 58-58)

[2017-02-27 18:01:59 #2 store] 
Database 'C:\Users\rivas\git\WSRuralHouse-2017\resources\ruralHouses.odb' is opened by 9176@AsusX54H

[2017-02-27 18:01:59 #3 type] 
Type domain.RuralHouse is not enhanced.

[2017-02-27 18:01:59 #4 type] 
Type domain.Owner is not enhanced.

[2017-02-27 18:01:59 #5 type] 
Type domain.Offer is not enhanced.

[2017-02-27 18:01:59 #6 type] 
Type domain.Client is not enhanced.

------------------------------------------------------------------------------------------------------------------------

[2017-02-27 18:02:50 #1 store] 
Database 'C:\Users\rivas\git\WSRuralHouse-2017\resources\ruralHouses.odb' has been recovered (tr. 59-67)

[2017-02-27 18:02:50 #2 store] 
Database 'C:\Users\rivas\git\WSRuralHouse-2017\resources\ruralHouses.odb' is opened by 8484@AsusX54H

[2017-02-27 18:02:50 #3 type] 
Type domain.RuralHouse is not enhanced.

[2017-02-27 18:02:50 #4 type] 
Type domain.Owner is not enhanced.

[2017-02-27 18:02:50 #5 type] 
Type domain.Offer is not enhanced.

[2017-02-27 18:02:50 #6 type] 
Type domain.Client is not enhanced.

------------------------------------------------------------------------------------------------------------------------

[2017-02-27 18:04:02 #1 store] 
Database 'C:\Users\rivas\git\WSRuralHouse-2017\resources\ruralHouses.odb' is opened by 9016@AsusX54H

[2017-02-27 18:04:02 #2 type] 
Type domain.RuralHouse is not enhanced.

[2017-02-27 18:04:02 #3 type] 
Type domain.Owner is not enhanced.

[2017-02-27 18:04:02 #4 type] 
Type domain.Offer is not enhanced.

[2017-02-27 18:04:02 #5 type] 
Type domain.Client is not enhanced.

------------------------------------------------------------------------------------------------------------------------

[2017-02-27 21:47:45 #1 store] 
Database 'C:\Users\rivas\git\WSRuralHouse-2017\resources\ruralHouses.odb' is opened by 8168@AsusX54H

[2017-02-27 21:47:45 #2 type] 
Type domain.RuralHouse is not enhanced.

[2017-02-27 21:47:45 #3 type] 
Type domain.Owner is not enhanced.

[2017-02-27 21:47:45 #4 type] 
Type domain.Offer is not enhanced.

[2017-02-27 21:47:45 #5 type] 
Type domain.Client is not enhanced.

------------------------------------------------------------------------------------------------------------------------

[2017-02-27 21:48:10 #1 store] 
Database 'C:\Users\rivas\git\WSRuralHouse-2017\resources\ruralHouses.odb' is opened by 292@AsusX54H

[2017-02-27 21:48:10 #2 type] 
Type domain.RuralHouse is not enhanced.

[2017-02-27 21:48:10 #3 type] 
Type domain.Owner is not enhanced.

[2017-02-27 21:48:10 #4 type] 
Type domain.Offer is not enhanced.

[2017-02-27 21:48:10 #5 type] 
Type domain.Client is not enhanced.

------------------------------------------------------------------------------------------------------------------------

[2017-02-27 21:53:50 #1 store] 
Database 'C:\Users\rivas\git\WSRuralHouse-2017\resources\ruralHouses.odb' is opened by 6392@AsusX54H

[2017-02-27 21:53:50 #2 type] 
Type domain.RuralHouse is not enhanced.

[2017-02-27 21:53:50 #3 type] 
Type domain.Owner is not enhanced.

[2017-02-27 21:53:50 #4 type] 
Type domain.Offer is not enhanced.

[2017-02-27 21:53:50 #5 type] 
Type domain.Client is not enhanced.

------------------------------------------------------------------------------------------------------------------------

[2017-02-27 21:58:25 #1 store] 
Database 'C:\Users\rivas\git\WSRuralHouse-2017\resources\ruralHouses.odb' is opened by 6312@AsusX54H

[2017-02-27 21:58:25 #2 type] 
Type domain.RuralHouse is not enhanced.

[2017-02-27 21:58:25 #3 type] 
Type domain.Owner is not enhanced.

[2017-02-27 21:58:25 #4 type] 
Type domain.Offer is not enhanced.

[2017-02-27 21:58:25 #5 type] 
Type domain.Client is not enhanced.

------------------------------------------------------------------------------------------------------------------------

[2017-02-27 22:03:12 #1 store] 
Database 'C:\Users\rivas\git\WSRuralHouse-2017\resources\ruralHouses.odb' is opened by 7356@AsusX54H

[2017-02-27 22:03:12 #2 type] 
Type domain.RuralHouse is not enhanced.

[2017-02-27 22:03:12 #3 type] 
Type domain.Owner is not enhanced.

[2017-02-27 22:03:12 #4 type] 
Type domain.Offer is not enhanced.

[2017-02-27 22:03:12 #5 type] 
Type domain.Client is not enhanced.

------------------------------------------------------------------------------------------------------------------------

[2017-02-27 22:03:53 #1 store] 
Database 'C:\Users\rivas\git\WSRuralHouse-2017\resources\ruralHouses.odb' has been recovered (tr. 79-79)

[2017-02-27 22:03:54 #2 store] 
Database 'C:\Users\rivas\git\WSRuralHouse-2017\resources\ruralHouses.odb' is opened by 8620@AsusX54H

[2017-02-27 22:03:54 #3 type] 
Type domain.RuralHouse is not enhanced.

[2017-02-27 22:03:54 #4 type] 
Type domain.Owner is not enhanced.

[2017-02-27 22:03:54 #5 type] 
Type domain.Offer is not enhanced.

[2017-02-27 22:03:54 #6 type] 
Type domain.Client is not enhanced.

------------------------------------------------------------------------------------------------------------------------

[2017-02-27 22:04:31 #1 store] 
Database 'C:\Users\rivas\git\WSRuralHouse-2017\resources\ruralHouses.odb' is opened by 9204@AsusX54H

[2017-02-27 22:04:31 #2 type] 
Type domain.RuralHouse is not enhanced.

[2017-02-27 22:04:31 #3 type] 
Type domain.Owner is not enhanced.

[2017-02-27 22:04:32 #4 type] 
Type domain.Offer is not enhanced.

[2017-02-27 22:04:32 #5 type] 
Type domain.Client is not enhanced.

------------------------------------------------------------------------------------------------------------------------

[2017-02-27 22:06:21 #1 store] 
Database 'C:\Users\rivas\git\WSRuralHouse-2017\resources\ruralHouses.odb' is opened by 7560@AsusX54H

[2017-02-27 22:06:21 #2 type] 
Type domain.RuralHouse is not enhanced.

[2017-02-27 22:06:21 #3 type] 
Type domain.Owner is not enhanced.

[2017-02-27 22:06:21 #4 type] 
Type domain.Offer is not enhanced.

[2017-02-27 22:06:21 #5 type] 
Type domain.Client is not enhanced.

------------------------------------------------------------------------------------------------------------------------

[2017-02-27 22:07:59 #1 store] 
Database 'C:\Users\rivas\git\WSRuralHouse-2017\resources\ruralHouses.odb' is opened by 8300@AsusX54H

[2017-02-27 22:07:59 #2 type] 
Type domain.RuralHouse is not enhanced.

[2017-02-27 22:07:59 #3 type] 
Type domain.Owner is not enhanced.

[2017-02-27 22:07:59 #4 type] 
Type domain.Offer is not enhanced.

[2017-02-27 22:07:59 #5 type] 
Type domain.Client is not enhanced.

------------------------------------------------------------------------------------------------------------------------

[2017-02-27 22:08:45 #1 store] 
Database 'C:\Users\rivas\git\WSRuralHouse-2017\resources\ruralHouses.odb' is opened by 6232@AsusX54H

[2017-02-27 22:08:45 #2 type] 
Type domain.RuralHouse is not enhanced.

[2017-02-27 22:08:45 #3 type] 
Type domain.Owner is not enhanced.

[2017-02-27 22:08:45 #4 type] 
Type domain.Offer is not enhanced.

[2017-02-27 22:08:45 #5 type] 
Type domain.Client is not enhanced.

------------------------------------------------------------------------------------------------------------------------

[2017-02-27 22:09:01 #1 store] 
Database 'C:\Users\rivas\git\WSRuralHouse-2017\resources\ruralHouses.odb' is opened by 5996@AsusX54H

[2017-02-27 22:09:02 #2 type] 
Type domain.RuralHouse is not enhanced.

[2017-02-27 22:09:02 #3 type] 
Type domain.Owner is not enhanced.

[2017-02-27 22:09:02 #4 type] 
Type domain.Offer is not enhanced.

[2017-02-27 22:09:02 #5 type] 
Type domain.Client is not enhanced.

------------------------------------------------------------------------------------------------------------------------

[2017-02-27 22:10:06 #1 store] 
Database 'C:\Users\rivas\git\WSRuralHouse-2017\resources\ruralHouses.odb' is opened by 1864@AsusX54H

[2017-02-27 22:10:06 #2 type] 
Type domain.RuralHouse is not enhanced.

[2017-02-27 22:10:07 #3 type] 
Type domain.Owner is not enhanced.

[2017-02-27 22:10:07 #4 type] 
Type domain.Offer is not enhanced.

[2017-02-27 22:10:07 #5 type] 
Type domain.Client is not enhanced.

------------------------------------------------------------------------------------------------------------------------

[2017-02-27 23:10:58 #1 store] 
Database 'C:\Users\rivas\git\WSRuralHouse-2017\resources\ruralHouses.odb' is opened by 10052@AsusX54H

[2017-02-27 23:10:59 #2 type] 
Type domain.RuralHouse is not enhanced.

[2017-02-27 23:10:59 #3 type] 
Type domain.Owner is not enhanced.

[2017-02-27 23:10:59 #4 type] 
Type domain.Offer is not enhanced.

[2017-02-27 23:10:59 #5 type] 
Type domain.Client is not enhanced.

