------------------------------------------------------------------------------------------------------------------------

[2017-04-03 17:37:14 #1 store] 
Database 'C:\Users\rivas\git\wsruralhouse-2017\resources\ruralHouses.odb' is opened by 2280@AsusX54H

[2017-04-03 17:37:14 #2 type] 
Type domain.RuralHouse is not enhanced.

[2017-04-03 17:37:15 #3 type] 
Type domain.Owner is not enhanced.

[2017-04-03 17:37:15 #4 type] 
Type domain.Offer is not enhanced.

[2017-04-03 17:37:15 #5 type] 
Type domain.Client is not enhanced.

------------------------------------------------------------------------------------------------------------------------

[2017-04-03 17:38:27 #1 store] 
Database 'C:\Users\rivas\git\wsruralhouse-2017\resources\ruralHouses.odb' has been recovered (tr. 329-329)

[2017-04-03 17:38:27 #2 store] 
Database 'C:\Users\rivas\git\wsruralhouse-2017\resources\ruralHouses.odb' is opened by 5872@AsusX54H

[2017-04-03 17:38:28 #3 type] 
Type domain.RuralHouse is not enhanced.

[2017-04-03 17:38:28 #4 type] 
Type domain.Owner is not enhanced.

[2017-04-03 17:38:28 #5 type] 
Type domain.Offer is not enhanced.

[2017-04-03 17:38:28 #6 type] 
Type domain.Client is not enhanced.

------------------------------------------------------------------------------------------------------------------------

[2017-04-03 17:38:47 #1 store] 
Database 'C:\Users\rivas\git\wsruralhouse-2017\resources\ruralHouses.odb' is opened by 5704@AsusX54H

[2017-04-03 17:38:47 #2 type] 
Type domain.RuralHouse is not enhanced.

[2017-04-03 17:38:47 #3 type] 
Type domain.Owner is not enhanced.

[2017-04-03 17:38:47 #4 type] 
Type domain.Offer is not enhanced.

[2017-04-03 17:38:47 #5 type] 
Type domain.Client is not enhanced.

------------------------------------------------------------------------------------------------------------------------

[2017-04-03 17:42:01 #1 store] 
Database 'C:\Users\rivas\git\wsruralhouse-2017\resources\ruralHouses.odb' is opened by 8508@AsusX54H

[2017-04-03 17:42:01 #2 type] 
Type domain.RuralHouse is not enhanced.

[2017-04-03 17:42:01 #3 type] 
Type domain.Owner is not enhanced.

[2017-04-03 17:42:01 #4 type] 
Type domain.Offer is not enhanced.

[2017-04-03 17:42:01 #5 type] 
Type domain.Client is not enhanced.

------------------------------------------------------------------------------------------------------------------------

[2017-04-03 17:43:23 #1 store] 
Database 'C:\Users\rivas\git\wsruralhouse-2017\resources\ruralHouses.odb' has been recovered (tr. 378-378)

[2017-04-03 17:43:23 #2 store] 
Database 'C:\Users\rivas\git\wsruralhouse-2017\resources\ruralHouses.odb' is opened by 10044@AsusX54H

[2017-04-03 17:43:23 #3 type] 
Type domain.RuralHouse is not enhanced.

[2017-04-03 17:43:23 #4 type] 
Type domain.Owner is not enhanced.

[2017-04-03 17:43:23 #5 type] 
Type domain.Offer is not enhanced.

[2017-04-03 17:43:23 #6 type] 
Type domain.Client is not enhanced.

------------------------------------------------------------------------------------------------------------------------

[2017-04-03 17:45:02 #1 store] 
Database 'C:\Users\rivas\git\wsruralhouse-2017\resources\ruralHouses.odb' is opened by 5924@AsusX54H

[2017-04-03 17:45:02 #2 type] 
Type domain.RuralHouse is not enhanced.

[2017-04-03 17:45:02 #3 type] 
Type domain.Owner is not enhanced.

[2017-04-03 17:45:02 #4 type] 
Type domain.Offer is not enhanced.

[2017-04-03 17:45:02 #5 type] 
Type domain.Client is not enhanced.

------------------------------------------------------------------------------------------------------------------------

[2017-04-03 17:54:19 #1 store] 
Database 'C:\Users\rivas\git\wsruralhouse-2017\resources\ruralHouses.odb' is opened by 2608@AsusX54H

[2017-04-03 17:54:19 #2 type] 
Type domain.RuralHouse is not enhanced.

[2017-04-03 17:54:19 #3 type] 
Type domain.Owner is not enhanced.

[2017-04-03 17:54:19 #4 type] 
Type domain.Offer is not enhanced.

[2017-04-03 17:54:19 #5 type] 
Type domain.Client is not enhanced.

------------------------------------------------------------------------------------------------------------------------

[2017-04-03 17:54:58 #1 store] 
Database 'C:\Users\rivas\git\wsruralhouse-2017\resources\ruralHouses.odb' has been recovered (tr. 392-392)

[2017-04-03 17:54:58 #2 store] 
Database 'C:\Users\rivas\git\wsruralhouse-2017\resources\ruralHouses.odb' is opened by 8872@AsusX54H

[2017-04-03 17:54:58 #3 type] 
Type domain.RuralHouse is not enhanced.

[2017-04-03 17:54:58 #4 type] 
Type domain.Owner is not enhanced.

[2017-04-03 17:54:58 #5 type] 
Type domain.Offer is not enhanced.

[2017-04-03 17:54:58 #6 type] 
Type domain.Client is not enhanced.

------------------------------------------------------------------------------------------------------------------------

[2017-04-03 17:58:35 #1 store] 
Database 'C:\Users\rivas\git\wsruralhouse-2017\resources\ruralHouses.odb' has been recovered (tr. 393-397)

[2017-04-03 17:58:35 #2 store] 
Database 'C:\Users\rivas\git\wsruralhouse-2017\resources\ruralHouses.odb' is opened by 3900@AsusX54H

[2017-04-03 17:58:35 #3 type] 
Type domain.RuralHouse is not enhanced.

[2017-04-03 17:58:35 #4 type] 
Type domain.Owner is not enhanced.

[2017-04-03 17:58:35 #5 type] 
Type domain.Offer is not enhanced.

[2017-04-03 17:58:35 #6 type] 
Type domain.Client is not enhanced.

------------------------------------------------------------------------------------------------------------------------

[2017-04-03 18:05:57 #1 store] 
Database 'C:\Users\rivas\git\wsruralhouse-2017\resources\ruralHouses.odb' is opened by 4692@AsusX54H

[2017-04-03 18:05:58 #2 type] 
Type domain.RuralHouse is not enhanced.

[2017-04-03 18:05:58 #3 type] 
Type domain.Owner is not enhanced.

[2017-04-03 18:05:58 #4 type] 
Type domain.Offer is not enhanced.

[2017-04-03 18:05:58 #5 type] 
Type domain.Client is not enhanced.

[2017-04-03 18:06:32 #6 type.registry] 
New type domain.User

[2017-04-03 18:06:32 #7 type] 
Type domain.User is not enhanced.

------------------------------------------------------------------------------------------------------------------------

[2017-04-03 18:08:50 #1 store] 
Database 'C:\Users\rivas\git\wsruralhouse-2017\resources\ruralHouses.odb' is opened by 5832@AsusX54H

[2017-04-03 18:08:50 #2 type] 
Type domain.RuralHouse is not enhanced.

[2017-04-03 18:08:50 #3 type] 
Type domain.Owner is not enhanced.

[2017-04-03 18:08:50 #4 type] 
Type domain.Offer is not enhanced.

[2017-04-03 18:08:50 #5 type] 
Type domain.Client is not enhanced.

[2017-04-03 18:08:50 #6 type] 
Type domain.User is not enhanced.

------------------------------------------------------------------------------------------------------------------------

[2017-04-03 18:12:19 #1 store] 
Database 'C:\Users\rivas\git\wsruralhouse-2017\resources\ruralHouses.odb' has been recovered (tr. 401-402)

[2017-04-03 18:12:19 #2 store] 
Database 'C:\Users\rivas\git\wsruralhouse-2017\resources\ruralHouses.odb' is opened by 5704@AsusX54H

[2017-04-03 18:12:19 #3 type] 
Type domain.RuralHouse is not enhanced.

[2017-04-03 18:12:19 #4 type] 
Type domain.Owner is not enhanced.

[2017-04-03 18:12:19 #5 type] 
Type domain.Offer is not enhanced.

[2017-04-03 18:12:19 #6 type] 
Type domain.Client is not enhanced.

[2017-04-03 18:12:19 #7 type] 
Type domain.User is not enhanced.

------------------------------------------------------------------------------------------------------------------------

[2017-04-03 18:17:49 #1 store] 
Database 'C:\Users\rivas\git\wsruralhouse-2017\resources\ruralHouses.odb' is opened by 4408@AsusX54H

[2017-04-03 18:17:49 #2 type] 
Type domain.RuralHouse is not enhanced.

[2017-04-03 18:17:49 #3 type] 
Type domain.Owner is not enhanced.

[2017-04-03 18:17:49 #4 type] 
Type domain.Offer is not enhanced.

[2017-04-03 18:17:49 #5 type] 
Type domain.Client is not enhanced.

[2017-04-03 18:17:49 #6 type] 
Type domain.User is not enhanced.

------------------------------------------------------------------------------------------------------------------------

[2017-04-03 19:57:24 #1 store] 
Database 'C:\Users\rivas\git\wsruralhouse-2017\resources\ruralHouses.odb' is opened by 4644@AsusX54H

[2017-04-03 19:57:24 #2 type] 
Type domain.RuralHouse is not enhanced.

[2017-04-03 19:57:25 #3 type] 
Type domain.Owner is not enhanced.

[2017-04-03 19:57:25 #4 type] 
Type domain.Offer is not enhanced.

[2017-04-03 19:57:25 #5 type] 
Type domain.Client is not enhanced.

[2017-04-03 19:57:25 #6 type] 
Type domain.User is not enhanced.

------------------------------------------------------------------------------------------------------------------------

[2017-04-03 20:02:41 #1 store] 
Database 'C:\Users\rivas\git\wsruralhouse-2017\resources\ruralHouses.odb' has been recovered (tr. 404-404)

[2017-04-03 20:02:41 #2 store] 
Database 'C:\Users\rivas\git\wsruralhouse-2017\resources\ruralHouses.odb' is opened by 3308@AsusX54H

[2017-04-03 20:02:41 #3 type] 
Type domain.RuralHouse is not enhanced.

[2017-04-03 20:02:41 #4 type] 
Type domain.Owner is not enhanced.

[2017-04-03 20:02:41 #5 type] 
Type domain.Offer is not enhanced.

[2017-04-03 20:02:41 #6 type] 
Type domain.Client is not enhanced.

[2017-04-03 20:02:41 #7 type] 
Type domain.User is not enhanced.

------------------------------------------------------------------------------------------------------------------------

[2017-04-03 20:04:56 #1 store] 
Database 'C:\Users\rivas\git\wsruralhouse-2017\resources\ruralHouses.odb' has been recovered (tr. 405-405)

[2017-04-03 20:04:56 #2 store] 
Database 'C:\Users\rivas\git\wsruralhouse-2017\resources\ruralHouses.odb' is opened by 4824@AsusX54H

[2017-04-03 20:04:56 #3 type] 
Type domain.RuralHouse is not enhanced.

[2017-04-03 20:04:56 #4 type] 
Type domain.Owner is not enhanced.

[2017-04-03 20:04:56 #5 type] 
Type domain.Offer is not enhanced.

[2017-04-03 20:04:56 #6 type] 
Type domain.Client is not enhanced.

[2017-04-03 20:04:56 #7 type] 
Type domain.User is not enhanced.

------------------------------------------------------------------------------------------------------------------------

[2017-04-03 20:22:28 #1 store] 
Database 'C:\Users\rivas\git\wsruralhouse-2017\resources\ruralHouses.odb' has been recovered (tr. 406-410)

[2017-04-03 20:22:28 #2 store] 
Database 'C:\Users\rivas\git\wsruralhouse-2017\resources\ruralHouses.odb' is opened by 2792@AsusX54H

[2017-04-03 20:22:28 #3 type] 
Type domain.RuralHouse is not enhanced.

[2017-04-03 20:22:28 #4 type] 
Type domain.Owner is not enhanced.

[2017-04-03 20:22:28 #5 type] 
Type domain.Offer is not enhanced.

[2017-04-03 20:22:28 #6 type] 
Type domain.Client is not enhanced.

[2017-04-03 20:22:28 #7 type] 
Type domain.User is not enhanced.

------------------------------------------------------------------------------------------------------------------------

[2017-04-03 20:24:10 #1 store] 
Database 'C:\Users\rivas\git\wsruralhouse-2017\resources\ruralHouses.odb' is opened by 2544@AsusX54H

[2017-04-03 20:24:10 #2 type] 
Type domain.RuralHouse is not enhanced.

[2017-04-03 20:24:10 #3 type] 
Type domain.Owner is not enhanced.

[2017-04-03 20:24:10 #4 type] 
Type domain.Offer is not enhanced.

[2017-04-03 20:24:10 #5 type] 
Type domain.Client is not enhanced.

[2017-04-03 20:24:10 #6 type] 
Type domain.User is not enhanced.

------------------------------------------------------------------------------------------------------------------------

[2017-04-03 20:26:26 #1 store] 
Database 'C:\Users\rivas\git\wsruralhouse-2017\resources\ruralHouses.odb' is opened by 2860@AsusX54H

[2017-04-03 20:26:26 #2 type] 
Type domain.RuralHouse is not enhanced.

[2017-04-03 20:26:26 #3 type] 
Type domain.Owner is not enhanced.

[2017-04-03 20:26:26 #4 type] 
Type domain.Offer is not enhanced.

[2017-04-03 20:26:26 #5 type] 
Type domain.Client is not enhanced.

[2017-04-03 20:26:26 #6 type] 
Type domain.User is not enhanced.

------------------------------------------------------------------------------------------------------------------------

[2017-04-03 20:27:06 #1 store] 
Database 'C:\Users\rivas\git\wsruralhouse-2017\resources\ruralHouses.odb' has been recovered (tr. 411-411)

[2017-04-03 20:27:06 #2 store] 
Database 'C:\Users\rivas\git\wsruralhouse-2017\resources\ruralHouses.odb' is opened by 4624@AsusX54H

[2017-04-03 20:27:06 #3 type] 
Type domain.RuralHouse is not enhanced.

[2017-04-03 20:27:06 #4 type] 
Type domain.Owner is not enhanced.

[2017-04-03 20:27:06 #5 type] 
Type domain.Offer is not enhanced.

[2017-04-03 20:27:06 #6 type] 
Type domain.Client is not enhanced.

[2017-04-03 20:27:06 #7 type] 
Type domain.User is not enhanced.

------------------------------------------------------------------------------------------------------------------------

[2017-04-03 20:27:48 #1 store] 
Database 'C:\Users\rivas\git\wsruralhouse-2017\resources\ruralHouses.odb' is opened by 1728@AsusX54H

[2017-04-03 20:27:48 #2 type] 
Type domain.RuralHouse is not enhanced.

[2017-04-03 20:27:48 #3 type] 
Type domain.Owner is not enhanced.

[2017-04-03 20:27:48 #4 type] 
Type domain.Offer is not enhanced.

[2017-04-03 20:27:48 #5 type] 
Type domain.Client is not enhanced.

[2017-04-03 20:27:48 #6 type] 
Type domain.User is not enhanced.

------------------------------------------------------------------------------------------------------------------------

[2017-04-03 20:32:53 #1 store] 
Database 'C:\Users\rivas\git\wsruralhouse-2017\resources\ruralHouses.odb' is opened by 448@AsusX54H

[2017-04-03 20:32:53 #2 type] 
Type domain.RuralHouse is not enhanced.

[2017-04-03 20:32:53 #3 type] 
Type domain.Owner is not enhanced.

[2017-04-03 20:32:53 #4 type] 
Type domain.Offer is not enhanced.

[2017-04-03 20:32:53 #5 type] 
Type domain.Client is not enhanced.

[2017-04-03 20:32:53 #6 type] 
Type domain.User is not enhanced.

------------------------------------------------------------------------------------------------------------------------

[2017-04-03 20:36:05 #1 store] 
Database 'C:\Users\rivas\git\wsruralhouse-2017\resources\ruralHouses.odb' is opened by 6760@AsusX54H

[2017-04-03 20:36:05 #2 type] 
Type domain.RuralHouse is not enhanced.

[2017-04-03 20:36:05 #3 type] 
Type domain.Owner is not enhanced.

[2017-04-03 20:36:05 #4 type] 
Type domain.Offer is not enhanced.

[2017-04-03 20:36:05 #5 type] 
Type domain.Client is not enhanced.

[2017-04-03 20:36:05 #6 type] 
Type domain.User is not enhanced.

------------------------------------------------------------------------------------------------------------------------

[2017-04-03 20:36:48 #1 store] 
Database 'C:\Users\rivas\git\wsruralhouse-2017\resources\ruralHouses.odb' is opened by 5064@AsusX54H

[2017-04-03 20:36:48 #2 type] 
Type domain.RuralHouse is not enhanced.

[2017-04-03 20:36:48 #3 type] 
Type domain.Owner is not enhanced.

[2017-04-03 20:36:48 #4 type] 
Type domain.Offer is not enhanced.

[2017-04-03 20:36:48 #5 type] 
Type domain.Client is not enhanced.

[2017-04-03 20:36:48 #6 type] 
Type domain.User is not enhanced.

------------------------------------------------------------------------------------------------------------------------

[2017-04-03 20:37:14 #1 store] 
Database 'C:\Users\rivas\git\wsruralhouse-2017\resources\ruralHouses.odb' is opened by 5936@AsusX54H

[2017-04-03 20:37:14 #2 type] 
Type domain.RuralHouse is not enhanced.

[2017-04-03 20:37:14 #3 type] 
Type domain.Owner is not enhanced.

[2017-04-03 20:37:14 #4 type] 
Type domain.Offer is not enhanced.

[2017-04-03 20:37:14 #5 type] 
Type domain.Client is not enhanced.

[2017-04-03 20:37:14 #6 type] 
Type domain.User is not enhanced.

------------------------------------------------------------------------------------------------------------------------

[2017-04-03 20:38:59 #1 store] 
Database 'C:\Users\rivas\git\wsruralhouse-2017\resources\ruralHouses.odb' is opened by 2644@AsusX54H

[2017-04-03 20:38:59 #2 type] 
Type domain.RuralHouse is not enhanced.

[2017-04-03 20:38:59 #3 type] 
Type domain.Owner is not enhanced.

[2017-04-03 20:38:59 #4 type] 
Type domain.Offer is not enhanced.

[2017-04-03 20:38:59 #5 type] 
Type domain.Client is not enhanced.

[2017-04-03 20:38:59 #6 type] 
Type domain.User is not enhanced.

------------------------------------------------------------------------------------------------------------------------

[2017-04-03 20:40:00 #1 store] 
Database 'C:\Users\rivas\git\wsruralhouse-2017\resources\ruralHouses.odb' is opened by 5356@AsusX54H

[2017-04-03 20:40:00 #2 type] 
Type domain.RuralHouse is not enhanced.

[2017-04-03 20:40:00 #3 type] 
Type domain.Owner is not enhanced.

[2017-04-03 20:40:00 #4 type] 
Type domain.Offer is not enhanced.

[2017-04-03 20:40:00 #5 type] 
Type domain.Client is not enhanced.

[2017-04-03 20:40:00 #6 type] 
Type domain.User is not enhanced.

------------------------------------------------------------------------------------------------------------------------

[2017-04-03 20:40:35 #1 store] 
Database 'C:\Users\rivas\git\wsruralhouse-2017\resources\ruralHouses.odb' is opened by 6740@AsusX54H

[2017-04-03 20:40:35 #2 type] 
Type domain.RuralHouse is not enhanced.

[2017-04-03 20:40:35 #3 type] 
Type domain.Owner is not enhanced.

[2017-04-03 20:40:35 #4 type] 
Type domain.Offer is not enhanced.

[2017-04-03 20:40:35 #5 type] 
Type domain.Client is not enhanced.

[2017-04-03 20:40:35 #6 type] 
Type domain.User is not enhanced.

------------------------------------------------------------------------------------------------------------------------

[2017-04-03 20:44:00 #1 store] 
Database 'C:\Users\rivas\git\wsruralhouse-2017\resources\ruralHouses.odb' is opened by 5200@AsusX54H

[2017-04-03 20:44:01 #2 type] 
Type domain.RuralHouse is not enhanced.

[2017-04-03 20:44:01 #3 type] 
Type domain.Owner is not enhanced.

[2017-04-03 20:44:01 #4 type] 
Type domain.Offer is not enhanced.

[2017-04-03 20:44:01 #5 type] 
Type domain.Client is not enhanced.

[2017-04-03 20:44:01 #6 type] 
Type domain.User is not enhanced.

------------------------------------------------------------------------------------------------------------------------

[2017-04-03 20:46:50 #1 store] 
Database 'C:\Users\rivas\git\wsruralhouse-2017\resources\ruralHouses.odb' is opened by 5804@AsusX54H

[2017-04-03 20:46:50 #2 type] 
Type domain.RuralHouse is not enhanced.

[2017-04-03 20:46:50 #3 type] 
Type domain.Owner is not enhanced.

[2017-04-03 20:46:50 #4 type] 
Type domain.Offer is not enhanced.

[2017-04-03 20:46:50 #5 type] 
Type domain.Client is not enhanced.

[2017-04-03 20:46:50 #6 type] 
Type domain.User is not enhanced.

------------------------------------------------------------------------------------------------------------------------

[2017-04-03 20:47:57 #1 store] 
Database 'C:\Users\rivas\git\wsruralhouse-2017\resources\ruralHouses.odb' is opened by 9660@AsusX54H

[2017-04-03 20:47:57 #2 type] 
Type domain.RuralHouse is not enhanced.

[2017-04-03 20:47:57 #3 type] 
Type domain.Owner is not enhanced.

[2017-04-03 20:47:57 #4 type] 
Type domain.Offer is not enhanced.

[2017-04-03 20:47:57 #5 type] 
Type domain.Client is not enhanced.

[2017-04-03 20:47:57 #6 type] 
Type domain.User is not enhanced.

------------------------------------------------------------------------------------------------------------------------

[2017-04-03 20:52:25 #1 store] 
Database 'C:\Users\rivas\git\wsruralhouse-2017\resources\ruralHouses.odb' is opened by 9872@AsusX54H

[2017-04-03 20:52:25 #2 type] 
Type domain.RuralHouse is not enhanced.

[2017-04-03 20:52:25 #3 type] 
Type domain.Owner is not enhanced.

[2017-04-03 20:52:25 #4 type] 
Type domain.Offer is not enhanced.

[2017-04-03 20:52:25 #5 type] 
Type domain.Client is not enhanced.

[2017-04-03 20:52:25 #6 type] 
Type domain.User is not enhanced.

------------------------------------------------------------------------------------------------------------------------

[2017-04-03 20:55:48 #1 store] 
Database 'C:\Users\rivas\git\wsruralhouse-2017\resources\ruralHouses.odb' is opened by 9000@AsusX54H

[2017-04-03 20:55:48 #2 type] 
Type domain.RuralHouse is not enhanced.

[2017-04-03 20:55:48 #3 type] 
Type domain.Owner is not enhanced.

[2017-04-03 20:55:48 #4 type] 
Type domain.Offer is not enhanced.

[2017-04-03 20:55:48 #5 type] 
Type domain.Client is not enhanced.

[2017-04-03 20:55:48 #6 type] 
Type domain.User is not enhanced.

------------------------------------------------------------------------------------------------------------------------

[2017-04-03 21:04:16 #1 store] 
Database 'C:\Users\rivas\git\wsruralhouse-2017\resources\ruralHouses.odb' has been recovered (tr. 413-413)

[2017-04-03 21:04:16 #2 store] 
Database 'C:\Users\rivas\git\wsruralhouse-2017\resources\ruralHouses.odb' is opened by 6744@AsusX54H

[2017-04-03 21:04:16 #3 type] 
Type domain.RuralHouse is not enhanced.

[2017-04-03 21:04:16 #4 type] 
Type domain.Owner is not enhanced.

[2017-04-03 21:04:16 #5 type] 
Type domain.Offer is not enhanced.

[2017-04-03 21:04:16 #6 type] 
Type domain.Client is not enhanced.

[2017-04-03 21:04:16 #7 type] 
Type domain.User is not enhanced.

------------------------------------------------------------------------------------------------------------------------

[2017-04-03 21:11:01 #1 store] 
Database 'C:\Users\rivas\git\wsruralhouse-2017\resources\ruralHouses.odb' has been recovered (tr. 414-414)

[2017-04-03 21:11:02 #2 store] 
Database 'C:\Users\rivas\git\wsruralhouse-2017\resources\ruralHouses.odb' is opened by 10184@AsusX54H

[2017-04-03 21:11:02 #3 type] 
Type domain.RuralHouse is not enhanced.

[2017-04-03 21:11:02 #4 type] 
Type domain.Owner is not enhanced.

[2017-04-03 21:11:02 #5 type] 
Type domain.Offer is not enhanced.

[2017-04-03 21:11:02 #6 type] 
Type domain.Client is not enhanced.

[2017-04-03 21:11:02 #7 type] 
Type domain.User is not enhanced.

------------------------------------------------------------------------------------------------------------------------

[2017-04-03 21:12:56 #1 store] 
Database 'C:\Users\rivas\git\wsruralhouse-2017\resources\ruralHouses.odb' is opened by 7628@AsusX54H

[2017-04-03 21:12:56 #2 type] 
Type domain.RuralHouse is not enhanced.

[2017-04-03 21:12:56 #3 type] 
Type domain.Owner is not enhanced.

[2017-04-03 21:12:56 #4 type] 
Type domain.Offer is not enhanced.

[2017-04-03 21:12:56 #5 type] 
Type domain.Client is not enhanced.

[2017-04-03 21:12:56 #6 type] 
Type domain.User is not enhanced.

------------------------------------------------------------------------------------------------------------------------

[2017-04-03 21:13:26 #1 store] 
Database 'C:\Users\rivas\git\wsruralhouse-2017\resources\ruralHouses.odb' is opened by 5688@AsusX54H

[2017-04-03 21:13:26 #2 type] 
Type domain.RuralHouse is not enhanced.

[2017-04-03 21:13:26 #3 type] 
Type domain.Owner is not enhanced.

[2017-04-03 21:13:26 #4 type] 
Type domain.Offer is not enhanced.

[2017-04-03 21:13:26 #5 type] 
Type domain.Client is not enhanced.

[2017-04-03 21:13:26 #6 type] 
Type domain.User is not enhanced.

------------------------------------------------------------------------------------------------------------------------

[2017-04-03 21:14:55 #1 store] 
Database 'C:\Users\rivas\git\wsruralhouse-2017\resources\ruralHouses.odb' is opened by 10192@AsusX54H

[2017-04-03 21:14:55 #2 type] 
Type domain.RuralHouse is not enhanced.

[2017-04-03 21:14:56 #3 type] 
Type domain.Owner is not enhanced.

[2017-04-03 21:14:56 #4 type] 
Type domain.Offer is not enhanced.

[2017-04-03 21:14:56 #5 type] 
Type domain.Client is not enhanced.

[2017-04-03 21:14:56 #6 type] 
Type domain.User is not enhanced.

------------------------------------------------------------------------------------------------------------------------

[2017-04-03 21:18:51 #1 store] 
Database 'C:\Users\rivas\git\wsruralhouse-2017\resources\ruralHouses.odb' is opened by 936@AsusX54H

[2017-04-03 21:18:51 #2 type] 
Type domain.RuralHouse is not enhanced.

[2017-04-03 21:18:51 #3 type] 
Type domain.Owner is not enhanced.

[2017-04-03 21:18:51 #4 type] 
Type domain.Offer is not enhanced.

[2017-04-03 21:18:51 #5 type] 
Type domain.Client is not enhanced.

[2017-04-03 21:18:51 #6 type] 
Type domain.User is not enhanced.

------------------------------------------------------------------------------------------------------------------------

[2017-04-03 21:25:56 #1 store] 
Database 'C:\Users\rivas\git\wsruralhouse-2017\resources\ruralHouses.odb' is opened by 5932@AsusX54H

[2017-04-03 21:25:56 #2 type] 
Type domain.RuralHouse is not enhanced.

[2017-04-03 21:25:56 #3 type] 
Type domain.Owner is not enhanced.

[2017-04-03 21:25:56 #4 type] 
Type domain.Offer is not enhanced.

[2017-04-03 21:25:56 #5 type] 
Type domain.Client is not enhanced.

[2017-04-03 21:25:56 #6 type] 
Type domain.User is not enhanced.

------------------------------------------------------------------------------------------------------------------------

[2017-04-03 21:26:50 #1 store] 
Database 'C:\Users\rivas\git\wsruralhouse-2017\resources\ruralHouses.odb' is opened by 6264@AsusX54H

[2017-04-03 21:26:50 #2 type] 
Type domain.RuralHouse is not enhanced.

[2017-04-03 21:26:50 #3 type] 
Type domain.Owner is not enhanced.

[2017-04-03 21:26:50 #4 type] 
Type domain.Offer is not enhanced.

[2017-04-03 21:26:50 #5 type] 
Type domain.Client is not enhanced.

[2017-04-03 21:26:50 #6 type] 
Type domain.User is not enhanced.

------------------------------------------------------------------------------------------------------------------------

[2017-04-03 21:29:47 #1 store] 
Database 'C:\Users\rivas\git\wsruralhouse-2017\resources\ruralHouses.odb' is opened by 4540@AsusX54H

[2017-04-03 21:29:47 #2 type] 
Type domain.RuralHouse is not enhanced.

[2017-04-03 21:29:47 #3 type] 
Type domain.Owner is not enhanced.

[2017-04-03 21:29:47 #4 type] 
Type domain.Offer is not enhanced.

[2017-04-03 21:29:47 #5 type] 
Type domain.Client is not enhanced.

[2017-04-03 21:29:47 #6 type] 
Type domain.User is not enhanced.

------------------------------------------------------------------------------------------------------------------------

[2017-04-03 21:45:37 #1 store] 
Database 'C:\Users\rivas\git\wsruralhouse-2017\resources\ruralHouses.odb' is opened by 9976@AsusX54H

[2017-04-03 21:45:37 #2 type] 
Type domain.RuralHouse is not enhanced.

[2017-04-03 21:45:37 #3 type] 
Type domain.Owner is not enhanced.

[2017-04-03 21:45:37 #4 type] 
Type domain.Offer is not enhanced.

[2017-04-03 21:45:37 #5 type] 
Type domain.Client is not enhanced.

[2017-04-03 21:45:37 #6 type] 
Type domain.User is not enhanced.

------------------------------------------------------------------------------------------------------------------------

[2017-04-03 21:46:48 #1 store] 
Database 'C:\Users\rivas\git\wsruralhouse-2017\resources\ruralHouses.odb' is opened by 4264@AsusX54H

[2017-04-03 21:46:48 #2 type] 
Type domain.RuralHouse is not enhanced.

[2017-04-03 21:46:48 #3 type] 
Type domain.Owner is not enhanced.

[2017-04-03 21:46:48 #4 type] 
Type domain.Offer is not enhanced.

[2017-04-03 21:46:48 #5 type] 
Type domain.Client is not enhanced.

[2017-04-03 21:46:48 #6 type] 
Type domain.User is not enhanced.

------------------------------------------------------------------------------------------------------------------------

[2017-04-03 21:48:12 #1 store] 
Database 'C:\Users\rivas\git\wsruralhouse-2017\resources\ruralHouses.odb' is opened by 7044@AsusX54H

[2017-04-03 21:48:12 #2 type] 
Type domain.RuralHouse is not enhanced.

[2017-04-03 21:48:12 #3 type] 
Type domain.Owner is not enhanced.

[2017-04-03 21:48:12 #4 type] 
Type domain.Offer is not enhanced.

[2017-04-03 21:48:12 #5 type] 
Type domain.Client is not enhanced.

[2017-04-03 21:48:12 #6 type] 
Type domain.User is not enhanced.

------------------------------------------------------------------------------------------------------------------------

[2017-04-03 21:49:34 #1 store] 
Database 'C:\Users\rivas\git\wsruralhouse-2017\resources\ruralHouses.odb' is opened by 4276@AsusX54H

[2017-04-03 21:49:34 #2 type] 
Type domain.RuralHouse is not enhanced.

[2017-04-03 21:49:34 #3 type] 
Type domain.Owner is not enhanced.

[2017-04-03 21:49:34 #4 type] 
Type domain.Offer is not enhanced.

[2017-04-03 21:49:34 #5 type] 
Type domain.Client is not enhanced.

[2017-04-03 21:49:34 #6 type] 
Type domain.User is not enhanced.

------------------------------------------------------------------------------------------------------------------------

[2017-04-03 21:50:53 #1 store] 
Database 'C:\Users\rivas\git\wsruralhouse-2017\resources\ruralHouses.odb' is opened by 4568@AsusX54H

[2017-04-03 21:50:53 #2 type] 
Type domain.RuralHouse is not enhanced.

[2017-04-03 21:50:53 #3 type] 
Type domain.Owner is not enhanced.

[2017-04-03 21:50:53 #4 type] 
Type domain.Offer is not enhanced.

[2017-04-03 21:50:53 #5 type] 
Type domain.Client is not enhanced.

[2017-04-03 21:50:53 #6 type] 
Type domain.User is not enhanced.

------------------------------------------------------------------------------------------------------------------------

[2017-04-03 21:52:43 #1 store] 
Database 'C:\Users\rivas\git\wsruralhouse-2017\resources\ruralHouses.odb' is opened by 7016@AsusX54H

[2017-04-03 21:52:43 #2 type] 
Type domain.RuralHouse is not enhanced.

[2017-04-03 21:52:43 #3 type] 
Type domain.Owner is not enhanced.

[2017-04-03 21:52:43 #4 type] 
Type domain.Offer is not enhanced.

[2017-04-03 21:52:43 #5 type] 
Type domain.Client is not enhanced.

[2017-04-03 21:52:43 #6 type] 
Type domain.User is not enhanced.

------------------------------------------------------------------------------------------------------------------------

[2017-04-03 21:58:46 #1 store] 
Database 'C:\Users\rivas\git\wsruralhouse-2017\resources\ruralHouses.odb' has been recovered (tr. 415-415)

[2017-04-03 21:58:46 #2 store] 
Database 'C:\Users\rivas\git\wsruralhouse-2017\resources\ruralHouses.odb' is opened by 6292@AsusX54H

[2017-04-03 21:58:46 #3 type] 
Type domain.RuralHouse is not enhanced.

[2017-04-03 21:58:46 #4 type] 
Type domain.Owner is not enhanced.

[2017-04-03 21:58:46 #5 type] 
Type domain.Offer is not enhanced.

[2017-04-03 21:58:46 #6 type] 
Type domain.Client is not enhanced.

[2017-04-03 21:58:46 #7 type] 
Type domain.User is not enhanced.

------------------------------------------------------------------------------------------------------------------------

[2017-04-03 21:59:52 #1 store] 
Database 'C:\Users\rivas\git\wsruralhouse-2017\resources\ruralHouses.odb' has been recovered (tr. 416-416)

[2017-04-03 21:59:53 #2 store] 
Database 'C:\Users\rivas\git\wsruralhouse-2017\resources\ruralHouses.odb' is opened by 2632@AsusX54H

[2017-04-03 21:59:53 #3 type] 
Type domain.RuralHouse is not enhanced.

[2017-04-03 21:59:53 #4 type] 
Type domain.Owner is not enhanced.

[2017-04-03 21:59:53 #5 type] 
Type domain.Offer is not enhanced.

[2017-04-03 21:59:53 #6 type] 
Type domain.Client is not enhanced.

[2017-04-03 21:59:53 #7 type] 
Type domain.User is not enhanced.

------------------------------------------------------------------------------------------------------------------------

[2017-04-03 22:00:54 #1 store] 
Database 'C:\Users\rivas\git\wsruralhouse-2017\resources\ruralHouses.odb' has been recovered (tr. 417-417)

[2017-04-03 22:00:54 #2 store] 
Database 'C:\Users\rivas\git\wsruralhouse-2017\resources\ruralHouses.odb' is opened by 9016@AsusX54H

[2017-04-03 22:00:54 #3 type] 
Type domain.RuralHouse is not enhanced.

[2017-04-03 22:00:54 #4 type] 
Type domain.Owner is not enhanced.

[2017-04-03 22:00:54 #5 type] 
Type domain.Offer is not enhanced.

[2017-04-03 22:00:54 #6 type] 
Type domain.Client is not enhanced.

[2017-04-03 22:00:54 #7 type] 
Type domain.User is not enhanced.

------------------------------------------------------------------------------------------------------------------------

[2017-04-03 22:03:04 #1 store] 
Database 'C:\Users\rivas\git\wsruralhouse-2017\resources\ruralHouses.odb' has been recovered (tr. 418-418)

[2017-04-03 22:03:04 #2 store] 
Database 'C:\Users\rivas\git\wsruralhouse-2017\resources\ruralHouses.odb' is opened by 4748@AsusX54H

[2017-04-03 22:03:04 #3 type] 
Type domain.RuralHouse is not enhanced.

[2017-04-03 22:03:04 #4 type] 
Type domain.Owner is not enhanced.

[2017-04-03 22:03:04 #5 type] 
Type domain.Offer is not enhanced.

[2017-04-03 22:03:04 #6 type] 
Type domain.Client is not enhanced.

[2017-04-03 22:03:04 #7 type] 
Type domain.User is not enhanced.

------------------------------------------------------------------------------------------------------------------------

[2017-04-03 22:03:26 #1 store] 
Database 'C:\Users\rivas\git\wsruralhouse-2017\resources\ruralHouses.odb' is opened by 9636@AsusX54H

[2017-04-03 22:03:26 #2 type] 
Type domain.RuralHouse is not enhanced.

[2017-04-03 22:03:26 #3 type] 
Type domain.Owner is not enhanced.

[2017-04-03 22:03:26 #4 type] 
Type domain.Offer is not enhanced.

[2017-04-03 22:03:26 #5 type] 
Type domain.Client is not enhanced.

[2017-04-03 22:03:26 #6 type] 
Type domain.User is not enhanced.

------------------------------------------------------------------------------------------------------------------------

[2017-04-03 22:04:43 #1 store] 
Database 'C:\Users\rivas\git\wsruralhouse-2017\resources\ruralHouses.odb' has been recovered (tr. 419-419)

[2017-04-03 22:04:43 #2 store] 
Database 'C:\Users\rivas\git\wsruralhouse-2017\resources\ruralHouses.odb' is opened by 6720@AsusX54H

[2017-04-03 22:04:43 #3 type] 
Type domain.RuralHouse is not enhanced.

[2017-04-03 22:04:43 #4 type] 
Type domain.Owner is not enhanced.

[2017-04-03 22:04:43 #5 type] 
Type domain.Offer is not enhanced.

[2017-04-03 22:04:43 #6 type] 
Type domain.Client is not enhanced.

[2017-04-03 22:04:43 #7 type] 
Type domain.User is not enhanced.

------------------------------------------------------------------------------------------------------------------------

[2017-04-03 22:07:38 #1 store] 
Database 'C:\Users\rivas\git\wsruralhouse-2017\resources\ruralHouses.odb' has been recovered (tr. 420-421)

[2017-04-03 22:07:38 #2 store] 
Database 'C:\Users\rivas\git\wsruralhouse-2017\resources\ruralHouses.odb' is opened by 8140@AsusX54H

[2017-04-03 22:07:38 #3 type] 
Type domain.RuralHouse is not enhanced.

[2017-04-03 22:07:38 #4 type] 
Type domain.Owner is not enhanced.

[2017-04-03 22:07:38 #5 type] 
Type domain.Offer is not enhanced.

[2017-04-03 22:07:38 #6 type] 
Type domain.Client is not enhanced.

[2017-04-03 22:07:38 #7 type] 
Type domain.User is not enhanced.

------------------------------------------------------------------------------------------------------------------------

[2017-04-03 22:14:39 #1 store] 
Database 'C:\Users\rivas\git\wsruralhouse-2017\resources\ruralHouses.odb' has been recovered (tr. 422-422)

[2017-04-03 22:14:39 #2 store] 
Database 'C:\Users\rivas\git\wsruralhouse-2017\resources\ruralHouses.odb' is opened by 6156@AsusX54H

[2017-04-03 22:14:39 #3 type] 
Type domain.RuralHouse is not enhanced.

[2017-04-03 22:14:39 #4 type] 
Type domain.Owner is not enhanced.

[2017-04-03 22:14:39 #5 type] 
Type domain.Offer is not enhanced.

[2017-04-03 22:14:39 #6 type] 
Type domain.Client is not enhanced.

[2017-04-03 22:14:39 #7 type] 
Type domain.User is not enhanced.

------------------------------------------------------------------------------------------------------------------------

[2017-04-03 22:23:51 #1 store] 
Database 'C:\Users\rivas\git\wsruralhouse-2017\resources\ruralHouses.odb' is opened by 1964@AsusX54H

[2017-04-03 22:23:51 #2 type] 
Type domain.RuralHouse is not enhanced.

[2017-04-03 22:23:51 #3 type] 
Type domain.Owner is not enhanced.

[2017-04-03 22:23:51 #4 type] 
Type domain.Offer is not enhanced.

[2017-04-03 22:23:51 #5 type] 
Type domain.Client is not enhanced.

[2017-04-03 22:23:51 #6 type] 
Type domain.User is not enhanced.

------------------------------------------------------------------------------------------------------------------------

[2017-04-03 22:25:13 #1 store] 
Database 'C:\Users\rivas\git\wsruralhouse-2017\resources\ruralHouses.odb' has been recovered (tr. 424-426)

[2017-04-03 22:25:13 #2 store] 
Database 'C:\Users\rivas\git\wsruralhouse-2017\resources\ruralHouses.odb' is opened by 7464@AsusX54H

[2017-04-03 22:25:13 #3 type] 
Type domain.RuralHouse is not enhanced.

[2017-04-03 22:25:13 #4 type] 
Type domain.Owner is not enhanced.

[2017-04-03 22:25:13 #5 type] 
Type domain.Offer is not enhanced.

[2017-04-03 22:25:13 #6 type] 
Type domain.Client is not enhanced.

[2017-04-03 22:25:13 #7 type] 
Type domain.User is not enhanced.

------------------------------------------------------------------------------------------------------------------------

[2017-04-03 22:26:16 #1 store] 
Database 'C:\Users\rivas\git\wsruralhouse-2017\resources\ruralHouses.odb' is opened by 4232@AsusX54H

[2017-04-03 22:26:16 #2 type] 
Type domain.RuralHouse is not enhanced.

[2017-04-03 22:26:16 #3 type] 
Type domain.Owner is not enhanced.

[2017-04-03 22:26:16 #4 type] 
Type domain.Offer is not enhanced.

[2017-04-03 22:26:16 #5 type] 
Type domain.Client is not enhanced.

[2017-04-03 22:26:16 #6 type] 
Type domain.User is not enhanced.

------------------------------------------------------------------------------------------------------------------------

[2017-04-03 22:32:21 #1 store] 
Database 'C:\Users\rivas\git\wsruralhouse-2017\resources\ruralHouses.odb' is opened by 3412@AsusX54H

[2017-04-03 22:32:21 #2 type] 
Type domain.RuralHouse is not enhanced.

[2017-04-03 22:32:21 #3 type] 
Type domain.Owner is not enhanced.

[2017-04-03 22:32:21 #4 type] 
Type domain.Offer is not enhanced.

[2017-04-03 22:32:21 #5 type] 
Type domain.Client is not enhanced.

[2017-04-03 22:32:21 #6 type] 
Type domain.User is not enhanced.

------------------------------------------------------------------------------------------------------------------------

[2017-04-03 22:33:42 #1 store] 
Database 'C:\Users\rivas\git\wsruralhouse-2017\resources\ruralHouses.odb' is opened by 8024@AsusX54H

[2017-04-03 22:33:43 #2 type] 
Type domain.RuralHouse is not enhanced.

[2017-04-03 22:33:43 #3 type] 
Type domain.Owner is not enhanced.

[2017-04-03 22:33:43 #4 type] 
Type domain.Offer is not enhanced.

[2017-04-03 22:33:43 #5 type] 
Type domain.Client is not enhanced.

[2017-04-03 22:33:43 #6 type] 
Type domain.User is not enhanced.

------------------------------------------------------------------------------------------------------------------------

[2017-04-03 22:36:28 #1 store] 
Database 'C:\Users\rivas\git\wsruralhouse-2017\resources\ruralHouses.odb' is opened by 6328@AsusX54H

[2017-04-03 22:36:28 #2 type] 
Type domain.RuralHouse is not enhanced.

[2017-04-03 22:36:28 #3 type] 
Type domain.Owner is not enhanced.

[2017-04-03 22:36:28 #4 type] 
Type domain.Offer is not enhanced.

[2017-04-03 22:36:28 #5 type] 
Type domain.Client is not enhanced.

[2017-04-03 22:36:28 #6 type] 
Type domain.User is not enhanced.

------------------------------------------------------------------------------------------------------------------------

[2017-04-03 22:39:23 #1 store] 
Database 'C:\Users\rivas\git\wsruralhouse-2017\resources\ruralHouses.odb' is opened by 9764@AsusX54H

[2017-04-03 22:39:23 #2 type] 
Type domain.RuralHouse is not enhanced.

[2017-04-03 22:39:23 #3 type] 
Type domain.Owner is not enhanced.

[2017-04-03 22:39:23 #4 type] 
Type domain.Offer is not enhanced.

[2017-04-03 22:39:23 #5 type] 
Type domain.Client is not enhanced.

[2017-04-03 22:39:23 #6 type] 
Type domain.User is not enhanced.

------------------------------------------------------------------------------------------------------------------------

[2017-04-03 22:42:33 #1 store] 
Database 'C:\Users\rivas\git\wsruralhouse-2017\resources\ruralHouses.odb' has been recovered (tr. 432-437)

[2017-04-03 22:42:33 #2 store] 
Database 'C:\Users\rivas\git\wsruralhouse-2017\resources\ruralHouses.odb' is opened by 7592@AsusX54H

[2017-04-03 22:42:33 #3 type] 
Type domain.RuralHouse is not enhanced.

[2017-04-03 22:42:33 #4 type] 
Type domain.Owner is not enhanced.

[2017-04-03 22:42:33 #5 type] 
Type domain.Offer is not enhanced.

[2017-04-03 22:42:33 #6 type] 
Type domain.Client is not enhanced.

[2017-04-03 22:42:33 #7 type] 
Type domain.User is not enhanced.

------------------------------------------------------------------------------------------------------------------------

[2017-04-03 22:46:40 #1 store] 
Database 'C:\Users\rivas\git\wsruralhouse-2017\resources\ruralHouses.odb' has been recovered (tr. 438-439)

[2017-04-03 22:46:40 #2 store] 
Database 'C:\Users\rivas\git\wsruralhouse-2017\resources\ruralHouses.odb' is opened by 1260@AsusX54H

[2017-04-03 22:46:40 #3 type] 
Type domain.RuralHouse is not enhanced.

[2017-04-03 22:46:40 #4 type] 
Type domain.Owner is not enhanced.

[2017-04-03 22:46:40 #5 type] 
Type domain.Offer is not enhanced.

[2017-04-03 22:46:40 #6 type] 
Type domain.Client is not enhanced.

[2017-04-03 22:46:40 #7 type] 
Type domain.User is not enhanced.

------------------------------------------------------------------------------------------------------------------------

[2017-04-03 22:49:22 #1 store] 
Database 'C:\Users\rivas\git\wsruralhouse-2017\resources\ruralHouses.odb' is opened by 6260@AsusX54H

[2017-04-03 22:49:23 #2 type] 
Type domain.RuralHouse is not enhanced.

[2017-04-03 22:49:23 #3 type] 
Type domain.Owner is not enhanced.

[2017-04-03 22:49:23 #4 type] 
Type domain.Offer is not enhanced.

[2017-04-03 22:49:23 #5 type] 
Type domain.Client is not enhanced.

[2017-04-03 22:49:23 #6 type] 
Type domain.User is not enhanced.

------------------------------------------------------------------------------------------------------------------------

[2017-04-03 22:53:46 #1 store] 
Database 'C:\Users\rivas\git\wsruralhouse-2017\resources\ruralHouses.odb' is opened by 9352@AsusX54H

[2017-04-03 22:53:46 #2 type] 
Type domain.RuralHouse is not enhanced.

[2017-04-03 22:53:46 #3 type] 
Type domain.Owner is not enhanced.

[2017-04-03 22:53:46 #4 type] 
Type domain.Offer is not enhanced.

[2017-04-03 22:53:46 #5 type] 
Type domain.Client is not enhanced.

[2017-04-03 22:53:46 #6 type] 
Type domain.User is not enhanced.

------------------------------------------------------------------------------------------------------------------------

[2017-04-03 22:56:52 #1 store] 
Database 'C:\Users\rivas\git\wsruralhouse-2017\resources\ruralHouses.odb' has been recovered (tr. 490-494)

[2017-04-03 22:56:52 #2 store] 
Database 'C:\Users\rivas\git\wsruralhouse-2017\resources\ruralHouses.odb' is opened by 7188@AsusX54H

[2017-04-03 22:56:52 #3 type] 
Type domain.RuralHouse is not enhanced.

[2017-04-03 22:56:52 #4 type] 
Type domain.Owner is not enhanced.

[2017-04-03 22:56:52 #5 type] 
Type domain.Offer is not enhanced.

[2017-04-03 22:56:52 #6 type] 
Type domain.Client is not enhanced.

[2017-04-03 22:56:52 #7 type] 
Type domain.User is not enhanced.

------------------------------------------------------------------------------------------------------------------------

[2017-04-03 22:59:18 #1 store] 
Database 'C:\Users\rivas\git\wsruralhouse-2017\resources\ruralHouses.odb' has been recovered (tr. 495-495)

[2017-04-03 22:59:18 #2 store] 
Database 'C:\Users\rivas\git\wsruralhouse-2017\resources\ruralHouses.odb' is opened by 760@AsusX54H

[2017-04-03 22:59:18 #3 type] 
Type domain.RuralHouse is not enhanced.

[2017-04-03 22:59:19 #4 type] 
Type domain.Owner is not enhanced.

[2017-04-03 22:59:19 #5 type] 
Type domain.Offer is not enhanced.

[2017-04-03 22:59:19 #6 type] 
Type domain.Client is not enhanced.

[2017-04-03 22:59:19 #7 type] 
Type domain.User is not enhanced.

------------------------------------------------------------------------------------------------------------------------

[2017-04-03 23:19:26 #1 store] 
Database 'C:\Users\rivas\git\wsruralhouse-2017\resources\ruralHouses.odb' is opened by 7968@AsusX54H

[2017-04-03 23:19:26 #2 type] 
Type domain.RuralHouse is not enhanced.

[2017-04-03 23:19:26 #3 type] 
Type domain.Owner is not enhanced.

[2017-04-03 23:19:26 #4 type] 
Type domain.Offer is not enhanced.

[2017-04-03 23:19:26 #5 type] 
Type domain.Client is not enhanced.

[2017-04-03 23:19:26 #6 type] 
Type domain.User is not enhanced.

------------------------------------------------------------------------------------------------------------------------

[2017-04-03 23:21:16 #1 store] 
Database 'C:\Users\rivas\git\wsruralhouse-2017\resources\ruralHouses.odb' has been recovered (tr. 505-505)

[2017-04-03 23:21:17 #2 store] 
Database 'C:\Users\rivas\git\wsruralhouse-2017\resources\ruralHouses.odb' is opened by 4304@AsusX54H

[2017-04-03 23:21:17 #3 type] 
Type domain.RuralHouse is not enhanced.

[2017-04-03 23:21:17 #4 type] 
Type domain.Owner is not enhanced.

[2017-04-03 23:21:17 #5 type] 
Type domain.Offer is not enhanced.

[2017-04-03 23:21:17 #6 type] 
Type domain.Client is not enhanced.

[2017-04-03 23:21:17 #7 type] 
Type domain.User is not enhanced.

