------------------------------------------------------------------------------------------------------------------------

[2017-04-27 16:29:24 #1 store] 
Database 'C:\Users\newUser-Sbs\bit_bucket\wsruralhouse-2017\resources\ruralHouses.odb' is opened by 1720@DESKTOP-0QL47DR

[2017-04-27 16:29:24 #2 type] 
Type domain.RuralHouse is not enhanced.

[2017-04-27 16:29:24 #3 type] 
Type domain.Owner is not enhanced.

[2017-04-27 16:29:24 #4 type] 
Type domain.Offer is not enhanced.

[2017-04-27 16:29:24 #5 type] 
Type domain.Client is not enhanced.

[2017-04-27 16:29:24 #6 type] 
Type domain.User is not enhanced.

------------------------------------------------------------------------------------------------------------------------

[2017-04-27 16:34:06 #1 store] 
Database 'C:\Users\newUser-Sbs\bit_bucket\wsruralhouse-2017\resources\ruralHouses.odb' is opened by 584@DESKTOP-0QL47DR

[2017-04-27 16:34:06 #2 type] 
Type domain.RuralHouse is not enhanced.

[2017-04-27 16:34:06 #3 type] 
Type domain.Owner is not enhanced.

[2017-04-27 16:34:06 #4 type] 
Type domain.Offer is not enhanced.

[2017-04-27 16:34:06 #5 type] 
Type domain.Client is not enhanced.

[2017-04-27 16:34:06 #6 type] 
Type domain.User is not enhanced.

------------------------------------------------------------------------------------------------------------------------

[2017-04-27 16:39:24 #1 store] 
Database 'C:\Users\newUser-Sbs\bit_bucket\wsruralhouse-2017\resources\ruralHouses.odb' is opened by 5016@DESKTOP-0QL47DR

[2017-04-27 16:39:24 #2 type] 
Type domain.RuralHouse is not enhanced.

[2017-04-27 16:39:24 #3 type] 
Type domain.Owner is not enhanced.

[2017-04-27 16:39:24 #4 type] 
Type domain.Offer is not enhanced.

[2017-04-27 16:39:24 #5 type] 
Type domain.Client is not enhanced.

[2017-04-27 16:39:24 #6 type] 
Type domain.User is not enhanced.

------------------------------------------------------------------------------------------------------------------------

[2017-04-27 19:42:03 #1 store] 
Database 'C:\Users\newUser-Sbs\bit_bucket\wsruralhouse-2017\resources\ruralHouses.odb' is opened by 4616@DESKTOP-0QL47DR

[2017-04-27 19:42:03 #2 type] 
Type domain.RuralHouse is not enhanced.

[2017-04-27 19:42:03 #3 type] 
Type domain.Owner is not enhanced.

[2017-04-27 19:42:03 #4 type] 
Type domain.Offer is not enhanced.

[2017-04-27 19:42:03 #5 type] 
Type domain.Client is not enhanced.

[2017-04-27 19:42:03 #6 type] 
Type domain.User is not enhanced.

