------------------------------------------------------------------------------------------------------------------------

[2017-05-10 14:47:10 #1 store] 
Database 'C:\Users\newUser-Sbs\bit_bucket\wsruralhouse-2017\resources\ruralHouses.odb' is opened by 3004@DESKTOP-0QL47DR

[2017-05-10 14:47:11 #2 type.registry] 
New type domain.RuralHouse

[2017-05-10 14:47:11 #3 type] 
Type domain.RuralHouse is not enhanced.

[2017-05-10 14:47:11 #4 type.registry] 
New type domain.Owner

[2017-05-10 14:47:11 #5 type.registry] 
New type domain.Offer

[2017-05-10 14:47:11 #6 type.registry] 
New type java.util.Vector<domain.Offer>

[2017-05-10 14:47:11 #7 type.registry] 
New type byte[]

[2017-05-10 14:47:11 #8 type] 
Type domain.Owner is not enhanced.

[2017-05-10 14:47:11 #9 type.registry] 
New type domain.Conversation

[2017-05-10 14:47:11 #10 type.registry] 
New type java.util.Vector<domain.Conversation>

[2017-05-10 14:47:11 #11 type.registry] 
New type java.util.Vector<domain.RuralHouse>

[2017-05-10 14:47:11 #12 type.registry] 
New type char[]

[2017-05-10 14:47:11 #13 type] 
Type domain.Offer is not enhanced.

[2017-05-10 14:47:11 #14 type.registry] 
New type java.util.Vector<domain.Owner>

[2017-05-10 14:47:11 #15 type.registry] 
New type domain.Client

[2017-05-10 14:47:11 #16 type.registry] 
New type java.util.Vector<domain.Client>

[2017-05-10 14:47:11 #17 type.registry] 
New type domain.User

[2017-05-10 14:47:11 #18 type.registry] 
New type java.util.Vector<domain.User>

[2017-05-10 14:47:11 #19 type] 
Type domain.Client is not enhanced.

[2017-05-10 14:47:11 #20 type] 
Type domain.User is not enhanced.

------------------------------------------------------------------------------------------------------------------------

[2017-05-10 14:48:15 #1 store] 
Database 'C:\Users\newUser-Sbs\bit_bucket\wsruralhouse-2017\resources\ruralHouses.odb' is opened by 11236@DESKTOP-0QL47DR

[2017-05-10 14:48:16 #2 type] 
Type domain.RuralHouse is not enhanced.

[2017-05-10 14:48:16 #3 type] 
Type domain.Owner is not enhanced.

[2017-05-10 14:48:16 #4 type.registry] 
New type domain.Conversation

[2017-05-10 14:48:16 #5 type.registry] 
New type java.util.Vector<domain.Conversation>

[2017-05-10 14:48:16 #6 type] 
Type domain.Offer is not enhanced.

[2017-05-10 14:48:16 #7 type.registry] 
New type java.util.Vector<domain.Owner>

[2017-05-10 14:48:16 #8 type.registry] 
New type java.util.Vector<domain.Client>

[2017-05-10 14:48:16 #9 type.registry] 
New type java.util.Vector<domain.User>

[2017-05-10 14:48:16 #10 type] 
Type domain.Client is not enhanced.

[2017-05-10 14:48:16 #11 type] 
Type domain.User is not enhanced.

------------------------------------------------------------------------------------------------------------------------

[2017-05-10 14:50:49 #1 store] 
Database 'C:\Users\newUser-Sbs\bit_bucket\wsruralhouse-2017\resources\ruralHouses.odb' is opened by 10268@DESKTOP-0QL47DR

[2017-05-10 14:50:49 #2 type] 
Type domain.RuralHouse is not enhanced.

[2017-05-10 14:50:49 #3 type] 
Type domain.Owner is not enhanced.

[2017-05-10 14:50:49 #4 type.registry] 
New type domain.Conversation

[2017-05-10 14:50:49 #5 type.registry] 
New type java.util.Vector<domain.Conversation>

[2017-05-10 14:50:49 #6 type] 
Type domain.Offer is not enhanced.

[2017-05-10 14:50:49 #7 type.registry] 
New type java.util.Vector<domain.Owner>

[2017-05-10 14:50:49 #8 type.registry] 
New type java.util.Vector<domain.Client>

[2017-05-10 14:50:49 #9 type.registry] 
New type java.util.Vector<domain.User>

[2017-05-10 14:50:49 #10 type] 
Type domain.Client is not enhanced.

[2017-05-10 14:50:49 #11 type] 
Type domain.User is not enhanced.

[2017-05-10 14:51:06 #12 type.registry] 
New type java.util.ArrayList<java.lang.Object>

[2017-05-10 14:51:06 #13 type.registry] 
New type java.util.ArrayList<byte[]>

------------------------------------------------------------------------------------------------------------------------

[2017-05-10 15:16:56 #1 store] 
Database 'C:\Users\newUser-Sbs\bit_bucket\wsruralhouse-2017\resources\ruralHouses.odb' has been recovered (tr. 506-517)

[2017-05-10 15:16:56 #2 store] 
Database 'C:\Users\newUser-Sbs\bit_bucket\wsruralhouse-2017\resources\ruralHouses.odb' is opened by 1472@DESKTOP-0QL47DR

[2017-05-10 15:16:56 #3 type] 
Type domain.RuralHouse is not enhanced.

[2017-05-10 15:16:56 #4 type] 
Type domain.Owner is not enhanced.

[2017-05-10 15:16:56 #5 type] 
Type domain.Offer is not enhanced.

[2017-05-10 15:16:56 #6 type] 
Type domain.Client is not enhanced.

[2017-05-10 15:16:56 #7 type] 
Type domain.User is not enhanced.

------------------------------------------------------------------------------------------------------------------------

[2017-05-10 15:22:32 #1 store] 
Database 'C:\Users\newUser-Sbs\bit_bucket\wsruralhouse-2017\resources\ruralHouses.odb' has been recovered (tr. 518-520)

[2017-05-10 15:22:32 #2 store] 
Database 'C:\Users\newUser-Sbs\bit_bucket\wsruralhouse-2017\resources\ruralHouses.odb' is opened by 10456@DESKTOP-0QL47DR

[2017-05-10 15:22:32 #3 type] 
Type domain.RuralHouse is not enhanced.

[2017-05-10 15:22:32 #4 type] 
Type domain.Owner is not enhanced.

[2017-05-10 15:22:32 #5 type] 
Type domain.Offer is not enhanced.

[2017-05-10 15:22:32 #6 type] 
Type domain.Client is not enhanced.

[2017-05-10 15:22:32 #7 type] 
Type domain.User is not enhanced.

------------------------------------------------------------------------------------------------------------------------

[2017-05-10 16:23:04 #1 store] 
Database 'C:\Users\rivas\git\wsruralhouse-2017\resources\ruralHouses.odb' has been recovered (tr. 521-523)

[2017-05-10 16:23:04 #2 store] 
Database 'C:\Users\rivas\git\wsruralhouse-2017\resources\ruralHouses.odb' is opened by 10104@AsusX54H

[2017-05-10 16:23:05 #3 type] 
Type domain.RuralHouse is not enhanced.

[2017-05-10 16:23:05 #4 type] 
Type domain.Owner is not enhanced.

[2017-05-10 16:23:05 #5 type] 
Type domain.Offer is not enhanced.

[2017-05-10 16:23:05 #6 type] 
Type domain.Client is not enhanced.

[2017-05-10 16:23:05 #7 type] 
Type domain.User is not enhanced.

------------------------------------------------------------------------------------------------------------------------

[2017-05-10 16:26:35 #1 store] 
Database 'C:\Users\rivas\git\wsruralhouse-2017\resources\ruralHouses.odb' has been recovered (tr. 524-526)

[2017-05-10 16:26:35 #2 store] 
Database 'C:\Users\rivas\git\wsruralhouse-2017\resources\ruralHouses.odb' is opened by 4516@AsusX54H

[2017-05-10 16:26:35 #3 type] 
Type domain.RuralHouse is not enhanced.

[2017-05-10 16:26:35 #4 type] 
Type domain.Owner is not enhanced.

[2017-05-10 16:26:35 #5 type] 
Type domain.Offer is not enhanced.

[2017-05-10 16:26:35 #6 type] 
Type domain.Client is not enhanced.

[2017-05-10 16:26:35 #7 type] 
Type domain.User is not enhanced.

------------------------------------------------------------------------------------------------------------------------

[2017-05-10 16:32:42 #1 store] 
Database 'C:\Users\rivas\git\wsruralhouse-2017\resources\ruralHouses.odb' has been recovered (tr. 527-527)

[2017-05-10 16:32:42 #2 store] 
Database 'C:\Users\rivas\git\wsruralhouse-2017\resources\ruralHouses.odb' is opened by 2672@AsusX54H

[2017-05-10 16:32:43 #3 type] 
Type domain.RuralHouse is not enhanced.

[2017-05-10 16:32:43 #4 type] 
Type domain.Owner is not enhanced.

[2017-05-10 16:32:43 #5 type] 
Type domain.Offer is not enhanced.

[2017-05-10 16:32:43 #6 type] 
Type domain.Client is not enhanced.

[2017-05-10 16:32:43 #7 type] 
Type domain.User is not enhanced.

------------------------------------------------------------------------------------------------------------------------

[2017-05-10 19:23:53 #1 store] 
Database 'C:\Users\rivas\git\wsruralhouse-2017\resources\ruralHouses.odb' has been recovered (tr. 528-528)

[2017-05-10 19:23:53 #2 store] 
Database 'C:\Users\rivas\git\wsruralhouse-2017\resources\ruralHouses.odb' is opened by 7492@AsusX54H

[2017-05-10 19:23:54 #3 type] 
Type domain.RuralHouse is not enhanced.

[2017-05-10 19:23:54 #4 type] 
Type domain.Owner is not enhanced.

[2017-05-10 19:23:54 #5 type] 
Type domain.Offer is not enhanced.

[2017-05-10 19:23:54 #6 type] 
Type domain.Client is not enhanced.

[2017-05-10 19:23:54 #7 type] 
Type domain.User is not enhanced.

------------------------------------------------------------------------------------------------------------------------

[2017-05-10 19:26:33 #1 store] 
Database 'C:\Users\rivas\git\wsruralhouse-2017\resources\ruralHouses.odb' is opened by 4652@AsusX54H

[2017-05-10 19:26:33 #2 type] 
Type domain.RuralHouse is not enhanced.

[2017-05-10 19:26:33 #3 type] 
Type domain.Owner is not enhanced.

[2017-05-10 19:26:33 #4 type] 
Type domain.Offer is not enhanced.

[2017-05-10 19:26:33 #5 type] 
Type domain.Client is not enhanced.

[2017-05-10 19:26:33 #6 type] 
Type domain.User is not enhanced.

------------------------------------------------------------------------------------------------------------------------

[2017-05-10 19:27:38 #1 store] 
Database 'C:\Users\rivas\git\wsruralhouse-2017\resources\ruralHouses.odb' is opened by 7032@AsusX54H

[2017-05-10 19:27:38 #2 type] 
Type domain.RuralHouse is not enhanced.

[2017-05-10 19:27:38 #3 type] 
Type domain.Owner is not enhanced.

[2017-05-10 19:27:38 #4 type] 
Type domain.Offer is not enhanced.

[2017-05-10 19:27:38 #5 type.registry] 
New type domain.Admin

[2017-05-10 19:27:38 #6 type] 
Type domain.Client is not enhanced.

[2017-05-10 19:27:38 #7 type] 
Type domain.User is not enhanced.

[2017-05-10 19:27:38 #8 type] 
Type domain.Admin is not enhanced.

------------------------------------------------------------------------------------------------------------------------

[2017-05-10 19:44:15 #1 store] 
Database 'C:\Users\rivas\git\wsruralhouse-2017\resources\ruralHouses.odb' is opened by 11176@AsusX54H

[2017-05-10 19:44:15 #2 type] 
Type domain.RuralHouse is not enhanced.

[2017-05-10 19:44:15 #3 type] 
Type domain.Owner is not enhanced.

[2017-05-10 19:44:15 #4 type] 
Type domain.Offer is not enhanced.

[2017-05-10 19:44:15 #5 type] 
Type domain.Client is not enhanced.

[2017-05-10 19:44:15 #6 type] 
Type domain.User is not enhanced.

[2017-05-10 19:44:15 #7 type] 
Type domain.Admin is not enhanced.

------------------------------------------------------------------------------------------------------------------------

[2017-05-10 19:44:33 #1 store] 
Database 'C:\Users\rivas\git\wsruralhouse-2017\resources\ruralHouses.odb' has been recovered (tr. 532-532)

[2017-05-10 19:44:33 #2 store] 
Database 'C:\Users\rivas\git\wsruralhouse-2017\resources\ruralHouses.odb' is opened by 8808@AsusX54H

[2017-05-10 19:44:34 #3 type] 
Type domain.RuralHouse is not enhanced.

[2017-05-10 19:44:34 #4 type] 
Type domain.Owner is not enhanced.

[2017-05-10 19:44:34 #5 type] 
Type domain.Offer is not enhanced.

[2017-05-10 19:44:34 #6 type] 
Type domain.Client is not enhanced.

[2017-05-10 19:44:34 #7 type] 
Type domain.User is not enhanced.

[2017-05-10 19:44:34 #8 type] 
Type domain.Admin is not enhanced.

------------------------------------------------------------------------------------------------------------------------

[2017-05-10 19:49:36 #1 store] 
Database 'C:\Users\rivas\git\wsruralhouse-2017\resources\ruralHouses.odb' is opened by 1776@AsusX54H

[2017-05-10 19:49:36 #2 type] 
Type domain.RuralHouse is not enhanced.

[2017-05-10 19:49:36 #3 type] 
Type domain.Owner is not enhanced.

[2017-05-10 19:49:36 #4 type] 
Type domain.Offer is not enhanced.

[2017-05-10 19:49:36 #5 type] 
Type domain.Client is not enhanced.

[2017-05-10 19:49:36 #6 type] 
Type domain.User is not enhanced.

[2017-05-10 19:49:36 #7 type] 
Type domain.Admin is not enhanced.

------------------------------------------------------------------------------------------------------------------------

[2017-05-10 19:50:37 #1 store] 
Database 'C:\Users\rivas\git\wsruralhouse-2017\resources\ruralHouses.odb' is opened by 6380@AsusX54H

[2017-05-10 19:50:37 #2 type] 
Type domain.RuralHouse is not enhanced.

[2017-05-10 19:50:37 #3 type] 
Type domain.Owner is not enhanced.

[2017-05-10 19:50:37 #4 type] 
Type domain.Offer is not enhanced.

[2017-05-10 19:50:37 #5 type] 
Type domain.Client is not enhanced.

[2017-05-10 19:50:37 #6 type] 
Type domain.User is not enhanced.

[2017-05-10 19:50:37 #7 type] 
Type domain.Admin is not enhanced.

------------------------------------------------------------------------------------------------------------------------

[2017-05-10 19:55:21 #1 store] 
Database 'C:\Users\rivas\git\wsruralhouse-2017\resources\ruralHouses.odb' is opened by 8496@AsusX54H

[2017-05-10 19:55:21 #2 type] 
Type domain.RuralHouse is not enhanced.

[2017-05-10 19:55:21 #3 type] 
Type domain.Owner is not enhanced.

[2017-05-10 19:55:21 #4 type] 
Type domain.Offer is not enhanced.

[2017-05-10 19:55:21 #5 type] 
Type domain.Client is not enhanced.

[2017-05-10 19:55:21 #6 type] 
Type domain.User is not enhanced.

[2017-05-10 19:55:21 #7 type] 
Type domain.Admin is not enhanced.

------------------------------------------------------------------------------------------------------------------------

[2017-05-10 20:01:06 #1 store] 
Database 'C:\Users\rivas\git\wsruralhouse-2017\resources\ruralHouses.odb' is opened by 732@AsusX54H

[2017-05-10 20:01:06 #2 type] 
Type domain.RuralHouse is not enhanced.

[2017-05-10 20:01:06 #3 type] 
Type domain.Owner is not enhanced.

[2017-05-10 20:01:06 #4 type] 
Type domain.Offer is not enhanced.

[2017-05-10 20:01:06 #5 type] 
Type domain.Client is not enhanced.

[2017-05-10 20:01:06 #6 type] 
Type domain.User is not enhanced.

[2017-05-10 20:01:06 #7 type] 
Type domain.Admin is not enhanced.

------------------------------------------------------------------------------------------------------------------------

[2017-05-10 20:01:52 #1 store] 
Database 'C:\Users\rivas\git\wsruralhouse-2017\resources\ruralHouses.odb' has been recovered (tr. 537-537)

[2017-05-10 20:01:52 #2 store] 
Database 'C:\Users\rivas\git\wsruralhouse-2017\resources\ruralHouses.odb' is opened by 4968@AsusX54H

[2017-05-10 20:01:52 #3 type] 
Type domain.RuralHouse is not enhanced.

[2017-05-10 20:01:52 #4 type] 
Type domain.Owner is not enhanced.

[2017-05-10 20:01:52 #5 type] 
Type domain.Offer is not enhanced.

[2017-05-10 20:01:52 #6 type] 
Type domain.Client is not enhanced.

[2017-05-10 20:01:52 #7 type] 
Type domain.User is not enhanced.

[2017-05-10 20:01:52 #8 type] 
Type domain.Admin is not enhanced.

------------------------------------------------------------------------------------------------------------------------

[2017-05-10 20:05:03 #1 store] 
Database 'C:\Users\rivas\git\wsruralhouse-2017\resources\ruralHouses.odb' has been recovered (tr. 538-538)

[2017-05-10 20:05:03 #2 store] 
Database 'C:\Users\rivas\git\wsruralhouse-2017\resources\ruralHouses.odb' is opened by 3252@AsusX54H

[2017-05-10 20:05:04 #3 type] 
Type domain.RuralHouse is not enhanced.

[2017-05-10 20:05:04 #4 type] 
Type domain.Owner is not enhanced.

[2017-05-10 20:05:04 #5 type] 
Type domain.Offer is not enhanced.

[2017-05-10 20:05:04 #6 type] 
Type domain.Client is not enhanced.

[2017-05-10 20:05:04 #7 type] 
Type domain.User is not enhanced.

[2017-05-10 20:05:04 #8 type] 
Type domain.Admin is not enhanced.

------------------------------------------------------------------------------------------------------------------------

[2017-05-10 20:08:51 #1 store] 
Database 'C:\Users\rivas\git\wsruralhouse-2017\resources\ruralHouses.odb' has been recovered (tr. 539-539)

[2017-05-10 20:08:51 #2 store] 
Database 'C:\Users\rivas\git\wsruralhouse-2017\resources\ruralHouses.odb' is opened by 1464@AsusX54H

[2017-05-10 20:08:51 #3 type] 
Type domain.RuralHouse is not enhanced.

[2017-05-10 20:08:51 #4 type] 
Type domain.Owner is not enhanced.

[2017-05-10 20:08:51 #5 type] 
Type domain.Offer is not enhanced.

[2017-05-10 20:08:51 #6 type] 
Type domain.Client is not enhanced.

[2017-05-10 20:08:51 #7 type] 
Type domain.User is not enhanced.

[2017-05-10 20:08:51 #8 type] 
Type domain.Admin is not enhanced.

------------------------------------------------------------------------------------------------------------------------

[2017-05-10 20:09:45 #1 store] 
Database 'C:\Users\rivas\git\wsruralhouse-2017\resources\ruralHouses.odb' is opened by 3808@AsusX54H

[2017-05-10 20:09:45 #2 type] 
Type domain.RuralHouse is not enhanced.

[2017-05-10 20:09:45 #3 type] 
Type domain.Owner is not enhanced.

[2017-05-10 20:09:45 #4 type] 
Type domain.Offer is not enhanced.

[2017-05-10 20:09:45 #5 type] 
Type domain.Client is not enhanced.

[2017-05-10 20:09:45 #6 type] 
Type domain.User is not enhanced.

[2017-05-10 20:09:45 #7 type] 
Type domain.Admin is not enhanced.

------------------------------------------------------------------------------------------------------------------------

[2017-05-10 20:14:18 #1 store] 
Database 'C:\Users\rivas\git\wsruralhouse-2017\resources\ruralHouses.odb' is opened by 9352@AsusX54H

[2017-05-10 20:14:18 #2 type] 
Type domain.RuralHouse is not enhanced.

[2017-05-10 20:14:18 #3 type] 
Type domain.Owner is not enhanced.

[2017-05-10 20:14:18 #4 type] 
Type domain.Offer is not enhanced.

[2017-05-10 20:14:18 #5 type] 
Type domain.Client is not enhanced.

[2017-05-10 20:14:18 #6 type] 
Type domain.User is not enhanced.

[2017-05-10 20:14:18 #7 type] 
Type domain.Admin is not enhanced.

------------------------------------------------------------------------------------------------------------------------

[2017-05-10 20:17:59 #1 store] 
Database 'C:\Users\rivas\git\wsruralhouse-2017\resources\ruralHouses.odb' is opened by 10716@AsusX54H

[2017-05-10 20:17:59 #2 type] 
Type domain.RuralHouse is not enhanced.

[2017-05-10 20:17:59 #3 type] 
Type domain.Owner is not enhanced.

[2017-05-10 20:17:59 #4 type] 
Type domain.Offer is not enhanced.

[2017-05-10 20:17:59 #5 type] 
Type domain.Client is not enhanced.

[2017-05-10 20:17:59 #6 type] 
Type domain.User is not enhanced.

[2017-05-10 20:17:59 #7 type] 
Type domain.Admin is not enhanced.

------------------------------------------------------------------------------------------------------------------------

[2017-05-10 20:20:04 #1 store] 
Database 'C:\Users\rivas\git\wsruralhouse-2017\resources\ruralHouses.odb' is opened by 2020@AsusX54H

[2017-05-10 20:20:05 #2 type] 
Type domain.RuralHouse is not enhanced.

[2017-05-10 20:20:05 #3 type] 
Type domain.Owner is not enhanced.

[2017-05-10 20:20:05 #4 type] 
Type domain.Offer is not enhanced.

[2017-05-10 20:20:05 #5 type] 
Type domain.Client is not enhanced.

[2017-05-10 20:20:05 #6 type] 
Type domain.User is not enhanced.

[2017-05-10 20:20:05 #7 type] 
Type domain.Admin is not enhanced.

------------------------------------------------------------------------------------------------------------------------

[2017-05-10 20:23:41 #1 store] 
Database 'C:\Users\rivas\git\wsruralhouse-2017\resources\ruralHouses.odb' is opened by 3320@AsusX54H

[2017-05-10 20:23:41 #2 type] 
Type domain.RuralHouse is not enhanced.

[2017-05-10 20:23:41 #3 type] 
Type domain.Owner is not enhanced.

[2017-05-10 20:23:41 #4 type] 
Type domain.Offer is not enhanced.

[2017-05-10 20:23:41 #5 type] 
Type domain.Client is not enhanced.

[2017-05-10 20:23:41 #6 type] 
Type domain.User is not enhanced.

[2017-05-10 20:23:41 #7 type] 
Type domain.Admin is not enhanced.

------------------------------------------------------------------------------------------------------------------------

[2017-05-10 20:23:56 #1 store] 
Database 'C:\Users\rivas\git\wsruralhouse-2017\resources\ruralHouses.odb' has been recovered (tr. 565-566)

[2017-05-10 20:23:56 #2 store] 
Database 'C:\Users\rivas\git\wsruralhouse-2017\resources\ruralHouses.odb' is opened by 11048@AsusX54H

[2017-05-10 20:23:56 #3 type] 
Type domain.RuralHouse is not enhanced.

[2017-05-10 20:23:56 #4 type] 
Type domain.Owner is not enhanced.

[2017-05-10 20:23:56 #5 type] 
Type domain.Offer is not enhanced.

[2017-05-10 20:23:56 #6 type] 
Type domain.Client is not enhanced.

[2017-05-10 20:23:56 #7 type] 
Type domain.User is not enhanced.

[2017-05-10 20:23:56 #8 type] 
Type domain.Admin is not enhanced.

------------------------------------------------------------------------------------------------------------------------

[2017-05-10 20:30:11 #1 store] 
Database 'C:\Users\rivas\git\wsruralhouse-2017\resources\ruralHouses.odb' is opened by 3032@AsusX54H

[2017-05-10 20:30:12 #2 type] 
Type domain.RuralHouse is not enhanced.

[2017-05-10 20:30:12 #3 type] 
Type domain.Owner is not enhanced.

[2017-05-10 20:30:12 #4 type] 
Type domain.Offer is not enhanced.

[2017-05-10 20:30:12 #5 type] 
Type domain.Client is not enhanced.

[2017-05-10 20:30:12 #6 type] 
Type domain.User is not enhanced.

[2017-05-10 20:30:12 #7 type] 
Type domain.Admin is not enhanced.

------------------------------------------------------------------------------------------------------------------------

[2017-05-10 20:30:26 #1 store] 
Database 'C:\Users\rivas\git\wsruralhouse-2017\resources\ruralHouses.odb' has been recovered (tr. 579-580)

[2017-05-10 20:30:26 #2 store] 
Database 'C:\Users\rivas\git\wsruralhouse-2017\resources\ruralHouses.odb' is opened by 4688@AsusX54H

[2017-05-10 20:30:27 #3 type] 
Type domain.RuralHouse is not enhanced.

[2017-05-10 20:30:27 #4 type] 
Type domain.Owner is not enhanced.

[2017-05-10 20:30:27 #5 type] 
Type domain.Offer is not enhanced.

[2017-05-10 20:30:27 #6 type] 
Type domain.Client is not enhanced.

[2017-05-10 20:30:27 #7 type] 
Type domain.User is not enhanced.

[2017-05-10 20:30:27 #8 type] 
Type domain.Admin is not enhanced.

